This is pdfTeX, Version 3.14159265-2.6-1.40.21 (TeX Live 2020) (preloaded format=pdflatex 2021.3.10)  5 OCT 2023 15:38
entering extended mode
 restricted \write18 enabled.
 %&-line parsing enabled.
**"/Users/user/Documents/GitHub/Algebraic-geometry-compendium/Tex abstract/src/
lectures/4/files/lecture 22.09.2023.tex"

(/Users/user/Documents/GitHub/Algebraic-geometry-compendium/Tex abstract/src/le
ctures/4/files/lecture 22.09.2023.tex
LaTeX2e <2020-02-02> patch level 5
L3 programming layer <2020-03-06>

! LaTeX Error: Environment lemma undefined.

See the LaTeX manual or LaTeX Companion for explanation.
Type  H <return>  for immediate help.
 ...                                              
                                                  
l.2 \begin{lemma}
                 
Your command was ignored.
Type  I <command> <return>  to replace it with another command,
or  <return>  to continue without it.


! Package inputenc Error: Unicode character –ü (U+041F)
(inputenc)                not set up for use with LaTeX.

See the inputenc package documentation for explanation.
Type  H <return>  for immediate help.
 ...                                              
                                                  
l.3 	–ü
       —É—Å—Ç—å $A$~--- –Ω—ë—Ç–µ—Ä–æ–≤–æ, $I \subset A$~--- –Ω–µ–Ω—É–ª–µ–≤–æ...

You may provide a definition with
\DeclareUnicodeCharacter 


! Package inputenc Error: Unicode character —É (U+0443)
(inputenc)                not set up for use with LaTeX.

See the inputenc package documentation for explanation.
Type  H <return>  for immediate help.
 ...                                              
                                                  
l.3 	–ü—É
         —Å—Ç—å $A$~--- –Ω—ë—Ç–µ—Ä–æ–≤–æ, $I \subset A$~--- –Ω–µ–Ω—É–ª–µ–≤–æ...

You may provide a definition with
\DeclareUnicodeCharacter 


! Package inputenc Error: Unicode character —Å (U+0441)
(inputenc)                not set up for use with LaTeX.

See the inputenc package documentation for explanation.
Type  H <return>  for immediate help.
 ...                                              
                                                  
l.3 	–ü—É—Å
           —Ç—å $A$~--- –Ω—ë—Ç–µ—Ä–æ–≤–æ, $I \subset A$~--- –Ω–µ–Ω—É–ª–µ–≤–æ...

You may provide a definition with
\DeclareUnicodeCharacter 


! Package inputenc Error: Unicode character —Ç (U+0442)
(inputenc)                not set up for use with LaTeX.

See the inputenc package documentation for explanation.
Type  H <return>  for immediate help.
 ...                                              
                                                  
l.3 	–ü—É—Å—Ç
             —å $A$~--- –Ω—ë—Ç–µ—Ä–æ–≤–æ, $I \subset A$~--- –Ω–µ–Ω—É–ª–µ–≤–æ...

You may provide a definition with
\DeclareUnicodeCharacter 


! Package inputenc Error: Unicode character —å (U+044C)
(inputenc)                not set up for use with LaTeX.

See the inputenc package documentation for explanation.
Type  H <return>  for immediate help.
 ...                                              
                                                  
l.3 	–ü—É—Å—Ç—å
                $A$~--- –Ω—ë—Ç–µ—Ä–æ–≤–æ, $I \subset A$~--- –Ω–µ–Ω—É–ª–µ–≤–æ...

You may provide a definition with
\DeclareUnicodeCharacter 


! LaTeX Error: Missing \begin{document}.

See the LaTeX manual or LaTeX Companion for explanation.
Type  H <return>  for immediate help.
 ...                                              
                                                  
l.3 	–ü—É—Å—Ç—å $
                 A$~--- –Ω—ë—Ç–µ—Ä–æ–≤–æ, $I \subset A$~--- –Ω–µ–Ω—É–ª–µ–≤–æ...

You're in trouble here.  Try typing  <return>  to proceed.
If that doesn't work, type  X <return>  to quit.

LaTeX Font Info:    External font `cmex10' loaded for size
(Font)              <7> on input line 3.
LaTeX Font Info:    External font `cmex10' loaded for size
(Font)              <5> on input line 3.
Missing character: There is no - in font nullfont!
Missing character: There is no - in font nullfont!
Missing character: There is no - in font nullfont!

! Package inputenc Error: Unicode character –Ω (U+043D)
(inputenc)                not set up for use with LaTeX.

See the inputenc package documentation for explanation.
Type  H <return>  for immediate help.
 ...                                              
                                                  
l.3 	–ü—É—Å—Ç—å $A$~--- –Ω
                          —ë—Ç–µ—Ä–æ–≤–æ, $I \subset A$~--- –Ω–µ–Ω—É–ª–µ–≤–æ...

You may provide a definition with
\DeclareUnicodeCharacter 


! Package inputenc Error: Unicode character —ë (U+0451)
(inputenc)                not set up for use with LaTeX.

See the inputenc package documentation for explanation.
Type  H <return>  for immediate help.
 ...                                              
                                                  
l.3 	–ü—É—Å—Ç—å $A$~--- –Ω—ë
                            —Ç–µ—Ä–æ–≤–æ, $I \subset A$~--- –Ω–µ–Ω—É–ª–µ–≤–æ...

You may provide a definition with
\DeclareUnicodeCharacter 


! Package inputenc Error: Unicode character —Ç (U+0442)
(inputenc)                not set up for use with LaTeX.

See the inputenc package documentation for explanation.
Type  H <return>  for immediate help.
 ...                                              
                                                  
l.3 	–ü—É—Å—Ç—å $A$~--- –Ω—ë—Ç
                              –µ—Ä–æ–≤–æ, $I \subset A$~--- –Ω–µ–Ω—É–ª–µ–≤–æ...

You may provide a definition with
\DeclareUnicodeCharacter 


! Package inputenc Error: Unicode character –µ (U+0435)
(inputenc)                not set up for use with LaTeX.

See the inputenc package documentation for explanation.
Type  H <return>  for immediate help.
 ...                                              
                                                  
l.3 	–ü—É—Å—Ç—å $A$~--- –Ω—ë—Ç–µ
                                —Ä–æ–≤–æ, $I \subset A$~--- –Ω–µ–Ω—É–ª–µ–≤–æ...

You may provide a definition with
\DeclareUnicodeCharacter 


! Package inputenc Error: Unicode character —Ä (U+0440)
(inputenc)                not set up for use with LaTeX.

See the inputenc package documentation for explanation.
Type  H <return>  for immediate help.
 ...                                              
                                                  
l.3 	–ü—É—Å—Ç—å $A$~--- –Ω—ë—Ç–µ—Ä
                                  –æ–≤–æ, $I \subset A$~--- –Ω–µ–Ω—É–ª–µ–≤–æ...

You may provide a definition with
\DeclareUnicodeCharacter 


! Package inputenc Error: Unicode character –æ (U+043E)
(inputenc)                not set up for use with LaTeX.

See the inputenc package documentation for explanation.
Type  H <return>  for immediate help.
 ...                                              
                                                  
l.3 	–ü—É—Å—Ç—å $A$~--- –Ω—ë—Ç–µ—Ä–æ
                                    –≤–æ, $I \subset A$~--- –Ω–µ–Ω—É–ª–µ–≤–æ...

You may provide a definition with
\DeclareUnicodeCharacter 


! Package inputenc Error: Unicode character –≤ (U+0432)
(inputenc)                not set up for use with LaTeX.

See the inputenc package documentation for explanation.
Type  H <return>  for immediate help.
 ...                                              
                                                  
l.3 	–ü—É—Å—Ç—å $A$~--- –Ω—ë—Ç–µ—Ä–æ–≤
                                      –æ, $I \subset A$~--- –Ω–µ–Ω—É–ª–µ–≤–æ...

You may provide a definition with
\DeclareUnicodeCharacter 


! Package inputenc Error: Unicode character –æ (U+043E)
(inputenc)                not set up for use with LaTeX.

See the inputenc package documentation for explanation.
Type  H <return>  for immediate help.
 ...                                              
                                                  
l.3 	–ü—É—Å—Ç—å $A$~--- –Ω—ë—Ç–µ—Ä–æ–≤–æ
                                        , $I \subset A$~--- –Ω–µ–Ω—É–ª–µ–≤–æ...

You may provide a definition with
\DeclareUnicodeCharacter 

Missing character: There is no , in font nullfont!
Missing character: There is no - in font nullfont!
Missing character: There is no - in font nullfont!
Missing character: There is no - in font nullfont!

! Package inputenc Error: Unicode character –Ω (U+043D)
(inputenc)                not set up for use with LaTeX.

See the inputenc package documentation for explanation.
Type  H <return>  for immediate help.
 ...                                              
                                                  
l.3 ...~--- –Ω—ë—Ç–µ—Ä–æ–≤–æ, $I \subset A$~--- –Ω
                                                  –µ–Ω—É–ª–µ–≤–æ–π –∏–¥–µ–∞–...

You may provide a definition with
\DeclareUnicodeCharacter 


! Package inputenc Error: Unicode character –µ (U+0435)
(inputenc)                not set up for use with LaTeX.

See the inputenc package documentation for explanation.
Type  H <return>  for immediate help.
 ...                                              
                                                  
l.3 ...-- –Ω—ë—Ç–µ—Ä–æ–≤–æ, $I \subset A$~--- –Ω–µ
                                                  –Ω—É–ª–µ–≤–æ–π –∏–¥–µ–∞–ª....

You may provide a definition with
\DeclareUnicodeCharacter 


! Package inputenc Error: Unicode character –Ω (U+043D)
(inputenc)                not set up for use with LaTeX.

See the inputenc package documentation for explanation.
Type  H <return>  for immediate help.
 ...                                              
                                                  
l.3 ... –Ω—ë—Ç–µ—Ä–æ–≤–æ, $I \subset A$~--- –Ω–µ–Ω
                                                  —É–ª–µ–≤–æ–π –∏–¥–µ–∞–ª. –...

You may provide a definition with
\DeclareUnicodeCharacter 


! Package inputenc Error: Unicode character —É (U+0443)
(inputenc)                not set up for use with LaTeX.

See the inputenc package documentation for explanation.
Type  H <return>  for immediate help.
 ...                                              
                                                  
l.3 ...Ω—ë—Ç–µ—Ä–æ–≤–æ, $I \subset A$~--- –Ω–µ–Ω—É
                                                  –ª–µ–≤–æ–π –∏–¥–µ–∞–ª. –¢–...

You may provide a definition with
\DeclareUnicodeCharacter 


! Package inputenc Error: Unicode character –ª (U+043B)
(inputenc)                not set up for use with LaTeX.

See the inputenc package documentation for explanation.
Type  H <return>  for immediate help.
 ...                                              
                                                  
l.3 ...ë—Ç–µ—Ä–æ–≤–æ, $I \subset A$~--- –Ω–µ–Ω—É–ª
                                                  –µ–≤–æ–π –∏–¥–µ–∞–ª. –¢–æ–...

You may provide a definition with
\DeclareUnicodeCharacter 


! Package inputenc Error: Unicode character –µ (U+0435)
(inputenc)                not set up for use with LaTeX.

See the inputenc package documentation for explanation.
Type  H <return>  for immediate help.
 ...                                              
                                                  
l.3 ...Ç–µ—Ä–æ–≤–æ, $I \subset A$~--- –Ω–µ–Ω—É–ª–µ
                                                  –≤–æ–π –∏–¥–µ–∞–ª. –¢–æ–≥–...

You may provide a definition with
\DeclareUnicodeCharacter 


! Package inputenc Error: Unicode character –≤ (U+0432)
(inputenc)                not set up for use with LaTeX.

See the inputenc package documentation for explanation.
Type  H <return>  for immediate help.
 ...                                              
                                                  
l.3 ...µ—Ä–æ–≤–æ, $I \subset A$~--- –Ω–µ–Ω—É–ª–µ–≤
                                                  –æ–π –∏–¥–µ–∞–ª. –¢–æ–≥–¥–...

You may provide a definition with
\DeclareUnicodeCharacter 


! Package inputenc Error: Unicode character –æ (U+043E)
(inputenc)                not set up for use with LaTeX.

See the inputenc package documentation for explanation.
Type  H <return>  for immediate help.
 ...                                              
                                                  
l.3 ...Ä–æ–≤–æ, $I \subset A$~--- –Ω–µ–Ω—É–ª–µ–≤–æ
                                                  –π –∏–¥–µ–∞–ª. –¢–æ–≥–¥–∞ ...

You may provide a definition with
\DeclareUnicodeCharacter 


! Package inputenc Error: Unicode character –π (U+0439)
(inputenc)                not set up for use with LaTeX.

See the inputenc package documentation for explanation.
Type  H <return>  for immediate help.
 ...                                              
                                                  
l.3 ...æ–≤–æ, $I \subset A$~--- –Ω–µ–Ω—É–ª–µ–≤–æ–π
                                                   –∏–¥–µ–∞–ª. –¢–æ–≥–¥–∞ —Å...

You may provide a definition with
\DeclareUnicodeCharacter 


! Package inputenc Error: Unicode character –∏ (U+0438)
(inputenc)                not set up for use with LaTeX.

See the inputenc package documentation for explanation.
Type  H <return>  for immediate help.
 ...                                              
                                                  
l.3 ...–æ, $I \subset A$~--- –Ω–µ–Ω—É–ª–µ–≤–æ–π –∏
                                                  –¥–µ–∞–ª. –¢–æ–≥–¥–∞ —Å—É—...

You may provide a definition with
\DeclareUnicodeCharacter 


! Package inputenc Error: Unicode character –¥ (U+0434)
(inputenc)                not set up for use with LaTeX.

See the inputenc package documentation for explanation.
Type  H <return>  for immediate help.
 ...                                              
                                                  
l.3 ..., $I \subset A$~--- –Ω–µ–Ω—É–ª–µ–≤–æ–π –∏–¥
                                                  –µ–∞–ª. –¢–æ–≥–¥–∞ —Å—É—â–...

You may provide a definition with
\DeclareUnicodeCharacter 


! Package inputenc Error: Unicode character –µ (U+0435)
(inputenc)                not set up for use with LaTeX.

See the inputenc package documentation for explanation.
Type  H <return>  for immediate help.
 ...                                              
                                                  
l.3 ...$I \subset A$~--- –Ω–µ–Ω—É–ª–µ–≤–æ–π –∏–¥–µ
                                                  –∞–ª. –¢–æ–≥–¥–∞ —Å—É—â–µ—...

You may provide a definition with
\DeclareUnicodeCharacter 


! Package inputenc Error: Unicode character –∞ (U+0430)
(inputenc)                not set up for use with LaTeX.

See the inputenc package documentation for explanation.
Type  H <return>  for immediate help.
 ...                                              
                                                  
l.3 ... \subset A$~--- –Ω–µ–Ω—É–ª–µ–≤–æ–π –∏–¥–µ–∞
                                                  –ª. –¢–æ–≥–¥–∞ —Å—É—â–µ—Å—...

You may provide a definition with
\DeclareUnicodeCharacter 


! Package inputenc Error: Unicode character –ª (U+043B)
(inputenc)                not set up for use with LaTeX.

See the inputenc package documentation for explanation.
Type  H <return>  for immediate help.
 ...                                              
                                                  
l.3 ...subset A$~--- –Ω–µ–Ω—É–ª–µ–≤–æ–π –∏–¥–µ–∞–ª
                                                  . –¢–æ–≥–¥–∞ —Å—É—â–µ—Å—Ç–...

You may provide a definition with
\DeclareUnicodeCharacter 

Missing character: There is no . in font nullfont!

! Package inputenc Error: Unicode character –¢ (U+0422)
(inputenc)                not set up for use with LaTeX.

See the inputenc package documentation for explanation.
Type  H <return>  for immediate help.
 ...                                              
                                                  
l.3 ...et A$~--- –Ω–µ–Ω—É–ª–µ–≤–æ–π –∏–¥–µ–∞–ª. –¢
                                                  –æ–≥–¥–∞ —Å—É—â–µ—Å—Ç–≤—É—...

You may provide a definition with
\DeclareUnicodeCharacter 


! Package inputenc Error: Unicode character –æ (U+043E)
(inputenc)                not set up for use with LaTeX.

See the inputenc package documentation for explanation.
Type  H <return>  for immediate help.
 ...                                              
                                                  
l.3 ... A$~--- –Ω–µ–Ω—É–ª–µ–≤–æ–π –∏–¥–µ–∞–ª. –¢–æ
                                                  –≥–¥–∞ —Å—É—â–µ—Å—Ç–≤—É—é—...

You may provide a definition with
\DeclareUnicodeCharacter 


! Package inputenc Error: Unicode character –≥ (U+0433)
(inputenc)                not set up for use with LaTeX.

See the inputenc package documentation for explanation.
Type  H <return>  for immediate help.
 ...                                              
                                                  
l.3 ...$~--- –Ω–µ–Ω—É–ª–µ–≤–æ–π –∏–¥–µ–∞–ª. –¢–æ–≥
                                                  –¥–∞ —Å—É—â–µ—Å—Ç–≤—É—é—Ç ...

You may provide a definition with
\DeclareUnicodeCharacter 


! Package inputenc Error: Unicode character –¥ (U+0434)
(inputenc)                not set up for use with LaTeX.

See the inputenc package documentation for explanation.
Type  H <return>  for immediate help.
 ...                                              
                                                  
l.3 ...--- –Ω–µ–Ω—É–ª–µ–≤–æ–π –∏–¥–µ–∞–ª. –¢–æ–≥–¥
                                                  –∞ —Å—É—â–µ—Å—Ç–≤—É—é—Ç –ø...

You may provide a definition with
\DeclareUnicodeCharacter 


! Package inputenc Error: Unicode character –∞ (U+0430)
(inputenc)                not set up for use with LaTeX.

See the inputenc package documentation for explanation.
Type  H <return>  for immediate help.
 ...                                              
                                                  
l.3 ...- –Ω–µ–Ω—É–ª–µ–≤–æ–π –∏–¥–µ–∞–ª. –¢–æ–≥–¥–∞
                                                   —Å—É—â–µ—Å—Ç–≤—É—é—Ç –ø—Ä...

You may provide a definition with
\DeclareUnicodeCharacter 


! Package inputenc Error: Unicode character —Å (U+0441)
(inputenc)                not set up for use with LaTeX.

See the inputenc package documentation for explanation.
Type  H <return>  for immediate help.
 ...                                              
                                                  
l.3 ...Ω–µ–Ω—É–ª–µ–≤–æ–π –∏–¥–µ–∞–ª. –¢–æ–≥–¥–∞ —Å
                                                  —É—â–µ—Å—Ç–≤—É—é—Ç –ø—Ä–æ—...

You may provide a definition with
\DeclareUnicodeCharacter 


! Package inputenc Error: Unicode character —É (U+0443)
(inputenc)                not set up for use with LaTeX.

See the inputenc package documentation for explanation.
Type  H <return>  for immediate help.
 ...                                              
                                                  
l.3 ...µ–Ω—É–ª–µ–≤–æ–π –∏–¥–µ–∞–ª. –¢–æ–≥–¥–∞ —Å—É
                                                  —â–µ—Å—Ç–≤—É—é—Ç –ø—Ä–æ—Å—...

You may provide a definition with
\DeclareUnicodeCharacter 


! Package inputenc Error: Unicode character —â (U+0449)
(inputenc)                not set up for use with LaTeX.

See the inputenc package documentation for explanation.
Type  H <return>  for immediate help.
 ...                                              
                                                  
l.3 ...Ω—É–ª–µ–≤–æ–π –∏–¥–µ–∞–ª. –¢–æ–≥–¥–∞ —Å—É—â
                                                  –µ—Å—Ç–≤—É—é—Ç –ø—Ä–æ—Å—Ç—...

You may provide a definition with
\DeclareUnicodeCharacter 


! Package inputenc Error: Unicode character –µ (U+0435)
(inputenc)                not set up for use with LaTeX.

See the inputenc package documentation for explanation.
Type  H <return>  for immediate help.
 ...                                              
                                                  
l.3 ...É–ª–µ–≤–æ–π –∏–¥–µ–∞–ª. –¢–æ–≥–¥–∞ —Å—É—â–µ
                                                  —Å—Ç–≤—É—é—Ç –ø—Ä–æ—Å—Ç—ã–...

You may provide a definition with
\DeclareUnicodeCharacter 


! Package inputenc Error: Unicode character —Å (U+0441)
(inputenc)                not set up for use with LaTeX.

See the inputenc package documentation for explanation.
Type  H <return>  for immediate help.
 ...                                              
                                                  
l.3 ...ª–µ–≤–æ–π –∏–¥–µ–∞–ª. –¢–æ–≥–¥–∞ —Å—É—â–µ—Å
                                                  —Ç–≤—É—é—Ç –ø—Ä–æ—Å—Ç—ã–µ ...

You may provide a definition with
\DeclareUnicodeCharacter 


! Package inputenc Error: Unicode character —Ç (U+0442)
(inputenc)                not set up for use with LaTeX.

See the inputenc package documentation for explanation.
Type  H <return>  for immediate help.
 ...                                              
                                                  
l.3 ...µ–≤–æ–π –∏–¥–µ–∞–ª. –¢–æ–≥–¥–∞ —Å—É—â–µ—Å—Ç
                                                  –≤—É—é—Ç –ø—Ä–æ—Å—Ç—ã–µ –∏...

You may provide a definition with
\DeclareUnicodeCharacter 


! Package inputenc Error: Unicode character –≤ (U+0432)
(inputenc)                not set up for use with LaTeX.

See the inputenc package documentation for explanation.
Type  H <return>  for immediate help.
 ...                                              
                                                  
l.3 ...≤–æ–π –∏–¥–µ–∞–ª. –¢–æ–≥–¥–∞ —Å—É—â–µ—Å—Ç–≤
                                                  —É—é—Ç –ø—Ä–æ—Å—Ç—ã–µ –∏–¥...

You may provide a definition with
\DeclareUnicodeCharacter 


! Package inputenc Error: Unicode character —É (U+0443)
(inputenc)                not set up for use with LaTeX.

See the inputenc package documentation for explanation.
Type  H <return>  for immediate help.
 ...                                              
                                                  
l.3 ...æ–π –∏–¥–µ–∞–ª. –¢–æ–≥–¥–∞ —Å—É—â–µ—Å—Ç–≤—É
                                                  —é—Ç –ø—Ä–æ—Å—Ç—ã–µ –∏–¥–µ...

You may provide a definition with
\DeclareUnicodeCharacter 


! Package inputenc Error: Unicode character —é (U+044E)
(inputenc)                not set up for use with LaTeX.

See the inputenc package documentation for explanation.
Type  H <return>  for immediate help.
 ...                                              
                                                  
l.3 ...π –∏–¥–µ–∞–ª. –¢–æ–≥–¥–∞ —Å—É—â–µ—Å—Ç–≤—É—é
                                                  —Ç –ø—Ä–æ—Å—Ç—ã–µ –∏–¥–µ–∞...

You may provide a definition with
\DeclareUnicodeCharacter 


! Package inputenc Error: Unicode character —Ç (U+0442)
(inputenc)                not set up for use with LaTeX.

See the inputenc package documentation for explanation.
Type  H <return>  for immediate help.
 ...                                              
                                                  
l.3 ...–∏–¥–µ–∞–ª. –¢–æ–≥–¥–∞ —Å—É—â–µ—Å—Ç–≤—É—é—Ç
                                                   –ø—Ä–æ—Å—Ç—ã–µ –∏–¥–µ–∞–ª...

You may provide a definition with
\DeclareUnicodeCharacter 


! Package inputenc Error: Unicode character –ø (U+043F)
(inputenc)                not set up for use with LaTeX.

See the inputenc package documentation for explanation.
Type  H <return>  for immediate help.
 ...                                              
                                                  
l.3 ...¥–µ–∞–ª. –¢–æ–≥–¥–∞ —Å—É—â–µ—Å—Ç–≤—É—é—Ç –ø
                                                  —Ä–æ—Å—Ç—ã–µ –∏–¥–µ–∞–ª—ã ...

You may provide a definition with
\DeclareUnicodeCharacter 


! Package inputenc Error: Unicode character —Ä (U+0440)
(inputenc)                not set up for use with LaTeX.

See the inputenc package documentation for explanation.
Type  H <return>  for immediate help.
 ...                                              
                                                  
l.3 ...µ–∞–ª. –¢–æ–≥–¥–∞ —Å—É—â–µ—Å—Ç–≤—É—é—Ç –ø—Ä
                                                  –æ—Å—Ç—ã–µ –∏–¥–µ–∞–ª—ã $\...

You may provide a definition with
\DeclareUnicodeCharacter 


! Package inputenc Error: Unicode character –æ (U+043E)
(inputenc)                not set up for use with LaTeX.

See the inputenc package documentation for explanation.
Type  H <return>  for immediate help.
 ...                                              
                                                  
l.3 ...∞–ª. –¢–æ–≥–¥–∞ —Å—É—â–µ—Å—Ç–≤—É—é—Ç –ø—Ä–æ
                                                  —Å—Ç—ã–µ –∏–¥–µ–∞–ª—ã $\fp...

You may provide a definition with
\DeclareUnicodeCharacter 


! Package inputenc Error: Unicode character —Å (U+0441)
(inputenc)                not set up for use with LaTeX.

See the inputenc package documentation for explanation.
Type  H <return>  for immediate help.
 ...                                              
                                                  
l.3 ...ª. –¢–æ–≥–¥–∞ —Å—É—â–µ—Å—Ç–≤—É—é—Ç –ø—Ä–æ—Å
                                                  —Ç—ã–µ –∏–¥–µ–∞–ª—ã $\fp_{...

You may provide a definition with
\DeclareUnicodeCharacter 


! Package inputenc Error: Unicode character —Ç (U+0442)
(inputenc)                not set up for use with LaTeX.

See the inputenc package documentation for explanation.
Type  H <return>  for immediate help.
 ...                                              
                                                  
l.3 ... –¢–æ–≥–¥–∞ —Å—É—â–µ—Å—Ç–≤—É—é—Ç –ø—Ä–æ—Å—Ç
                                                  —ã–µ –∏–¥–µ–∞–ª—ã $\fp_{1}...

You may provide a definition with
\DeclareUnicodeCharacter 


! Package inputenc Error: Unicode character —ã (U+044B)
(inputenc)                not set up for use with LaTeX.

See the inputenc package documentation for explanation.
Type  H <return>  for immediate help.
 ...                                              
                                                  
l.3 ...¢–æ–≥–¥–∞ —Å—É—â–µ—Å—Ç–≤—É—é—Ç –ø—Ä–æ—Å—Ç—ã
                                                  –µ –∏–¥–µ–∞–ª—ã $\fp_{1}, ...

You may provide a definition with
\DeclareUnicodeCharacter 


! Package inputenc Error: Unicode character –µ (U+0435)
(inputenc)                not set up for use with LaTeX.

See the inputenc package documentation for explanation.
Type  H <return>  for immediate help.
 ...                                              
                                                  
l.3 ...æ–≥–¥–∞ —Å—É—â–µ—Å—Ç–≤—É—é—Ç –ø—Ä–æ—Å—Ç—ã–µ
                                                   –∏–¥–µ–∞–ª—ã $\fp_{1}, \l...

You may provide a definition with
\DeclareUnicodeCharacter 


! Package inputenc Error: Unicode character –∏ (U+0438)
(inputenc)                not set up for use with LaTeX.

See the inputenc package documentation for explanation.
Type  H <return>  for immediate help.
 ...                                              
                                                  
l.3 ...–¥–∞ —Å—É—â–µ—Å—Ç–≤—É—é—Ç –ø—Ä–æ—Å—Ç—ã–µ –∏
                                                  –¥–µ–∞–ª—ã $\fp_{1}, \ldot...

You may provide a definition with
\DeclareUnicodeCharacter 


! Package inputenc Error: Unicode character –¥ (U+0434)
(inputenc)                not set up for use with LaTeX.

See the inputenc package documentation for explanation.
Type  H <return>  for immediate help.
 ...                                              
                                                  
l.3 ...–∞ —Å—É—â–µ—Å—Ç–≤—É—é—Ç –ø—Ä–æ—Å—Ç—ã–µ –∏–¥
                                                  –µ–∞–ª—ã $\fp_{1}, \ldots,...

You may provide a definition with
\DeclareUnicodeCharacter 


! Package inputenc Error: Unicode character –µ (U+0435)
(inputenc)                not set up for use with LaTeX.

See the inputenc package documentation for explanation.
Type  H <return>  for immediate help.
 ...                                              
                                                  
l.3 ... —Å—É—â–µ—Å—Ç–≤—É—é—Ç –ø—Ä–æ—Å—Ç—ã–µ –∏–¥–µ
                                                  –∞–ª—ã $\fp_{1}, \ldots, \...

You may provide a definition with
\DeclareUnicodeCharacter 


! Package inputenc Error: Unicode character –∞ (U+0430)
(inputenc)                not set up for use with LaTeX.

See the inputenc package documentation for explanation.
Type  H <return>  for immediate help.
 ...                                              
                                                  
l.3 ...Å—É—â–µ—Å—Ç–≤—É—é—Ç –ø—Ä–æ—Å—Ç—ã–µ –∏–¥–µ–∞
                                                  –ª—ã $\fp_{1}, \ldots, \fp...

You may provide a definition with
\DeclareUnicodeCharacter 


! Package inputenc Error: Unicode character –ª (U+043B)
(inputenc)                not set up for use with LaTeX.

See the inputenc package documentation for explanation.
Type  H <return>  for immediate help.
 ...                                              
                                                  
l.3 ...É—â–µ—Å—Ç–≤—É—é—Ç –ø—Ä–æ—Å—Ç—ã–µ –∏–¥–µ–∞–ª
                                                  —ã $\fp_{1}, \ldots, \fp_{...

You may provide a definition with
\DeclareUnicodeCharacter 


! Package inputenc Error: Unicode character —ã (U+044B)
(inputenc)                not set up for use with LaTeX.

See the inputenc package documentation for explanation.
Type  H <return>  for immediate help.
 ...                                              
                                                  
l.3 ...â–µ—Å—Ç–≤—É—é—Ç –ø—Ä–æ—Å—Ç—ã–µ –∏–¥–µ–∞–ª—ã
                                                   $\fp_{1}, \ldots, \fp_{k}...

You may provide a definition with
\DeclareUnicodeCharacter 

! Undefined control sequence.
<recently read> \fp 
                    
l.3 ...—Ç–≤—É—é—Ç –ø—Ä–æ—Å—Ç—ã–µ –∏–¥–µ–∞–ª—ã $\fp
                                                  _{1}, \ldots, \fp_{k}\colo...
The control sequence at the end of the top line
of your error message was never \def'ed. If you have
misspelled it (e.g., `\hobx'), type `I' and the correct
spelling (e.g., `I\hbox'). Otherwise just continue,
and I'll forget about whatever was undefined.

! Undefined control sequence.
l.3 ...—Å—Ç—ã–µ –∏–¥–µ–∞–ª—ã $\fp_{1}, \ldots, \fp
                                                  _{k}\colon \fp_{1} \fp_{2}...
The control sequence at the end of the top line
of your error message was never \def'ed. If you have
misspelled it (e.g., `\hobx'), type `I' and the correct
spelling (e.g., `I\hbox'). Otherwise just continue,
and I'll forget about whatever was undefined.

! Undefined control sequence.
l.3 ...µ–∞–ª—ã $\fp_{1}, \ldots, \fp_{k}\colon \fp
                                                  _{1} \fp_{2} \ldots \fp_{k...
The control sequence at the end of the top line
of your error message was never \def'ed. If you have
misspelled it (e.g., `\hobx'), type `I' and the correct
spelling (e.g., `I\hbox'). Otherwise just continue,
and I'll forget about whatever was undefined.

! Undefined control sequence.
l.3 ...$\fp_{1}, \ldots, \fp_{k}\colon \fp_{1} \fp
                                                  _{2} \ldots \fp_{k} \subse...
The control sequence at the end of the top line
of your error message was never \def'ed. If you have
misspelled it (e.g., `\hobx'), type `I' and the correct
spelling (e.g., `I\hbox'). Otherwise just continue,
and I'll forget about whatever was undefined.

! Double subscript.
l.3 ...\fp_{1}, \ldots, \fp_{k}\colon \fp_{1} \fp_
                                                  {2} \ldots \fp_{k} \subset...
I treat `x_1_2' essentially like `x_1{}_2'.

! Undefined control sequence.
l.3 ...s, \fp_{k}\colon \fp_{1} \fp_{2} \ldots \fp
                                                  _{k} \subset I$.
The control sequence at the end of the top line
of your error message was never \def'ed. If you have
misspelled it (e.g., `\hobx'), type `I' and the correct
spelling (e.g., `I\hbox'). Otherwise just continue,
and I'll forget about whatever was undefined.

Missing character: There is no . in font nullfont!

! LaTeX Error: \begin{document} ended by \end{lemma}.

See the LaTeX manual or LaTeX Companion for explanation.
Type  H <return>  for immediate help.
 ...                                              
                                                  
l.4 \end{lemma}
               
Your command was ignored.
Type  I <command> <return>  to replace it with another command,
or  <return>  to continue without it.


Overfull \hbox (43.23607pt too wide) in paragraph at lines 3--5
[]$\OML/cmm/m/it/10 A$   $I \OMS/cmsy/m/n/10 ^^Z
 []


Overfull \hbox (81.35396pt too wide) in paragraph at lines 3--5
\OML/cmm/m/it/10 A$        $[]; [] ;[] \OT1/cmr/m/n/10 :[] [] [][] \OMS/cmsy/m/
n/10 ^^Z
 []


Overfull \hbox (5.18054pt too wide) in paragraph at lines 3--5
\OML/cmm/m/it/10 I$
 []


! LaTeX Error: Environment proof undefined.

See the LaTeX manual or LaTeX Companion for explanation.
Type  H <return>  for immediate help.
 ...                                              
                                                  
l.6 \begin{proof}
                 
Your command was ignored.
Type  I <command> <return>  to replace it with another command,
or  <return>  to continue without it.


! Package inputenc Error: Unicode character –ü (U+041F)
(inputenc)                not set up for use with LaTeX.

See the inputenc package documentation for explanation.
Type  H <return>  for immediate help.
 ...                                              
                                                  
l.7 	–ü
       —Ä–µ–¥–ø–æ–ª–æ–∂–∏–º –ø—Ä–æ—Ç–∏–≤–Ω–æ–µ, —Ç–æ –µ—Å—Ç—å, —á—Ç–æ —Å—É—â...

You may provide a definition with
\DeclareUnicodeCharacter 


! Package inputenc Error: Unicode character —Ä (U+0440)
(inputenc)                not set up for use with LaTeX.

See the inputenc package documentation for explanation.
Type  H <return>  for immediate help.
 ...                                              
                                                  
l.7 	–ü—Ä
         –µ–¥–ø–æ–ª–æ–∂–∏–º –ø—Ä–æ—Ç–∏–≤–Ω–æ–µ, —Ç–æ –µ—Å—Ç—å, —á—Ç–æ —Å—É—â...

You may provide a definition with
\DeclareUnicodeCharacter 


! Package inputenc Error: Unicode character –µ (U+0435)
(inputenc)                not set up for use with LaTeX.

See the inputenc package documentation for explanation.
Type  H <return>  for immediate help.
 ...                                              
                                                  
l.7 	–ü—Ä–µ
           –¥–ø–æ–ª–æ–∂–∏–º –ø—Ä–æ—Ç–∏–≤–Ω–æ–µ, —Ç–æ –µ—Å—Ç—å, —á—Ç–æ —Å—É—â...

You may provide a definition with
\DeclareUnicodeCharacter 


! Package inputenc Error: Unicode character –¥ (U+0434)
(inputenc)                not set up for use with LaTeX.

See the inputenc package documentation for explanation.
Type  H <return>  for immediate help.
 ...                                              
                                                  
l.7 	–ü—Ä–µ–¥
             –ø–æ–ª–æ–∂–∏–º –ø—Ä–æ—Ç–∏–≤–Ω–æ–µ, —Ç–æ –µ—Å—Ç—å, —á—Ç–æ —Å—É—â...

You may provide a definition with
\DeclareUnicodeCharacter 


! Package inputenc Error: Unicode character –ø (U+043F)
(inputenc)                not set up for use with LaTeX.

See the inputenc package documentation for explanation.
Type  H <return>  for immediate help.
 ...                                              
                                                  
l.7 	–ü—Ä–µ–¥–ø
               –æ–ª–æ–∂–∏–º –ø—Ä–æ—Ç–∏–≤–Ω–æ–µ, —Ç–æ –µ—Å—Ç—å, —á—Ç–æ —Å—É—â...

You may provide a definition with
\DeclareUnicodeCharacter 


! Package inputenc Error: Unicode character –æ (U+043E)
(inputenc)                not set up for use with LaTeX.

See the inputenc package documentation for explanation.
Type  H <return>  for immediate help.
 ...                                              
                                                  
l.7 	–ü—Ä–µ–¥–ø–æ
                 –ª–æ–∂–∏–º –ø—Ä–æ—Ç–∏–≤–Ω–æ–µ, —Ç–æ –µ—Å—Ç—å, —á—Ç–æ —Å—É—â...

You may provide a definition with
\DeclareUnicodeCharacter 


! Package inputenc Error: Unicode character –ª (U+043B)
(inputenc)                not set up for use with LaTeX.

See the inputenc package documentation for explanation.
Type  H <return>  for immediate help.
 ...                                              
                                                  
l.7 	–ü—Ä–µ–¥–ø–æ–ª
                   –æ–∂–∏–º –ø—Ä–æ—Ç–∏–≤–Ω–æ–µ, —Ç–æ –µ—Å—Ç—å, —á—Ç–æ —Å—É—â...

You may provide a definition with
\DeclareUnicodeCharacter 


! Package inputenc Error: Unicode character –æ (U+043E)
(inputenc)                not set up for use with LaTeX.

See the inputenc package documentation for explanation.
Type  H <return>  for immediate help.
 ...                                              
                                                  
l.7 	–ü—Ä–µ–¥–ø–æ–ª–æ
                     –∂–∏–º –ø—Ä–æ—Ç–∏–≤–Ω–æ–µ, —Ç–æ –µ—Å—Ç—å, —á—Ç–æ —Å—É—â...

You may provide a definition with
\DeclareUnicodeCharacter 


! Package inputenc Error: Unicode character –∂ (U+0436)
(inputenc)                not set up for use with LaTeX.

See the inputenc package documentation for explanation.
Type  H <return>  for immediate help.
 ...                                              
                                                  
l.7 	–ü—Ä–µ–¥–ø–æ–ª–æ–∂
                       –∏–º –ø—Ä–æ—Ç–∏–≤–Ω–æ–µ, —Ç–æ –µ—Å—Ç—å, —á—Ç–æ —Å—É—â...

You may provide a definition with
\DeclareUnicodeCharacter 


! Package inputenc Error: Unicode character –∏ (U+0438)
(inputenc)                not set up for use with LaTeX.

See the inputenc package documentation for explanation.
Type  H <return>  for immediate help.
 ...                                              
                                                  
l.7 	–ü—Ä–µ–¥–ø–æ–ª–æ–∂–∏
                         –º –ø—Ä–æ—Ç–∏–≤–Ω–æ–µ, —Ç–æ –µ—Å—Ç—å, —á—Ç–æ —Å—É—â...

You may provide a definition with
\DeclareUnicodeCharacter 


! Package inputenc Error: Unicode character –º (U+043C)
(inputenc)                not set up for use with LaTeX.

See the inputenc package documentation for explanation.
Type  H <return>  for immediate help.
 ...                                              
                                                  
l.7 	–ü—Ä–µ–¥–ø–æ–ª–æ–∂–∏–º
                            –ø—Ä–æ—Ç–∏–≤–Ω–æ–µ, —Ç–æ –µ—Å—Ç—å, —á—Ç–æ —Å—É—â...

You may provide a definition with
\DeclareUnicodeCharacter 


! Package inputenc Error: Unicode character –ø (U+043F)
(inputenc)                not set up for use with LaTeX.

See the inputenc package documentation for explanation.
Type  H <return>  for immediate help.
 ...                                              
                                                  
l.7 	–ü—Ä–µ–¥–ø–æ–ª–æ–∂–∏–º –ø
                              —Ä–æ—Ç–∏–≤–Ω–æ–µ, —Ç–æ –µ—Å—Ç—å, —á—Ç–æ —Å—É—â...

You may provide a definition with
\DeclareUnicodeCharacter 


! Package inputenc Error: Unicode character —Ä (U+0440)
(inputenc)                not set up for use with LaTeX.

See the inputenc package documentation for explanation.
Type  H <return>  for immediate help.
 ...                                              
                                                  
l.7 	–ü—Ä–µ–¥–ø–æ–ª–æ–∂–∏–º –ø—Ä
                                –æ—Ç–∏–≤–Ω–æ–µ, —Ç–æ –µ—Å—Ç—å, —á—Ç–æ —Å—É—â...

You may provide a definition with
\DeclareUnicodeCharacter 


! Package inputenc Error: Unicode character –æ (U+043E)
(inputenc)                not set up for use with LaTeX.

See the inputenc package documentation for explanation.
Type  H <return>  for immediate help.
 ...                                              
                                                  
l.7 	–ü—Ä–µ–¥–ø–æ–ª–æ–∂–∏–º –ø—Ä–æ
                                  —Ç–∏–≤–Ω–æ–µ, —Ç–æ –µ—Å—Ç—å, —á—Ç–æ —Å—É—â...

You may provide a definition with
\DeclareUnicodeCharacter 


! Package inputenc Error: Unicode character —Ç (U+0442)
(inputenc)                not set up for use with LaTeX.

See the inputenc package documentation for explanation.
Type  H <return>  for immediate help.
 ...                                              
                                                  
l.7 	–ü—Ä–µ–¥–ø–æ–ª–æ–∂–∏–º –ø—Ä–æ—Ç
                                    –∏–≤–Ω–æ–µ, —Ç–æ –µ—Å—Ç—å, —á—Ç–æ —Å—É—â...

You may provide a definition with
\DeclareUnicodeCharacter 


! Package inputenc Error: Unicode character –∏ (U+0438)
(inputenc)                not set up for use with LaTeX.

See the inputenc package documentation for explanation.
Type  H <return>  for immediate help.
 ...                                              
                                                  
l.7 	–ü—Ä–µ–¥–ø–æ–ª–æ–∂–∏–º –ø—Ä–æ—Ç–∏
                                      –≤–Ω–æ–µ, —Ç–æ –µ—Å—Ç—å, —á—Ç–æ —Å—É—â...

You may provide a definition with
\DeclareUnicodeCharacter 


! Package inputenc Error: Unicode character –≤ (U+0432)
(inputenc)                not set up for use with LaTeX.

See the inputenc package documentation for explanation.
Type  H <return>  for immediate help.
 ...                                              
                                                  
l.7 	–ü—Ä–µ–¥–ø–æ–ª–æ–∂–∏–º –ø—Ä–æ—Ç–∏–≤
                                        –Ω–æ–µ, —Ç–æ –µ—Å—Ç—å, —á—Ç–æ —Å—É—â...

You may provide a definition with
\DeclareUnicodeCharacter 


! Package inputenc Error: Unicode character –Ω (U+043D)
(inputenc)                not set up for use with LaTeX.

See the inputenc package documentation for explanation.
Type  H <return>  for immediate help.
 ...                                              
                                                  
l.7 	–ü—Ä–µ–¥–ø–æ–ª–æ–∂–∏–º –ø—Ä–æ—Ç–∏–≤–Ω
                                          –æ–µ, —Ç–æ –µ—Å—Ç—å, —á—Ç–æ —Å—É—â...

You may provide a definition with
\DeclareUnicodeCharacter 


! Package inputenc Error: Unicode character –æ (U+043E)
(inputenc)                not set up for use with LaTeX.

See the inputenc package documentation for explanation.
Type  H <return>  for immediate help.
 ...                                              
                                                  
l.7 	–ü—Ä–µ–¥–ø–æ–ª–æ–∂–∏–º –ø—Ä–æ—Ç–∏–≤–Ω–æ
                                            –µ, —Ç–æ –µ—Å—Ç—å, —á—Ç–æ —Å—É—â...

You may provide a definition with
\DeclareUnicodeCharacter 


! Package inputenc Error: Unicode character –µ (U+0435)
(inputenc)                not set up for use with LaTeX.

See the inputenc package documentation for explanation.
Type  H <return>  for immediate help.
 ...                                              
                                                  
l.7 	–ü—Ä–µ–¥–ø–æ–ª–æ–∂–∏–º –ø—Ä–æ—Ç–∏–≤–Ω–æ–µ
                                              , —Ç–æ –µ—Å—Ç—å, —á—Ç–æ —Å—É—â...

You may provide a definition with
\DeclareUnicodeCharacter 


! LaTeX Error: Missing \begin{document}.

See the LaTeX manual or LaTeX Companion for explanation.
Type  H <return>  for immediate help.
 ...                                              
                                                  
l.7 	–ü—Ä–µ–¥–ø–æ–ª–æ–∂–∏–º –ø—Ä–æ—Ç–∏–≤–Ω–æ–µ,
                                                —Ç–æ –µ—Å—Ç—å, —á—Ç–æ —Å—É—â...

You're in trouble here.  Try typing  <return>  to proceed.
If that doesn't work, type  X <return>  to quit.

Missing character: There is no , in font nullfont!

! Package inputenc Error: Unicode character —Ç (U+0442)
(inputenc)                not set up for use with LaTeX.

See the inputenc package documentation for explanation.
Type  H <return>  for immediate help.
 ...                                              
                                                  
l.7 	–ü—Ä–µ–¥–ø–æ–ª–æ–∂–∏–º –ø—Ä–æ—Ç–∏–≤–Ω–æ–µ, —Ç
                                                  –æ –µ—Å—Ç—å, —á—Ç–æ —Å—É—â...

You may provide a definition with
\DeclareUnicodeCharacter 


! Package inputenc Error: Unicode character –æ (U+043E)
(inputenc)                not set up for use with LaTeX.

See the inputenc package documentation for explanation.
Type  H <return>  for immediate help.
 ...                                              
                                                  
l.7 ...–µ–¥–ø–æ–ª–æ–∂–∏–º –ø—Ä–æ—Ç–∏–≤–Ω–æ–µ, —Ç–æ
                                                   –µ—Å—Ç—å, —á—Ç–æ —Å—É—â–µ...

You may provide a definition with
\DeclareUnicodeCharacter 


! Package inputenc Error: Unicode character –µ (U+0435)
(inputenc)                not set up for use with LaTeX.

See the inputenc package documentation for explanation.
Type  H <return>  for immediate help.
 ...                                              
                                                  
l.7 ...¥–ø–æ–ª–æ–∂–∏–º –ø—Ä–æ—Ç–∏–≤–Ω–æ–µ, —Ç–æ –µ
                                                  —Å—Ç—å, —á—Ç–æ —Å—É—â–µ—Å—...

You may provide a definition with
\DeclareUnicodeCharacter 


! Package inputenc Error: Unicode character —Å (U+0441)
(inputenc)                not set up for use with LaTeX.

See the inputenc package documentation for explanation.
Type  H <return>  for immediate help.
 ...                                              
                                                  
l.7 ...ø–æ–ª–æ–∂–∏–º –ø—Ä–æ—Ç–∏–≤–Ω–æ–µ, —Ç–æ –µ—Å
                                                  —Ç—å, —á—Ç–æ —Å—É—â–µ—Å—Ç–...

You may provide a definition with
\DeclareUnicodeCharacter 


! Package inputenc Error: Unicode character —Ç (U+0442)
(inputenc)                not set up for use with LaTeX.

See the inputenc package documentation for explanation.
Type  H <return>  for immediate help.
 ...                                              
                                                  
l.7 ...æ–ª–æ–∂–∏–º –ø—Ä–æ—Ç–∏–≤–Ω–æ–µ, —Ç–æ –µ—Å—Ç
                                                  —å, —á—Ç–æ —Å—É—â–µ—Å—Ç–≤—...

You may provide a definition with
\DeclareUnicodeCharacter 


! Package inputenc Error: Unicode character —å (U+044C)
(inputenc)                not set up for use with LaTeX.

See the inputenc package documentation for explanation.
Type  H <return>  for immediate help.
 ...                                              
                                                  
l.7 ...ª–æ–∂–∏–º –ø—Ä–æ—Ç–∏–≤–Ω–æ–µ, —Ç–æ –µ—Å—Ç—å
                                                  , —á—Ç–æ —Å—É—â–µ—Å—Ç–≤—É—...

You may provide a definition with
\DeclareUnicodeCharacter 

Missing character: There is no , in font nullfont!

! Package inputenc Error: Unicode character —á (U+0447)
(inputenc)                not set up for use with LaTeX.

See the inputenc package documentation for explanation.
Type  H <return>  for immediate help.
 ...                                              
                                                  
l.7 ...∂–∏–º –ø—Ä–æ—Ç–∏–≤–Ω–æ–µ, —Ç–æ –µ—Å—Ç—å, —á
                                                  —Ç–æ —Å—É—â–µ—Å—Ç–≤—É—é—Ç ...

You may provide a definition with
\DeclareUnicodeCharacter 


! Package inputenc Error: Unicode character —Ç (U+0442)
(inputenc)                not set up for use with LaTeX.

See the inputenc package documentation for explanation.
Type  H <return>  for immediate help.
 ...                                              
                                                  
l.7 ...∏–º –ø—Ä–æ—Ç–∏–≤–Ω–æ–µ, —Ç–æ –µ—Å—Ç—å, —á—Ç
                                                  –æ —Å—É—â–µ—Å—Ç–≤—É—é—Ç –∏...

You may provide a definition with
\DeclareUnicodeCharacter 


! Package inputenc Error: Unicode character –æ (U+043E)
(inputenc)                not set up for use with LaTeX.

See the inputenc package documentation for explanation.
Type  H <return>  for immediate help.
 ...                                              
                                                  
l.7 ...º –ø—Ä–æ—Ç–∏–≤–Ω–æ–µ, —Ç–æ –µ—Å—Ç—å, —á—Ç–æ
                                                   —Å—É—â–µ—Å—Ç–≤—É—é—Ç –∏–¥...

You may provide a definition with
\DeclareUnicodeCharacter 


! Package inputenc Error: Unicode character —Å (U+0441)
(inputenc)                not set up for use with LaTeX.

See the inputenc package documentation for explanation.
Type  H <return>  for immediate help.
 ...                                              
                                                  
l.7 ...ø—Ä–æ—Ç–∏–≤–Ω–æ–µ, —Ç–æ –µ—Å—Ç—å, —á—Ç–æ —Å
                                                  —É—â–µ—Å—Ç–≤—É—é—Ç –∏–¥–µ–...

You may provide a definition with
\DeclareUnicodeCharacter 


! Package inputenc Error: Unicode character —É (U+0443)
(inputenc)                not set up for use with LaTeX.

See the inputenc package documentation for explanation.
Type  H <return>  for immediate help.
 ...                                              
                                                  
l.7 ...Ä–æ—Ç–∏–≤–Ω–æ–µ, —Ç–æ –µ—Å—Ç—å, —á—Ç–æ —Å—É
                                                  —â–µ—Å—Ç–≤—É—é—Ç –∏–¥–µ–∞—...

You may provide a definition with
\DeclareUnicodeCharacter 


! Package inputenc Error: Unicode character —â (U+0449)
(inputenc)                not set up for use with LaTeX.

See the inputenc package documentation for explanation.
Type  H <return>  for immediate help.
 ...                                              
                                                  
l.7 ...æ—Ç–∏–≤–Ω–æ–µ, —Ç–æ –µ—Å—Ç—å, —á—Ç–æ —Å—É—â
                                                  –µ—Å—Ç–≤—É—é—Ç –∏–¥–µ–∞—ã,...

You may provide a definition with
\DeclareUnicodeCharacter 


! Package inputenc Error: Unicode character –µ (U+0435)
(inputenc)                not set up for use with LaTeX.

See the inputenc package documentation for explanation.
Type  H <return>  for immediate help.
 ...                                              
                                                  
l.7 ...Ç–∏–≤–Ω–æ–µ, —Ç–æ –µ—Å—Ç—å, —á—Ç–æ —Å—É—â–µ
                                                  —Å—Ç–≤—É—é—Ç –∏–¥–µ–∞—ã, –...

You may provide a definition with
\DeclareUnicodeCharacter 


! Package inputenc Error: Unicode character —Å (U+0441)
(inputenc)                not set up for use with LaTeX.

See the inputenc package documentation for explanation.
Type  H <return>  for immediate help.
 ...                                              
                                                  
l.7 ...∏–≤–Ω–æ–µ, —Ç–æ –µ—Å—Ç—å, —á—Ç–æ —Å—É—â–µ—Å
                                                  —Ç–≤—É—é—Ç –∏–¥–µ–∞—ã, –¥–...

You may provide a definition with
\DeclareUnicodeCharacter 


! Package inputenc Error: Unicode character —Ç (U+0442)
(inputenc)                not set up for use with LaTeX.

See the inputenc package documentation for explanation.
Type  H <return>  for immediate help.
 ...                                              
                                                  
l.7 ...≤–Ω–æ–µ, —Ç–æ –µ—Å—Ç—å, —á—Ç–æ —Å—É—â–µ—Å—Ç
                                                  –≤—É—é—Ç –∏–¥–µ–∞—ã, –¥–ª—...

You may provide a definition with
\DeclareUnicodeCharacter 


! Package inputenc Error: Unicode character –≤ (U+0432)
(inputenc)                not set up for use with LaTeX.

See the inputenc package documentation for explanation.
Type  H <return>  for immediate help.
 ...                                              
                                                  
l.7 ...Ω–æ–µ, —Ç–æ –µ—Å—Ç—å, —á—Ç–æ —Å—É—â–µ—Å—Ç–≤
                                                  —É—é—Ç –∏–¥–µ–∞—ã, –¥–ª—è ...

You may provide a definition with
\DeclareUnicodeCharacter 


! Package inputenc Error: Unicode character —É (U+0443)
(inputenc)                not set up for use with LaTeX.

See the inputenc package documentation for explanation.
Type  H <return>  for immediate help.
 ...                                              
                                                  
l.7 ...æ–µ, —Ç–æ –µ—Å—Ç—å, —á—Ç–æ —Å—É—â–µ—Å—Ç–≤—É
                                                  —é—Ç –∏–¥–µ–∞—ã, –¥–ª—è –∫...

You may provide a definition with
\DeclareUnicodeCharacter 


! Package inputenc Error: Unicode character —é (U+044E)
(inputenc)                not set up for use with LaTeX.

See the inputenc package documentation for explanation.
Type  H <return>  for immediate help.
 ...                                              
                                                  
l.7 ...µ, —Ç–æ –µ—Å—Ç—å, —á—Ç–æ —Å—É—â–µ—Å—Ç–≤—É—é
                                                  —Ç –∏–¥–µ–∞—ã, –¥–ª—è –∫–æ...

You may provide a definition with
\DeclareUnicodeCharacter 


! Package inputenc Error: Unicode character —Ç (U+0442)
(inputenc)                not set up for use with LaTeX.

See the inputenc package documentation for explanation.
Type  H <return>  for immediate help.
 ...                                              
                                                  
l.7 ... —Ç–æ –µ—Å—Ç—å, —á—Ç–æ —Å—É—â–µ—Å—Ç–≤—É—é—Ç
                                                   –∏–¥–µ–∞—ã, –¥–ª—è –∫–æ—Ç...

You may provide a definition with
\DeclareUnicodeCharacter 


! Package inputenc Error: Unicode character –∏ (U+0438)
(inputenc)                not set up for use with LaTeX.

See the inputenc package documentation for explanation.
Type  H <return>  for immediate help.
 ...                                              
                                                  
l.7 ...–æ –µ—Å—Ç—å, —á—Ç–æ —Å—É—â–µ—Å—Ç–≤—É—é—Ç –∏
                                                  –¥–µ–∞—ã, –¥–ª—è –∫–æ—Ç–æ—...

You may provide a definition with
\DeclareUnicodeCharacter 


! Package inputenc Error: Unicode character –¥ (U+0434)
(inputenc)                not set up for use with LaTeX.

See the inputenc package documentation for explanation.
Type  H <return>  for immediate help.
 ...                                              
                                                  
l.7 ... –µ—Å—Ç—å, —á—Ç–æ —Å—É—â–µ—Å—Ç–≤—É—é—Ç –∏–¥
                                                  –µ–∞—ã, –¥–ª—è –∫–æ—Ç–æ—Ä—...

You may provide a definition with
\DeclareUnicodeCharacter 


! Package inputenc Error: Unicode character –µ (U+0435)
(inputenc)                not set up for use with LaTeX.

See the inputenc package documentation for explanation.
Type  H <return>  for immediate help.
 ...                                              
                                                  
l.7 ...µ—Å—Ç—å, —á—Ç–æ —Å—É—â–µ—Å—Ç–≤—É—é—Ç –∏–¥–µ
                                                  –∞—ã, –¥–ª—è –∫–æ—Ç–æ—Ä—ã—...

You may provide a definition with
\DeclareUnicodeCharacter 


! Package inputenc Error: Unicode character –∞ (U+0430)
(inputenc)                not set up for use with LaTeX.

See the inputenc package documentation for explanation.
Type  H <return>  for immediate help.
 ...                                              
                                                  
l.7 ...Å—Ç—å, —á—Ç–æ —Å—É—â–µ—Å—Ç–≤—É—é—Ç –∏–¥–µ–∞
                                                  —ã, –¥–ª—è –∫–æ—Ç–æ—Ä—ã—Ö ...

You may provide a definition with
\DeclareUnicodeCharacter 


! Package inputenc Error: Unicode character —ã (U+044B)
(inputenc)                not set up for use with LaTeX.

See the inputenc package documentation for explanation.
Type  H <return>  for immediate help.
 ...                                              
                                                  
l.7 ...Ç—å, —á—Ç–æ —Å—É—â–µ—Å—Ç–≤—É—é—Ç –∏–¥–µ–∞—ã
                                                  , –¥–ª—è –∫–æ—Ç–æ—Ä—ã—Ö –Ω...

You may provide a definition with
\DeclareUnicodeCharacter 

Missing character: There is no , in font nullfont!

! Package inputenc Error: Unicode character –¥ (U+0434)
(inputenc)                not set up for use with LaTeX.

See the inputenc package documentation for explanation.
Type  H <return>  for immediate help.
 ...                                              
                                                  
l.7 ... —á—Ç–æ —Å—É—â–µ—Å—Ç–≤—É—é—Ç –∏–¥–µ–∞—ã, –¥
                                                  –ª—è –∫–æ—Ç–æ—Ä—ã—Ö –Ω–µ –...

You may provide a definition with
\DeclareUnicodeCharacter 


! Package inputenc Error: Unicode character –ª (U+043B)
(inputenc)                not set up for use with LaTeX.

See the inputenc package documentation for explanation.
Type  H <return>  for immediate help.
 ...                                              
                                                  
l.7 ...á—Ç–æ —Å—É—â–µ—Å—Ç–≤—É—é—Ç –∏–¥–µ–∞—ã, –¥–ª
                                                  —è –∫–æ—Ç–æ—Ä—ã—Ö –Ω–µ –≤—...

You may provide a definition with
\DeclareUnicodeCharacter 


! Package inputenc Error: Unicode character —è (U+044F)
(inputenc)                not set up for use with LaTeX.

See the inputenc package documentation for explanation.
Type  H <return>  for immediate help.
 ...                                              
                                                  
l.7 ...Ç–æ —Å—É—â–µ—Å—Ç–≤—É—é—Ç –∏–¥–µ–∞—ã, –¥–ª—è
                                                   –∫–æ—Ç–æ—Ä—ã—Ö –Ω–µ –≤—ã–...

You may provide a definition with
\DeclareUnicodeCharacter 


! Package inputenc Error: Unicode character –∫ (U+043A)
(inputenc)                not set up for use with LaTeX.

See the inputenc package documentation for explanation.
Type  H <return>  for immediate help.
 ...                                              
                                                  
l.7 ... —Å—É—â–µ—Å—Ç–≤—É—é—Ç –∏–¥–µ–∞—ã, –¥–ª—è –∫
                                                  –æ—Ç–æ—Ä—ã—Ö –Ω–µ –≤—ã–ø–æ...

You may provide a definition with
\DeclareUnicodeCharacter 


! Package inputenc Error: Unicode character –æ (U+043E)
(inputenc)                not set up for use with LaTeX.

See the inputenc package documentation for explanation.
Type  H <return>  for immediate help.
 ...                                              
                                                  
l.7 ...Å—É—â–µ—Å—Ç–≤—É—é—Ç –∏–¥–µ–∞—ã, –¥–ª—è –∫–æ
                                                  —Ç–æ—Ä—ã—Ö –Ω–µ –≤—ã–ø–æ–ª...

You may provide a definition with
\DeclareUnicodeCharacter 


! Package inputenc Error: Unicode character —Ç (U+0442)
(inputenc)                not set up for use with LaTeX.

See the inputenc package documentation for explanation.
Type  H <return>  for immediate help.
 ...                                              
                                                  
l.7 ...É—â–µ—Å—Ç–≤—É—é—Ç –∏–¥–µ–∞—ã, –¥–ª—è –∫–æ—Ç
                                                  –æ—Ä—ã—Ö –Ω–µ –≤—ã–ø–æ–ª–Ω...

You may provide a definition with
\DeclareUnicodeCharacter 


! Package inputenc Error: Unicode character –æ (U+043E)
(inputenc)                not set up for use with LaTeX.

See the inputenc package documentation for explanation.
Type  H <return>  for immediate help.
 ...                                              
                                                  
l.7 ...â–µ—Å—Ç–≤—É—é—Ç –∏–¥–µ–∞—ã, –¥–ª—è –∫–æ—Ç–æ
                                                  —Ä—ã—Ö –Ω–µ –≤—ã–ø–æ–ª–Ω–µ...

You may provide a definition with
\DeclareUnicodeCharacter 


! Package inputenc Error: Unicode character —Ä (U+0440)
(inputenc)                not set up for use with LaTeX.

See the inputenc package documentation for explanation.
Type  H <return>  for immediate help.
 ...                                              
                                                  
l.7 ...µ—Å—Ç–≤—É—é—Ç –∏–¥–µ–∞—ã, –¥–ª—è –∫–æ—Ç–æ—Ä
                                                  —ã—Ö –Ω–µ –≤—ã–ø–æ–ª–Ω–µ–Ω...

You may provide a definition with
\DeclareUnicodeCharacter 


! Package inputenc Error: Unicode character —ã (U+044B)
(inputenc)                not set up for use with LaTeX.

See the inputenc package documentation for explanation.
Type  H <return>  for immediate help.
 ...                                              
                                                  
l.7 ...Å—Ç–≤—É—é—Ç –∏–¥–µ–∞—ã, –¥–ª—è –∫–æ—Ç–æ—Ä—ã
                                                  —Ö –Ω–µ –≤—ã–ø–æ–ª–Ω–µ–Ω–æ...

You may provide a definition with
\DeclareUnicodeCharacter 


! Package inputenc Error: Unicode character —Ö (U+0445)
(inputenc)                not set up for use with LaTeX.

See the inputenc package documentation for explanation.
Type  H <return>  for immediate help.
 ...                                              
                                                  
l.7 ...Ç–≤—É—é—Ç –∏–¥–µ–∞—ã, –¥–ª—è –∫–æ—Ç–æ—Ä—ã—Ö
                                                   –Ω–µ –≤—ã–ø–æ–ª–Ω–µ–Ω–æ —...

You may provide a definition with
\DeclareUnicodeCharacter 


! Package inputenc Error: Unicode character –Ω (U+043D)
(inputenc)                not set up for use with LaTeX.

See the inputenc package documentation for explanation.
Type  H <return>  for immediate help.
 ...                                              
                                                  
l.7 ...—É—é—Ç –∏–¥–µ–∞—ã, –¥–ª—è –∫–æ—Ç–æ—Ä—ã—Ö –Ω
                                                  –µ –≤—ã–ø–æ–ª–Ω–µ–Ω–æ —É—Å...

You may provide a definition with
\DeclareUnicodeCharacter 


! Package inputenc Error: Unicode character –µ (U+0435)
(inputenc)                not set up for use with LaTeX.

See the inputenc package documentation for explanation.
Type  H <return>  for immediate help.
 ...                                              
                                                  
l.7 ...—é—Ç –∏–¥–µ–∞—ã, –¥–ª—è –∫–æ—Ç–æ—Ä—ã—Ö –Ω–µ
                                                   –≤—ã–ø–æ–ª–Ω–µ–Ω–æ —É—Å–ª...

You may provide a definition with
\DeclareUnicodeCharacter 


! Package inputenc Error: Unicode character –≤ (U+0432)
(inputenc)                not set up for use with LaTeX.

See the inputenc package documentation for explanation.
Type  H <return>  for immediate help.
 ...                                              
                                                  
l.7 ...Ç –∏–¥–µ–∞—ã, –¥–ª—è –∫–æ—Ç–æ—Ä—ã—Ö –Ω–µ –≤
                                                  —ã–ø–æ–ª–Ω–µ–Ω–æ —É—Å–ª–æ–...

You may provide a definition with
\DeclareUnicodeCharacter 


! Package inputenc Error: Unicode character —ã (U+044B)
(inputenc)                not set up for use with LaTeX.

See the inputenc package documentation for explanation.
Type  H <return>  for immediate help.
 ...                                              
                                                  
l.7 ...–∏–¥–µ–∞—ã, –¥–ª—è –∫–æ—Ç–æ—Ä—ã—Ö –Ω–µ –≤—ã
                                                  –ø–æ–ª–Ω–µ–Ω–æ —É—Å–ª–æ–≤–...

You may provide a definition with
\DeclareUnicodeCharacter 


! Package inputenc Error: Unicode character –ø (U+043F)
(inputenc)                not set up for use with LaTeX.

See the inputenc package documentation for explanation.
Type  H <return>  for immediate help.
 ...                                              
                                                  
l.7 ...–¥–µ–∞—ã, –¥–ª—è –∫–æ—Ç–æ—Ä—ã—Ö –Ω–µ –≤—ã–ø
                                                  –æ–ª–Ω–µ–Ω–æ —É—Å–ª–æ–≤–∏–...

You may provide a definition with
\DeclareUnicodeCharacter 


! Package inputenc Error: Unicode character –æ (U+043E)
(inputenc)                not set up for use with LaTeX.

See the inputenc package documentation for explanation.
Type  H <return>  for immediate help.
 ...                                              
                                                  
l.7 ...–µ–∞—ã, –¥–ª—è –∫–æ—Ç–æ—Ä—ã—Ö –Ω–µ –≤—ã–ø–æ
                                                  –ª–Ω–µ–Ω–æ —É—Å–ª–æ–≤–∏–µ ...

You may provide a definition with
\DeclareUnicodeCharacter 


! Package inputenc Error: Unicode character –ª (U+043B)
(inputenc)                not set up for use with LaTeX.

See the inputenc package documentation for explanation.
Type  H <return>  for immediate help.
 ...                                              
                                                  
l.7 ...–∞—ã, –¥–ª—è –∫–æ—Ç–æ—Ä—ã—Ö –Ω–µ –≤—ã–ø–æ–ª
                                                  –Ω–µ–Ω–æ —É—Å–ª–æ–≤–∏–µ –ª...

You may provide a definition with
\DeclareUnicodeCharacter 


! Package inputenc Error: Unicode character –Ω (U+043D)
(inputenc)                not set up for use with LaTeX.

See the inputenc package documentation for explanation.
Type  H <return>  for immediate help.
 ...                                              
                                                  
l.7 ...—ã, –¥–ª—è –∫–æ—Ç–æ—Ä—ã—Ö –Ω–µ –≤—ã–ø–æ–ª–Ω
                                                  –µ–Ω–æ —É—Å–ª–æ–≤–∏–µ –ª–µ...

You may provide a definition with
\DeclareUnicodeCharacter 


! Package inputenc Error: Unicode character –µ (U+0435)
(inputenc)                not set up for use with LaTeX.

See the inputenc package documentation for explanation.
Type  H <return>  for immediate help.
 ...                                              
                                                  
l.7 ..., –¥–ª—è –∫–æ—Ç–æ—Ä—ã—Ö –Ω–µ –≤—ã–ø–æ–ª–Ω–µ
                                                  –Ω–æ —É—Å–ª–æ–≤–∏–µ –ª–µ–º...

You may provide a definition with
\DeclareUnicodeCharacter 


! Package inputenc Error: Unicode character –Ω (U+043D)
(inputenc)                not set up for use with LaTeX.

See the inputenc package documentation for explanation.
Type  H <return>  for immediate help.
 ...                                              
                                                  
l.7 ...–¥–ª—è –∫–æ—Ç–æ—Ä—ã—Ö –Ω–µ –≤—ã–ø–æ–ª–Ω–µ–Ω
                                                  –æ —É—Å–ª–æ–≤–∏–µ –ª–µ–º–º...

You may provide a definition with
\DeclareUnicodeCharacter 


! Package inputenc Error: Unicode character –æ (U+043E)
(inputenc)                not set up for use with LaTeX.

See the inputenc package documentation for explanation.
Type  H <return>  for immediate help.
 ...                                              
                                                  
l.7 ...–ª—è –∫–æ—Ç–æ—Ä—ã—Ö –Ω–µ –≤—ã–ø–æ–ª–Ω–µ–Ω–æ
                                                   —É—Å–ª–æ–≤–∏–µ –ª–µ–º–º—ã...

You may provide a definition with
\DeclareUnicodeCharacter 


! Package inputenc Error: Unicode character —É (U+0443)
(inputenc)                not set up for use with LaTeX.

See the inputenc package documentation for explanation.
Type  H <return>  for immediate help.
 ...                                              
                                                  
l.7 ...è –∫–æ—Ç–æ—Ä—ã—Ö –Ω–µ –≤—ã–ø–æ–ª–Ω–µ–Ω–æ —É
                                                  —Å–ª–æ–≤–∏–µ –ª–µ–º–º—ã. –...

You may provide a definition with
\DeclareUnicodeCharacter 


! Package inputenc Error: Unicode character —Å (U+0441)
(inputenc)                not set up for use with LaTeX.

See the inputenc package documentation for explanation.
Type  H <return>  for immediate help.
 ...                                              
                                                  
l.7 ...–∫–æ—Ç–æ—Ä—ã—Ö –Ω–µ –≤—ã–ø–æ–ª–Ω–µ–Ω–æ —É—Å
                                                  –ª–æ–≤–∏–µ –ª–µ–º–º—ã. –í—...

You may provide a definition with
\DeclareUnicodeCharacter 


! Package inputenc Error: Unicode character –ª (U+043B)
(inputenc)                not set up for use with LaTeX.

See the inputenc package documentation for explanation.
Type  H <return>  for immediate help.
 ...                                              
                                                  
l.7 ...–æ—Ç–æ—Ä—ã—Ö –Ω–µ –≤—ã–ø–æ–ª–Ω–µ–Ω–æ —É—Å–ª
                                                  –æ–≤–∏–µ –ª–µ–º–º—ã. –í—ã–...

You may provide a definition with
\DeclareUnicodeCharacter 


! Package inputenc Error: Unicode character –æ (U+043E)
(inputenc)                not set up for use with LaTeX.

See the inputenc package documentation for explanation.
Type  H <return>  for immediate help.
 ...                                              
                                                  
l.7 ...—Ç–æ—Ä—ã—Ö –Ω–µ –≤—ã–ø–æ–ª–Ω–µ–Ω–æ —É—Å–ª–æ
                                                  –≤–∏–µ –ª–µ–º–º—ã. –í—ã–±–...

You may provide a definition with
\DeclareUnicodeCharacter 


! Package inputenc Error: Unicode character –≤ (U+0432)
(inputenc)                not set up for use with LaTeX.

See the inputenc package documentation for explanation.
Type  H <return>  for immediate help.
 ...                                              
                                                  
l.7 ...–æ—Ä—ã—Ö –Ω–µ –≤—ã–ø–æ–ª–Ω–µ–Ω–æ —É—Å–ª–æ–≤
                                                  –∏–µ –ª–µ–º–º—ã. –í—ã–±–µ—...

You may provide a definition with
\DeclareUnicodeCharacter 


! Package inputenc Error: Unicode character –∏ (U+0438)
(inputenc)                not set up for use with LaTeX.

See the inputenc package documentation for explanation.
Type  H <return>  for immediate help.
 ...                                              
                                                  
l.7 ...—Ä—ã—Ö –Ω–µ –≤—ã–ø–æ–ª–Ω–µ–Ω–æ —É—Å–ª–æ–≤–∏
                                                  –µ –ª–µ–º–º—ã. –í—ã–±–µ—Ä–...

You may provide a definition with
\DeclareUnicodeCharacter 


! Package inputenc Error: Unicode character –µ (U+0435)
(inputenc)                not set up for use with LaTeX.

See the inputenc package documentation for explanation.
Type  H <return>  for immediate help.
 ...                                              
                                                  
l.7 ...—ã—Ö –Ω–µ –≤—ã–ø–æ–ª–Ω–µ–Ω–æ —É—Å–ª–æ–≤–∏–µ
                                                   –ª–µ–º–º—ã. –í—ã–±–µ—Ä–µ–...

You may provide a definition with
\DeclareUnicodeCharacter 


! Package inputenc Error: Unicode character –ª (U+043B)
(inputenc)                not set up for use with LaTeX.

See the inputenc package documentation for explanation.
Type  H <return>  for immediate help.
 ...                                              
                                                  
l.7 ...Ö –Ω–µ –≤—ã–ø–æ–ª–Ω–µ–Ω–æ —É—Å–ª–æ–≤–∏–µ –ª
                                                  –µ–º–º—ã. –í—ã–±–µ—Ä–µ–º —...

You may provide a definition with
\DeclareUnicodeCharacter 


! Package inputenc Error: Unicode character –µ (U+0435)
(inputenc)                not set up for use with LaTeX.

See the inputenc package documentation for explanation.
Type  H <return>  for immediate help.
 ...                                              
                                                  
l.7 ...–Ω–µ –≤—ã–ø–æ–ª–Ω–µ–Ω–æ —É—Å–ª–æ–≤–∏–µ –ª–µ
                                                  –º–º—ã. –í—ã–±–µ—Ä–µ–º —Å—...

You may provide a definition with
\DeclareUnicodeCharacter 


! Package inputenc Error: Unicode character –º (U+043C)
(inputenc)                not set up for use with LaTeX.

See the inputenc package documentation for explanation.
Type  H <return>  for immediate help.
 ...                                              
                                                  
l.7 ...–µ –≤—ã–ø–æ–ª–Ω–µ–Ω–æ —É—Å–ª–æ–≤–∏–µ –ª–µ–º
                                                  –º—ã. –í—ã–±–µ—Ä–µ–º —Å—Ä–...

You may provide a definition with
\DeclareUnicodeCharacter 


! Package inputenc Error: Unicode character –º (U+043C)
(inputenc)                not set up for use with LaTeX.

See the inputenc package documentation for explanation.
Type  H <return>  for immediate help.
 ...                                              
                                                  
l.7 ... –≤—ã–ø–æ–ª–Ω–µ–Ω–æ —É—Å–ª–æ–≤–∏–µ –ª–µ–º–º
                                                  —ã. –í—ã–±–µ—Ä–µ–º —Å—Ä–µ–...

You may provide a definition with
\DeclareUnicodeCharacter 


! Package inputenc Error: Unicode character —ã (U+044B)
(inputenc)                not set up for use with LaTeX.

See the inputenc package documentation for explanation.
Type  H <return>  for immediate help.
 ...                                              
                                                  
l.7 ...≤—ã–ø–æ–ª–Ω–µ–Ω–æ —É—Å–ª–æ–≤–∏–µ –ª–µ–º–º—ã
                                                  . –í—ã–±–µ—Ä–µ–º —Å—Ä–µ–¥–...

You may provide a definition with
\DeclareUnicodeCharacter 

Missing character: There is no . in font nullfont!

! Package inputenc Error: Unicode character –í (U+0412)
(inputenc)                not set up for use with LaTeX.

See the inputenc package documentation for explanation.
Type  H <return>  for immediate help.
 ...                                              
                                                  
l.7 ...ø–æ–ª–Ω–µ–Ω–æ —É—Å–ª–æ–≤–∏–µ –ª–µ–º–º—ã. –í
                                                  —ã–±–µ—Ä–µ–º —Å—Ä–µ–¥–∏ —Ç...

You may provide a definition with
\DeclareUnicodeCharacter 


! Package inputenc Error: Unicode character —ã (U+044B)
(inputenc)                not set up for use with LaTeX.

See the inputenc package documentation for explanation.
Type  H <return>  for immediate help.
 ...                                              
                                                  
l.7 ...æ–ª–Ω–µ–Ω–æ —É—Å–ª–æ–≤–∏–µ –ª–µ–º–º—ã. –í—ã
                                                  –±–µ—Ä–µ–º —Å—Ä–µ–¥–∏ —Ç–∞...

You may provide a definition with
\DeclareUnicodeCharacter 


! Package inputenc Error: Unicode character –± (U+0431)
(inputenc)                not set up for use with LaTeX.

See the inputenc package documentation for explanation.
Type  H <return>  for immediate help.
 ...                                              
                                                  
l.7 ...ª–Ω–µ–Ω–æ —É—Å–ª–æ–≤–∏–µ –ª–µ–º–º—ã. –í—ã–±
                                                  –µ—Ä–µ–º —Å—Ä–µ–¥–∏ —Ç–∞–∫...

You may provide a definition with
\DeclareUnicodeCharacter 


! Package inputenc Error: Unicode character –µ (U+0435)
(inputenc)                not set up for use with LaTeX.

See the inputenc package documentation for explanation.
Type  H <return>  for immediate help.
 ...                                              
                                                  
l.7 ...Ω–µ–Ω–æ —É—Å–ª–æ–≤–∏–µ –ª–µ–º–º—ã. –í—ã–±–µ
                                                  —Ä–µ–º —Å—Ä–µ–¥–∏ —Ç–∞–∫–∏...

You may provide a definition with
\DeclareUnicodeCharacter 


! Package inputenc Error: Unicode character —Ä (U+0440)
(inputenc)                not set up for use with LaTeX.

See the inputenc package documentation for explanation.
Type  H <return>  for immediate help.
 ...                                              
                                                  
l.7 ...µ–Ω–æ —É—Å–ª–æ–≤–∏–µ –ª–µ–º–º—ã. –í—ã–±–µ—Ä
                                                  –µ–º —Å—Ä–µ–¥–∏ —Ç–∞–∫–∏—Ö...

You may provide a definition with
\DeclareUnicodeCharacter 


! Package inputenc Error: Unicode character –µ (U+0435)
(inputenc)                not set up for use with LaTeX.

See the inputenc package documentation for explanation.
Type  H <return>  for immediate help.
 ...                                              
                                                  
l.7 ...Ω–æ —É—Å–ª–æ–≤–∏–µ –ª–µ–º–º—ã. –í—ã–±–µ—Ä–µ
                                                  –º —Å—Ä–µ–¥–∏ —Ç–∞–∫–∏—Ö –...

You may provide a definition with
\DeclareUnicodeCharacter 


! Package inputenc Error: Unicode character –º (U+043C)
(inputenc)                not set up for use with LaTeX.

See the inputenc package documentation for explanation.
Type  H <return>  for immediate help.
 ...                                              
                                                  
l.7 ...æ —É—Å–ª–æ–≤–∏–µ –ª–µ–º–º—ã. –í—ã–±–µ—Ä–µ–º
                                                   —Å—Ä–µ–¥–∏ —Ç–∞–∫–∏—Ö –º–...

You may provide a definition with
\DeclareUnicodeCharacter 


! Package inputenc Error: Unicode character —Å (U+0441)
(inputenc)                not set up for use with LaTeX.

See the inputenc package documentation for explanation.
Type  H <return>  for immediate help.
 ...                                              
                                                  
l.7 ...É—Å–ª–æ–≤–∏–µ –ª–µ–º–º—ã. –í—ã–±–µ—Ä–µ–º —Å
                                                  —Ä–µ–¥–∏ —Ç–∞–∫–∏—Ö –º–∞–∫...

You may provide a definition with
\DeclareUnicodeCharacter 


! Package inputenc Error: Unicode character —Ä (U+0440)
(inputenc)                not set up for use with LaTeX.

See the inputenc package documentation for explanation.
Type  H <return>  for immediate help.
 ...                                              
                                                  
l.7 ...Å–ª–æ–≤–∏–µ –ª–µ–º–º—ã. –í—ã–±–µ—Ä–µ–º —Å—Ä
                                                  –µ–¥–∏ —Ç–∞–∫–∏—Ö –º–∞–∫—Å...

You may provide a definition with
\DeclareUnicodeCharacter 


! Package inputenc Error: Unicode character –µ (U+0435)
(inputenc)                not set up for use with LaTeX.

See the inputenc package documentation for explanation.
Type  H <return>  for immediate help.
 ...                                              
                                                  
l.7 ...ª–æ–≤–∏–µ –ª–µ–º–º—ã. –í—ã–±–µ—Ä–µ–º —Å—Ä–µ
                                                  –¥–∏ —Ç–∞–∫–∏—Ö –º–∞–∫—Å–∏...

You may provide a definition with
\DeclareUnicodeCharacter 


! Package inputenc Error: Unicode character –¥ (U+0434)
(inputenc)                not set up for use with LaTeX.

See the inputenc package documentation for explanation.
Type  H <return>  for immediate help.
 ...                                              
                                                  
l.7 ...æ–≤–∏–µ –ª–µ–º–º—ã. –í—ã–±–µ—Ä–µ–º —Å—Ä–µ–¥
                                                  –∏ —Ç–∞–∫–∏—Ö –º–∞–∫—Å–∏–º...

You may provide a definition with
\DeclareUnicodeCharacter 


! Package inputenc Error: Unicode character –∏ (U+0438)
(inputenc)                not set up for use with LaTeX.

See the inputenc package documentation for explanation.
Type  H <return>  for immediate help.
 ...                                              
                                                  
l.7 ...≤–∏–µ –ª–µ–º–º—ã. –í—ã–±–µ—Ä–µ–º —Å—Ä–µ–¥–∏
                                                   —Ç–∞–∫–∏—Ö –º–∞–∫—Å–∏–º–∞...

You may provide a definition with
\DeclareUnicodeCharacter 


! Package inputenc Error: Unicode character —Ç (U+0442)
(inputenc)                not set up for use with LaTeX.

See the inputenc package documentation for explanation.
Type  H <return>  for immediate help.
 ...                                              
                                                  
l.7 ...–µ –ª–µ–º–º—ã. –í—ã–±–µ—Ä–µ–º —Å—Ä–µ–¥–∏ —Ç
                                                  –∞–∫–∏—Ö –º–∞–∫—Å–∏–º–∞–ª—...

You may provide a definition with
\DeclareUnicodeCharacter 


! Package inputenc Error: Unicode character –∞ (U+0430)
(inputenc)                not set up for use with LaTeX.

See the inputenc package documentation for explanation.
Type  H <return>  for immediate help.
 ...                                              
                                                  
l.7 ... –ª–µ–º–º—ã. –í—ã–±–µ—Ä–µ–º —Å—Ä–µ–¥–∏ —Ç–∞
                                                  –∫–∏—Ö –º–∞–∫—Å–∏–º–∞–ª—å–...

You may provide a definition with
\DeclareUnicodeCharacter 


! Package inputenc Error: Unicode character –∫ (U+043A)
(inputenc)                not set up for use with LaTeX.

See the inputenc package documentation for explanation.
Type  H <return>  for immediate help.
 ...                                              
                                                  
l.7 ...ª–µ–º–º—ã. –í—ã–±–µ—Ä–µ–º —Å—Ä–µ–¥–∏ —Ç–∞–∫
                                                  –∏—Ö –º–∞–∫—Å–∏–º–∞–ª—å–Ω—...

You may provide a definition with
\DeclareUnicodeCharacter 


! Package inputenc Error: Unicode character –∏ (U+0438)
(inputenc)                not set up for use with LaTeX.

See the inputenc package documentation for explanation.
Type  H <return>  for immediate help.
 ...                                              
                                                  
l.7 ...µ–º–º—ã. –í—ã–±–µ—Ä–µ–º —Å—Ä–µ–¥–∏ —Ç–∞–∫–∏
                                                  —Ö –º–∞–∫—Å–∏–º–∞–ª—å–Ω—ã–...

You may provide a definition with
\DeclareUnicodeCharacter 


! Package inputenc Error: Unicode character —Ö (U+0445)
(inputenc)                not set up for use with LaTeX.

See the inputenc package documentation for explanation.
Type  H <return>  for immediate help.
 ...                                              
                                                  
l.7 ...º–º—ã. –í—ã–±–µ—Ä–µ–º —Å—Ä–µ–¥–∏ —Ç–∞–∫–∏—Ö
                                                   –º–∞–∫—Å–∏–º–∞–ª—å–Ω—ã–π ...

You may provide a definition with
\DeclareUnicodeCharacter 


! Package inputenc Error: Unicode character –º (U+043C)
(inputenc)                not set up for use with LaTeX.

See the inputenc package documentation for explanation.
Type  H <return>  for immediate help.
 ...                                              
                                                  
l.7 ...—ã. –í—ã–±–µ—Ä–µ–º —Å—Ä–µ–¥–∏ —Ç–∞–∫–∏—Ö –º
                                                  –∞–∫—Å–∏–º–∞–ª—å–Ω—ã–π (–º...

You may provide a definition with
\DeclareUnicodeCharacter 


! Package inputenc Error: Unicode character –∞ (U+0430)
(inputenc)                not set up for use with LaTeX.

See the inputenc package documentation for explanation.
Type  H <return>  for immediate help.
 ...                                              
                                                  
l.7 .... –í—ã–±–µ—Ä–µ–º —Å—Ä–µ–¥–∏ —Ç–∞–∫–∏—Ö –º–∞
                                                  –∫—Å–∏–º–∞–ª—å–Ω—ã–π (–º—ã...

You may provide a definition with
\DeclareUnicodeCharacter 


! Package inputenc Error: Unicode character –∫ (U+043A)
(inputenc)                not set up for use with LaTeX.

See the inputenc package documentation for explanation.
Type  H <return>  for immediate help.
 ...                                              
                                                  
l.7 ...–í—ã–±–µ—Ä–µ–º —Å—Ä–µ–¥–∏ —Ç–∞–∫–∏—Ö –º–∞–∫
                                                  —Å–∏–º–∞–ª—å–Ω—ã–π (–º—ã –...

You may provide a definition with
\DeclareUnicodeCharacter 


! Package inputenc Error: Unicode character —Å (U+0441)
(inputenc)                not set up for use with LaTeX.

See the inputenc package documentation for explanation.
Type  H <return>  for immediate help.
 ...                                              
                                                  
l.7 ...—ã–±–µ—Ä–µ–º —Å—Ä–µ–¥–∏ —Ç–∞–∫–∏—Ö –º–∞–∫—Å
                                                  –∏–º–∞–ª—å–Ω—ã–π (–º—ã –º–...
(That makes 100 errors; please try again.) 
Here is how much of TeX's memory you used:
 53 strings out of 480608
 1210 string characters out of 5903630
 239610 words of memory out of 5000000
 16043 multiletter control sequences out of 15000+600000
 532338 words of font info for 24 fonts, out of 8000000 for 9000
 1141 hyphenation exceptions out of 8191
 18i,2n,15p,694b,63s stack positions out of 5000i,500n,10000p,200000b,80000s

!  ==> Fatal error occurred, no output PDF file produced!
