This is pdfTeX, Version 3.14159265-2.6-1.40.21 (TeX Live 2020) (preloaded format=pdflatex 2021.3.10)  16 JAN 2024 20:42
entering extended mode
 restricted \write18 enabled.
 %&-line parsing enabled.
**"/Users/user/Documents/GitHub/Algebraic-geometry-compendium/Tex abstract/src/
lectures/4/files/lecture 17.11.2023.tex"

(/Users/user/Documents/GitHub/Algebraic-geometry-compendium/Tex abstract/src/le
ctures/4/files/lecture 17.11.2023.tex
LaTeX2e <2020-02-02> patch level 5
L3 programming layer <2020-03-06>
! Undefined control sequence.
l.2 \subsection
               {–ì–µ–æ–º–µ—Ç—Ä–∏—è —á–∏—Å–µ–ª}
The control sequence at the end of the top line
of your error message was never \def'ed. If you have
misspelled it (e.g., `\hobx'), type `I' and the correct
spelling (e.g., `I\hbox'). Otherwise just continue,
and I'll forget about whatever was undefined.


! Package inputenc Error: Unicode character –ì (U+0413)
(inputenc)                not set up for use with LaTeX.

See the inputenc package documentation for explanation.
Type  H <return>  for immediate help.
 ...                                              
                                                  
l.2 \subsection{–ì
                  –µ–æ–º–µ—Ç—Ä–∏—è —á–∏—Å–µ–ª}
You may provide a definition with
\DeclareUnicodeCharacter 


! Package inputenc Error: Unicode character –µ (U+0435)
(inputenc)                not set up for use with LaTeX.

See the inputenc package documentation for explanation.
Type  H <return>  for immediate help.
 ...                                              
                                                  
l.2 \subsection{–ì–µ
                    –æ–º–µ—Ç—Ä–∏—è —á–∏—Å–µ–ª}
You may provide a definition with
\DeclareUnicodeCharacter 


! Package inputenc Error: Unicode character –æ (U+043E)
(inputenc)                not set up for use with LaTeX.

See the inputenc package documentation for explanation.
Type  H <return>  for immediate help.
 ...                                              
                                                  
l.2 \subsection{–ì–µ–æ
                      –º–µ—Ç—Ä–∏—è —á–∏—Å–µ–ª}
You may provide a definition with
\DeclareUnicodeCharacter 


! Package inputenc Error: Unicode character –º (U+043C)
(inputenc)                not set up for use with LaTeX.

See the inputenc package documentation for explanation.
Type  H <return>  for immediate help.
 ...                                              
                                                  
l.2 \subsection{–ì–µ–æ–º
                        –µ—Ç—Ä–∏—è —á–∏—Å–µ–ª}
You may provide a definition with
\DeclareUnicodeCharacter 


! Package inputenc Error: Unicode character –µ (U+0435)
(inputenc)                not set up for use with LaTeX.

See the inputenc package documentation for explanation.
Type  H <return>  for immediate help.
 ...                                              
                                                  
l.2 \subsection{–ì–µ–æ–º–µ
                          —Ç—Ä–∏—è —á–∏—Å–µ–ª}
You may provide a definition with
\DeclareUnicodeCharacter 


! Package inputenc Error: Unicode character —Ç (U+0442)
(inputenc)                not set up for use with LaTeX.

See the inputenc package documentation for explanation.
Type  H <return>  for immediate help.
 ...                                              
                                                  
l.2 \subsection{–ì–µ–æ–º–µ—Ç
                            —Ä–∏—è —á–∏—Å–µ–ª}
You may provide a definition with
\DeclareUnicodeCharacter 


! Package inputenc Error: Unicode character —Ä (U+0440)
(inputenc)                not set up for use with LaTeX.

See the inputenc package documentation for explanation.
Type  H <return>  for immediate help.
 ...                                              
                                                  
l.2 \subsection{–ì–µ–æ–º–µ—Ç—Ä
                              –∏—è —á–∏—Å–µ–ª}
You may provide a definition with
\DeclareUnicodeCharacter 


! Package inputenc Error: Unicode character –∏ (U+0438)
(inputenc)                not set up for use with LaTeX.

See the inputenc package documentation for explanation.
Type  H <return>  for immediate help.
 ...                                              
                                                  
l.2 \subsection{–ì–µ–æ–º–µ—Ç—Ä–∏
                                —è —á–∏—Å–µ–ª}
You may provide a definition with
\DeclareUnicodeCharacter 


! Package inputenc Error: Unicode character —è (U+044F)
(inputenc)                not set up for use with LaTeX.

See the inputenc package documentation for explanation.
Type  H <return>  for immediate help.
 ...                                              
                                                  
l.2 \subsection{–ì–µ–æ–º–µ—Ç—Ä–∏—è
                                   —á–∏—Å–µ–ª}
You may provide a definition with
\DeclareUnicodeCharacter 


! Package inputenc Error: Unicode character —á (U+0447)
(inputenc)                not set up for use with LaTeX.

See the inputenc package documentation for explanation.
Type  H <return>  for immediate help.
 ...                                              
                                                  
l.2 \subsection{–ì–µ–æ–º–µ—Ç—Ä–∏—è —á
                                     –∏—Å–µ–ª}
You may provide a definition with
\DeclareUnicodeCharacter 


! Package inputenc Error: Unicode character –∏ (U+0438)
(inputenc)                not set up for use with LaTeX.

See the inputenc package documentation for explanation.
Type  H <return>  for immediate help.
 ...                                              
                                                  
l.2 \subsection{–ì–µ–æ–º–µ—Ç—Ä–∏—è —á–∏
                                       —Å–µ–ª}
You may provide a definition with
\DeclareUnicodeCharacter 


! Package inputenc Error: Unicode character —Å (U+0441)
(inputenc)                not set up for use with LaTeX.

See the inputenc package documentation for explanation.
Type  H <return>  for immediate help.
 ...                                              
                                                  
l.2 \subsection{–ì–µ–æ–º–µ—Ç—Ä–∏—è —á–∏—Å
                                         –µ–ª}
You may provide a definition with
\DeclareUnicodeCharacter 


! Package inputenc Error: Unicode character –µ (U+0435)
(inputenc)                not set up for use with LaTeX.

See the inputenc package documentation for explanation.
Type  H <return>  for immediate help.
 ...                                              
                                                  
l.2 \subsection{–ì–µ–æ–º–µ—Ç—Ä–∏—è —á–∏—Å–µ
                                           –ª}
You may provide a definition with
\DeclareUnicodeCharacter 


! Package inputenc Error: Unicode character –ª (U+043B)
(inputenc)                not set up for use with LaTeX.

See the inputenc package documentation for explanation.
Type  H <return>  for immediate help.
 ...                                              
                                                  
l.2 \subsection{–ì–µ–æ–º–µ—Ç—Ä–∏—è —á–∏—Å–µ–ª
                                             }
You may provide a definition with
\DeclareUnicodeCharacter 


! Package inputenc Error: Unicode character –† (U+0420)
(inputenc)                not set up for use with LaTeX.

See the inputenc package documentation for explanation.
Type  H <return>  for immediate help.
 ...                                              
                                                  
l.4 	–†
       –∞—Å—Å–º–æ—Ç—Ä–∏–º –µ–≤–∫–ª–∏–¥–æ–≤–æ –ø—Ä–æ—Å—Ç—Ä–∞–Ω—Å—Ç–≤–æ $\R^n$...

You may provide a definition with
\DeclareUnicodeCharacter 


! Package inputenc Error: Unicode character –∞ (U+0430)
(inputenc)                not set up for use with LaTeX.

See the inputenc package documentation for explanation.
Type  H <return>  for immediate help.
 ...                                              
                                                  
l.4 	–†–∞
         —Å—Å–º–æ—Ç—Ä–∏–º –µ–≤–∫–ª–∏–¥–æ–≤–æ –ø—Ä–æ—Å—Ç—Ä–∞–Ω—Å—Ç–≤–æ $\R^n$...

You may provide a definition with
\DeclareUnicodeCharacter 


! Package inputenc Error: Unicode character —Å (U+0441)
(inputenc)                not set up for use with LaTeX.

See the inputenc package documentation for explanation.
Type  H <return>  for immediate help.
 ...                                              
                                                  
l.4 	–†–∞—Å
           —Å–º–æ—Ç—Ä–∏–º –µ–≤–∫–ª–∏–¥–æ–≤–æ –ø—Ä–æ—Å—Ç—Ä–∞–Ω—Å—Ç–≤–æ $\R^n$...

You may provide a definition with
\DeclareUnicodeCharacter 


! Package inputenc Error: Unicode character —Å (U+0441)
(inputenc)                not set up for use with LaTeX.

See the inputenc package documentation for explanation.
Type  H <return>  for immediate help.
 ...                                              
                                                  
l.4 	–†–∞—Å—Å
             –º–æ—Ç—Ä–∏–º –µ–≤–∫–ª–∏–¥–æ–≤–æ –ø—Ä–æ—Å—Ç—Ä–∞–Ω—Å—Ç–≤–æ $\R^n$...

You may provide a definition with
\DeclareUnicodeCharacter 


! Package inputenc Error: Unicode character –º (U+043C)
(inputenc)                not set up for use with LaTeX.

See the inputenc package documentation for explanation.
Type  H <return>  for immediate help.
 ...                                              
                                                  
l.4 	–†–∞—Å—Å–º
               –æ—Ç—Ä–∏–º –µ–≤–∫–ª–∏–¥–æ–≤–æ –ø—Ä–æ—Å—Ç—Ä–∞–Ω—Å—Ç–≤–æ $\R^n$...

You may provide a definition with
\DeclareUnicodeCharacter 


! Package inputenc Error: Unicode character –æ (U+043E)
(inputenc)                not set up for use with LaTeX.

See the inputenc package documentation for explanation.
Type  H <return>  for immediate help.
 ...                                              
                                                  
l.4 	–†–∞—Å—Å–º–æ
                 —Ç—Ä–∏–º –µ–≤–∫–ª–∏–¥–æ–≤–æ –ø—Ä–æ—Å—Ç—Ä–∞–Ω—Å—Ç–≤–æ $\R^n$...

You may provide a definition with
\DeclareUnicodeCharacter 


! Package inputenc Error: Unicode character —Ç (U+0442)
(inputenc)                not set up for use with LaTeX.

See the inputenc package documentation for explanation.
Type  H <return>  for immediate help.
 ...                                              
                                                  
l.4 	–†–∞—Å—Å–º–æ—Ç
                   —Ä–∏–º –µ–≤–∫–ª–∏–¥–æ–≤–æ –ø—Ä–æ—Å—Ç—Ä–∞–Ω—Å—Ç–≤–æ $\R^n$...

You may provide a definition with
\DeclareUnicodeCharacter 


! Package inputenc Error: Unicode character —Ä (U+0440)
(inputenc)                not set up for use with LaTeX.

See the inputenc package documentation for explanation.
Type  H <return>  for immediate help.
 ...                                              
                                                  
l.4 	–†–∞—Å—Å–º–æ—Ç—Ä
                     –∏–º –µ–≤–∫–ª–∏–¥–æ–≤–æ –ø—Ä–æ—Å—Ç—Ä–∞–Ω—Å—Ç–≤–æ $\R^n$...

You may provide a definition with
\DeclareUnicodeCharacter 


! Package inputenc Error: Unicode character –∏ (U+0438)
(inputenc)                not set up for use with LaTeX.

See the inputenc package documentation for explanation.
Type  H <return>  for immediate help.
 ...                                              
                                                  
l.4 	–†–∞—Å—Å–º–æ—Ç—Ä–∏
                       –º –µ–≤–∫–ª–∏–¥–æ–≤–æ –ø—Ä–æ—Å—Ç—Ä–∞–Ω—Å—Ç–≤–æ $\R^n$...

You may provide a definition with
\DeclareUnicodeCharacter 


! Package inputenc Error: Unicode character –º (U+043C)
(inputenc)                not set up for use with LaTeX.

See the inputenc package documentation for explanation.
Type  H <return>  for immediate help.
 ...                                              
                                                  
l.4 	–†–∞—Å—Å–º–æ—Ç—Ä–∏–º
                          –µ–≤–∫–ª–∏–¥–æ–≤–æ –ø—Ä–æ—Å—Ç—Ä–∞–Ω—Å—Ç–≤–æ $\R^n$...

You may provide a definition with
\DeclareUnicodeCharacter 


! Package inputenc Error: Unicode character –µ (U+0435)
(inputenc)                not set up for use with LaTeX.

See the inputenc package documentation for explanation.
Type  H <return>  for immediate help.
 ...                                              
                                                  
l.4 	–†–∞—Å—Å–º–æ—Ç—Ä–∏–º –µ
                            –≤–∫–ª–∏–¥–æ–≤–æ –ø—Ä–æ—Å—Ç—Ä–∞–Ω—Å—Ç–≤–æ $\R^n$...

You may provide a definition with
\DeclareUnicodeCharacter 


! Package inputenc Error: Unicode character –≤ (U+0432)
(inputenc)                not set up for use with LaTeX.

See the inputenc package documentation for explanation.
Type  H <return>  for immediate help.
 ...                                              
                                                  
l.4 	–†–∞—Å—Å–º–æ—Ç—Ä–∏–º –µ–≤
                              –∫–ª–∏–¥–æ–≤–æ –ø—Ä–æ—Å—Ç—Ä–∞–Ω—Å—Ç–≤–æ $\R^n$...

You may provide a definition with
\DeclareUnicodeCharacter 


! Package inputenc Error: Unicode character –∫ (U+043A)
(inputenc)                not set up for use with LaTeX.

See the inputenc package documentation for explanation.
Type  H <return>  for immediate help.
 ...                                              
                                                  
l.4 	–†–∞—Å—Å–º–æ—Ç—Ä–∏–º –µ–≤–∫
                                –ª–∏–¥–æ–≤–æ –ø—Ä–æ—Å—Ç—Ä–∞–Ω—Å—Ç–≤–æ $\R^n$...

You may provide a definition with
\DeclareUnicodeCharacter 


! Package inputenc Error: Unicode character –ª (U+043B)
(inputenc)                not set up for use with LaTeX.

See the inputenc package documentation for explanation.
Type  H <return>  for immediate help.
 ...                                              
                                                  
l.4 	–†–∞—Å—Å–º–æ—Ç—Ä–∏–º –µ–≤–∫–ª
                                  –∏–¥–æ–≤–æ –ø—Ä–æ—Å—Ç—Ä–∞–Ω—Å—Ç–≤–æ $\R^n$...

You may provide a definition with
\DeclareUnicodeCharacter 


! Package inputenc Error: Unicode character –∏ (U+0438)
(inputenc)                not set up for use with LaTeX.

See the inputenc package documentation for explanation.
Type  H <return>  for immediate help.
 ...                                              
                                                  
l.4 	–†–∞—Å—Å–º–æ—Ç—Ä–∏–º –µ–≤–∫–ª–∏
                                    –¥–æ–≤–æ –ø—Ä–æ—Å—Ç—Ä–∞–Ω—Å—Ç–≤–æ $\R^n$...

You may provide a definition with
\DeclareUnicodeCharacter 


! Package inputenc Error: Unicode character –¥ (U+0434)
(inputenc)                not set up for use with LaTeX.

See the inputenc package documentation for explanation.
Type  H <return>  for immediate help.
 ...                                              
                                                  
l.4 	–†–∞—Å—Å–º–æ—Ç—Ä–∏–º –µ–≤–∫–ª–∏–¥
                                      –æ–≤–æ –ø—Ä–æ—Å—Ç—Ä–∞–Ω—Å—Ç–≤–æ $\R^n$...

You may provide a definition with
\DeclareUnicodeCharacter 


! Package inputenc Error: Unicode character –æ (U+043E)
(inputenc)                not set up for use with LaTeX.

See the inputenc package documentation for explanation.
Type  H <return>  for immediate help.
 ...                                              
                                                  
l.4 	–†–∞—Å—Å–º–æ—Ç—Ä–∏–º –µ–≤–∫–ª–∏–¥–æ
                                        –≤–æ –ø—Ä–æ—Å—Ç—Ä–∞–Ω—Å—Ç–≤–æ $\R^n$...

You may provide a definition with
\DeclareUnicodeCharacter 


! Package inputenc Error: Unicode character –≤ (U+0432)
(inputenc)                not set up for use with LaTeX.

See the inputenc package documentation for explanation.
Type  H <return>  for immediate help.
 ...                                              
                                                  
l.4 	–†–∞—Å—Å–º–æ—Ç—Ä–∏–º –µ–≤–∫–ª–∏–¥–æ–≤
                                          –æ –ø—Ä–æ—Å—Ç—Ä–∞–Ω—Å—Ç–≤–æ $\R^n$...

You may provide a definition with
\DeclareUnicodeCharacter 


! Package inputenc Error: Unicode character –æ (U+043E)
(inputenc)                not set up for use with LaTeX.

See the inputenc package documentation for explanation.
Type  H <return>  for immediate help.
 ...                                              
                                                  
l.4 	–†–∞—Å—Å–º–æ—Ç—Ä–∏–º –µ–≤–∫–ª–∏–¥–æ–≤–æ
                                             –ø—Ä–æ—Å—Ç—Ä–∞–Ω—Å—Ç–≤–æ $\R^n$...

You may provide a definition with
\DeclareUnicodeCharacter 


! Package inputenc Error: Unicode character –ø (U+043F)
(inputenc)                not set up for use with LaTeX.

See the inputenc package documentation for explanation.
Type  H <return>  for immediate help.
 ...                                              
                                                  
l.4 	–†–∞—Å—Å–º–æ—Ç—Ä–∏–º –µ–≤–∫–ª–∏–¥–æ–≤–æ –ø
                                               —Ä–æ—Å—Ç—Ä–∞–Ω—Å—Ç–≤–æ $\R^n$...

You may provide a definition with
\DeclareUnicodeCharacter 


! Package inputenc Error: Unicode character —Ä (U+0440)
(inputenc)                not set up for use with LaTeX.

See the inputenc package documentation for explanation.
Type  H <return>  for immediate help.
 ...                                              
                                                  
l.4 	–†–∞—Å—Å–º–æ—Ç—Ä–∏–º –µ–≤–∫–ª–∏–¥–æ–≤–æ –ø—Ä
                                                 –æ—Å—Ç—Ä–∞–Ω—Å—Ç–≤–æ $\R^n$...

You may provide a definition with
\DeclareUnicodeCharacter 


! Package inputenc Error: Unicode character –æ (U+043E)
(inputenc)                not set up for use with LaTeX.

See the inputenc package documentation for explanation.
Type  H <return>  for immediate help.
 ...                                              
                                                  
l.4 ...∞—Å—Å–º–æ—Ç—Ä–∏–º –µ–≤–∫–ª–∏–¥–æ–≤–æ –ø—Ä–æ
                                                  —Å—Ç—Ä–∞–Ω—Å—Ç–≤–æ $\R^n$,...

You may provide a definition with
\DeclareUnicodeCharacter 


! Package inputenc Error: Unicode character —Å (U+0441)
(inputenc)                not set up for use with LaTeX.

See the inputenc package documentation for explanation.
Type  H <return>  for immediate help.
 ...                                              
                                                  
l.4 ...Å—Å–º–æ—Ç—Ä–∏–º –µ–≤–∫–ª–∏–¥–æ–≤–æ –ø—Ä–æ—Å
                                                  —Ç—Ä–∞–Ω—Å—Ç–≤–æ $\R^n$, –...

You may provide a definition with
\DeclareUnicodeCharacter 


! Package inputenc Error: Unicode character —Ç (U+0442)
(inputenc)                not set up for use with LaTeX.

See the inputenc package documentation for explanation.
Type  H <return>  for immediate help.
 ...                                              
                                                  
l.4 ...Å–º–æ—Ç—Ä–∏–º –µ–≤–∫–ª–∏–¥–æ–≤–æ –ø—Ä–æ—Å—Ç
                                                  —Ä–∞–Ω—Å—Ç–≤–æ $\R^n$, –≤—...

You may provide a definition with
\DeclareUnicodeCharacter 


! Package inputenc Error: Unicode character —Ä (U+0440)
(inputenc)                not set up for use with LaTeX.

See the inputenc package documentation for explanation.
Type  H <return>  for immediate help.
 ...                                              
                                                  
l.4 ...º–æ—Ç—Ä–∏–º –µ–≤–∫–ª–∏–¥–æ–≤–æ –ø—Ä–æ—Å—Ç—Ä
                                                  –∞–Ω—Å—Ç–≤–æ $\R^n$, –≤—ã–...

You may provide a definition with
\DeclareUnicodeCharacter 


! Package inputenc Error: Unicode character –∞ (U+0430)
(inputenc)                not set up for use with LaTeX.

See the inputenc package documentation for explanation.
Type  H <return>  for immediate help.
 ...                                              
                                                  
l.4 ...æ—Ç—Ä–∏–º –µ–≤–∫–ª–∏–¥–æ–≤–æ –ø—Ä–æ—Å—Ç—Ä–∞
                                                  –Ω—Å—Ç–≤–æ $\R^n$, –≤—ã–±–...

You may provide a definition with
\DeclareUnicodeCharacter 


! Package inputenc Error: Unicode character –Ω (U+043D)
(inputenc)                not set up for use with LaTeX.

See the inputenc package documentation for explanation.
Type  H <return>  for immediate help.
 ...                                              
                                                  
l.4 ...Ç—Ä–∏–º –µ–≤–∫–ª–∏–¥–æ–≤–æ –ø—Ä–æ—Å—Ç—Ä–∞–Ω
                                                  —Å—Ç–≤–æ $\R^n$, –≤—ã–±–µ—...

You may provide a definition with
\DeclareUnicodeCharacter 


! Package inputenc Error: Unicode character —Å (U+0441)
(inputenc)                not set up for use with LaTeX.

See the inputenc package documentation for explanation.
Type  H <return>  for immediate help.
 ...                                              
                                                  
l.4 ...Ä–∏–º –µ–≤–∫–ª–∏–¥–æ–≤–æ –ø—Ä–æ—Å—Ç—Ä–∞–Ω—Å
                                                  —Ç–≤–æ $\R^n$, –≤—ã–±–µ—Ä–...

You may provide a definition with
\DeclareUnicodeCharacter 


! Package inputenc Error: Unicode character —Ç (U+0442)
(inputenc)                not set up for use with LaTeX.

See the inputenc package documentation for explanation.
Type  H <return>  for immediate help.
 ...                                              
                                                  
l.4 ...∏–º –µ–≤–∫–ª–∏–¥–æ–≤–æ –ø—Ä–æ—Å—Ç—Ä–∞–Ω—Å—Ç
                                                  –≤–æ $\R^n$, –≤—ã–±–µ—Ä–µ–...

You may provide a definition with
\DeclareUnicodeCharacter 


! Package inputenc Error: Unicode character –≤ (U+0432)
(inputenc)                not set up for use with LaTeX.

See the inputenc package documentation for explanation.
Type  H <return>  for immediate help.
 ...                                              
                                                  
l.4 ...º –µ–≤–∫–ª–∏–¥–æ–≤–æ –ø—Ä–æ—Å—Ç—Ä–∞–Ω—Å—Ç–≤
                                                  –æ $\R^n$, –≤—ã–±–µ—Ä–µ–º ...

You may provide a definition with
\DeclareUnicodeCharacter 


! Package inputenc Error: Unicode character –æ (U+043E)
(inputenc)                not set up for use with LaTeX.

See the inputenc package documentation for explanation.
Type  H <return>  for immediate help.
 ...                                              
                                                  
l.4 ...–µ–≤–∫–ª–∏–¥–æ–≤–æ –ø—Ä–æ—Å—Ç—Ä–∞–Ω—Å—Ç–≤–æ
                                                   $\R^n$, –≤—ã–±–µ—Ä–µ–º –≤...

You may provide a definition with
\DeclareUnicodeCharacter 


! LaTeX Error: Missing \begin{document}.

See the LaTeX manual or LaTeX Companion for explanation.
Type  H <return>  for immediate help.
 ...                                              
                                                  
l.4 ...–≤–∫–ª–∏–¥–æ–≤–æ –ø—Ä–æ—Å—Ç—Ä–∞–Ω—Å—Ç–≤–æ $
                                                  \R^n$, –≤—ã–±–µ—Ä–µ–º –≤ –...

You're in trouble here.  Try typing  <return>  to proceed.
If that doesn't work, type  X <return>  to quit.

LaTeX Font Info:    External font `cmex10' loaded for size
(Font)              <7> on input line 4.
LaTeX Font Info:    External font `cmex10' loaded for size
(Font)              <5> on input line 4.
! Undefined control sequence.
<recently read> \R 
                   
l.4 ...–∫–ª–∏–¥–æ–≤–æ –ø—Ä–æ—Å—Ç—Ä–∞–Ω—Å—Ç–≤–æ $\R
                                                  ^n$, –≤—ã–±–µ—Ä–µ–º –≤ –Ω—...
The control sequence at the end of the top line
of your error message was never \def'ed. If you have
misspelled it (e.g., `\hobx'), type `I' and the correct
spelling (e.g., `I\hbox'). Otherwise just continue,
and I'll forget about whatever was undefined.

Missing character: There is no , in font nullfont!

! Package inputenc Error: Unicode character –≤ (U+0432)
(inputenc)                not set up for use with LaTeX.

See the inputenc package documentation for explanation.
Type  H <return>  for immediate help.
 ...                                              
                                                  
l.4 ...¥–æ–≤–æ –ø—Ä–æ—Å—Ç—Ä–∞–Ω—Å—Ç–≤–æ $\R^n$, –≤
                                                  —ã–±–µ—Ä–µ–º –≤ –Ω—ë–º –Ω–...

You may provide a definition with
\DeclareUnicodeCharacter 


! Package inputenc Error: Unicode character —ã (U+044B)
(inputenc)                not set up for use with LaTeX.

See the inputenc package documentation for explanation.
Type  H <return>  for immediate help.
 ...                                              
                                                  
l.4 ...æ–≤–æ –ø—Ä–æ—Å—Ç—Ä–∞–Ω—Å—Ç–≤–æ $\R^n$, –≤—ã
                                                  –±–µ—Ä–µ–º –≤ –Ω—ë–º –Ω–∞–...

You may provide a definition with
\DeclareUnicodeCharacter 


! Package inputenc Error: Unicode character –± (U+0431)
(inputenc)                not set up for use with LaTeX.

See the inputenc package documentation for explanation.
Type  H <return>  for immediate help.
 ...                                              
                                                  
l.4 ...≤–æ –ø—Ä–æ—Å—Ç—Ä–∞–Ω—Å—Ç–≤–æ $\R^n$, –≤—ã–±
                                                  –µ—Ä–µ–º –≤ –Ω—ë–º –Ω–∞–±–...

You may provide a definition with
\DeclareUnicodeCharacter 


! Package inputenc Error: Unicode character –µ (U+0435)
(inputenc)                not set up for use with LaTeX.

See the inputenc package documentation for explanation.
Type  H <return>  for immediate help.
 ...                                              
                                                  
l.4 ...æ –ø—Ä–æ—Å—Ç—Ä–∞–Ω—Å—Ç–≤–æ $\R^n$, –≤—ã–±–µ
                                                  —Ä–µ–º –≤ –Ω—ë–º –Ω–∞–±–æ—...

You may provide a definition with
\DeclareUnicodeCharacter 


! Package inputenc Error: Unicode character —Ä (U+0440)
(inputenc)                not set up for use with LaTeX.

See the inputenc package documentation for explanation.
Type  H <return>  for immediate help.
 ...                                              
                                                  
l.4 ...–ø—Ä–æ—Å—Ç—Ä–∞–Ω—Å—Ç–≤–æ $\R^n$, –≤—ã–±–µ—Ä
                                                  –µ–º –≤ –Ω—ë–º –Ω–∞–±–æ—Ä ...

You may provide a definition with
\DeclareUnicodeCharacter 


! Package inputenc Error: Unicode character –µ (U+0435)
(inputenc)                not set up for use with LaTeX.

See the inputenc package documentation for explanation.
Type  H <return>  for immediate help.
 ...                                              
                                                  
l.4 ...—Ä–æ—Å—Ç—Ä–∞–Ω—Å—Ç–≤–æ $\R^n$, –≤—ã–±–µ—Ä–µ
                                                  –º –≤ –Ω—ë–º –Ω–∞–±–æ—Ä –∏...

You may provide a definition with
\DeclareUnicodeCharacter 


! Package inputenc Error: Unicode character –º (U+043C)
(inputenc)                not set up for use with LaTeX.

See the inputenc package documentation for explanation.
Type  H <return>  for immediate help.
 ...                                              
                                                  
l.4 ...–æ—Å—Ç—Ä–∞–Ω—Å—Ç–≤–æ $\R^n$, –≤—ã–±–µ—Ä–µ–º
                                                   –≤ –Ω—ë–º –Ω–∞–±–æ—Ä –∏–∑...

You may provide a definition with
\DeclareUnicodeCharacter 


! Package inputenc Error: Unicode character –≤ (U+0432)
(inputenc)                not set up for use with LaTeX.

See the inputenc package documentation for explanation.
Type  H <return>  for immediate help.
 ...                                              
                                                  
l.4 ...Å—Ç—Ä–∞–Ω—Å—Ç–≤–æ $\R^n$, –≤—ã–±–µ—Ä–µ–º –≤
                                                   –Ω—ë–º –Ω–∞–±–æ—Ä –∏–∑ $k...

You may provide a definition with
\DeclareUnicodeCharacter 


! Package inputenc Error: Unicode character –Ω (U+043D)
(inputenc)                not set up for use with LaTeX.

See the inputenc package documentation for explanation.
Type  H <return>  for immediate help.
 ...                                              
                                                  
l.4 ...—Ä–∞–Ω—Å—Ç–≤–æ $\R^n$, –≤—ã–±–µ—Ä–µ–º –≤ –Ω
                                                  —ë–º –Ω–∞–±–æ—Ä –∏–∑ $k$ –...

You may provide a definition with
\DeclareUnicodeCharacter 


! Package inputenc Error: Unicode character —ë (U+0451)
(inputenc)                not set up for use with LaTeX.

See the inputenc package documentation for explanation.
Type  H <return>  for immediate help.
 ...                                              
                                                  
l.4 ...–∞–Ω—Å—Ç–≤–æ $\R^n$, –≤—ã–±–µ—Ä–µ–º –≤ –Ω—ë
                                                  –º –Ω–∞–±–æ—Ä –∏–∑ $k$ –ª–...

You may provide a definition with
\DeclareUnicodeCharacter 


! Package inputenc Error: Unicode character –º (U+043C)
(inputenc)                not set up for use with LaTeX.

See the inputenc package documentation for explanation.
Type  H <return>  for immediate help.
 ...                                              
                                                  
l.4 ...–Ω—Å—Ç–≤–æ $\R^n$, –≤—ã–±–µ—Ä–µ–º –≤ –Ω—ë–º
                                                   –Ω–∞–±–æ—Ä –∏–∑ $k$ –ª–∏–...

You may provide a definition with
\DeclareUnicodeCharacter 


! Package inputenc Error: Unicode character –Ω (U+043D)
(inputenc)                not set up for use with LaTeX.

See the inputenc package documentation for explanation.
Type  H <return>  for immediate help.
 ...                                              
                                                  
l.4 ...Å—Ç–≤–æ $\R^n$, –≤—ã–±–µ—Ä–µ–º –≤ –Ω—ë–º –Ω
                                                  –∞–±–æ—Ä –∏–∑ $k$ –ª–∏–Ω–µ...

You may provide a definition with
\DeclareUnicodeCharacter 


! Package inputenc Error: Unicode character –∞ (U+0430)
(inputenc)                not set up for use with LaTeX.

See the inputenc package documentation for explanation.
Type  H <return>  for immediate help.
 ...                                              
                                                  
l.4 ...Ç–≤–æ $\R^n$, –≤—ã–±–µ—Ä–µ–º –≤ –Ω—ë–º –Ω–∞
                                                  –±–æ—Ä –∏–∑ $k$ –ª–∏–Ω–µ–π...

You may provide a definition with
\DeclareUnicodeCharacter 


! Package inputenc Error: Unicode character –± (U+0431)
(inputenc)                not set up for use with LaTeX.

See the inputenc package documentation for explanation.
Type  H <return>  for immediate help.
 ...                                              
                                                  
l.4 ...≤–æ $\R^n$, –≤—ã–±–µ—Ä–µ–º –≤ –Ω—ë–º –Ω–∞–±
                                                  –æ—Ä –∏–∑ $k$ –ª–∏–Ω–µ–π–Ω...

You may provide a definition with
\DeclareUnicodeCharacter 


! Package inputenc Error: Unicode character –æ (U+043E)
(inputenc)                not set up for use with LaTeX.

See the inputenc package documentation for explanation.
Type  H <return>  for immediate help.
 ...                                              
                                                  
l.4 ...æ $\R^n$, –≤—ã–±–µ—Ä–µ–º –≤ –Ω—ë–º –Ω–∞–±–æ
                                                  —Ä –∏–∑ $k$ –ª–∏–Ω–µ–π–Ω–æ...

You may provide a definition with
\DeclareUnicodeCharacter 


! Package inputenc Error: Unicode character —Ä (U+0440)
(inputenc)                not set up for use with LaTeX.

See the inputenc package documentation for explanation.
Type  H <return>  for immediate help.
 ...                                              
                                                  
l.4 ...$\R^n$, –≤—ã–±–µ—Ä–µ–º –≤ –Ω—ë–º –Ω–∞–±–æ—Ä
                                                   –∏–∑ $k$ –ª–∏–Ω–µ–π–Ω–æ –...

You may provide a definition with
\DeclareUnicodeCharacter 


! Package inputenc Error: Unicode character –∏ (U+0438)
(inputenc)                not set up for use with LaTeX.

See the inputenc package documentation for explanation.
Type  H <return>  for immediate help.
 ...                                              
                                                  
l.4 ...^n$, –≤—ã–±–µ—Ä–µ–º –≤ –Ω—ë–º –Ω–∞–±–æ—Ä –∏
                                                  –∑ $k$ –ª–∏–Ω–µ–π–Ω–æ –Ω–µ...

You may provide a definition with
\DeclareUnicodeCharacter 


! Package inputenc Error: Unicode character –∑ (U+0437)
(inputenc)                not set up for use with LaTeX.

See the inputenc package documentation for explanation.
Type  H <return>  for immediate help.
 ...                                              
                                                  
l.4 ...$, –≤—ã–±–µ—Ä–µ–º –≤ –Ω—ë–º –Ω–∞–±–æ—Ä –∏–∑
                                                   $k$ –ª–∏–Ω–µ–π–Ω–æ –Ω–µ–∑...

You may provide a definition with
\DeclareUnicodeCharacter 


! Package inputenc Error: Unicode character –ª (U+043B)
(inputenc)                not set up for use with LaTeX.

See the inputenc package documentation for explanation.
Type  H <return>  for immediate help.
 ...                                              
                                                  
l.4 ...–±–µ—Ä–µ–º –≤ –Ω—ë–º –Ω–∞–±–æ—Ä –∏–∑ $k$ –ª
                                                  –∏–Ω–µ–π–Ω–æ –Ω–µ–∑–∞–≤–∏—...

You may provide a definition with
\DeclareUnicodeCharacter 


! Package inputenc Error: Unicode character –∏ (U+0438)
(inputenc)                not set up for use with LaTeX.

See the inputenc package documentation for explanation.
Type  H <return>  for immediate help.
 ...                                              
                                                  
l.4 ...–µ—Ä–µ–º –≤ –Ω—ë–º –Ω–∞–±–æ—Ä –∏–∑ $k$ –ª–∏
                                                  –Ω–µ–π–Ω–æ –Ω–µ–∑–∞–≤–∏—Å–...

You may provide a definition with
\DeclareUnicodeCharacter 


! Package inputenc Error: Unicode character –Ω (U+043D)
(inputenc)                not set up for use with LaTeX.

See the inputenc package documentation for explanation.
Type  H <return>  for immediate help.
 ...                                              
                                                  
l.4 ...—Ä–µ–º –≤ –Ω—ë–º –Ω–∞–±–æ—Ä –∏–∑ $k$ –ª–∏–Ω
                                                  –µ–π–Ω–æ –Ω–µ–∑–∞–≤–∏—Å–∏–...

You may provide a definition with
\DeclareUnicodeCharacter 


! Package inputenc Error: Unicode character –µ (U+0435)
(inputenc)                not set up for use with LaTeX.

See the inputenc package documentation for explanation.
Type  H <return>  for immediate help.
 ...                                              
                                                  
l.4 ...–µ–º –≤ –Ω—ë–º –Ω–∞–±–æ—Ä –∏–∑ $k$ –ª–∏–Ω–µ
                                                  –π–Ω–æ –Ω–µ–∑–∞–≤–∏—Å–∏–º—...

You may provide a definition with
\DeclareUnicodeCharacter 


! Package inputenc Error: Unicode character –π (U+0439)
(inputenc)                not set up for use with LaTeX.

See the inputenc package documentation for explanation.
Type  H <return>  for immediate help.
 ...                                              
                                                  
l.4 ...–º –≤ –Ω—ë–º –Ω–∞–±–æ—Ä –∏–∑ $k$ –ª–∏–Ω–µ–π
                                                  –Ω–æ –Ω–µ–∑–∞–≤–∏—Å–∏–º—ã—...

You may provide a definition with
\DeclareUnicodeCharacter 


! Package inputenc Error: Unicode character –Ω (U+043D)
(inputenc)                not set up for use with LaTeX.

See the inputenc package documentation for explanation.
Type  H <return>  for immediate help.
 ...                                              
                                                  
l.4 ... –≤ –Ω—ë–º –Ω–∞–±–æ—Ä –∏–∑ $k$ –ª–∏–Ω–µ–π–Ω
                                                  –æ –Ω–µ–∑–∞–≤–∏—Å–∏–º—ã—Ö ...

You may provide a definition with
\DeclareUnicodeCharacter 


! Package inputenc Error: Unicode character –æ (U+043E)
(inputenc)                not set up for use with LaTeX.

See the inputenc package documentation for explanation.
Type  H <return>  for immediate help.
 ...                                              
                                                  
l.4 ...≤ –Ω—ë–º –Ω–∞–±–æ—Ä –∏–∑ $k$ –ª–∏–Ω–µ–π–Ω–æ
                                                   –Ω–µ–∑–∞–≤–∏—Å–∏–º—ã—Ö –≤...

You may provide a definition with
\DeclareUnicodeCharacter 


! Package inputenc Error: Unicode character –Ω (U+043D)
(inputenc)                not set up for use with LaTeX.

See the inputenc package documentation for explanation.
Type  H <return>  for immediate help.
 ...                                              
                                                  
l.4 ...Ω—ë–º –Ω–∞–±–æ—Ä –∏–∑ $k$ –ª–∏–Ω–µ–π–Ω–æ –Ω
                                                  –µ–∑–∞–≤–∏—Å–∏–º—ã—Ö –≤–µ–...

You may provide a definition with
\DeclareUnicodeCharacter 


! Package inputenc Error: Unicode character –µ (U+0435)
(inputenc)                not set up for use with LaTeX.

See the inputenc package documentation for explanation.
Type  H <return>  for immediate help.
 ...                                              
                                                  
l.4 ...ë–º –Ω–∞–±–æ—Ä –∏–∑ $k$ –ª–∏–Ω–µ–π–Ω–æ –Ω–µ
                                                  –∑–∞–≤–∏—Å–∏–º—ã—Ö –≤–µ–∫—...

You may provide a definition with
\DeclareUnicodeCharacter 


! Package inputenc Error: Unicode character –∑ (U+0437)
(inputenc)                not set up for use with LaTeX.

See the inputenc package documentation for explanation.
Type  H <return>  for immediate help.
 ...                                              
                                                  
l.4 ...º –Ω–∞–±–æ—Ä –∏–∑ $k$ –ª–∏–Ω–µ–π–Ω–æ –Ω–µ–∑
                                                  –∞–≤–∏—Å–∏–º—ã—Ö –≤–µ–∫—Ç–...

You may provide a definition with
\DeclareUnicodeCharacter 


! Package inputenc Error: Unicode character –∞ (U+0430)
(inputenc)                not set up for use with LaTeX.

See the inputenc package documentation for explanation.
Type  H <return>  for immediate help.
 ...                                              
                                                  
l.4 ...–Ω–∞–±–æ—Ä –∏–∑ $k$ –ª–∏–Ω–µ–π–Ω–æ –Ω–µ–∑–∞
                                                  –≤–∏—Å–∏–º—ã—Ö –≤–µ–∫—Ç–æ—...

You may provide a definition with
\DeclareUnicodeCharacter 


! Package inputenc Error: Unicode character –≤ (U+0432)
(inputenc)                not set up for use with LaTeX.

See the inputenc package documentation for explanation.
Type  H <return>  for immediate help.
 ...                                              
                                                  
l.4 ...–∞–±–æ—Ä –∏–∑ $k$ –ª–∏–Ω–µ–π–Ω–æ –Ω–µ–∑–∞–≤
                                                  –∏—Å–∏–º—ã—Ö –≤–µ–∫—Ç–æ—Ä–...

You may provide a definition with
\DeclareUnicodeCharacter 


! Package inputenc Error: Unicode character –∏ (U+0438)
(inputenc)                not set up for use with LaTeX.

See the inputenc package documentation for explanation.
Type  H <return>  for immediate help.
 ...                                              
                                                  
l.4 ...–±–æ—Ä –∏–∑ $k$ –ª–∏–Ω–µ–π–Ω–æ –Ω–µ–∑–∞–≤–∏
                                                  —Å–∏–º—ã—Ö –≤–µ–∫—Ç–æ—Ä–æ–...

You may provide a definition with
\DeclareUnicodeCharacter 


! Package inputenc Error: Unicode character —Å (U+0441)
(inputenc)                not set up for use with LaTeX.

See the inputenc package documentation for explanation.
Type  H <return>  for immediate help.
 ...                                              
                                                  
l.4 ...–æ—Ä –∏–∑ $k$ –ª–∏–Ω–µ–π–Ω–æ –Ω–µ–∑–∞–≤–∏—Å
                                                  –∏–º—ã—Ö –≤–µ–∫—Ç–æ—Ä–æ–≤ ...

You may provide a definition with
\DeclareUnicodeCharacter 


! Package inputenc Error: Unicode character –∏ (U+0438)
(inputenc)                not set up for use with LaTeX.

See the inputenc package documentation for explanation.
Type  H <return>  for immediate help.
 ...                                              
                                                  
l.4 ...—Ä –∏–∑ $k$ –ª–∏–Ω–µ–π–Ω–æ –Ω–µ–∑–∞–≤–∏—Å–∏
                                                  –º—ã—Ö –≤–µ–∫—Ç–æ—Ä–æ–≤ $e...

You may provide a definition with
\DeclareUnicodeCharacter 


! Package inputenc Error: Unicode character –º (U+043C)
(inputenc)                not set up for use with LaTeX.

See the inputenc package documentation for explanation.
Type  H <return>  for immediate help.
 ...                                              
                                                  
l.4 ... –∏–∑ $k$ –ª–∏–Ω–µ–π–Ω–æ –Ω–µ–∑–∞–≤–∏—Å–∏–º
                                                  —ã—Ö –≤–µ–∫—Ç–æ—Ä–æ–≤ $e_1...

You may provide a definition with
\DeclareUnicodeCharacter 


! Package inputenc Error: Unicode character —ã (U+044B)
(inputenc)                not set up for use with LaTeX.

See the inputenc package documentation for explanation.
Type  H <return>  for immediate help.
 ...                                              
                                                  
l.4 ...∏–∑ $k$ –ª–∏–Ω–µ–π–Ω–æ –Ω–µ–∑–∞–≤–∏—Å–∏–º—ã
                                                  —Ö –≤–µ–∫—Ç–æ—Ä–æ–≤ $e_1, ...

You may provide a definition with
\DeclareUnicodeCharacter 


! Package inputenc Error: Unicode character —Ö (U+0445)
(inputenc)                not set up for use with LaTeX.

See the inputenc package documentation for explanation.
Type  H <return>  for immediate help.
 ...                                              
                                                  
l.4 ...∑ $k$ –ª–∏–Ω–µ–π–Ω–æ –Ω–µ–∑–∞–≤–∏—Å–∏–º—ã—Ö
                                                   –≤–µ–∫—Ç–æ—Ä–æ–≤ $e_1, \l...

You may provide a definition with
\DeclareUnicodeCharacter 


! Package inputenc Error: Unicode character –≤ (U+0432)
(inputenc)                not set up for use with LaTeX.

See the inputenc package documentation for explanation.
Type  H <return>  for immediate help.
 ...                                              
                                                  
l.4 ...k$ –ª–∏–Ω–µ–π–Ω–æ –Ω–µ–∑–∞–≤–∏—Å–∏–º—ã—Ö –≤
                                                  –µ–∫—Ç–æ—Ä–æ–≤ $e_1, \ldot...

You may provide a definition with
\DeclareUnicodeCharacter 


! Package inputenc Error: Unicode character –µ (U+0435)
(inputenc)                not set up for use with LaTeX.

See the inputenc package documentation for explanation.
Type  H <return>  for immediate help.
 ...                                              
                                                  
l.4 ... –ª–∏–Ω–µ–π–Ω–æ –Ω–µ–∑–∞–≤–∏—Å–∏–º—ã—Ö –≤–µ
                                                  –∫—Ç–æ—Ä–æ–≤ $e_1, \ldots,...

You may provide a definition with
\DeclareUnicodeCharacter 


! Package inputenc Error: Unicode character –∫ (U+043A)
(inputenc)                not set up for use with LaTeX.

See the inputenc package documentation for explanation.
Type  H <return>  for immediate help.
 ...                                              
                                                  
l.4 ...ª–∏–Ω–µ–π–Ω–æ –Ω–µ–∑–∞–≤–∏—Å–∏–º—ã—Ö –≤–µ–∫
                                                  —Ç–æ—Ä–æ–≤ $e_1, \ldots, e...

You may provide a definition with
\DeclareUnicodeCharacter 


! Package inputenc Error: Unicode character —Ç (U+0442)
(inputenc)                not set up for use with LaTeX.

See the inputenc package documentation for explanation.
Type  H <return>  for immediate help.
 ...                                              
                                                  
l.4 ...∏–Ω–µ–π–Ω–æ –Ω–µ–∑–∞–≤–∏—Å–∏–º—ã—Ö –≤–µ–∫—Ç
                                                  –æ—Ä–æ–≤ $e_1, \ldots, e_k...

You may provide a definition with
\DeclareUnicodeCharacter 


! Package inputenc Error: Unicode character –æ (U+043E)
(inputenc)                not set up for use with LaTeX.

See the inputenc package documentation for explanation.
Type  H <return>  for immediate help.
 ...                                              
                                                  
l.4 ...Ω–µ–π–Ω–æ –Ω–µ–∑–∞–≤–∏—Å–∏–º—ã—Ö –≤–µ–∫—Ç–æ
                                                  —Ä–æ–≤ $e_1, \ldots, e_k$ ...

You may provide a definition with
\DeclareUnicodeCharacter 


! Package inputenc Error: Unicode character —Ä (U+0440)
(inputenc)                not set up for use with LaTeX.

See the inputenc package documentation for explanation.
Type  H <return>  for immediate help.
 ...                                              
                                                  
l.4 ...µ–π–Ω–æ –Ω–µ–∑–∞–≤–∏—Å–∏–º—ã—Ö –≤–µ–∫—Ç–æ—Ä
                                                  –æ–≤ $e_1, \ldots, e_k$ –∏...

You may provide a definition with
\DeclareUnicodeCharacter 


! Package inputenc Error: Unicode character –æ (U+043E)
(inputenc)                not set up for use with LaTeX.

See the inputenc package documentation for explanation.
Type  H <return>  for immediate help.
 ...                                              
                                                  
l.4 ...π–Ω–æ –Ω–µ–∑–∞–≤–∏—Å–∏–º—ã—Ö –≤–µ–∫—Ç–æ—Ä–æ
                                                  –≤ $e_1, \ldots, e_k$ –∏ —...

You may provide a definition with
\DeclareUnicodeCharacter 


! Package inputenc Error: Unicode character –≤ (U+0432)
(inputenc)                not set up for use with LaTeX.

See the inputenc package documentation for explanation.
Type  H <return>  for immediate help.
 ...                                              
                                                  
l.4 ...Ω–æ –Ω–µ–∑–∞–≤–∏—Å–∏–º—ã—Ö –≤–µ–∫—Ç–æ—Ä–æ–≤
                                                   $e_1, \ldots, e_k$ –∏ —Ä–...

You may provide a definition with
\DeclareUnicodeCharacter 


! Package inputenc Error: Unicode character –∏ (U+0438)
(inputenc)                not set up for use with LaTeX.

See the inputenc package documentation for explanation.
Type  H <return>  for immediate help.
 ...                                              
                                                  
l.4 ...—ã—Ö –≤–µ–∫—Ç–æ—Ä–æ–≤ $e_1, \ldots, e_k$ –∏
                                                   —Ä–∞—Å—Å–º–æ—Ç—Ä–∏–º –ø–æ...

You may provide a definition with
\DeclareUnicodeCharacter 


! Package inputenc Error: Unicode character —Ä (U+0440)
(inputenc)                not set up for use with LaTeX.

See the inputenc package documentation for explanation.
Type  H <return>  for immediate help.
 ...                                              
                                                  
l.4 ...Ö –≤–µ–∫—Ç–æ—Ä–æ–≤ $e_1, \ldots, e_k$ –∏ —Ä
                                                  –∞—Å—Å–º–æ—Ç—Ä–∏–º –ø–æ—Ä–...

You may provide a definition with
\DeclareUnicodeCharacter 


! Package inputenc Error: Unicode character –∞ (U+0430)
(inputenc)                not set up for use with LaTeX.

See the inputenc package documentation for explanation.
Type  H <return>  for immediate help.
 ...                                              
                                                  
l.4 ...–≤–µ–∫—Ç–æ—Ä–æ–≤ $e_1, \ldots, e_k$ –∏ —Ä–∞
                                                  —Å—Å–º–æ—Ç—Ä–∏–º –ø–æ—Ä–æ–...

You may provide a definition with
\DeclareUnicodeCharacter 


! Package inputenc Error: Unicode character —Å (U+0441)
(inputenc)                not set up for use with LaTeX.

See the inputenc package documentation for explanation.
Type  H <return>  for immediate help.
 ...                                              
                                                  
l.4 ...–µ–∫—Ç–æ—Ä–æ–≤ $e_1, \ldots, e_k$ –∏ —Ä–∞—Å
                                                  —Å–º–æ—Ç—Ä–∏–º –ø–æ—Ä–æ–∂–...

You may provide a definition with
\DeclareUnicodeCharacter 


! Package inputenc Error: Unicode character —Å (U+0441)
(inputenc)                not set up for use with LaTeX.

See the inputenc package documentation for explanation.
Type  H <return>  for immediate help.
 ...                                              
                                                  
l.4 ...–∫—Ç–æ—Ä–æ–≤ $e_1, \ldots, e_k$ –∏ —Ä–∞—Å—Å
                                                  –º–æ—Ç—Ä–∏–º –ø–æ—Ä–æ–∂–¥–...

You may provide a definition with
\DeclareUnicodeCharacter 


! Package inputenc Error: Unicode character –º (U+043C)
(inputenc)                not set up for use with LaTeX.

See the inputenc package documentation for explanation.
Type  H <return>  for immediate help.
 ...                                              
                                                  
l.4 ...—Ç–æ—Ä–æ–≤ $e_1, \ldots, e_k$ –∏ —Ä–∞—Å—Å–º
                                                  –æ—Ç—Ä–∏–º –ø–æ—Ä–æ–∂–¥–µ–...

You may provide a definition with
\DeclareUnicodeCharacter 


! Package inputenc Error: Unicode character –æ (U+043E)
(inputenc)                not set up for use with LaTeX.

See the inputenc package documentation for explanation.
Type  H <return>  for immediate help.
 ...                                              
                                                  
l.4 ...–æ—Ä–æ–≤ $e_1, \ldots, e_k$ –∏ —Ä–∞—Å—Å–º–æ
                                                  —Ç—Ä–∏–º –ø–æ—Ä–æ–∂–¥–µ–Ω–...

You may provide a definition with
\DeclareUnicodeCharacter 


! Package inputenc Error: Unicode character —Ç (U+0442)
(inputenc)                not set up for use with LaTeX.

See the inputenc package documentation for explanation.
Type  H <return>  for immediate help.
 ...                                              
                                                  
l.4 ...—Ä–æ–≤ $e_1, \ldots, e_k$ –∏ —Ä–∞—Å—Å–º–æ—Ç
                                                  —Ä–∏–º –ø–æ—Ä–æ–∂–¥–µ–Ω–Ω—...
(That makes 100 errors; please try again.) 
Here is how much of TeX's memory you used:
 45 strings out of 480608
 1170 string characters out of 5903630
 239610 words of memory out of 5000000
 16035 multiletter control sequences out of 15000+600000
 532338 words of font info for 24 fonts, out of 8000000 for 9000
 1141 hyphenation exceptions out of 8191
 18i,2n,15p,430b,56s stack positions out of 5000i,500n,10000p,200000b,80000s

!  ==> Fatal error occurred, no output PDF file produced!
