This is pdfTeX, Version 3.14159265-2.6-1.40.21 (TeX Live 2020) (preloaded format=pdflatex 2021.3.10)  11 JAN 2024 14:42
entering extended mode
 restricted \write18 enabled.
 %&-line parsing enabled.
**"/Users/user/Documents/GitHub/Algebraic-geometry-compendium/Tex abstract/src/
lectures/4/files/lecture 8.09.2023.tex"

(/Users/user/Documents/GitHub/Algebraic-geometry-compendium/Tex abstract/src/le
ctures/4/files/lecture 8.09.2023.tex
LaTeX2e <2020-02-02> patch level 5
L3 programming layer <2020-03-06>
! Undefined control sequence.
l.1 \subsection
               {–ê–ª–≥–µ–±—Ä–∞–∏—á–µ—Å–∫–∏–µ —á–∏—Å–ª–∞ –∏ —Ü–µ–ª—ã–µ –∞–ª–≥...
The control sequence at the end of the top line
of your error message was never \def'ed. If you have
misspelled it (e.g., `\hobx'), type `I' and the correct
spelling (e.g., `I\hbox'). Otherwise just continue,
and I'll forget about whatever was undefined.


! Package inputenc Error: Unicode character –ê (U+0410)
(inputenc)                not set up for use with LaTeX.

See the inputenc package documentation for explanation.
Type  H <return>  for immediate help.
 ...                                              
                                                  
l.1 \subsection{–ê
                  –ª–≥–µ–±—Ä–∞–∏—á–µ—Å–∫–∏–µ —á–∏—Å–ª–∞ –∏ —Ü–µ–ª—ã–µ –∞–ª–≥...

You may provide a definition with
\DeclareUnicodeCharacter 


! Package inputenc Error: Unicode character –ª (U+043B)
(inputenc)                not set up for use with LaTeX.

See the inputenc package documentation for explanation.
Type  H <return>  for immediate help.
 ...                                              
                                                  
l.1 \subsection{–ê–ª
                    –≥–µ–±—Ä–∞–∏—á–µ—Å–∫–∏–µ —á–∏—Å–ª–∞ –∏ —Ü–µ–ª—ã–µ –∞–ª–≥...

You may provide a definition with
\DeclareUnicodeCharacter 


! Package inputenc Error: Unicode character –≥ (U+0433)
(inputenc)                not set up for use with LaTeX.

See the inputenc package documentation for explanation.
Type  H <return>  for immediate help.
 ...                                              
                                                  
l.1 \subsection{–ê–ª–≥
                      –µ–±—Ä–∞–∏—á–µ—Å–∫–∏–µ —á–∏—Å–ª–∞ –∏ —Ü–µ–ª—ã–µ –∞–ª–≥...

You may provide a definition with
\DeclareUnicodeCharacter 


! Package inputenc Error: Unicode character –µ (U+0435)
(inputenc)                not set up for use with LaTeX.

See the inputenc package documentation for explanation.
Type  H <return>  for immediate help.
 ...                                              
                                                  
l.1 \subsection{–ê–ª–≥–µ
                        –±—Ä–∞–∏—á–µ—Å–∫–∏–µ —á–∏—Å–ª–∞ –∏ —Ü–µ–ª—ã–µ –∞–ª–≥...

You may provide a definition with
\DeclareUnicodeCharacter 


! Package inputenc Error: Unicode character –± (U+0431)
(inputenc)                not set up for use with LaTeX.

See the inputenc package documentation for explanation.
Type  H <return>  for immediate help.
 ...                                              
                                                  
l.1 \subsection{–ê–ª–≥–µ–±
                          —Ä–∞–∏—á–µ—Å–∫–∏–µ —á–∏—Å–ª–∞ –∏ —Ü–µ–ª—ã–µ –∞–ª–≥...

You may provide a definition with
\DeclareUnicodeCharacter 


! Package inputenc Error: Unicode character —Ä (U+0440)
(inputenc)                not set up for use with LaTeX.

See the inputenc package documentation for explanation.
Type  H <return>  for immediate help.
 ...                                              
                                                  
l.1 \subsection{–ê–ª–≥–µ–±—Ä
                            –∞–∏—á–µ—Å–∫–∏–µ —á–∏—Å–ª–∞ –∏ —Ü–µ–ª—ã–µ –∞–ª–≥...

You may provide a definition with
\DeclareUnicodeCharacter 


! Package inputenc Error: Unicode character –∞ (U+0430)
(inputenc)                not set up for use with LaTeX.

See the inputenc package documentation for explanation.
Type  H <return>  for immediate help.
 ...                                              
                                                  
l.1 \subsection{–ê–ª–≥–µ–±—Ä–∞
                              –∏—á–µ—Å–∫–∏–µ —á–∏—Å–ª–∞ –∏ —Ü–µ–ª—ã–µ –∞–ª–≥...

You may provide a definition with
\DeclareUnicodeCharacter 


! Package inputenc Error: Unicode character –∏ (U+0438)
(inputenc)                not set up for use with LaTeX.

See the inputenc package documentation for explanation.
Type  H <return>  for immediate help.
 ...                                              
                                                  
l.1 \subsection{–ê–ª–≥–µ–±—Ä–∞–∏
                                —á–µ—Å–∫–∏–µ —á–∏—Å–ª–∞ –∏ —Ü–µ–ª—ã–µ –∞–ª–≥...

You may provide a definition with
\DeclareUnicodeCharacter 


! Package inputenc Error: Unicode character —á (U+0447)
(inputenc)                not set up for use with LaTeX.

See the inputenc package documentation for explanation.
Type  H <return>  for immediate help.
 ...                                              
                                                  
l.1 \subsection{–ê–ª–≥–µ–±—Ä–∞–∏—á
                                  –µ—Å–∫–∏–µ —á–∏—Å–ª–∞ –∏ —Ü–µ–ª—ã–µ –∞–ª–≥...

You may provide a definition with
\DeclareUnicodeCharacter 


! Package inputenc Error: Unicode character –µ (U+0435)
(inputenc)                not set up for use with LaTeX.

See the inputenc package documentation for explanation.
Type  H <return>  for immediate help.
 ...                                              
                                                  
l.1 \subsection{–ê–ª–≥–µ–±—Ä–∞–∏—á–µ
                                    —Å–∫–∏–µ —á–∏—Å–ª–∞ –∏ —Ü–µ–ª—ã–µ –∞–ª–≥...

You may provide a definition with
\DeclareUnicodeCharacter 


! Package inputenc Error: Unicode character —Å (U+0441)
(inputenc)                not set up for use with LaTeX.

See the inputenc package documentation for explanation.
Type  H <return>  for immediate help.
 ...                                              
                                                  
l.1 \subsection{–ê–ª–≥–µ–±—Ä–∞–∏—á–µ—Å
                                      –∫–∏–µ —á–∏—Å–ª–∞ –∏ —Ü–µ–ª—ã–µ –∞–ª–≥...

You may provide a definition with
\DeclareUnicodeCharacter 


! Package inputenc Error: Unicode character –∫ (U+043A)
(inputenc)                not set up for use with LaTeX.

See the inputenc package documentation for explanation.
Type  H <return>  for immediate help.
 ...                                              
                                                  
l.1 \subsection{–ê–ª–≥–µ–±—Ä–∞–∏—á–µ—Å–∫
                                        –∏–µ —á–∏—Å–ª–∞ –∏ —Ü–µ–ª—ã–µ –∞–ª–≥...

You may provide a definition with
\DeclareUnicodeCharacter 


! Package inputenc Error: Unicode character –∏ (U+0438)
(inputenc)                not set up for use with LaTeX.

See the inputenc package documentation for explanation.
Type  H <return>  for immediate help.
 ...                                              
                                                  
l.1 \subsection{–ê–ª–≥–µ–±—Ä–∞–∏—á–µ—Å–∫–∏
                                          –µ —á–∏—Å–ª–∞ –∏ —Ü–µ–ª—ã–µ –∞–ª–≥...

You may provide a definition with
\DeclareUnicodeCharacter 


! Package inputenc Error: Unicode character –µ (U+0435)
(inputenc)                not set up for use with LaTeX.

See the inputenc package documentation for explanation.
Type  H <return>  for immediate help.
 ...                                              
                                                  
l.1 \subsection{–ê–ª–≥–µ–±—Ä–∞–∏—á–µ—Å–∫–∏–µ
                                             —á–∏—Å–ª–∞ –∏ —Ü–µ–ª—ã–µ –∞–ª–≥...

You may provide a definition with
\DeclareUnicodeCharacter 


! Package inputenc Error: Unicode character —á (U+0447)
(inputenc)                not set up for use with LaTeX.

See the inputenc package documentation for explanation.
Type  H <return>  for immediate help.
 ...                                              
                                                  
l.1 \subsection{–ê–ª–≥–µ–±—Ä–∞–∏—á–µ—Å–∫–∏–µ —á
                                               –∏—Å–ª–∞ –∏ —Ü–µ–ª—ã–µ –∞–ª–≥...

You may provide a definition with
\DeclareUnicodeCharacter 


! Package inputenc Error: Unicode character –∏ (U+0438)
(inputenc)                not set up for use with LaTeX.

See the inputenc package documentation for explanation.
Type  H <return>  for immediate help.
 ...                                              
                                                  
l.1 \subsection{–ê–ª–≥–µ–±—Ä–∞–∏—á–µ—Å–∫–∏–µ —á–∏
                                                 —Å–ª–∞ –∏ —Ü–µ–ª—ã–µ –∞–ª–≥...

You may provide a definition with
\DeclareUnicodeCharacter 


! Package inputenc Error: Unicode character —Å (U+0441)
(inputenc)                not set up for use with LaTeX.

See the inputenc package documentation for explanation.
Type  H <return>  for immediate help.
 ...                                              
                                                  
l.1 ...section{–ê–ª–≥–µ–±—Ä–∞–∏—á–µ—Å–∫–∏–µ —á–∏—Å
                                                  –ª–∞ –∏ —Ü–µ–ª—ã–µ –∞–ª–≥–...

You may provide a definition with
\DeclareUnicodeCharacter 


! Package inputenc Error: Unicode character –ª (U+043B)
(inputenc)                not set up for use with LaTeX.

See the inputenc package documentation for explanation.
Type  H <return>  for immediate help.
 ...                                              
                                                  
l.1 ...ction{–ê–ª–≥–µ–±—Ä–∞–∏—á–µ—Å–∫–∏–µ —á–∏—Å–ª
                                                  –∞ –∏ —Ü–µ–ª—ã–µ –∞–ª–≥–µ–...

You may provide a definition with
\DeclareUnicodeCharacter 


! Package inputenc Error: Unicode character –∞ (U+0430)
(inputenc)                not set up for use with LaTeX.

See the inputenc package documentation for explanation.
Type  H <return>  for immediate help.
 ...                                              
                                                  
l.1 ...ion{–ê–ª–≥–µ–±—Ä–∞–∏—á–µ—Å–∫–∏–µ —á–∏—Å–ª–∞
                                                   –∏ —Ü–µ–ª—ã–µ –∞–ª–≥–µ–±—...

You may provide a definition with
\DeclareUnicodeCharacter 


! Package inputenc Error: Unicode character –∏ (U+0438)
(inputenc)                not set up for use with LaTeX.

See the inputenc package documentation for explanation.
Type  H <return>  for immediate help.
 ...                                              
                                                  
l.1 ...{–ê–ª–≥–µ–±—Ä–∞–∏—á–µ—Å–∫–∏–µ —á–∏—Å–ª–∞ –∏
                                                   —Ü–µ–ª—ã–µ –∞–ª–≥–µ–±—Ä–∞...

You may provide a definition with
\DeclareUnicodeCharacter 


! Package inputenc Error: Unicode character —Ü (U+0446)
(inputenc)                not set up for use with LaTeX.

See the inputenc package documentation for explanation.
Type  H <return>  for immediate help.
 ...                                              
                                                  
l.1 ...–ª–≥–µ–±—Ä–∞–∏—á–µ—Å–∫–∏–µ —á–∏—Å–ª–∞ –∏ —Ü
                                                  –µ–ª—ã–µ –∞–ª–≥–µ–±—Ä–∞–∏—...

You may provide a definition with
\DeclareUnicodeCharacter 


! Package inputenc Error: Unicode character –µ (U+0435)
(inputenc)                not set up for use with LaTeX.

See the inputenc package documentation for explanation.
Type  H <return>  for immediate help.
 ...                                              
                                                  
l.1 ...–≥–µ–±—Ä–∞–∏—á–µ—Å–∫–∏–µ —á–∏—Å–ª–∞ –∏ —Ü–µ
                                                  –ª—ã–µ –∞–ª–≥–µ–±—Ä–∞–∏—á–...

You may provide a definition with
\DeclareUnicodeCharacter 


! Package inputenc Error: Unicode character –ª (U+043B)
(inputenc)                not set up for use with LaTeX.

See the inputenc package documentation for explanation.
Type  H <return>  for immediate help.
 ...                                              
                                                  
l.1 ...–µ–±—Ä–∞–∏—á–µ—Å–∫–∏–µ —á–∏—Å–ª–∞ –∏ —Ü–µ–ª
                                                  —ã–µ –∞–ª–≥–µ–±—Ä–∞–∏—á–µ—...

You may provide a definition with
\DeclareUnicodeCharacter 


! Package inputenc Error: Unicode character —ã (U+044B)
(inputenc)                not set up for use with LaTeX.

See the inputenc package documentation for explanation.
Type  H <return>  for immediate help.
 ...                                              
                                                  
l.1 ...–±—Ä–∞–∏—á–µ—Å–∫–∏–µ —á–∏—Å–ª–∞ –∏ —Ü–µ–ª—ã
                                                  –µ –∞–ª–≥–µ–±—Ä–∞–∏—á–µ—Å–...

You may provide a definition with
\DeclareUnicodeCharacter 


! Package inputenc Error: Unicode character –µ (U+0435)
(inputenc)                not set up for use with LaTeX.

See the inputenc package documentation for explanation.
Type  H <return>  for immediate help.
 ...                                              
                                                  
l.1 ...—Ä–∞–∏—á–µ—Å–∫–∏–µ —á–∏—Å–ª–∞ –∏ —Ü–µ–ª—ã–µ
                                                   –∞–ª–≥–µ–±—Ä–∞–∏—á–µ—Å–∫–...

You may provide a definition with
\DeclareUnicodeCharacter 


! Package inputenc Error: Unicode character –∞ (U+0430)
(inputenc)                not set up for use with LaTeX.

See the inputenc package documentation for explanation.
Type  H <return>  for immediate help.
 ...                                              
                                                  
l.1 ...∞–∏—á–µ—Å–∫–∏–µ —á–∏—Å–ª–∞ –∏ —Ü–µ–ª—ã–µ –∞
                                                  –ª–≥–µ–±—Ä–∞–∏—á–µ—Å–∫–∏–µ...

You may provide a definition with
\DeclareUnicodeCharacter 


! Package inputenc Error: Unicode character –ª (U+043B)
(inputenc)                not set up for use with LaTeX.

See the inputenc package documentation for explanation.
Type  H <return>  for immediate help.
 ...                                              
                                                  
l.1 ...∏—á–µ—Å–∫–∏–µ —á–∏—Å–ª–∞ –∏ —Ü–µ–ª—ã–µ –∞–ª
                                                  –≥–µ–±—Ä–∞–∏—á–µ—Å–∫–∏–µ —...

You may provide a definition with
\DeclareUnicodeCharacter 


! Package inputenc Error: Unicode character –≥ (U+0433)
(inputenc)                not set up for use with LaTeX.

See the inputenc package documentation for explanation.
Type  H <return>  for immediate help.
 ...                                              
                                                  
l.1 ...á–µ—Å–∫–∏–µ —á–∏—Å–ª–∞ –∏ —Ü–µ–ª—ã–µ –∞–ª–≥
                                                  –µ–±—Ä–∞–∏—á–µ—Å–∫–∏–µ —á–...

You may provide a definition with
\DeclareUnicodeCharacter 


! Package inputenc Error: Unicode character –µ (U+0435)
(inputenc)                not set up for use with LaTeX.

See the inputenc package documentation for explanation.
Type  H <return>  for immediate help.
 ...                                              
                                                  
l.1 ...µ—Å–∫–∏–µ —á–∏—Å–ª–∞ –∏ —Ü–µ–ª—ã–µ –∞–ª–≥–µ
                                                  –±—Ä–∞–∏—á–µ—Å–∫–∏–µ —á–∏—...

You may provide a definition with
\DeclareUnicodeCharacter 


! Package inputenc Error: Unicode character –± (U+0431)
(inputenc)                not set up for use with LaTeX.

See the inputenc package documentation for explanation.
Type  H <return>  for immediate help.
 ...                                              
                                                  
l.1 ...Å–∫–∏–µ —á–∏—Å–ª–∞ –∏ —Ü–µ–ª—ã–µ –∞–ª–≥–µ–±
                                                  —Ä–∞–∏—á–µ—Å–∫–∏–µ —á–∏—Å–...

You may provide a definition with
\DeclareUnicodeCharacter 


! Package inputenc Error: Unicode character —Ä (U+0440)
(inputenc)                not set up for use with LaTeX.

See the inputenc package documentation for explanation.
Type  H <return>  for immediate help.
 ...                                              
                                                  
l.1 ...∫–∏–µ —á–∏—Å–ª–∞ –∏ —Ü–µ–ª—ã–µ –∞–ª–≥–µ–±—Ä
                                                  –∞–∏—á–µ—Å–∫–∏–µ —á–∏—Å–ª–∞}
You may provide a definition with
\DeclareUnicodeCharacter 


! Package inputenc Error: Unicode character –∞ (U+0430)
(inputenc)                not set up for use with LaTeX.

See the inputenc package documentation for explanation.
Type  H <return>  for immediate help.
 ...                                              
                                                  
l.1 ...∏–µ —á–∏—Å–ª–∞ –∏ —Ü–µ–ª—ã–µ –∞–ª–≥–µ–±—Ä–∞
                                                  –∏—á–µ—Å–∫–∏–µ —á–∏—Å–ª–∞}
You may provide a definition with
\DeclareUnicodeCharacter 


! Package inputenc Error: Unicode character –∏ (U+0438)
(inputenc)                not set up for use with LaTeX.

See the inputenc package documentation for explanation.
Type  H <return>  for immediate help.
 ...                                              
                                                  
l.1 ...µ —á–∏—Å–ª–∞ –∏ —Ü–µ–ª—ã–µ –∞–ª–≥–µ–±—Ä–∞–∏
                                                  —á–µ—Å–∫–∏–µ —á–∏—Å–ª–∞}
You may provide a definition with
\DeclareUnicodeCharacter 


! Package inputenc Error: Unicode character —á (U+0447)
(inputenc)                not set up for use with LaTeX.

See the inputenc package documentation for explanation.
Type  H <return>  for immediate help.
 ...                                              
                                                  
l.1 ...—á–∏—Å–ª–∞ –∏ —Ü–µ–ª—ã–µ –∞–ª–≥–µ–±—Ä–∞–∏—á
                                                  –µ—Å–∫–∏–µ —á–∏—Å–ª–∞}
You may provide a definition with
\DeclareUnicodeCharacter 


! Package inputenc Error: Unicode character –µ (U+0435)
(inputenc)                not set up for use with LaTeX.

See the inputenc package documentation for explanation.
Type  H <return>  for immediate help.
 ...                                              
                                                  
l.1 ...–∏—Å–ª–∞ –∏ —Ü–µ–ª—ã–µ –∞–ª–≥–µ–±—Ä–∞–∏—á–µ
                                                  —Å–∫–∏–µ —á–∏—Å–ª–∞}
You may provide a definition with
\DeclareUnicodeCharacter 


! Package inputenc Error: Unicode character —Å (U+0441)
(inputenc)                not set up for use with LaTeX.

See the inputenc package documentation for explanation.
Type  H <return>  for immediate help.
 ...                                              
                                                  
l.1 ...—Å–ª–∞ –∏ —Ü–µ–ª—ã–µ –∞–ª–≥–µ–±—Ä–∞–∏—á–µ—Å
                                                  –∫–∏–µ —á–∏—Å–ª–∞}
You may provide a definition with
\DeclareUnicodeCharacter 


! Package inputenc Error: Unicode character –∫ (U+043A)
(inputenc)                not set up for use with LaTeX.

See the inputenc package documentation for explanation.
Type  H <return>  for immediate help.
 ...                                              
                                                  
l.1 ...–ª–∞ –∏ —Ü–µ–ª—ã–µ –∞–ª–≥–µ–±—Ä–∞–∏—á–µ—Å–∫
                                                  –∏–µ —á–∏—Å–ª–∞}
You may provide a definition with
\DeclareUnicodeCharacter 


! Package inputenc Error: Unicode character –∏ (U+0438)
(inputenc)                not set up for use with LaTeX.

See the inputenc package documentation for explanation.
Type  H <return>  for immediate help.
 ...                                              
                                                  
l.1 ...–∞ –∏ —Ü–µ–ª—ã–µ –∞–ª–≥–µ–±—Ä–∞–∏—á–µ—Å–∫–∏
                                                  –µ —á–∏—Å–ª–∞}
You may provide a definition with
\DeclareUnicodeCharacter 


! Package inputenc Error: Unicode character –µ (U+0435)
(inputenc)                not set up for use with LaTeX.

See the inputenc package documentation for explanation.
Type  H <return>  for immediate help.
 ...                                              
                                                  
l.1 ... –∏ —Ü–µ–ª—ã–µ –∞–ª–≥–µ–±—Ä–∞–∏—á–µ—Å–∫–∏–µ
                                                   —á–∏—Å–ª–∞}
You may provide a definition with
\DeclareUnicodeCharacter 


! Package inputenc Error: Unicode character —á (U+0447)
(inputenc)                not set up for use with LaTeX.

See the inputenc package documentation for explanation.
Type  H <return>  for immediate help.
 ...                                              
                                                  
l.1 ... —Ü–µ–ª—ã–µ –∞–ª–≥–µ–±—Ä–∞–∏—á–µ—Å–∫–∏–µ —á
                                                  –∏—Å–ª–∞}
You may provide a definition with
\DeclareUnicodeCharacter 


! Package inputenc Error: Unicode character –∏ (U+0438)
(inputenc)                not set up for use with LaTeX.

See the inputenc package documentation for explanation.
Type  H <return>  for immediate help.
 ...                                              
                                                  
l.1 ...Ü–µ–ª—ã–µ –∞–ª–≥–µ–±—Ä–∞–∏—á–µ—Å–∫–∏–µ —á–∏
                                                  —Å–ª–∞}
You may provide a definition with
\DeclareUnicodeCharacter 


! Package inputenc Error: Unicode character —Å (U+0441)
(inputenc)                not set up for use with LaTeX.

See the inputenc package documentation for explanation.
Type  H <return>  for immediate help.
 ...                                              
                                                  
l.1 ...µ–ª—ã–µ –∞–ª–≥–µ–±—Ä–∞–∏—á–µ—Å–∫–∏–µ —á–∏—Å
                                                  –ª–∞}
You may provide a definition with
\DeclareUnicodeCharacter 


! Package inputenc Error: Unicode character –ª (U+043B)
(inputenc)                not set up for use with LaTeX.

See the inputenc package documentation for explanation.
Type  H <return>  for immediate help.
 ...                                              
                                                  
l.1 ...ª—ã–µ –∞–ª–≥–µ–±—Ä–∞–∏—á–µ—Å–∫–∏–µ —á–∏—Å–ª
                                                  –∞}
You may provide a definition with
\DeclareUnicodeCharacter 


! Package inputenc Error: Unicode character –∞ (U+0430)
(inputenc)                not set up for use with LaTeX.

See the inputenc package documentation for explanation.
Type  H <return>  for immediate help.
 ...                                              
                                                  
l.1 ...ã–µ –∞–ª–≥–µ–±—Ä–∞–∏—á–µ—Å–∫–∏–µ —á–∏—Å–ª–∞
                                                  }
You may provide a definition with
\DeclareUnicodeCharacter 


! LaTeX Error: Environment definition undefined.

See the LaTeX manual or LaTeX Companion for explanation.
Type  H <return>  for immediate help.
 ...                                              
                                                  
l.3 	\begin{definition}
                       
Your command was ignored.
Type  I <command> <return>  to replace it with another command,
or  <return>  to continue without it.


! Package inputenc Error: Unicode character –ß (U+0427)
(inputenc)                not set up for use with LaTeX.

See the inputenc package documentation for explanation.
Type  H <return>  for immediate help.
 ...                                              
                                                  
l.4 		–ß
        –∏—Å–ª–æ $\alpha \in \C$ –Ω–∞–∑—ã–≤–∞–µ—Ç—Å—è \emph{–∞–ª–≥–µ–±—Ä–∞–∏...

You may provide a definition with
\DeclareUnicodeCharacter 


! Package inputenc Error: Unicode character –∏ (U+0438)
(inputenc)                not set up for use with LaTeX.

See the inputenc package documentation for explanation.
Type  H <return>  for immediate help.
 ...                                              
                                                  
l.4 		–ß–∏
          —Å–ª–æ $\alpha \in \C$ –Ω–∞–∑—ã–≤–∞–µ—Ç—Å—è \emph{–∞–ª–≥–µ–±—Ä–∞–∏...

You may provide a definition with
\DeclareUnicodeCharacter 


! Package inputenc Error: Unicode character —Å (U+0441)
(inputenc)                not set up for use with LaTeX.

See the inputenc package documentation for explanation.
Type  H <return>  for immediate help.
 ...                                              
                                                  
l.4 		–ß–∏—Å
            –ª–æ $\alpha \in \C$ –Ω–∞–∑—ã–≤–∞–µ—Ç—Å—è \emph{–∞–ª–≥–µ–±—Ä–∞–∏...

You may provide a definition with
\DeclareUnicodeCharacter 


! Package inputenc Error: Unicode character –ª (U+043B)
(inputenc)                not set up for use with LaTeX.

See the inputenc package documentation for explanation.
Type  H <return>  for immediate help.
 ...                                              
                                                  
l.4 		–ß–∏—Å–ª
              –æ $\alpha \in \C$ –Ω–∞–∑—ã–≤–∞–µ—Ç—Å—è \emph{–∞–ª–≥–µ–±—Ä–∞–∏...

You may provide a definition with
\DeclareUnicodeCharacter 


! Package inputenc Error: Unicode character –æ (U+043E)
(inputenc)                not set up for use with LaTeX.

See the inputenc package documentation for explanation.
Type  H <return>  for immediate help.
 ...                                              
                                                  
l.4 		–ß–∏—Å–ª–æ
                 $\alpha \in \C$ –Ω–∞–∑—ã–≤–∞–µ—Ç—Å—è \emph{–∞–ª–≥–µ–±—Ä–∞–∏...

You may provide a definition with
\DeclareUnicodeCharacter 


! LaTeX Error: Missing \begin{document}.

See the LaTeX manual or LaTeX Companion for explanation.
Type  H <return>  for immediate help.
 ...                                              
                                                  
l.4 		–ß–∏—Å–ª–æ $
                  \alpha \in \C$ –Ω–∞–∑—ã–≤–∞–µ—Ç—Å—è \emph{–∞–ª–≥–µ–±—Ä–∞–∏...

You're in trouble here.  Try typing  <return>  to proceed.
If that doesn't work, type  X <return>  to quit.

LaTeX Font Info:    External font `cmex10' loaded for size
(Font)              <7> on input line 4.
LaTeX Font Info:    External font `cmex10' loaded for size
(Font)              <5> on input line 4.
! Undefined control sequence.
l.4 		–ß–∏—Å–ª–æ $\alpha \in \C
                               $ –Ω–∞–∑—ã–≤–∞–µ—Ç—Å—è \emph{–∞–ª–≥–µ–±—Ä–∞–∏...
The control sequence at the end of the top line
of your error message was never \def'ed. If you have
misspelled it (e.g., `\hobx'), type `I' and the correct
spelling (e.g., `I\hbox'). Otherwise just continue,
and I'll forget about whatever was undefined.


! Package inputenc Error: Unicode character –Ω (U+043D)
(inputenc)                not set up for use with LaTeX.

See the inputenc package documentation for explanation.
Type  H <return>  for immediate help.
 ...                                              
                                                  
l.4 		–ß–∏—Å–ª–æ $\alpha \in \C$ –Ω
                                   –∞–∑—ã–≤–∞–µ—Ç—Å—è \emph{–∞–ª–≥–µ–±—Ä–∞–∏...

You may provide a definition with
\DeclareUnicodeCharacter 


! Package inputenc Error: Unicode character –∞ (U+0430)
(inputenc)                not set up for use with LaTeX.

See the inputenc package documentation for explanation.
Type  H <return>  for immediate help.
 ...                                              
                                                  
l.4 		–ß–∏—Å–ª–æ $\alpha \in \C$ –Ω–∞
                                     –∑—ã–≤–∞–µ—Ç—Å—è \emph{–∞–ª–≥–µ–±—Ä–∞–∏...

You may provide a definition with
\DeclareUnicodeCharacter 


! Package inputenc Error: Unicode character –∑ (U+0437)
(inputenc)                not set up for use with LaTeX.

See the inputenc package documentation for explanation.
Type  H <return>  for immediate help.
 ...                                              
                                                  
l.4 		–ß–∏—Å–ª–æ $\alpha \in \C$ –Ω–∞–∑
                                       —ã–≤–∞–µ—Ç—Å—è \emph{–∞–ª–≥–µ–±—Ä–∞–∏...

You may provide a definition with
\DeclareUnicodeCharacter 


! Package inputenc Error: Unicode character —ã (U+044B)
(inputenc)                not set up for use with LaTeX.

See the inputenc package documentation for explanation.
Type  H <return>  for immediate help.
 ...                                              
                                                  
l.4 		–ß–∏—Å–ª–æ $\alpha \in \C$ –Ω–∞–∑—ã
                                         –≤–∞–µ—Ç—Å—è \emph{–∞–ª–≥–µ–±—Ä–∞–∏...

You may provide a definition with
\DeclareUnicodeCharacter 


! Package inputenc Error: Unicode character –≤ (U+0432)
(inputenc)                not set up for use with LaTeX.

See the inputenc package documentation for explanation.
Type  H <return>  for immediate help.
 ...                                              
                                                  
l.4 		–ß–∏—Å–ª–æ $\alpha \in \C$ –Ω–∞–∑—ã–≤
                                           –∞–µ—Ç—Å—è \emph{–∞–ª–≥–µ–±—Ä–∞–∏...

You may provide a definition with
\DeclareUnicodeCharacter 


! Package inputenc Error: Unicode character –∞ (U+0430)
(inputenc)                not set up for use with LaTeX.

See the inputenc package documentation for explanation.
Type  H <return>  for immediate help.
 ...                                              
                                                  
l.4 		–ß–∏—Å–ª–æ $\alpha \in \C$ –Ω–∞–∑—ã–≤–∞
                                             –µ—Ç—Å—è \emph{–∞–ª–≥–µ–±—Ä–∞–∏...

You may provide a definition with
\DeclareUnicodeCharacter 


! Package inputenc Error: Unicode character –µ (U+0435)
(inputenc)                not set up for use with LaTeX.

See the inputenc package documentation for explanation.
Type  H <return>  for immediate help.
 ...                                              
                                                  
l.4 		–ß–∏—Å–ª–æ $\alpha \in \C$ –Ω–∞–∑—ã–≤–∞–µ
                                               —Ç—Å—è \emph{–∞–ª–≥–µ–±—Ä–∞–∏...

You may provide a definition with
\DeclareUnicodeCharacter 


! Package inputenc Error: Unicode character —Ç (U+0442)
(inputenc)                not set up for use with LaTeX.

See the inputenc package documentation for explanation.
Type  H <return>  for immediate help.
 ...                                              
                                                  
l.4 		–ß–∏—Å–ª–æ $\alpha \in \C$ –Ω–∞–∑—ã–≤–∞–µ—Ç
                                                 —Å—è \emph{–∞–ª–≥–µ–±—Ä–∞–∏...

You may provide a definition with
\DeclareUnicodeCharacter 


! Package inputenc Error: Unicode character —Å (U+0441)
(inputenc)                not set up for use with LaTeX.

See the inputenc package documentation for explanation.
Type  H <return>  for immediate help.
 ...                                              
                                                  
l.4 ...–∏—Å–ª–æ $\alpha \in \C$ –Ω–∞–∑—ã–≤–∞–µ—Ç—Å
                                                  —è \emph{–∞–ª–≥–µ–±—Ä–∞–∏—...

You may provide a definition with
\DeclareUnicodeCharacter 


! Package inputenc Error: Unicode character —è (U+044F)
(inputenc)                not set up for use with LaTeX.

See the inputenc package documentation for explanation.
Type  H <return>  for immediate help.
 ...                                              
                                                  
l.4 ...—Å–ª–æ $\alpha \in \C$ –Ω–∞–∑—ã–≤–∞–µ—Ç—Å—è
                                                   \emph{–∞–ª–≥–µ–±—Ä–∞–∏—á–...

You may provide a definition with
\DeclareUnicodeCharacter 


! Package inputenc Error: Unicode character –∞ (U+0430)
(inputenc)                not set up for use with LaTeX.

See the inputenc package documentation for explanation.
Type  H <return>  for immediate help.
 ...                                              
                                                  
l.4 ...µ—Ç—Å—è \emph{–∞–ª–≥–µ–±—Ä–∞–∏—á–µ—Å–∫–∏–º}
                                                  , –µ—Å–ª–∏ —Å—É—â–µ—Å—Ç–≤—...

You may provide a definition with
\DeclareUnicodeCharacter 


! Package inputenc Error: Unicode character –ª (U+043B)
(inputenc)                not set up for use with LaTeX.

See the inputenc package documentation for explanation.
Type  H <return>  for immediate help.
 ...                                              
                                                  
l.4 ...µ—Ç—Å—è \emph{–∞–ª–≥–µ–±—Ä–∞–∏—á–µ—Å–∫–∏–º}
                                                  , –µ—Å–ª–∏ —Å—É—â–µ—Å—Ç–≤—...

You may provide a definition with
\DeclareUnicodeCharacter 


! Package inputenc Error: Unicode character –≥ (U+0433)
(inputenc)                not set up for use with LaTeX.

See the inputenc package documentation for explanation.
Type  H <return>  for immediate help.
 ...                                              
                                                  
l.4 ...µ—Ç—Å—è \emph{–∞–ª–≥–µ–±—Ä–∞–∏—á–µ—Å–∫–∏–º}
                                                  , –µ—Å–ª–∏ —Å—É—â–µ—Å—Ç–≤—...

You may provide a definition with
\DeclareUnicodeCharacter 


! Package inputenc Error: Unicode character –µ (U+0435)
(inputenc)                not set up for use with LaTeX.

See the inputenc package documentation for explanation.
Type  H <return>  for immediate help.
 ...                                              
                                                  
l.4 ...µ—Ç—Å—è \emph{–∞–ª–≥–µ–±—Ä–∞–∏—á–µ—Å–∫–∏–º}
                                                  , –µ—Å–ª–∏ —Å—É—â–µ—Å—Ç–≤—...

You may provide a definition with
\DeclareUnicodeCharacter 


! Package inputenc Error: Unicode character –± (U+0431)
(inputenc)                not set up for use with LaTeX.

See the inputenc package documentation for explanation.
Type  H <return>  for immediate help.
 ...                                              
                                                  
l.4 ...µ—Ç—Å—è \emph{–∞–ª–≥–µ–±—Ä–∞–∏—á–µ—Å–∫–∏–º}
                                                  , –µ—Å–ª–∏ —Å—É—â–µ—Å—Ç–≤—...

You may provide a definition with
\DeclareUnicodeCharacter 


! Package inputenc Error: Unicode character —Ä (U+0440)
(inputenc)                not set up for use with LaTeX.

See the inputenc package documentation for explanation.
Type  H <return>  for immediate help.
 ...                                              
                                                  
l.4 ...µ—Ç—Å—è \emph{–∞–ª–≥–µ–±—Ä–∞–∏—á–µ—Å–∫–∏–º}
                                                  , –µ—Å–ª–∏ —Å—É—â–µ—Å—Ç–≤—...

You may provide a definition with
\DeclareUnicodeCharacter 


! Package inputenc Error: Unicode character –∞ (U+0430)
(inputenc)                not set up for use with LaTeX.

See the inputenc package documentation for explanation.
Type  H <return>  for immediate help.
 ...                                              
                                                  
l.4 ...µ—Ç—Å—è \emph{–∞–ª–≥–µ–±—Ä–∞–∏—á–µ—Å–∫–∏–º}
                                                  , –µ—Å–ª–∏ —Å—É—â–µ—Å—Ç–≤—...

You may provide a definition with
\DeclareUnicodeCharacter 


! Package inputenc Error: Unicode character –∏ (U+0438)
(inputenc)                not set up for use with LaTeX.

See the inputenc package documentation for explanation.
Type  H <return>  for immediate help.
 ...                                              
                                                  
l.4 ...µ—Ç—Å—è \emph{–∞–ª–≥–µ–±—Ä–∞–∏—á–µ—Å–∫–∏–º}
                                                  , –µ—Å–ª–∏ —Å—É—â–µ—Å—Ç–≤—...

You may provide a definition with
\DeclareUnicodeCharacter 


! Package inputenc Error: Unicode character —á (U+0447)
(inputenc)                not set up for use with LaTeX.

See the inputenc package documentation for explanation.
Type  H <return>  for immediate help.
 ...                                              
                                                  
l.4 ...µ—Ç—Å—è \emph{–∞–ª–≥–µ–±—Ä–∞–∏—á–µ—Å–∫–∏–º}
                                                  , –µ—Å–ª–∏ —Å—É—â–µ—Å—Ç–≤—...

You may provide a definition with
\DeclareUnicodeCharacter 


! Package inputenc Error: Unicode character –µ (U+0435)
(inputenc)                not set up for use with LaTeX.

See the inputenc package documentation for explanation.
Type  H <return>  for immediate help.
 ...                                              
                                                  
l.4 ...µ—Ç—Å—è \emph{–∞–ª–≥–µ–±—Ä–∞–∏—á–µ—Å–∫–∏–º}
                                                  , –µ—Å–ª–∏ —Å—É—â–µ—Å—Ç–≤—...

You may provide a definition with
\DeclareUnicodeCharacter 


! Package inputenc Error: Unicode character —Å (U+0441)
(inputenc)                not set up for use with LaTeX.

See the inputenc package documentation for explanation.
Type  H <return>  for immediate help.
 ...                                              
                                                  
l.4 ...µ—Ç—Å—è \emph{–∞–ª–≥–µ–±—Ä–∞–∏—á–µ—Å–∫–∏–º}
                                                  , –µ—Å–ª–∏ —Å—É—â–µ—Å—Ç–≤—...

You may provide a definition with
\DeclareUnicodeCharacter 


! Package inputenc Error: Unicode character –∫ (U+043A)
(inputenc)                not set up for use with LaTeX.

See the inputenc package documentation for explanation.
Type  H <return>  for immediate help.
 ...                                              
                                                  
l.4 ...µ—Ç—Å—è \emph{–∞–ª–≥–µ–±—Ä–∞–∏—á–µ—Å–∫–∏–º}
                                                  , –µ—Å–ª–∏ —Å—É—â–µ—Å—Ç–≤—...

You may provide a definition with
\DeclareUnicodeCharacter 


! Package inputenc Error: Unicode character –∏ (U+0438)
(inputenc)                not set up for use with LaTeX.

See the inputenc package documentation for explanation.
Type  H <return>  for immediate help.
 ...                                              
                                                  
l.4 ...µ—Ç—Å—è \emph{–∞–ª–≥–µ–±—Ä–∞–∏—á–µ—Å–∫–∏–º}
                                                  , –µ—Å–ª–∏ —Å—É—â–µ—Å—Ç–≤—...

You may provide a definition with
\DeclareUnicodeCharacter 


! Package inputenc Error: Unicode character –º (U+043C)
(inputenc)                not set up for use with LaTeX.

See the inputenc package documentation for explanation.
Type  H <return>  for immediate help.
 ...                                              
                                                  
l.4 ...µ—Ç—Å—è \emph{–∞–ª–≥–µ–±—Ä–∞–∏—á–µ—Å–∫–∏–º}
                                                  , –µ—Å–ª–∏ —Å—É—â–µ—Å—Ç–≤—...

You may provide a definition with
\DeclareUnicodeCharacter 

Missing character: There is no , in font nullfont!

! Package inputenc Error: Unicode character –µ (U+0435)
(inputenc)                not set up for use with LaTeX.

See the inputenc package documentation for explanation.
Type  H <return>  for immediate help.
 ...                                              
                                                  
l.4 ...Å—è \emph{–∞–ª–≥–µ–±—Ä–∞–∏—á–µ—Å–∫–∏–º}, –µ
                                                  —Å–ª–∏ —Å—É—â–µ—Å—Ç–≤—É–µ—...

You may provide a definition with
\DeclareUnicodeCharacter 


! Package inputenc Error: Unicode character —Å (U+0441)
(inputenc)                not set up for use with LaTeX.

See the inputenc package documentation for explanation.
Type  H <return>  for immediate help.
 ...                                              
                                                  
l.4 ...è \emph{–∞–ª–≥–µ–±—Ä–∞–∏—á–µ—Å–∫–∏–º}, –µ—Å
                                                  –ª–∏ —Å—É—â–µ—Å—Ç–≤—É–µ—Ç ...

You may provide a definition with
\DeclareUnicodeCharacter 


! Package inputenc Error: Unicode character –ª (U+043B)
(inputenc)                not set up for use with LaTeX.

See the inputenc package documentation for explanation.
Type  H <return>  for immediate help.
 ...                                              
                                                  
l.4 ...\emph{–∞–ª–≥–µ–±—Ä–∞–∏—á–µ—Å–∫–∏–º}, –µ—Å–ª
                                                  –∏ —Å—É—â–µ—Å—Ç–≤—É–µ—Ç $p...

You may provide a definition with
\DeclareUnicodeCharacter 


! Package inputenc Error: Unicode character –∏ (U+0438)
(inputenc)                not set up for use with LaTeX.

See the inputenc package documentation for explanation.
Type  H <return>  for immediate help.
 ...                                              
                                                  
l.4 ...mph{–∞–ª–≥–µ–±—Ä–∞–∏—á–µ—Å–∫–∏–º}, –µ—Å–ª–∏
                                                   —Å—É—â–µ—Å—Ç–≤—É–µ—Ç $p \...

You may provide a definition with
\DeclareUnicodeCharacter 


! Package inputenc Error: Unicode character —Å (U+0441)
(inputenc)                not set up for use with LaTeX.

See the inputenc package documentation for explanation.
Type  H <return>  for immediate help.
 ...                                              
                                                  
l.4 ...{–∞–ª–≥–µ–±—Ä–∞–∏—á–µ—Å–∫–∏–º}, –µ—Å–ª–∏ —Å
                                                  —É—â–µ—Å—Ç–≤—É–µ—Ç $p \in ...

You may provide a definition with
\DeclareUnicodeCharacter 


! Package inputenc Error: Unicode character —É (U+0443)
(inputenc)                not set up for use with LaTeX.

See the inputenc package documentation for explanation.
Type  H <return>  for immediate help.
 ...                                              
                                                  
l.4 ...∞–ª–≥–µ–±—Ä–∞–∏—á–µ—Å–∫–∏–º}, –µ—Å–ª–∏ —Å—É
                                                  —â–µ—Å—Ç–≤—É–µ—Ç $p \in \Z...

You may provide a definition with
\DeclareUnicodeCharacter 


! Package inputenc Error: Unicode character —â (U+0449)
(inputenc)                not set up for use with LaTeX.

See the inputenc package documentation for explanation.
Type  H <return>  for immediate help.
 ...                                              
                                                  
l.4 ...ª–≥–µ–±—Ä–∞–∏—á–µ—Å–∫–∏–º}, –µ—Å–ª–∏ —Å—É—â
                                                  –µ—Å—Ç–≤—É–µ—Ç $p \in \Z[x...

You may provide a definition with
\DeclareUnicodeCharacter 


! Package inputenc Error: Unicode character –µ (U+0435)
(inputenc)                not set up for use with LaTeX.

See the inputenc package documentation for explanation.
Type  H <return>  for immediate help.
 ...                                              
                                                  
l.4 ...≥–µ–±—Ä–∞–∏—á–µ—Å–∫–∏–º}, –µ—Å–ª–∏ —Å—É—â–µ
                                                  —Å—Ç–≤—É–µ—Ç $p \in \Z[x]$...

You may provide a definition with
\DeclareUnicodeCharacter 


! Package inputenc Error: Unicode character —Å (U+0441)
(inputenc)                not set up for use with LaTeX.

See the inputenc package documentation for explanation.
Type  H <return>  for immediate help.
 ...                                              
                                                  
l.4 ...µ–±—Ä–∞–∏—á–µ—Å–∫–∏–º}, –µ—Å–ª–∏ —Å—É—â–µ—Å
                                                  —Ç–≤—É–µ—Ç $p \in \Z[x]$, ...

You may provide a definition with
\DeclareUnicodeCharacter 


! Package inputenc Error: Unicode character —Ç (U+0442)
(inputenc)                not set up for use with LaTeX.

See the inputenc package documentation for explanation.
Type  H <return>  for immediate help.
 ...                                              
                                                  
l.4 ...±—Ä–∞–∏—á–µ—Å–∫–∏–º}, –µ—Å–ª–∏ —Å—É—â–µ—Å—Ç
                                                  –≤—É–µ—Ç $p \in \Z[x]$, –∞...

You may provide a definition with
\DeclareUnicodeCharacter 


! Package inputenc Error: Unicode character –≤ (U+0432)
(inputenc)                not set up for use with LaTeX.

See the inputenc package documentation for explanation.
Type  H <return>  for immediate help.
 ...                                              
                                                  
l.4 ...Ä–∞–∏—á–µ—Å–∫–∏–º}, –µ—Å–ª–∏ —Å—É—â–µ—Å—Ç–≤
                                                  —É–µ—Ç $p \in \Z[x]$, –∞–Ω...

You may provide a definition with
\DeclareUnicodeCharacter 


! Package inputenc Error: Unicode character —É (U+0443)
(inputenc)                not set up for use with LaTeX.

See the inputenc package documentation for explanation.
Type  H <return>  for immediate help.
 ...                                              
                                                  
l.4 ...∞–∏—á–µ—Å–∫–∏–º}, –µ—Å–ª–∏ —Å—É—â–µ—Å—Ç–≤—É
                                                  –µ—Ç $p \in \Z[x]$, –∞–Ω–Ω...

You may provide a definition with
\DeclareUnicodeCharacter 


! Package inputenc Error: Unicode character –µ (U+0435)
(inputenc)                not set up for use with LaTeX.

See the inputenc package documentation for explanation.
Type  H <return>  for immediate help.
 ...                                              
                                                  
l.4 ...∏—á–µ—Å–∫–∏–º}, –µ—Å–ª–∏ —Å—É—â–µ—Å—Ç–≤—É–µ
                                                  —Ç $p \in \Z[x]$, –∞–Ω–Ω—É...

You may provide a definition with
\DeclareUnicodeCharacter 


! Package inputenc Error: Unicode character —Ç (U+0442)
(inputenc)                not set up for use with LaTeX.

See the inputenc package documentation for explanation.
Type  H <return>  for immediate help.
 ...                                              
                                                  
l.4 ...á–µ—Å–∫–∏–º}, –µ—Å–ª–∏ —Å—É—â–µ—Å—Ç–≤—É–µ—Ç
                                                   $p \in \Z[x]$, –∞–Ω–Ω—É–ª...

You may provide a definition with
\DeclareUnicodeCharacter 

! Undefined control sequence.
l.4 ...º}, –µ—Å–ª–∏ —Å—É—â–µ—Å—Ç–≤—É–µ—Ç $p \in \Z
                                                  [x]$, –∞–Ω–Ω—É–ª–∏—Ä—É—é—â...
The control sequence at the end of the top line
of your error message was never \def'ed. If you have
misspelled it (e.g., `\hobx'), type `I' and the correct
spelling (e.g., `I\hbox'). Otherwise just continue,
and I'll forget about whatever was undefined.

Missing character: There is no , in font nullfont!

! Package inputenc Error: Unicode character –∞ (U+0430)
(inputenc)                not set up for use with LaTeX.

See the inputenc package documentation for explanation.
Type  H <return>  for immediate help.
 ...                                              
                                                  
l.4 ...–ª–∏ —Å—É—â–µ—Å—Ç–≤—É–µ—Ç $p \in \Z[x]$, –∞
                                                  –Ω–Ω—É–ª–∏—Ä—É—é—â–∏–π $\a...

You may provide a definition with
\DeclareUnicodeCharacter 


! Package inputenc Error: Unicode character –Ω (U+043D)
(inputenc)                not set up for use with LaTeX.

See the inputenc package documentation for explanation.
Type  H <return>  for immediate help.
 ...                                              
                                                  
l.4 ...–∏ —Å—É—â–µ—Å—Ç–≤—É–µ—Ç $p \in \Z[x]$, –∞–Ω
                                                  –Ω—É–ª–∏—Ä—É—é—â–∏–π $\alp...

You may provide a definition with
\DeclareUnicodeCharacter 


! Package inputenc Error: Unicode character –Ω (U+043D)
(inputenc)                not set up for use with LaTeX.

See the inputenc package documentation for explanation.
Type  H <return>  for immediate help.
 ...                                              
                                                  
l.4 ... —Å—É—â–µ—Å—Ç–≤—É–µ—Ç $p \in \Z[x]$, –∞–Ω–Ω
                                                  —É–ª–∏—Ä—É—é—â–∏–π $\alpha$.
You may provide a definition with
\DeclareUnicodeCharacter 


! Package inputenc Error: Unicode character —É (U+0443)
(inputenc)                not set up for use with LaTeX.

See the inputenc package documentation for explanation.
Type  H <return>  for immediate help.
 ...                                              
                                                  
l.4 ...Å—É—â–µ—Å—Ç–≤—É–µ—Ç $p \in \Z[x]$, –∞–Ω–Ω—É
                                                  –ª–∏—Ä—É—é—â–∏–π $\alpha$.
You may provide a definition with
\DeclareUnicodeCharacter 


! Package inputenc Error: Unicode character –ª (U+043B)
(inputenc)                not set up for use with LaTeX.

See the inputenc package documentation for explanation.
Type  H <return>  for immediate help.
 ...                                              
                                                  
l.4 ...É—â–µ—Å—Ç–≤—É–µ—Ç $p \in \Z[x]$, –∞–Ω–Ω—É–ª
                                                  –∏—Ä—É—é—â–∏–π $\alpha$.
You may provide a definition with
\DeclareUnicodeCharacter 


! Package inputenc Error: Unicode character –∏ (U+0438)
(inputenc)                not set up for use with LaTeX.

See the inputenc package documentation for explanation.
Type  H <return>  for immediate help.
 ...                                              
                                                  
l.4 ...â–µ—Å—Ç–≤—É–µ—Ç $p \in \Z[x]$, –∞–Ω–Ω—É–ª–∏
                                                  —Ä—É—é—â–∏–π $\alpha$.
You may provide a definition with
\DeclareUnicodeCharacter 


! Package inputenc Error: Unicode character —Ä (U+0440)
(inputenc)                not set up for use with LaTeX.

See the inputenc package documentation for explanation.
Type  H <return>  for immediate help.
 ...                                              
                                                  
l.4 ...µ—Å—Ç–≤—É–µ—Ç $p \in \Z[x]$, –∞–Ω–Ω—É–ª–∏—Ä
                                                  —É—é—â–∏–π $\alpha$.
You may provide a definition with
\DeclareUnicodeCharacter 


! Package inputenc Error: Unicode character —É (U+0443)
(inputenc)                not set up for use with LaTeX.

See the inputenc package documentation for explanation.
Type  H <return>  for immediate help.
 ...                                              
                                                  
l.4 ...Å—Ç–≤—É–µ—Ç $p \in \Z[x]$, –∞–Ω–Ω—É–ª–∏—Ä—É
                                                  —é—â–∏–π $\alpha$.
(That makes 100 errors; please try again.) 
Here is how much of TeX's memory you used:
 47 strings out of 480608
 1185 string characters out of 5903630
 239610 words of memory out of 5000000
 16036 multiletter control sequences out of 15000+600000
 532684 words of font info for 25 fonts, out of 8000000 for 9000
 1141 hyphenation exceptions out of 8191
 18i,1n,15p,301b,75s stack positions out of 5000i,500n,10000p,200000b,80000s

!  ==> Fatal error occurred, no output PDF file produced!
