This is pdfTeX, Version 3.14159265-2.6-1.40.21 (TeX Live 2020) (preloaded format=pdflatex 2021.3.10)  14 JAN 2024 15:16
entering extended mode
 restricted \write18 enabled.
 %&-line parsing enabled.
**"/Users/user/Documents/GitHub/Algebraic-geometry-compendium/Tex abstract/src/
lectures/4/files/lecture 6.10.2023.tex"

(/Users/user/Documents/GitHub/Algebraic-geometry-compendium/Tex abstract/src/le
ctures/4/files/lecture 6.10.2023.tex
LaTeX2e <2020-02-02> patch level 5
L3 programming layer <2020-03-06>

! LaTeX Error: Missing \begin{document}.

See the LaTeX manual or LaTeX Companion for explanation.
Type  H <return>  for immediate help.
 ...                                              
                                                  
l.2 	\noindent
              \bf{–ù–∞–ø–æ–º–∏–Ω–∞–Ω–∏–µ –ø—Ä–æ –Ω–æ—Ä–º–∞–ª—å–Ω—É—é —Ñ–æ—Ä–...

You're in trouble here.  Try typing  <return>  to proceed.
If that doesn't work, type  X <return>  to quit.

! Undefined control sequence.
l.2 	\noindent\bf
                 {–ù–∞–ø–æ–º–∏–Ω–∞–Ω–∏–µ –ø—Ä–æ –Ω–æ—Ä–º–∞–ª—å–Ω—É—é —Ñ–æ—Ä–...
The control sequence at the end of the top line
of your error message was never \def'ed. If you have
misspelled it (e.g., `\hobx'), type `I' and the correct
spelling (e.g., `I\hbox'). Otherwise just continue,
and I'll forget about whatever was undefined.


! Package inputenc Error: Unicode character –ù (U+041D)
(inputenc)                not set up for use with LaTeX.

See the inputenc package documentation for explanation.
Type  H <return>  for immediate help.
 ...                                              
                                                  
l.2 	\noindent\bf{–ù
                    –∞–ø–æ–º–∏–Ω–∞–Ω–∏–µ –ø—Ä–æ –Ω–æ—Ä–º–∞–ª—å–Ω—É—é —Ñ–æ—Ä–...

You may provide a definition with
\DeclareUnicodeCharacter 


! Package inputenc Error: Unicode character –∞ (U+0430)
(inputenc)                not set up for use with LaTeX.

See the inputenc package documentation for explanation.
Type  H <return>  for immediate help.
 ...                                              
                                                  
l.2 	\noindent\bf{–ù–∞
                      –ø–æ–º–∏–Ω–∞–Ω–∏–µ –ø—Ä–æ –Ω–æ—Ä–º–∞–ª—å–Ω—É—é —Ñ–æ—Ä–...

You may provide a definition with
\DeclareUnicodeCharacter 


! Package inputenc Error: Unicode character –ø (U+043F)
(inputenc)                not set up for use with LaTeX.

See the inputenc package documentation for explanation.
Type  H <return>  for immediate help.
 ...                                              
                                                  
l.2 	\noindent\bf{–ù–∞–ø
                        –æ–º–∏–Ω–∞–Ω–∏–µ –ø—Ä–æ –Ω–æ—Ä–º–∞–ª—å–Ω—É—é —Ñ–æ—Ä–...

You may provide a definition with
\DeclareUnicodeCharacter 


! Package inputenc Error: Unicode character –æ (U+043E)
(inputenc)                not set up for use with LaTeX.

See the inputenc package documentation for explanation.
Type  H <return>  for immediate help.
 ...                                              
                                                  
l.2 	\noindent\bf{–ù–∞–ø–æ
                          –º–∏–Ω–∞–Ω–∏–µ –ø—Ä–æ –Ω–æ—Ä–º–∞–ª—å–Ω—É—é —Ñ–æ—Ä–...

You may provide a definition with
\DeclareUnicodeCharacter 


! Package inputenc Error: Unicode character –º (U+043C)
(inputenc)                not set up for use with LaTeX.

See the inputenc package documentation for explanation.
Type  H <return>  for immediate help.
 ...                                              
                                                  
l.2 	\noindent\bf{–ù–∞–ø–æ–º
                            –∏–Ω–∞–Ω–∏–µ –ø—Ä–æ –Ω–æ—Ä–º–∞–ª—å–Ω—É—é —Ñ–æ—Ä–...

You may provide a definition with
\DeclareUnicodeCharacter 


! Package inputenc Error: Unicode character –∏ (U+0438)
(inputenc)                not set up for use with LaTeX.

See the inputenc package documentation for explanation.
Type  H <return>  for immediate help.
 ...                                              
                                                  
l.2 	\noindent\bf{–ù–∞–ø–æ–º–∏
                              –Ω–∞–Ω–∏–µ –ø—Ä–æ –Ω–æ—Ä–º–∞–ª—å–Ω—É—é —Ñ–æ—Ä–...

You may provide a definition with
\DeclareUnicodeCharacter 


! Package inputenc Error: Unicode character –Ω (U+043D)
(inputenc)                not set up for use with LaTeX.

See the inputenc package documentation for explanation.
Type  H <return>  for immediate help.
 ...                                              
                                                  
l.2 	\noindent\bf{–ù–∞–ø–æ–º–∏–Ω
                                –∞–Ω–∏–µ –ø—Ä–æ –Ω–æ—Ä–º–∞–ª—å–Ω—É—é —Ñ–æ—Ä–...

You may provide a definition with
\DeclareUnicodeCharacter 


! Package inputenc Error: Unicode character –∞ (U+0430)
(inputenc)                not set up for use with LaTeX.

See the inputenc package documentation for explanation.
Type  H <return>  for immediate help.
 ...                                              
                                                  
l.2 	\noindent\bf{–ù–∞–ø–æ–º–∏–Ω–∞
                                  –Ω–∏–µ –ø—Ä–æ –Ω–æ—Ä–º–∞–ª—å–Ω—É—é —Ñ–æ—Ä–...

You may provide a definition with
\DeclareUnicodeCharacter 


! Package inputenc Error: Unicode character –Ω (U+043D)
(inputenc)                not set up for use with LaTeX.

See the inputenc package documentation for explanation.
Type  H <return>  for immediate help.
 ...                                              
                                                  
l.2 	\noindent\bf{–ù–∞–ø–æ–º–∏–Ω–∞–Ω
                                    –∏–µ –ø—Ä–æ –Ω–æ—Ä–º–∞–ª—å–Ω—É—é —Ñ–æ—Ä–...

You may provide a definition with
\DeclareUnicodeCharacter 


! Package inputenc Error: Unicode character –∏ (U+0438)
(inputenc)                not set up for use with LaTeX.

See the inputenc package documentation for explanation.
Type  H <return>  for immediate help.
 ...                                              
                                                  
l.2 	\noindent\bf{–ù–∞–ø–æ–º–∏–Ω–∞–Ω–∏
                                      –µ –ø—Ä–æ –Ω–æ—Ä–º–∞–ª—å–Ω—É—é —Ñ–æ—Ä–...

You may provide a definition with
\DeclareUnicodeCharacter 


! Package inputenc Error: Unicode character –µ (U+0435)
(inputenc)                not set up for use with LaTeX.

See the inputenc package documentation for explanation.
Type  H <return>  for immediate help.
 ...                                              
                                                  
l.2 	\noindent\bf{–ù–∞–ø–æ–º–∏–Ω–∞–Ω–∏–µ
                                         –ø—Ä–æ –Ω–æ—Ä–º–∞–ª—å–Ω—É—é —Ñ–æ—Ä–...

You may provide a definition with
\DeclareUnicodeCharacter 


! Package inputenc Error: Unicode character –ø (U+043F)
(inputenc)                not set up for use with LaTeX.

See the inputenc package documentation for explanation.
Type  H <return>  for immediate help.
 ...                                              
                                                  
l.2 	\noindent\bf{–ù–∞–ø–æ–º–∏–Ω–∞–Ω–∏–µ –ø
                                           —Ä–æ –Ω–æ—Ä–º–∞–ª—å–Ω—É—é —Ñ–æ—Ä–...

You may provide a definition with
\DeclareUnicodeCharacter 


! Package inputenc Error: Unicode character —Ä (U+0440)
(inputenc)                not set up for use with LaTeX.

See the inputenc package documentation for explanation.
Type  H <return>  for immediate help.
 ...                                              
                                                  
l.2 	\noindent\bf{–ù–∞–ø–æ–º–∏–Ω–∞–Ω–∏–µ –ø—Ä
                                             –æ –Ω–æ—Ä–º–∞–ª—å–Ω—É—é —Ñ–æ—Ä–...

You may provide a definition with
\DeclareUnicodeCharacter 


! Package inputenc Error: Unicode character –æ (U+043E)
(inputenc)                not set up for use with LaTeX.

See the inputenc package documentation for explanation.
Type  H <return>  for immediate help.
 ...                                              
                                                  
l.2 	\noindent\bf{–ù–∞–ø–æ–º–∏–Ω–∞–Ω–∏–µ –ø—Ä–æ
                                                –Ω–æ—Ä–º–∞–ª—å–Ω—É—é —Ñ–æ—Ä–...

You may provide a definition with
\DeclareUnicodeCharacter 


! Package inputenc Error: Unicode character –Ω (U+043D)
(inputenc)                not set up for use with LaTeX.

See the inputenc package documentation for explanation.
Type  H <return>  for immediate help.
 ...                                              
                                                  
l.2 	\noindent\bf{–ù–∞–ø–æ–º–∏–Ω–∞–Ω–∏–µ –ø—Ä–æ –Ω
                                                  –æ—Ä–º–∞–ª—å–Ω—É—é —Ñ–æ—Ä–...

You may provide a definition with
\DeclareUnicodeCharacter 


! Package inputenc Error: Unicode character –æ (U+043E)
(inputenc)                not set up for use with LaTeX.

See the inputenc package documentation for explanation.
Type  H <return>  for immediate help.
 ...                                              
                                                  
l.2 ...ndent\bf{–ù–∞–ø–æ–º–∏–Ω–∞–Ω–∏–µ –ø—Ä–æ –Ω–æ
                                                  —Ä–º–∞–ª—å–Ω—É—é —Ñ–æ—Ä–º—...

You may provide a definition with
\DeclareUnicodeCharacter 


! Package inputenc Error: Unicode character —Ä (U+0440)
(inputenc)                not set up for use with LaTeX.

See the inputenc package documentation for explanation.
Type  H <return>  for immediate help.
 ...                                              
                                                  
l.2 ...ent\bf{–ù–∞–ø–æ–º–∏–Ω–∞–Ω–∏–µ –ø—Ä–æ –Ω–æ—Ä
                                                  –º–∞–ª—å–Ω—É—é —Ñ–æ—Ä–º—É ...

You may provide a definition with
\DeclareUnicodeCharacter 


! Package inputenc Error: Unicode character –º (U+043C)
(inputenc)                not set up for use with LaTeX.

See the inputenc package documentation for explanation.
Type  H <return>  for immediate help.
 ...                                              
                                                  
l.2 ...t\bf{–ù–∞–ø–æ–º–∏–Ω–∞–Ω–∏–µ –ø—Ä–æ –Ω–æ—Ä–º
                                                  –∞–ª—å–Ω—É—é —Ñ–æ—Ä–º—É –°...

You may provide a definition with
\DeclareUnicodeCharacter 


! Package inputenc Error: Unicode character –∞ (U+0430)
(inputenc)                not set up for use with LaTeX.

See the inputenc package documentation for explanation.
Type  H <return>  for immediate help.
 ...                                              
                                                  
l.2 ...bf{–ù–∞–ø–æ–º–∏–Ω–∞–Ω–∏–µ –ø—Ä–æ –Ω–æ—Ä–º–∞
                                                  –ª—å–Ω—É—é —Ñ–æ—Ä–º—É –°–º...

You may provide a definition with
\DeclareUnicodeCharacter 


! Package inputenc Error: Unicode character –ª (U+043B)
(inputenc)                not set up for use with LaTeX.

See the inputenc package documentation for explanation.
Type  H <return>  for immediate help.
 ...                                              
                                                  
l.2 ...{–ù–∞–ø–æ–º–∏–Ω–∞–Ω–∏–µ –ø—Ä–æ –Ω–æ—Ä–º–∞–ª
                                                  —å–Ω—É—é —Ñ–æ—Ä–º—É –°–º–∏...

You may provide a definition with
\DeclareUnicodeCharacter 


! Package inputenc Error: Unicode character —å (U+044C)
(inputenc)                not set up for use with LaTeX.

See the inputenc package documentation for explanation.
Type  H <return>  for immediate help.
 ...                                              
                                                  
l.2 ...ù–∞–ø–æ–º–∏–Ω–∞–Ω–∏–µ –ø—Ä–æ –Ω–æ—Ä–º–∞–ª—å
                                                  –Ω—É—é —Ñ–æ—Ä–º—É –°–º–∏—Ç...

You may provide a definition with
\DeclareUnicodeCharacter 


! Package inputenc Error: Unicode character –Ω (U+043D)
(inputenc)                not set up for use with LaTeX.

See the inputenc package documentation for explanation.
Type  H <return>  for immediate help.
 ...                                              
                                                  
l.2 ...∞–ø–æ–º–∏–Ω–∞–Ω–∏–µ –ø—Ä–æ –Ω–æ—Ä–º–∞–ª—å–Ω
                                                  —É—é —Ñ–æ—Ä–º—É –°–º–∏—Ç—Ç...

You may provide a definition with
\DeclareUnicodeCharacter 


! Package inputenc Error: Unicode character —É (U+0443)
(inputenc)                not set up for use with LaTeX.

See the inputenc package documentation for explanation.
Type  H <return>  for immediate help.
 ...                                              
                                                  
l.2 ...ø–æ–º–∏–Ω–∞–Ω–∏–µ –ø—Ä–æ –Ω–æ—Ä–º–∞–ª—å–Ω—É
                                                  —é —Ñ–æ—Ä–º—É –°–º–∏—Ç—Ç–∞...

You may provide a definition with
\DeclareUnicodeCharacter 


! Package inputenc Error: Unicode character —é (U+044E)
(inputenc)                not set up for use with LaTeX.

See the inputenc package documentation for explanation.
Type  H <return>  for immediate help.
 ...                                              
                                                  
l.2 ...æ–º–∏–Ω–∞–Ω–∏–µ –ø—Ä–æ –Ω–æ—Ä–º–∞–ª—å–Ω—É—é
                                                   —Ñ–æ—Ä–º—É –°–º–∏—Ç—Ç–∞:}...

You may provide a definition with
\DeclareUnicodeCharacter 


! Package inputenc Error: Unicode character —Ñ (U+0444)
(inputenc)                not set up for use with LaTeX.

See the inputenc package documentation for explanation.
Type  H <return>  for immediate help.
 ...                                              
                                                  
l.2 ...–∏–Ω–∞–Ω–∏–µ –ø—Ä–æ –Ω–æ—Ä–º–∞–ª—å–Ω—É—é —Ñ
                                                  –æ—Ä–º—É –°–º–∏—Ç—Ç–∞:}\hy...

You may provide a definition with
\DeclareUnicodeCharacter 


! Package inputenc Error: Unicode character –æ (U+043E)
(inputenc)                not set up for use with LaTeX.

See the inputenc package documentation for explanation.
Type  H <return>  for immediate help.
 ...                                              
                                                  
l.2 ...–Ω–∞–Ω–∏–µ –ø—Ä–æ –Ω–æ—Ä–º–∞–ª—å–Ω—É—é —Ñ–æ
                                                  —Ä–º—É –°–º–∏—Ç—Ç–∞:}\hype...

You may provide a definition with
\DeclareUnicodeCharacter 


! Package inputenc Error: Unicode character —Ä (U+0440)
(inputenc)                not set up for use with LaTeX.

See the inputenc package documentation for explanation.
Type  H <return>  for immediate help.
 ...                                              
                                                  
l.2 ...–∞–Ω–∏–µ –ø—Ä–æ –Ω–æ—Ä–º–∞–ª—å–Ω—É—é —Ñ–æ—Ä
                                                  –º—É –°–º–∏—Ç—Ç–∞:}\hypert...

You may provide a definition with
\DeclareUnicodeCharacter 


! Package inputenc Error: Unicode character –º (U+043C)
(inputenc)                not set up for use with LaTeX.

See the inputenc package documentation for explanation.
Type  H <return>  for immediate help.
 ...                                              
                                                  
l.2 ...–Ω–∏–µ –ø—Ä–æ –Ω–æ—Ä–º–∞–ª—å–Ω—É—é —Ñ–æ—Ä–º
                                                  —É –°–º–∏—Ç—Ç–∞:}\hypertar...

You may provide a definition with
\DeclareUnicodeCharacter 


! Package inputenc Error: Unicode character —É (U+0443)
(inputenc)                not set up for use with LaTeX.

See the inputenc package documentation for explanation.
Type  H <return>  for immediate help.
 ...                                              
                                                  
l.2 ...–∏–µ –ø—Ä–æ –Ω–æ—Ä–º–∞–ª—å–Ω—É—é —Ñ–æ—Ä–º—É
                                                   –°–º–∏—Ç—Ç–∞:}\hypertarge...

You may provide a definition with
\DeclareUnicodeCharacter 


! Package inputenc Error: Unicode character –° (U+0421)
(inputenc)                not set up for use with LaTeX.

See the inputenc package documentation for explanation.
Type  H <return>  for immediate help.
 ...                                              
                                                  
l.2 ...µ –ø—Ä–æ –Ω–æ—Ä–º–∞–ª—å–Ω—É—é —Ñ–æ—Ä–º—É –°
                                                  –º–∏—Ç—Ç–∞:}\hypertarget{s...

You may provide a definition with
\DeclareUnicodeCharacter 


! Package inputenc Error: Unicode character –º (U+043C)
(inputenc)                not set up for use with LaTeX.

See the inputenc package documentation for explanation.
Type  H <return>  for immediate help.
 ...                                              
                                                  
l.2 ...–ø—Ä–æ –Ω–æ—Ä–º–∞–ª—å–Ω—É—é —Ñ–æ—Ä–º—É –°–º
                                                  –∏—Ç—Ç–∞:}\hypertarget{smi...

You may provide a definition with
\DeclareUnicodeCharacter 


! Package inputenc Error: Unicode character –∏ (U+0438)
(inputenc)                not set up for use with LaTeX.

See the inputenc package documentation for explanation.
Type  H <return>  for immediate help.
 ...                                              
                                                  
l.2 ...—Ä–æ –Ω–æ—Ä–º–∞–ª—å–Ω—É—é —Ñ–æ—Ä–º—É –°–º–∏
                                                  —Ç—Ç–∞:}\hypertarget{smith...

You may provide a definition with
\DeclareUnicodeCharacter 


! Package inputenc Error: Unicode character —Ç (U+0442)
(inputenc)                not set up for use with LaTeX.

See the inputenc package documentation for explanation.
Type  H <return>  for immediate help.
 ...                                              
                                                  
l.2 ...–æ –Ω–æ—Ä–º–∞–ª—å–Ω—É—é —Ñ–æ—Ä–º—É –°–º–∏—Ç
                                                  —Ç–∞:}\hypertarget{smith_n...

You may provide a definition with
\DeclareUnicodeCharacter 


! Package inputenc Error: Unicode character —Ç (U+0442)
(inputenc)                not set up for use with LaTeX.

See the inputenc package documentation for explanation.
Type  H <return>  for immediate help.
 ...                                              
                                                  
l.2 ... –Ω–æ—Ä–º–∞–ª—å–Ω—É—é —Ñ–æ—Ä–º—É –°–º–∏—Ç—Ç
                                                  –∞:}\hypertarget{smith_nor...

You may provide a definition with
\DeclareUnicodeCharacter 


! Package inputenc Error: Unicode character –∞ (U+0430)
(inputenc)                not set up for use with LaTeX.

See the inputenc package documentation for explanation.
Type  H <return>  for immediate help.
 ...                                              
                                                  
l.2 ...Ω–æ—Ä–º–∞–ª—å–Ω—É—é —Ñ–æ—Ä–º—É –°–º–∏—Ç—Ç–∞
                                                  :}\hypertarget{smith_norma...

You may provide a definition with
\DeclareUnicodeCharacter 

Missing character: There is no : in font nullfont!
! Undefined control sequence.
l.2 ...Ω—É—é —Ñ–æ—Ä–º—É –°–º–∏—Ç—Ç–∞:}\hypertarget
                                                  {smith_normal_form}{}\\
The control sequence at the end of the top line
of your error message was never \def'ed. If you have
misspelled it (e.g., `\hobx'), type `I' and the correct
spelling (e.g., `I\hbox'). Otherwise just continue,
and I'll forget about whatever was undefined.

Missing character: There is no s in font nullfont!
Missing character: There is no m in font nullfont!
Missing character: There is no i in font nullfont!
Missing character: There is no t in font nullfont!
Missing character: There is no h in font nullfont!
! Missing $ inserted.
<inserted text> 
                $
l.2 ...Ñ–æ—Ä–º—É –°–º–∏—Ç—Ç–∞:}\hypertarget{smith_
                                                  normal_form}{}\\
I've inserted a begin-math/end-math symbol since I think
you left one out. Proceed, with fingers crossed.

LaTeX Font Info:    External font `cmex10' loaded for size
(Font)              <7> on input line 2.
LaTeX Font Info:    External font `cmex10' loaded for size
(Font)              <5> on input line 2.
! Extra }, or forgotten $.
l.2 ...–º–∏—Ç—Ç–∞:}\hypertarget{smith_normal_form}
                                                  {}\\
I've deleted a group-closing symbol because it seems to be
spurious, as in `$x}$'. But perhaps the } is legitimate and
you forgot something else, as in `\hbox{$x}'. In such cases
the way to recover is to insert both the forgotten and the
deleted material, e.g., by typing `I$}'.


! Package inputenc Error: Unicode character –ü (U+041F)
(inputenc)                not set up for use with LaTeX.

See the inputenc package documentation for explanation.
Type  H <return>  for immediate help.
 ...                                              
                                                  
l.3 	–ü
       —É—Å—Ç—å $B \subset A$~--- —Å–≤–æ–±–æ–¥–Ω—ã–µ –∞–±–µ–ª–µ–≤—ã –≥—Ä—É–ø...

You may provide a definition with
\DeclareUnicodeCharacter 


! Package inputenc Error: Unicode character —É (U+0443)
(inputenc)                not set up for use with LaTeX.

See the inputenc package documentation for explanation.
Type  H <return>  for immediate help.
 ...                                              
                                                  
l.3 	–ü—É
         —Å—Ç—å $B \subset A$~--- —Å–≤–æ–±–æ–¥–Ω—ã–µ –∞–±–µ–ª–µ–≤—ã –≥—Ä—É–ø...

You may provide a definition with
\DeclareUnicodeCharacter 


! Package inputenc Error: Unicode character —Å (U+0441)
(inputenc)                not set up for use with LaTeX.

See the inputenc package documentation for explanation.
Type  H <return>  for immediate help.
 ...                                              
                                                  
l.3 	–ü—É—Å
           —Ç—å $B \subset A$~--- —Å–≤–æ–±–æ–¥–Ω—ã–µ –∞–±–µ–ª–µ–≤—ã –≥—Ä—É–ø...

You may provide a definition with
\DeclareUnicodeCharacter 


! Package inputenc Error: Unicode character —Ç (U+0442)
(inputenc)                not set up for use with LaTeX.

See the inputenc package documentation for explanation.
Type  H <return>  for immediate help.
 ...                                              
                                                  
l.3 	–ü—É—Å—Ç
             —å $B \subset A$~--- —Å–≤–æ–±–æ–¥–Ω—ã–µ –∞–±–µ–ª–µ–≤—ã –≥—Ä—É–ø...

You may provide a definition with
\DeclareUnicodeCharacter 


! Package inputenc Error: Unicode character —å (U+044C)
(inputenc)                not set up for use with LaTeX.

See the inputenc package documentation for explanation.
Type  H <return>  for immediate help.
 ...                                              
                                                  
l.3 	–ü—É—Å—Ç—å
                $B \subset A$~--- —Å–≤–æ–±–æ–¥–Ω—ã–µ –∞–±–µ–ª–µ–≤—ã –≥—Ä—É–ø...

You may provide a definition with
\DeclareUnicodeCharacter 

Missing character: There is no B in font nullfont!
! Missing $ inserted.
<inserted text> 
                $
l.3 	–ü—É—Å—Ç—å $B \subset
                           A$~--- —Å–≤–æ–±–æ–¥–Ω—ã–µ –∞–±–µ–ª–µ–≤—ã –≥—Ä—É–ø...
I've inserted a begin-math/end-math symbol since I think
you left one out. Proceed, with fingers crossed.

Missing character: There is no - in font nullfont!
Missing character: There is no - in font nullfont!
Missing character: There is no - in font nullfont!

! Package inputenc Error: Unicode character —Å (U+0441)
(inputenc)                not set up for use with LaTeX.

See the inputenc package documentation for explanation.
Type  H <return>  for immediate help.
 ...                                              
                                                  
l.3 	–ü—É—Å—Ç—å $B \subset A$~--- —Å
                                    –≤–æ–±–æ–¥–Ω—ã–µ –∞–±–µ–ª–µ–≤—ã –≥—Ä—É–ø...

You may provide a definition with
\DeclareUnicodeCharacter 


! Package inputenc Error: Unicode character –≤ (U+0432)
(inputenc)                not set up for use with LaTeX.

See the inputenc package documentation for explanation.
Type  H <return>  for immediate help.
 ...                                              
                                                  
l.3 	–ü—É—Å—Ç—å $B \subset A$~--- —Å–≤
                                      –æ–±–æ–¥–Ω—ã–µ –∞–±–µ–ª–µ–≤—ã –≥—Ä—É–ø...

You may provide a definition with
\DeclareUnicodeCharacter 


! Package inputenc Error: Unicode character –æ (U+043E)
(inputenc)                not set up for use with LaTeX.

See the inputenc package documentation for explanation.
Type  H <return>  for immediate help.
 ...                                              
                                                  
l.3 	–ü—É—Å—Ç—å $B \subset A$~--- —Å–≤–æ
                                        –±–æ–¥–Ω—ã–µ –∞–±–µ–ª–µ–≤—ã –≥—Ä—É–ø...

You may provide a definition with
\DeclareUnicodeCharacter 


! Package inputenc Error: Unicode character –± (U+0431)
(inputenc)                not set up for use with LaTeX.

See the inputenc package documentation for explanation.
Type  H <return>  for immediate help.
 ...                                              
                                                  
l.3 	–ü—É—Å—Ç—å $B \subset A$~--- —Å–≤–æ–±
                                          –æ–¥–Ω—ã–µ –∞–±–µ–ª–µ–≤—ã –≥—Ä—É–ø...

You may provide a definition with
\DeclareUnicodeCharacter 


! Package inputenc Error: Unicode character –æ (U+043E)
(inputenc)                not set up for use with LaTeX.

See the inputenc package documentation for explanation.
Type  H <return>  for immediate help.
 ...                                              
                                                  
l.3 	–ü—É—Å—Ç—å $B \subset A$~--- —Å–≤–æ–±–æ
                                            –¥–Ω—ã–µ –∞–±–µ–ª–µ–≤—ã –≥—Ä—É–ø...

You may provide a definition with
\DeclareUnicodeCharacter 


! Package inputenc Error: Unicode character –¥ (U+0434)
(inputenc)                not set up for use with LaTeX.

See the inputenc package documentation for explanation.
Type  H <return>  for immediate help.
 ...                                              
                                                  
l.3 	–ü—É—Å—Ç—å $B \subset A$~--- —Å–≤–æ–±–æ–¥
                                              –Ω—ã–µ –∞–±–µ–ª–µ–≤—ã –≥—Ä—É–ø...

You may provide a definition with
\DeclareUnicodeCharacter 


! Package inputenc Error: Unicode character –Ω (U+043D)
(inputenc)                not set up for use with LaTeX.

See the inputenc package documentation for explanation.
Type  H <return>  for immediate help.
 ...                                              
                                                  
l.3 	–ü—É—Å—Ç—å $B \subset A$~--- —Å–≤–æ–±–æ–¥–Ω
                                                —ã–µ –∞–±–µ–ª–µ–≤—ã –≥—Ä—É–ø...

You may provide a definition with
\DeclareUnicodeCharacter 


! Package inputenc Error: Unicode character —ã (U+044B)
(inputenc)                not set up for use with LaTeX.

See the inputenc package documentation for explanation.
Type  H <return>  for immediate help.
 ...                                              
                                                  
l.3 	–ü—É—Å—Ç—å $B \subset A$~--- —Å–≤–æ–±–æ–¥–Ω—ã
                                                  –µ –∞–±–µ–ª–µ–≤—ã –≥—Ä—É–ø...

You may provide a definition with
\DeclareUnicodeCharacter 


! Package inputenc Error: Unicode character –µ (U+0435)
(inputenc)                not set up for use with LaTeX.

See the inputenc package documentation for explanation.
Type  H <return>  for immediate help.
 ...                                              
                                                  
l.3 ...—Å—Ç—å $B \subset A$~--- —Å–≤–æ–±–æ–¥–Ω—ã–µ
                                                   –∞–±–µ–ª–µ–≤—ã –≥—Ä—É–ø–ø...

You may provide a definition with
\DeclareUnicodeCharacter 


! Package inputenc Error: Unicode character –∞ (U+0430)
(inputenc)                not set up for use with LaTeX.

See the inputenc package documentation for explanation.
Type  H <return>  for immediate help.
 ...                                              
                                                  
l.3 ...Ç—å $B \subset A$~--- —Å–≤–æ–±–æ–¥–Ω—ã–µ –∞
                                                  –±–µ–ª–µ–≤—ã –≥—Ä—É–ø–ø—ã ...

You may provide a definition with
\DeclareUnicodeCharacter 


! Package inputenc Error: Unicode character –± (U+0431)
(inputenc)                not set up for use with LaTeX.

See the inputenc package documentation for explanation.
Type  H <return>  for immediate help.
 ...                                              
                                                  
l.3 ...å $B \subset A$~--- —Å–≤–æ–±–æ–¥–Ω—ã–µ –∞–±
                                                  –µ–ª–µ–≤—ã –≥—Ä—É–ø–ø—ã —Ä...

You may provide a definition with
\DeclareUnicodeCharacter 


! Package inputenc Error: Unicode character –µ (U+0435)
(inputenc)                not set up for use with LaTeX.

See the inputenc package documentation for explanation.
Type  H <return>  for immediate help.
 ...                                              
                                                  
l.3 ...$B \subset A$~--- —Å–≤–æ–±–æ–¥–Ω—ã–µ –∞–±–µ
                                                  –ª–µ–≤—ã –≥—Ä—É–ø–ø—ã —Ä–∞...

You may provide a definition with
\DeclareUnicodeCharacter 


! Package inputenc Error: Unicode character –ª (U+043B)
(inputenc)                not set up for use with LaTeX.

See the inputenc package documentation for explanation.
Type  H <return>  for immediate help.
 ...                                              
                                                  
l.3 ... \subset A$~--- —Å–≤–æ–±–æ–¥–Ω—ã–µ –∞–±–µ–ª
                                                  –µ–≤—ã –≥—Ä—É–ø–ø—ã —Ä–∞–Ω...

You may provide a definition with
\DeclareUnicodeCharacter 


! Package inputenc Error: Unicode character –µ (U+0435)
(inputenc)                not set up for use with LaTeX.

See the inputenc package documentation for explanation.
Type  H <return>  for immediate help.
 ...                                              
                                                  
l.3 ...subset A$~--- —Å–≤–æ–±–æ–¥–Ω—ã–µ –∞–±–µ–ª–µ
                                                  –≤—ã –≥—Ä—É–ø–ø—ã —Ä–∞–Ω–≥...

You may provide a definition with
\DeclareUnicodeCharacter 


! Package inputenc Error: Unicode character –≤ (U+0432)
(inputenc)                not set up for use with LaTeX.

See the inputenc package documentation for explanation.
Type  H <return>  for immediate help.
 ...                                              
                                                  
l.3 ...bset A$~--- —Å–≤–æ–±–æ–¥–Ω—ã–µ –∞–±–µ–ª–µ–≤
                                                  —ã –≥—Ä—É–ø–ø—ã —Ä–∞–Ω–≥–∞...

You may provide a definition with
\DeclareUnicodeCharacter 


! Package inputenc Error: Unicode character —ã (U+044B)
(inputenc)                not set up for use with LaTeX.

See the inputenc package documentation for explanation.
Type  H <return>  for immediate help.
 ...                                              
                                                  
l.3 ...et A$~--- —Å–≤–æ–±–æ–¥–Ω—ã–µ –∞–±–µ–ª–µ–≤—ã
                                                   –≥—Ä—É–ø–ø—ã —Ä–∞–Ω–≥–∞ $...

You may provide a definition with
\DeclareUnicodeCharacter 


! Package inputenc Error: Unicode character –≥ (U+0433)
(inputenc)                not set up for use with LaTeX.

See the inputenc package documentation for explanation.
Type  H <return>  for immediate help.
 ...                                              
                                                  
l.3 ...A$~--- —Å–≤–æ–±–æ–¥–Ω—ã–µ –∞–±–µ–ª–µ–≤—ã –≥
                                                  —Ä—É–ø–ø—ã —Ä–∞–Ω–≥–∞ $n$,...

You may provide a definition with
\DeclareUnicodeCharacter 


! Package inputenc Error: Unicode character —Ä (U+0440)
(inputenc)                not set up for use with LaTeX.

See the inputenc package documentation for explanation.
Type  H <return>  for immediate help.
 ...                                              
                                                  
l.3 ...~--- —Å–≤–æ–±–æ–¥–Ω—ã–µ –∞–±–µ–ª–µ–≤—ã –≥—Ä
                                                  —É–ø–ø—ã —Ä–∞–Ω–≥–∞ $n$, –...

You may provide a definition with
\DeclareUnicodeCharacter 


! Package inputenc Error: Unicode character —É (U+0443)
(inputenc)                not set up for use with LaTeX.

See the inputenc package documentation for explanation.
Type  H <return>  for immediate help.
 ...                                              
                                                  
l.3 ...-- —Å–≤–æ–±–æ–¥–Ω—ã–µ –∞–±–µ–ª–µ–≤—ã –≥—Ä—É
                                                  –ø–ø—ã —Ä–∞–Ω–≥–∞ $n$, –ø—...

You may provide a definition with
\DeclareUnicodeCharacter 


! Package inputenc Error: Unicode character –ø (U+043F)
(inputenc)                not set up for use with LaTeX.

See the inputenc package documentation for explanation.
Type  H <return>  for immediate help.
 ...                                              
                                                  
l.3 ... —Å–≤–æ–±–æ–¥–Ω—ã–µ –∞–±–µ–ª–µ–≤—ã –≥—Ä—É–ø
                                                  –ø—ã —Ä–∞–Ω–≥–∞ $n$, –ø—Ä–...

You may provide a definition with
\DeclareUnicodeCharacter 


! Package inputenc Error: Unicode character –ø (U+043F)
(inputenc)                not set up for use with LaTeX.

See the inputenc package documentation for explanation.
Type  H <return>  for immediate help.
 ...                                              
                                                  
l.3 ...Å–≤–æ–±–æ–¥–Ω—ã–µ –∞–±–µ–ª–µ–≤—ã –≥—Ä—É–ø–ø
                                                  —ã —Ä–∞–Ω–≥–∞ $n$, –ø—Ä–∏—...

You may provide a definition with
\DeclareUnicodeCharacter 


! Package inputenc Error: Unicode character —ã (U+044B)
(inputenc)                not set up for use with LaTeX.

See the inputenc package documentation for explanation.
Type  H <return>  for immediate help.
 ...                                              
                                                  
l.3 ...≤–æ–±–æ–¥–Ω—ã–µ –∞–±–µ–ª–µ–≤—ã –≥—Ä—É–ø–ø—ã
                                                   —Ä–∞–Ω–≥–∞ $n$, –ø—Ä–∏—á–...

You may provide a definition with
\DeclareUnicodeCharacter 


! Package inputenc Error: Unicode character —Ä (U+0440)
(inputenc)                not set up for use with LaTeX.

See the inputenc package documentation for explanation.
Type  H <return>  for immediate help.
 ...                                              
                                                  
l.3 ...–±–æ–¥–Ω—ã–µ –∞–±–µ–ª–µ–≤—ã –≥—Ä—É–ø–ø—ã —Ä
                                                  –∞–Ω–≥–∞ $n$, –ø—Ä–∏—á–µ–º...

You may provide a definition with
\DeclareUnicodeCharacter 


! Package inputenc Error: Unicode character –∞ (U+0430)
(inputenc)                not set up for use with LaTeX.

See the inputenc package documentation for explanation.
Type  H <return>  for immediate help.
 ...                                              
                                                  
l.3 ...–æ–¥–Ω—ã–µ –∞–±–µ–ª–µ–≤—ã –≥—Ä—É–ø–ø—ã —Ä–∞
                                                  –Ω–≥–∞ $n$, –ø—Ä–∏—á–µ–º $...

You may provide a definition with
\DeclareUnicodeCharacter 


! Package inputenc Error: Unicode character –Ω (U+043D)
(inputenc)                not set up for use with LaTeX.

See the inputenc package documentation for explanation.
Type  H <return>  for immediate help.
 ...                                              
                                                  
l.3 ...–¥–Ω—ã–µ –∞–±–µ–ª–µ–≤—ã –≥—Ä—É–ø–ø—ã —Ä–∞–Ω
                                                  –≥–∞ $n$, –ø—Ä–∏—á–µ–º $A ...

You may provide a definition with
\DeclareUnicodeCharacter 


! Package inputenc Error: Unicode character –≥ (U+0433)
(inputenc)                not set up for use with LaTeX.

See the inputenc package documentation for explanation.
Type  H <return>  for immediate help.
 ...                                              
                                                  
l.3 ...–Ω—ã–µ –∞–±–µ–ª–µ–≤—ã –≥—Ä—É–ø–ø—ã —Ä–∞–Ω–≥
                                                  –∞ $n$, –ø—Ä–∏—á–µ–º $A = ...

You may provide a definition with
\DeclareUnicodeCharacter 


! Package inputenc Error: Unicode character –∞ (U+0430)
(inputenc)                not set up for use with LaTeX.

See the inputenc package documentation for explanation.
Type  H <return>  for immediate help.
 ...                                              
                                                  
l.3 ...—ã–µ –∞–±–µ–ª–µ–≤—ã –≥—Ä—É–ø–ø—ã —Ä–∞–Ω–≥–∞
                                                   $n$, –ø—Ä–∏—á–µ–º $A = \b...

You may provide a definition with
\DeclareUnicodeCharacter 

Missing character: There is no , in font nullfont!

! Package inputenc Error: Unicode character –ø (U+043F)
(inputenc)                not set up for use with LaTeX.

See the inputenc package documentation for explanation.
Type  H <return>  for immediate help.
 ...                                              
                                                  
l.3 ...±–µ–ª–µ–≤—ã –≥—Ä—É–ø–ø—ã —Ä–∞–Ω–≥–∞ $n$, –ø
                                                  —Ä–∏—á–µ–º $A = \bigoplus ...

You may provide a definition with
\DeclareUnicodeCharacter 


! Package inputenc Error: Unicode character —Ä (U+0440)
(inputenc)                not set up for use with LaTeX.

See the inputenc package documentation for explanation.
Type  H <return>  for immediate help.
 ...                                              
                                                  
l.3 ...µ–ª–µ–≤—ã –≥—Ä—É–ø–ø—ã —Ä–∞–Ω–≥–∞ $n$, –ø—Ä
                                                  –∏—á–µ–º $A = \bigoplus \Z...

You may provide a definition with
\DeclareUnicodeCharacter 


! Package inputenc Error: Unicode character –∏ (U+0438)
(inputenc)                not set up for use with LaTeX.

See the inputenc package documentation for explanation.
Type  H <return>  for immediate help.
 ...                                              
                                                  
l.3 ...ª–µ–≤—ã –≥—Ä—É–ø–ø—ã —Ä–∞–Ω–≥–∞ $n$, –ø—Ä–∏
                                                  —á–µ–º $A = \bigoplus \Z x...

You may provide a definition with
\DeclareUnicodeCharacter 


! Package inputenc Error: Unicode character —á (U+0447)
(inputenc)                not set up for use with LaTeX.

See the inputenc package documentation for explanation.
Type  H <return>  for immediate help.
 ...                                              
                                                  
l.3 ...µ–≤—ã –≥—Ä—É–ø–ø—ã —Ä–∞–Ω–≥–∞ $n$, –ø—Ä–∏—á
                                                  –µ–º $A = \bigoplus \Z x_{...

You may provide a definition with
\DeclareUnicodeCharacter 


! Package inputenc Error: Unicode character –µ (U+0435)
(inputenc)                not set up for use with LaTeX.

See the inputenc package documentation for explanation.
Type  H <return>  for immediate help.
 ...                                              
                                                  
l.3 ...≤—ã –≥—Ä—É–ø–ø—ã —Ä–∞–Ω–≥–∞ $n$, –ø—Ä–∏—á–µ
                                                  –º $A = \bigoplus \Z x_{i}...

You may provide a definition with
\DeclareUnicodeCharacter 


! Package inputenc Error: Unicode character –º (U+043C)
(inputenc)                not set up for use with LaTeX.

See the inputenc package documentation for explanation.
Type  H <return>  for immediate help.
 ...                                              
                                                  
l.3 ...ã –≥—Ä—É–ø–ø—ã —Ä–∞–Ω–≥–∞ $n$, –ø—Ä–∏—á–µ–º
                                                   $A = \bigoplus \Z x_{i}$,...

You may provide a definition with
\DeclareUnicodeCharacter 

! Undefined control sequence.
l.3 ...∞–Ω–≥–∞ $n$, –ø—Ä–∏—á–µ–º $A = \bigoplus \Z
                                                   x_{i}$, $B = \langle \sum...
The control sequence at the end of the top line
of your error message was never \def'ed. If you have
misspelled it (e.g., `\hobx'), type `I' and the correct
spelling (e.g., `I\hbox'). Otherwise just continue,
and I'll forget about whatever was undefined.

Missing character: There is no , in font nullfont!
Missing character: There is no . in font nullfont!

! Package inputenc Error: Unicode character –¢ (U+0422)
(inputenc)                not set up for use with LaTeX.

See the inputenc package documentation for explanation.
Type  H <return>  for immediate help.
 ...                                              
                                                  
l.3 ..._{i j} x_{j}, \ 1 \le i \le n \rangle$.  –¢
                                                  –æ–≥–¥–∞ –º—ã –º–æ–∂–µ–º —...

You may provide a definition with
\DeclareUnicodeCharacter 


! Package inputenc Error: Unicode character –æ (U+043E)
(inputenc)                not set up for use with LaTeX.

See the inputenc package documentation for explanation.
Type  H <return>  for immediate help.
 ...                                              
                                                  
l.3 ...i j} x_{j}, \ 1 \le i \le n \rangle$.  –¢–æ
                                                  –≥–¥–∞ –º—ã –º–æ–∂–µ–º —è–...

You may provide a definition with
\DeclareUnicodeCharacter 


! Package inputenc Error: Unicode character –≥ (U+0433)
(inputenc)                not set up for use with LaTeX.

See the inputenc package documentation for explanation.
Type  H <return>  for immediate help.
 ...                                              
                                                  
l.3 ...j} x_{j}, \ 1 \le i \le n \rangle$.  –¢–æ–≥
                                                  –¥–∞ –º—ã –º–æ–∂–µ–º —è–≤–...

You may provide a definition with
\DeclareUnicodeCharacter 


! Package inputenc Error: Unicode character –¥ (U+0434)
(inputenc)                not set up for use with LaTeX.

See the inputenc package documentation for explanation.
Type  H <return>  for immediate help.
 ...                                              
                                                  
l.3 ... x_{j}, \ 1 \le i \le n \rangle$.  –¢–æ–≥–¥
                                                  –∞ –º—ã –º–æ–∂–µ–º —è–≤–Ω–...

You may provide a definition with
\DeclareUnicodeCharacter 


! Package inputenc Error: Unicode character –∞ (U+0430)
(inputenc)                not set up for use with LaTeX.

See the inputenc package documentation for explanation.
Type  H <return>  for immediate help.
 ...                                              
                                                  
l.3 ..._{j}, \ 1 \le i \le n \rangle$.  –¢–æ–≥–¥–∞
                                                   –º—ã –º–æ–∂–µ–º —è–≤–Ω–æ ...

You may provide a definition with
\DeclareUnicodeCharacter 


! Package inputenc Error: Unicode character –º (U+043C)
(inputenc)                not set up for use with LaTeX.

See the inputenc package documentation for explanation.
Type  H <return>  for immediate help.
 ...                                              
                                                  
l.3 ...}, \ 1 \le i \le n \rangle$.  –¢–æ–≥–¥–∞ –º
                                                  —ã –º–æ–∂–µ–º —è–≤–Ω–æ –≤—...

You may provide a definition with
\DeclareUnicodeCharacter 


! Package inputenc Error: Unicode character —ã (U+044B)
(inputenc)                not set up for use with LaTeX.

See the inputenc package documentation for explanation.
Type  H <return>  for immediate help.
 ...                                              
                                                  
l.3 ... \ 1 \le i \le n \rangle$.  –¢–æ–≥–¥–∞ –º—ã
                                                   –º–æ–∂–µ–º —è–≤–Ω–æ –≤—ã—...

You may provide a definition with
\DeclareUnicodeCharacter 


! Package inputenc Error: Unicode character –º (U+043C)
(inputenc)                not set up for use with LaTeX.

See the inputenc package documentation for explanation.
Type  H <return>  for immediate help.
 ...                                              
                                                  
l.3 ...1 \le i \le n \rangle$.  –¢–æ–≥–¥–∞ –º—ã –º
                                                  –æ–∂–µ–º —è–≤–Ω–æ –≤—ã—á–∏...

You may provide a definition with
\DeclareUnicodeCharacter 


! Package inputenc Error: Unicode character –æ (U+043E)
(inputenc)                not set up for use with LaTeX.

See the inputenc package documentation for explanation.
Type  H <return>  for immediate help.
 ...                                              
                                                  
l.3 ...\le i \le n \rangle$.  –¢–æ–≥–¥–∞ –º—ã –º–æ
                                                  –∂–µ–º —è–≤–Ω–æ –≤—ã—á–∏—Å...

You may provide a definition with
\DeclareUnicodeCharacter 


! Package inputenc Error: Unicode character –∂ (U+0436)
(inputenc)                not set up for use with LaTeX.

See the inputenc package documentation for explanation.
Type  H <return>  for immediate help.
 ...                                              
                                                  
l.3 ...e i \le n \rangle$.  –¢–æ–≥–¥–∞ –º—ã –º–æ–∂
                                                  –µ–º —è–≤–Ω–æ –≤—ã—á–∏—Å–ª...

You may provide a definition with
\DeclareUnicodeCharacter 


! Package inputenc Error: Unicode character –µ (U+0435)
(inputenc)                not set up for use with LaTeX.

See the inputenc package documentation for explanation.
Type  H <return>  for immediate help.
 ...                                              
                                                  
l.3 ...i \le n \rangle$.  –¢–æ–≥–¥–∞ –º—ã –º–æ–∂–µ
                                                  –º —è–≤–Ω–æ –≤—ã—á–∏—Å–ª–∏...

You may provide a definition with
\DeclareUnicodeCharacter 


! Package inputenc Error: Unicode character –º (U+043C)
(inputenc)                not set up for use with LaTeX.

See the inputenc package documentation for explanation.
Type  H <return>  for immediate help.
 ...                                              
                                                  
l.3 ...\le n \rangle$.  –¢–æ–≥–¥–∞ –º—ã –º–æ–∂–µ–º
                                                   —è–≤–Ω–æ –≤—ã—á–∏—Å–ª–∏—Ç...

You may provide a definition with
\DeclareUnicodeCharacter 


! Package inputenc Error: Unicode character —è (U+044F)
(inputenc)                not set up for use with LaTeX.

See the inputenc package documentation for explanation.
Type  H <return>  for immediate help.
 ...                                              
                                                  
l.3 ... n \rangle$.  –¢–æ–≥–¥–∞ –º—ã –º–æ–∂–µ–º —è
                                                  –≤–Ω–æ –≤—ã—á–∏—Å–ª–∏—Ç—å ...

You may provide a definition with
\DeclareUnicodeCharacter 


! Package inputenc Error: Unicode character –≤ (U+0432)
(inputenc)                not set up for use with LaTeX.

See the inputenc package documentation for explanation.
Type  H <return>  for immediate help.
 ...                                              
                                                  
l.3 ... \rangle$.  –¢–æ–≥–¥–∞ –º—ã –º–æ–∂–µ–º —è–≤
                                                  –Ω–æ –≤—ã—á–∏—Å–ª–∏—Ç—å –∑...

You may provide a definition with
\DeclareUnicodeCharacter 


! Package inputenc Error: Unicode character –Ω (U+043D)
(inputenc)                not set up for use with LaTeX.

See the inputenc package documentation for explanation.
Type  H <return>  for immediate help.
 ...                                              
                                                  
l.3 ...rangle$.  –¢–æ–≥–¥–∞ –º—ã –º–æ–∂–µ–º —è–≤–Ω
                                                  –æ –≤—ã—á–∏—Å–ª–∏—Ç—å –∑–∞...

You may provide a definition with
\DeclareUnicodeCharacter 


! Package inputenc Error: Unicode character –æ (U+043E)
(inputenc)                not set up for use with LaTeX.

See the inputenc package documentation for explanation.
Type  H <return>  for immediate help.
 ...                                              
                                                  
l.3 ...ngle$.  –¢–æ–≥–¥–∞ –º—ã –º–æ–∂–µ–º —è–≤–Ω–æ
                                                   –≤—ã—á–∏—Å–ª–∏—Ç—å –∑–∞–¥...

You may provide a definition with
\DeclareUnicodeCharacter 


! Package inputenc Error: Unicode character –≤ (U+0432)
(inputenc)                not set up for use with LaTeX.

See the inputenc package documentation for explanation.
Type  H <return>  for immediate help.
 ...                                              
                                                  
l.3 ...e$.  –¢–æ–≥–¥–∞ –º—ã –º–æ–∂–µ–º —è–≤–Ω–æ –≤
                                                  —ã—á–∏—Å–ª–∏—Ç—å –∑–∞–¥–∞–...

You may provide a definition with
\DeclareUnicodeCharacter 


! Package inputenc Error: Unicode character —ã (U+044B)
(inputenc)                not set up for use with LaTeX.

See the inputenc package documentation for explanation.
Type  H <return>  for immediate help.
 ...                                              
                                                  
l.3 ....  –¢–æ–≥–¥–∞ –º—ã –º–æ–∂–µ–º —è–≤–Ω–æ –≤—ã
                                                  —á–∏—Å–ª–∏—Ç—å –∑–∞–¥–∞–Ω–...

You may provide a definition with
\DeclareUnicodeCharacter 


! Package inputenc Error: Unicode character —á (U+0447)
(inputenc)                not set up for use with LaTeX.

See the inputenc package documentation for explanation.
Type  H <return>  for immediate help.
 ...                                              
                                                  
l.3 ... –¢–æ–≥–¥–∞ –º—ã –º–æ–∂–µ–º —è–≤–Ω–æ –≤—ã—á
                                                  –∏—Å–ª–∏—Ç—å –∑–∞–¥–∞–Ω–∏–...

You may provide a definition with
\DeclareUnicodeCharacter 


! Package inputenc Error: Unicode character –∏ (U+0438)
(inputenc)                not set up for use with LaTeX.

See the inputenc package documentation for explanation.
Type  H <return>  for immediate help.
 ...                                              
                                                  
l.3 ...¢–æ–≥–¥–∞ –º—ã –º–æ–∂–µ–º —è–≤–Ω–æ –≤—ã—á–∏
                                                  —Å–ª–∏—Ç—å –∑–∞–¥–∞–Ω–∏–µ ...
(That makes 100 errors; please try again.) 
Here is how much of TeX's memory you used:
 48 strings out of 480608
 1180 string characters out of 5903630
 239610 words of memory out of 5000000
 16038 multiletter control sequences out of 15000+600000
 532338 words of font info for 24 fonts, out of 8000000 for 9000
 1141 hyphenation exceptions out of 8191
 18i,2n,15p,483b,58s stack positions out of 5000i,500n,10000p,200000b,80000s

!  ==> Fatal error occurred, no output PDF file produced!
