\BOOKMARK [1][-]{section.1}{\376\377\004\032\004\076\004\074\004\074\004\103\004\102\004\060\004\102\004\070\004\062\004\075\004\060\004\117\000\040\004\060\004\073\004\063\004\065\004\061\004\100\004\060\000\040\004\101\000\040\004\077\004\100\004\070\004\106\004\065\004\073\004\076\004\074\000\040\004\075\004\060\000\040\004\060\004\073\004\063\004\065\004\061\004\100\004\060\004\070\004\107\004\065\004\101\004\072\004\103\004\116\000\040\004\063\004\065\004\076\004\074\004\065\004\102\004\100\004\070\004\116}{}% 1
\BOOKMARK [1][-]{section.2}{\376\377\004\036\004\101\004\075\004\076\004\062\004\113\000\040\004\102\004\065\004\076\004\100\004\070\004\070\000\040\004\063\004\076\004\074\004\076\004\073\004\076\004\063\004\070\004\071}{}% 2
\BOOKMARK [2][-]{subsection.2.1}{\376\377\004\041\004\070\004\074\004\077\004\073\004\070\004\106\004\070\004\060\004\073\004\114\004\075\004\113\004\065\000\040\004\063\004\076\004\074\004\076\004\073\004\076\004\063\004\070\004\070}{section.2}% 3
\BOOKMARK [2][-]{subsection.2.2}{\376\377\004\041\004\070\004\063\004\075\004\103\004\073\004\117\004\100\004\075\004\113\004\065\000\040\004\063\004\076\004\074\004\076\004\073\004\076\004\063\004\070\004\070}{section.2}% 4
\BOOKMARK [2][-]{subsection.2.3}{\376\377\004\035\004\065\004\074\004\075\004\076\004\063\004\076\000\040\004\063\004\076\004\074\004\076\004\073\004\076\004\063\004\070\004\107\004\065\004\101\004\072\004\076\004\071\000\040\004\060\004\073\004\063\004\065\004\100\004\113}{section.2}% 5
\BOOKMARK [2][-]{subsection.2.4}{\376\377\004\023\004\076\004\074\004\076\004\102\004\076\004\077\004\070\004\107\004\065\004\101\004\072\004\060\004\117\000\040\004\070\004\075\004\062\004\060\004\100\004\070\004\060\004\075\004\102\004\075\004\076\004\101\004\102\004\114\000\040\004\063\004\076\004\074\004\076\004\073\004\076\004\063\004\070\004\071}{section.2}% 6
\BOOKMARK [2][-]{subsection.2.5}{\376\377\004\036\004\102\004\075\004\076\004\101\004\070\004\102\004\065\004\073\004\114\004\075\004\113\004\065\000\040\004\063\004\076\004\074\004\076\004\073\004\076\004\063\004\070\004\070\000\040\004\070\000\040\004\063\004\076\004\074\004\076\004\073\004\076\004\063\004\070\004\107\004\065\004\101\004\072\004\070\000\040\004\102\004\076\004\107\004\075\004\060\004\117\000\040\004\077\004\076\004\101\004\073\004\065\004\064\004\076\004\062\004\060\004\102\004\065\004\073\004\114\004\075\004\076\004\101\004\102\004\114\000\040\004\077\004\060\004\100\004\113}{section.2}% 7
\BOOKMARK [2][-]{subsection.2.6}{\376\377\004\037\004\060\004\100\004\113\000\040\004\021\004\076\004\100\004\103\004\101\004\072\004\060}{section.2}% 8
\BOOKMARK [2][-]{subsection.2.7}{\376\377\004\036\004\102\004\075\004\076\004\101\004\070\004\102\004\065\004\073\004\114\004\075\004\113\004\065\000\040\004\063\004\076\004\074\004\076\004\073\004\076\004\063\004\070\004\070\000\040\004\072\004\060\004\072\000\040\004\060\004\061\004\101\004\076\004\073\004\116\004\102\004\075\004\113\004\065\000\040\000\050\004\104\004\060\004\072\004\102\004\076\004\100\004\070\004\067\004\060\004\106\004\070\004\117\000\051}{section.2}% 9
\BOOKMARK [2][-]{subsection.2.8}{\376\377\004\022\004\113\004\100\004\065\004\067\004\060\004\075\004\070\004\065}{section.2}% 10
\BOOKMARK [2][-]{subsection.2.9}{\376\377\004\042\004\076\004\107\004\075\004\060\004\117\000\040\004\077\004\076\004\101\004\073\004\065\004\064\004\076\004\062\004\060\004\102\004\065\004\073\004\114\004\075\004\076\004\101\004\102\004\114\000\040\004\034\004\060\004\071\004\065\004\100\004\060\000-\004\022\004\114\004\065\004\102\004\076\004\100\004\070\004\101\004\060}{section.2}% 11
\BOOKMARK [2][-]{subsection.2.10}{\376\377\004\023\004\076\004\074\004\076\004\073\004\076\004\063\004\070\004\070\000\040\004\101\004\104\004\065\004\100}{section.2}% 12
\BOOKMARK [2][-]{subsection.2.11}{\376\377\004\023\004\076\004\074\004\076\004\073\004\076\004\063\004\070\004\070\000\040\004\061\004\103\004\072\004\065\004\102\004\060\000\040\004\070\000\040\004\075\004\060\004\064\004\101\004\102\004\100\004\076\004\071\004\072\004\070}{section.2}% 13
\BOOKMARK [2][-]{subsection.2.12}{\376\377\004\023\004\076\004\074\004\076\004\073\004\076\004\063\004\070\004\070\000\040\004\101\000\040\004\072\004\076\004\115\004\104\004\104\004\070\004\106\004\070\004\065\004\075\004\102\004\060\004\074\004\070}{section.2}% 14
\BOOKMARK [2][-]{subsection.2.13}{\376\377\004\037\004\100\004\070\004\073\004\076\004\066\004\065\004\075\004\070\004\117\000\040\004\102\004\065\004\076\004\100\004\070\004\070\000\040\004\063\004\076\004\074\004\076\004\073\004\076\004\063\004\070\004\071}{section.2}% 15
\BOOKMARK [2][-]{subsection.2.14}{\376\377\004\041\004\070\004\074\004\077\004\073\004\070\004\106\004\070\004\060\004\073\004\114\004\075\004\113\004\065\000\040\004\072\004\076\004\074\004\077\004\073\004\065\004\072\004\101\004\113}{section.2}% 16
\BOOKMARK [2][-]{subsection.2.15}{\376\377\004\055\004\072\004\062\004\070\004\062\004\060\004\073\004\065\004\075\004\102\004\075\004\076\004\101\004\102\004\114\000\040\004\101\004\070\004\074\004\077\004\073\004\070\004\106\004\070\004\060\004\073\004\114\004\075\004\113\004\105\000\040\004\070\000\040\004\101\004\070\004\075\004\063\004\103\004\073\004\117\004\100\004\075\004\113\004\105\000\040\004\063\004\076\004\074\004\076\004\073\004\076\004\063\004\070\004\071}{section.2}% 17
\BOOKMARK [2][-]{subsection.2.16}{\376\377\004\041\004\102\004\065\004\077\004\065\004\075\004\114\000\040\004\076\004\102\004\076\004\061\004\100\004\060\004\066\004\065\004\075\004\070\004\117}{section.2}% 18
\BOOKMARK [2][-]{subsection.2.17}{\376\377\004\032\004\073\004\065\004\102\004\076\004\107\004\075\004\113\004\065\000\040\004\063\004\076\004\074\004\076\004\073\004\076\004\063\004\070\004\070}{section.2}% 19
\BOOKMARK [2][-]{subsection.2.18}{\376\377\004\023\004\076\004\074\004\076\004\073\004\076\004\063\004\070\004\070\000\040\004\077\004\076\004\062\004\065\004\100\004\105\004\075\004\076\004\101\004\102\004\065\004\071}{section.2}% 20
\BOOKMARK [2][-]{subsection.2.19}{\376\377\004\037\004\100\004\076\004\101\004\102\004\100\004\060\004\075\004\101\004\102\004\062\004\060\000\040\004\034\004\103\004\100\004\060}{section.2}% 21
\BOOKMARK [2][-]{subsection.2.20}{\376\377\004\042\004\065\004\076\004\100\004\065\004\074\004\060\000\040\004\076\000\040\004\062\004\073\004\076\004\066\004\065\004\075\004\070\004\070\000\040\004\064\004\070\004\101\004\072\004\076\004\062\000\040\004\070\000\040\004\101\004\104\004\065\004\100}{section.2}% 22
\BOOKMARK [2][-]{subsection.2.21}{\376\377\004\032\004\076\004\063\004\076\004\074\004\076\004\073\004\076\004\063\004\070\004\070}{section.2}% 23
\BOOKMARK [2][-]{subsection.2.22}{\376\377\004\044\004\076\004\100\004\074\004\103\004\073\004\060\000\040\004\103\004\075\004\070\004\062\004\065\004\100\004\101\004\060\004\073\004\114\004\075\004\113\004\105\000\040\004\072\004\076\004\115\004\104\004\104\004\070\004\106\004\070\004\065\004\075\004\102\004\076\004\062\000\040\004\064\004\073\004\117\000\040\004\072\004\076\004\063\004\076\004\074\004\076\004\073\004\076\004\063\004\070\004\071}{section.2}% 24
\BOOKMARK [2][-]{subsection.2.23}{\376\377\004\043\004\074\004\075\004\076\004\066\004\065\004\075\004\070\004\065\000\040\004\062\000\040\004\072\004\076\004\063\004\076\004\074\004\076\004\073\004\076\004\063\004\070\004\117\004\105}{section.2}% 25
\BOOKMARK [1][-]{section.3}{\376\377\004\032\004\076\004\074\004\077\004\073\004\065\004\072\004\101\004\075\004\113\004\065\000\040\004\074\004\075\004\076\004\063\004\076\004\076\004\061\004\100\004\060\004\067\004\070\004\117}{}% 26
\BOOKMARK [2][-]{subsection.3.1}{\376\377\004\032\004\076\004\074\004\077\004\073\004\065\004\072\004\101\004\075\004\113\004\065\000\040\004\074\004\075\004\076\004\063\004\076\004\076\004\061\004\100\004\060\004\067\004\070\004\117}{section.3}% 27
\BOOKMARK [2][-]{subsection.3.2}{\376\377\004\037\004\076\004\064\004\074\004\075\004\076\004\063\004\076\004\076\004\061\004\100\004\060\004\067\004\070\004\117\000\040\004\070\000\040\004\060\004\075\004\060\004\073\004\070\004\102\004\070\004\107\004\065\004\101\004\072\004\070\004\065\000\040\004\077\004\076\004\064\004\074\004\075\004\076\004\066\004\065\004\101\004\102\004\062\004\060}{section.3}% 28
\BOOKMARK [2][-]{subsection.3.3}{\376\377\004\032\004\076\004\063\004\076\004\074\004\076\004\073\004\076\004\063\004\070\004\070\000\040\004\064\004\065\000\040\004\040\004\060\004\074\004\060\000\040\004\070\000\040\004\024\004\076\004\073\004\114\004\061\004\076}{section.3}% 29
