This is pdfTeX, Version 3.14159265-2.6-1.40.21 (TeX Live 2020) (preloaded format=pdflatex 2021.3.10)  17 MAR 2024 16:04
entering extended mode
 restricted \write18 enabled.
 %&-line parsing enabled.
**main.tex
(./main.tex
LaTeX2e <2020-02-02> patch level 5
L3 programming layer <2020-03-06>
(/usr/local/texlive/2020/texmf-dist/tex/latex/base/article.cls
Document Class: article 2019/12/20 v1.4l Standard LaTeX document class
(/usr/local/texlive/2020/texmf-dist/tex/latex/base/size11.clo
File: size11.clo 2019/12/20 v1.4l Standard LaTeX file (size option)
)
\c@part=\count167
\c@section=\count168
\c@subsection=\count169
\c@subsubsection=\count170
\c@paragraph=\count171
\c@subparagraph=\count172
\c@figure=\count173
\c@table=\count174
\abovecaptionskip=\skip47
\belowcaptionskip=\skip48
\bibindent=\dimen134
)
(/usr/local/texlive/2020/texmf-dist/tex/latex/stmaryrd/stmaryrd.sty
Package: stmaryrd 1994/03/03 St Mary's Road symbol package
\symstmry=\mathgroup4
LaTeX Font Info:    Overwriting symbol font `stmry' in version `bold'
(Font)                  U/stmry/m/n --> U/stmry/b/n on input line 89.
)
(./preamble.tex
(/usr/local/texlive/2020/texmf-dist/tex/latex/graphics/graphicx.sty
Package: graphicx 2019/11/30 v1.2a Enhanced LaTeX Graphics (DPC,SPQR)

(/usr/local/texlive/2020/texmf-dist/tex/latex/graphics/keyval.sty
Package: keyval 2014/10/28 v1.15 key=value parser (DPC)
\KV@toks@=\toks15
)
(/usr/local/texlive/2020/texmf-dist/tex/latex/graphics/graphics.sty
Package: graphics 2019/11/30 v1.4a Standard LaTeX Graphics (DPC,SPQR)

(/usr/local/texlive/2020/texmf-dist/tex/latex/graphics/trig.sty
Package: trig 2016/01/03 v1.10 sin cos tan (DPC)
)
(/usr/local/texlive/2020/texmf-dist/tex/latex/graphics-cfg/graphics.cfg
File: graphics.cfg 2016/06/04 v1.11 sample graphics configuration
)
Package graphics Info: Driver file: pdftex.def on input line 105.

(/usr/local/texlive/2020/texmf-dist/tex/latex/graphics-def/pdftex.def
File: pdftex.def 2018/01/08 v1.0l Graphics/color driver for pdftex
))
\Gin@req@height=\dimen135
\Gin@req@width=\dimen136
)
(/usr/local/texlive/2020/texmf-dist/tex/latex/booktabs/booktabs.sty
Package: booktabs 2020/01/12 v1.61803398 Publication quality tables
\heavyrulewidth=\dimen137
\lightrulewidth=\dimen138
\cmidrulewidth=\dimen139
\belowrulesep=\dimen140
\belowbottomsep=\dimen141
\aboverulesep=\dimen142
\abovetopsep=\dimen143
\cmidrulesep=\dimen144
\cmidrulekern=\dimen145
\defaultaddspace=\dimen146
\@cmidla=\count175
\@cmidlb=\count176
\@aboverulesep=\dimen147
\@belowrulesep=\dimen148
\@thisruleclass=\count177
\@lastruleclass=\count178
\@thisrulewidth=\dimen149
)
(/usr/local/texlive/2020/texmf-dist/tex/latex/enumitem/enumitem.sty
Package: enumitem 2019/06/20 v3.9 Customized lists
\labelindent=\skip49
\enit@outerparindent=\dimen150
\enit@toks=\toks16
\enit@inbox=\box45
\enit@count@id=\count179
\enitdp@description=\count180
)
(/usr/local/texlive/2020/texmf-dist/tex/generic/babel/babel.sty
Package: babel 2020/03/22 3.42 The Babel package

(/usr/local/texlive/2020/texmf-dist/tex/generic/babel/switch.def
File: switch.def 2020/03/22 3.42 Babel switching mechanism
)
(/usr/local/texlive/2020/texmf-dist/tex/generic/babel-english/english.ldf
Language: english 2017/06/06 v3.3r English support from the babel system

(/usr/local/texlive/2020/texmf-dist/tex/generic/babel/babel.def
File: babel.def 2020/03/22 3.42 Babel common definitions
\babel@savecnt=\count181
\U@D=\dimen151

(/usr/local/texlive/2020/texmf-dist/tex/generic/babel/txtbabel.def)
\bbl@readstream=\read2
\bbl@dirlevel=\count182
)
Package babel Info: \l@canadian = using hyphenrules for english
(babel)             (\language0) on input line 102.
Package babel Info: \l@australian = using hyphenrules for ukenglish
(babel)             (\language21) on input line 105.
Package babel Info: \l@newzealand = using hyphenrules for ukenglish
(babel)             (\language21) on input line 108.
)
(/usr/local/texlive/2020/texmf-dist/tex/generic/babel-russian/russianb.ldf
Language: russian 2017/08/12 1.3j Russian support for the Babel system


Package babel Warning: No Cyrillic font encoding has been loaded so far.
(babel)                A font encoding should be declared before babel.
(babel)                Default `T2A' encoding will be loaded  on input line 74.


(/usr/local/texlive/2020/texmf-dist/tex/latex/cyrillic/t2aenc.def
File: t2aenc.def 2005/09/27 v1.0i Cyrillic encoding definition file
Now handling font encoding T2A ...
... processing UTF-8 mapping file for font encoding T2A

(/usr/local/texlive/2020/texmf-dist/tex/latex/base/t2aenc.dfu
File: t2aenc.dfu 2019/11/14 v1.2k UTF-8 support for inputenc
   defining Unicode char U+00A4 (decimal 164)
   defining Unicode char U+00A7 (decimal 167)
   defining Unicode char U+00AB (decimal 171)
   defining Unicode char U+00BB (decimal 187)
   defining Unicode char U+0131 (decimal 305)
   defining Unicode char U+0237 (decimal 567)
   defining Unicode char U+0400 (decimal 1024)
   defining Unicode char U+0401 (decimal 1025)
   defining Unicode char U+0402 (decimal 1026)
   defining Unicode char U+0403 (decimal 1027)
   defining Unicode char U+0404 (decimal 1028)
   defining Unicode char U+0405 (decimal 1029)
   defining Unicode char U+0406 (decimal 1030)
   defining Unicode char U+0407 (decimal 1031)
   defining Unicode char U+0408 (decimal 1032)
   defining Unicode char U+0409 (decimal 1033)
   defining Unicode char U+040A (decimal 1034)
   defining Unicode char U+040B (decimal 1035)
   defining Unicode char U+040C (decimal 1036)
   defining Unicode char U+040D (decimal 1037)
   defining Unicode char U+040E (decimal 1038)
   defining Unicode char U+040F (decimal 1039)
   defining Unicode char U+0410 (decimal 1040)
   defining Unicode char U+0411 (decimal 1041)
   defining Unicode char U+0412 (decimal 1042)
   defining Unicode char U+0413 (decimal 1043)
   defining Unicode char U+0414 (decimal 1044)
   defining Unicode char U+0415 (decimal 1045)
   defining Unicode char U+0416 (decimal 1046)
   defining Unicode char U+0417 (decimal 1047)
   defining Unicode char U+0418 (decimal 1048)
   defining Unicode char U+0419 (decimal 1049)
   defining Unicode char U+041A (decimal 1050)
   defining Unicode char U+041B (decimal 1051)
   defining Unicode char U+041C (decimal 1052)
   defining Unicode char U+041D (decimal 1053)
   defining Unicode char U+041E (decimal 1054)
   defining Unicode char U+041F (decimal 1055)
   defining Unicode char U+0420 (decimal 1056)
   defining Unicode char U+0421 (decimal 1057)
   defining Unicode char U+0422 (decimal 1058)
   defining Unicode char U+0423 (decimal 1059)
   defining Unicode char U+0424 (decimal 1060)
   defining Unicode char U+0425 (decimal 1061)
   defining Unicode char U+0426 (decimal 1062)
   defining Unicode char U+0427 (decimal 1063)
   defining Unicode char U+0428 (decimal 1064)
   defining Unicode char U+0429 (decimal 1065)
   defining Unicode char U+042A (decimal 1066)
   defining Unicode char U+042B (decimal 1067)
   defining Unicode char U+042C (decimal 1068)
   defining Unicode char U+042D (decimal 1069)
   defining Unicode char U+042E (decimal 1070)
   defining Unicode char U+042F (decimal 1071)
   defining Unicode char U+0430 (decimal 1072)
   defining Unicode char U+0431 (decimal 1073)
   defining Unicode char U+0432 (decimal 1074)
   defining Unicode char U+0433 (decimal 1075)
   defining Unicode char U+0434 (decimal 1076)
   defining Unicode char U+0435 (decimal 1077)
   defining Unicode char U+0436 (decimal 1078)
   defining Unicode char U+0437 (decimal 1079)
   defining Unicode char U+0438 (decimal 1080)
   defining Unicode char U+0439 (decimal 1081)
   defining Unicode char U+043A (decimal 1082)
   defining Unicode char U+043B (decimal 1083)
   defining Unicode char U+043C (decimal 1084)
   defining Unicode char U+043D (decimal 1085)
   defining Unicode char U+043E (decimal 1086)
   defining Unicode char U+043F (decimal 1087)
   defining Unicode char U+0440 (decimal 1088)
   defining Unicode char U+0441 (decimal 1089)
   defining Unicode char U+0442 (decimal 1090)
   defining Unicode char U+0443 (decimal 1091)
   defining Unicode char U+0444 (decimal 1092)
   defining Unicode char U+0445 (decimal 1093)
   defining Unicode char U+0446 (decimal 1094)
   defining Unicode char U+0447 (decimal 1095)
   defining Unicode char U+0448 (decimal 1096)
   defining Unicode char U+0449 (decimal 1097)
   defining Unicode char U+044A (decimal 1098)
   defining Unicode char U+044B (decimal 1099)
   defining Unicode char U+044C (decimal 1100)
   defining Unicode char U+044D (decimal 1101)
   defining Unicode char U+044E (decimal 1102)
   defining Unicode char U+044F (decimal 1103)
   defining Unicode char U+0450 (decimal 1104)
   defining Unicode char U+0451 (decimal 1105)
   defining Unicode char U+0452 (decimal 1106)
   defining Unicode char U+0453 (decimal 1107)
   defining Unicode char U+0454 (decimal 1108)
   defining Unicode char U+0455 (decimal 1109)
   defining Unicode char U+0456 (decimal 1110)
   defining Unicode char U+0457 (decimal 1111)
   defining Unicode char U+0458 (decimal 1112)
   defining Unicode char U+0459 (decimal 1113)
   defining Unicode char U+045A (decimal 1114)
   defining Unicode char U+045B (decimal 1115)
   defining Unicode char U+045C (decimal 1116)
   defining Unicode char U+045D (decimal 1117)
   defining Unicode char U+045E (decimal 1118)
   defining Unicode char U+045F (decimal 1119)
   defining Unicode char U+0490 (decimal 1168)
   defining Unicode char U+0491 (decimal 1169)
   defining Unicode char U+0492 (decimal 1170)
   defining Unicode char U+0493 (decimal 1171)
   defining Unicode char U+0496 (decimal 1174)
   defining Unicode char U+0497 (decimal 1175)
   defining Unicode char U+0498 (decimal 1176)
   defining Unicode char U+0499 (decimal 1177)
   defining Unicode char U+049A (decimal 1178)
   defining Unicode char U+049B (decimal 1179)
   defining Unicode char U+049C (decimal 1180)
   defining Unicode char U+049D (decimal 1181)
   defining Unicode char U+04A0 (decimal 1184)
   defining Unicode char U+04A1 (decimal 1185)
   defining Unicode char U+04A2 (decimal 1186)
   defining Unicode char U+04A3 (decimal 1187)
   defining Unicode char U+04A4 (decimal 1188)
   defining Unicode char U+04A5 (decimal 1189)
   defining Unicode char U+04AA (decimal 1194)
   defining Unicode char U+04AB (decimal 1195)
   defining Unicode char U+04AE (decimal 1198)
   defining Unicode char U+04AF (decimal 1199)
   defining Unicode char U+04B0 (decimal 1200)
   defining Unicode char U+04B1 (decimal 1201)
   defining Unicode char U+04B2 (decimal 1202)
   defining Unicode char U+04B3 (decimal 1203)
   defining Unicode char U+04B6 (decimal 1206)
   defining Unicode char U+04B7 (decimal 1207)
   defining Unicode char U+04B8 (decimal 1208)
   defining Unicode char U+04B9 (decimal 1209)
   defining Unicode char U+04BA (decimal 1210)
   defining Unicode char U+04BB (decimal 1211)
   defining Unicode char U+04C0 (decimal 1216)
   defining Unicode char U+04C1 (decimal 1217)
   defining Unicode char U+04C2 (decimal 1218)
   defining Unicode char U+04D0 (decimal 1232)
   defining Unicode char U+04D1 (decimal 1233)
   defining Unicode char U+04D2 (decimal 1234)
   defining Unicode char U+04D3 (decimal 1235)
   defining Unicode char U+04D4 (decimal 1236)
   defining Unicode char U+04D5 (decimal 1237)
   defining Unicode char U+04D6 (decimal 1238)
   defining Unicode char U+04D7 (decimal 1239)
   defining Unicode char U+04D8 (decimal 1240)
   defining Unicode char U+04D9 (decimal 1241)
   defining Unicode char U+04DA (decimal 1242)
   defining Unicode char U+04DB (decimal 1243)
   defining Unicode char U+04DC (decimal 1244)
   defining Unicode char U+04DD (decimal 1245)
   defining Unicode char U+04DE (decimal 1246)
   defining Unicode char U+04DF (decimal 1247)
   defining Unicode char U+04E2 (decimal 1250)
   defining Unicode char U+04E3 (decimal 1251)
   defining Unicode char U+04E4 (decimal 1252)
   defining Unicode char U+04E5 (decimal 1253)
   defining Unicode char U+04E6 (decimal 1254)
   defining Unicode char U+04E7 (decimal 1255)
   defining Unicode char U+04E8 (decimal 1256)
   defining Unicode char U+04E9 (decimal 1257)
   defining Unicode char U+04EC (decimal 1260)
   defining Unicode char U+04ED (decimal 1261)
   defining Unicode char U+04EE (decimal 1262)
   defining Unicode char U+04EF (decimal 1263)
   defining Unicode char U+04F0 (decimal 1264)
   defining Unicode char U+04F1 (decimal 1265)
   defining Unicode char U+04F2 (decimal 1266)
   defining Unicode char U+04F3 (decimal 1267)
   defining Unicode char U+04F4 (decimal 1268)
   defining Unicode char U+04F5 (decimal 1269)
   defining Unicode char U+04F8 (decimal 1272)
   defining Unicode char U+04F9 (decimal 1273)
   defining Unicode char U+200C (decimal 8204)
   defining Unicode char U+2013 (decimal 8211)
   defining Unicode char U+2014 (decimal 8212)
   defining Unicode char U+2018 (decimal 8216)
   defining Unicode char U+2019 (decimal 8217)
   defining Unicode char U+201C (decimal 8220)
   defining Unicode char U+201D (decimal 8221)
   defining Unicode char U+201E (decimal 8222)
   defining Unicode char U+2030 (decimal 8240)
   defining Unicode char U+2031 (decimal 8241)
   defining Unicode char U+2116 (decimal 8470)
   defining Unicode char U+2329 (decimal 9001)
   defining Unicode char U+232A (decimal 9002)
   defining Unicode char U+2423 (decimal 9251)
   defining Unicode char U+27E8 (decimal 10216)
   defining Unicode char U+27E9 (decimal 10217)
   defining Unicode char U+FB00 (decimal 64256)
   defining Unicode char U+FB01 (decimal 64257)
   defining Unicode char U+FB02 (decimal 64258)
   defining Unicode char U+FB03 (decimal 64259)
   defining Unicode char U+FB04 (decimal 64260)
   defining Unicode char U+FB05 (decimal 64261)
   defining Unicode char U+FB06 (decimal 64262)
))
Package babel Info: Making " an active character on input line 120.
Package babel Info: Default for \cyrdash is provided on input line 157.
))
(/usr/local/texlive/2020/texmf-dist/tex/latex/base/fontenc.sty
Package: fontenc 2020/02/11 v2.0o Standard LaTeX package
)
(/usr/local/texlive/2020/texmf-dist/tex/latex/libertine/libertine.sty
Package: libertine 2020/03/26 (Bob Tennent) Supports Libertine and Biolinum fon
ts for all LaTeX engines.

(/usr/local/texlive/2020/texmf-dist/tex/generic/iftex/ifxetex.sty
Package: ifxetex 2019/10/25 v0.7 ifxetex legacy package. Use iftex instead.

(/usr/local/texlive/2020/texmf-dist/tex/generic/iftex/iftex.sty
Package: iftex 2020/03/06 v1.0d TeX engine tests
))
(/usr/local/texlive/2020/texmf-dist/tex/generic/iftex/ifluatex.sty
Package: ifluatex 2019/10/25 v1.5 ifluatex legacy package. Use iftex instead.
)
(/usr/local/texlive/2020/texmf-dist/tex/latex/xkeyval/xkeyval.sty
Package: xkeyval 2014/12/03 v2.7a package option processing (HA)

(/usr/local/texlive/2020/texmf-dist/tex/generic/xkeyval/xkeyval.tex
(/usr/local/texlive/2020/texmf-dist/tex/generic/xkeyval/xkvutils.tex
\XKV@toks=\toks17
\XKV@tempa@toks=\toks18
)
\XKV@depth=\count183
File: xkeyval.tex 2014/12/03 v2.7a key=value parser (HA)
))
(/usr/local/texlive/2020/texmf-dist/tex/latex/base/textcomp.sty
Package: textcomp 2020/02/02 v2.0n Standard LaTeX package
)
(/usr/local/texlive/2020/texmf-dist/tex/latex/base/fontenc.sty
Package: fontenc 2020/02/11 v2.0o Standard LaTeX package
)
(/usr/local/texlive/2020/texmf-dist/tex/latex/fontaxes/fontaxes.sty
Package: fontaxes 2014/03/23 v1.0d Font selection axes
LaTeX Info: Redefining \upshape on input line 29.
LaTeX Info: Redefining \itshape on input line 31.
LaTeX Info: Redefining \slshape on input line 33.
LaTeX Info: Redefining \swshape on input line 35.
LaTeX Info: Redefining \scshape on input line 37.
LaTeX Info: Redefining \sscshape on input line 39.
LaTeX Info: Redefining \ulcshape on input line 41.
LaTeX Info: Redefining \textsw on input line 47.
LaTeX Info: Redefining \textssc on input line 48.
LaTeX Info: Redefining \textulc on input line 49.
)
LaTeX Info: Redefining \oldstylenums on input line 484.

(/usr/local/texlive/2020/texmf-dist/tex/latex/libertine/LinLibertine_I.tex))
(/usr/local/texlive/2020/texmf-dist/tex/latex/titling/titling.sty
Package: titling 2009/09/04 v2.1d maketitle typesetting
\thanksmarkwidth=\skip50
\thanksmargin=\skip51
\droptitle=\skip52
)
(/usr/local/texlive/2020/texmf-dist/tex/latex/t2/mathtext.sty
Package: mathtext 2018/04/14 v1.0 transparent text-and-math defs
LaTeX Info: Redefining \halign on input line 121.
)
(/usr/local/texlive/2020/texmf-dist/tex/latex/amsmath/amsmath.sty
Package: amsmath 2020/01/20 v2.17e AMS math features
\@mathmargin=\skip53

For additional information on amsmath, use the `?' option.
(/usr/local/texlive/2020/texmf-dist/tex/latex/amsmath/amstext.sty
Package: amstext 2000/06/29 v2.01 AMS text

(/usr/local/texlive/2020/texmf-dist/tex/latex/amsmath/amsgen.sty
File: amsgen.sty 1999/11/30 v2.0 generic functions
\@emptytoks=\toks19
\ex@=\dimen152
))
(/usr/local/texlive/2020/texmf-dist/tex/latex/amsmath/amsbsy.sty
Package: amsbsy 1999/11/29 v1.2d Bold Symbols
\pmbraise@=\dimen153
)
(/usr/local/texlive/2020/texmf-dist/tex/latex/amsmath/amsopn.sty
Package: amsopn 2016/03/08 v2.02 operator names
)
\inf@bad=\count184
LaTeX Info: Redefining \frac on input line 227.
\uproot@=\count185
\leftroot@=\count186
LaTeX Info: Redefining \overline on input line 389.
\classnum@=\count187
\DOTSCASE@=\count188
LaTeX Info: Redefining \ldots on input line 486.
LaTeX Info: Redefining \dots on input line 489.
LaTeX Info: Redefining \cdots on input line 610.
\Mathstrutbox@=\box46
\strutbox@=\box47
\big@size=\dimen154
LaTeX Font Info:    Redeclaring font encoding OML on input line 733.
\symOMLletters=\mathgroup5
LaTeX Font Info:    Redeclaring font encoding OMS on input line 734.
\symOMSletters=\mathgroup6
\macc@depth=\count189
\c@MaxMatrixCols=\count190
\dotsspace@=\muskip16
\c@parentequation=\count191
\dspbrk@lvl=\count192
\tag@help=\toks20
\row@=\count193
\column@=\count194
\maxfields@=\count195
\andhelp@=\toks21
\eqnshift@=\dimen155
\alignsep@=\dimen156
\tagshift@=\dimen157
\tagwidth@=\dimen158
\totwidth@=\dimen159
\lineht@=\dimen160
\@envbody=\toks22
\multlinegap=\skip54
\multlinetaggap=\skip55
\mathdisplay@stack=\toks23
LaTeX Info: Redefining \[ on input line 2859.
LaTeX Info: Redefining \] on input line 2860.
)
(/usr/local/texlive/2020/texmf-dist/tex/latex/amsfonts/amsfonts.sty
Package: amsfonts 2013/01/14 v3.01 Basic AMSFonts support
\symAMSa=\mathgroup7
\symAMSb=\mathgroup8
LaTeX Font Info:    Redeclaring math symbol \hbar on input line 98.
LaTeX Font Info:    Overwriting math alphabet `\mathfrak' in version `bold'
(Font)                  U/euf/m/n --> U/euf/b/n on input line 106.
)
(/usr/local/texlive/2020/texmf-dist/tex/latex/amsfonts/amssymb.sty
Package: amssymb 2013/01/14 v3.01 AMS font symbols
LaTeX Font Info:    Redeclaring math symbol \boxdot on input line 44.
)
(/usr/local/texlive/2020/texmf-dist/tex/latex/amscls/amsthm.sty
Package: amsthm 2017/10/31 v2.20.4
\thm@style=\toks24
\thm@bodyfont=\toks25
\thm@headfont=\toks26
\thm@notefont=\toks27
\thm@headpunct=\toks28
\thm@preskip=\skip56
\thm@postskip=\skip57
\thm@headsep=\skip58
\dth@everypar=\toks29
)
(/usr/local/texlive/2020/texmf-dist/tex/latex/mathtools/mathtools.sty
Package: mathtools 2020/03/24 v1.24 mathematical typesetting tools

(/usr/local/texlive/2020/texmf-dist/tex/latex/tools/calc.sty
Package: calc 2017/05/25 v4.3 Infix arithmetic (KKT,FJ)
\calc@Acount=\count196
\calc@Bcount=\count197
\calc@Adimen=\dimen161
\calc@Bdimen=\dimen162
\calc@Askip=\skip59
\calc@Bskip=\skip60
LaTeX Info: Redefining \setlength on input line 80.
LaTeX Info: Redefining \addtolength on input line 81.
\calc@Ccount=\count198
\calc@Cskip=\skip61
)
(/usr/local/texlive/2020/texmf-dist/tex/latex/mathtools/mhsetup.sty
Package: mhsetup 2017/03/31 v1.3 programming setup (MH)
)
LaTeX Info: Thecontrolsequence`\('isalreadyrobust on input line 130.
LaTeX Info: Thecontrolsequence`\)'isalreadyrobust on input line 130.
LaTeX Info: Thecontrolsequence`\['isalreadyrobust on input line 130.
LaTeX Info: Thecontrolsequence`\]'isalreadyrobust on input line 130.
\g_MT_multlinerow_int=\count199
\l_MT_multwidth_dim=\dimen163
\origjot=\skip62
\l_MT_shortvdotswithinadjustabove_dim=\dimen164
\l_MT_shortvdotswithinadjustbelow_dim=\dimen165
\l_MT_above_intertext_sep=\dimen166
\l_MT_below_intertext_sep=\dimen167
\l_MT_above_shortintertext_sep=\dimen168
\l_MT_below_shortintertext_sep=\dimen169
\xmathstrut@box=\box48
\xmathstrut@dim=\dimen170
)
(/usr/local/texlive/2020/texmf-dist/tex/latex/was/icomma.sty
Package: icomma 2002/03/10 v2.0 (WaS)
)
(/usr/local/texlive/2020/texmf-dist/tex/latex/import/import.sty
Package: import 2020/01/22  v 6.0
)
(/usr/local/texlive/2020/texmf-dist/tex/latex/pdfpages/pdfpages.sty
Package: pdfpages 2020/01/28 v0.5q Insert pages of external PDF documents (AM)

(/usr/local/texlive/2020/texmf-dist/tex/latex/base/ifthen.sty
Package: ifthen 2014/09/29 v1.1c Standard LaTeX ifthen package (DPC)
)
(/usr/local/texlive/2020/texmf-dist/tex/latex/eso-pic/eso-pic.sty
Package: eso-pic 2018/04/12 v2.0h eso-pic (RN)

(/usr/local/texlive/2020/texmf-dist/tex/generic/atbegshi/atbegshi.sty
Package: atbegshi 2019/12/05 v1.19 At begin shipout hook (HO)

(/usr/local/texlive/2020/texmf-dist/tex/generic/infwarerr/infwarerr.sty
Package: infwarerr 2019/12/03 v1.5 Providing info/warning/error messages (HO)
)
(/usr/local/texlive/2020/texmf-dist/tex/generic/ltxcmds/ltxcmds.sty
Package: ltxcmds 2019/12/15 v1.24 LaTeX kernel commands for general use (HO)
))
(/usr/local/texlive/2020/texmf-dist/tex/latex/xcolor/xcolor.sty
Package: xcolor 2016/05/11 v2.12 LaTeX color extensions (UK)

(/usr/local/texlive/2020/texmf-dist/tex/latex/graphics-cfg/color.cfg
File: color.cfg 2016/01/02 v1.6 sample color configuration
)
Package xcolor Info: Driver file: pdftex.def on input line 225.
Package xcolor Info: Model `cmy' substituted by `cmy0' on input line 1348.
Package xcolor Info: Model `hsb' substituted by `rgb' on input line 1352.
Package xcolor Info: Model `RGB' extended on input line 1364.
Package xcolor Info: Model `HTML' substituted by `rgb' on input line 1366.
Package xcolor Info: Model `Hsb' substituted by `hsb' on input line 1367.
Package xcolor Info: Model `tHsb' substituted by `hsb' on input line 1368.
Package xcolor Info: Model `HSB' substituted by `hsb' on input line 1369.
Package xcolor Info: Model `Gray' substituted by `gray' on input line 1370.
Package xcolor Info: Model `wave' substituted by `hsb' on input line 1371.

(/usr/local/texlive/2020/texmf-dist/tex/latex/graphics/dvipsnam.def
File: dvipsnam.def 2016/06/17 v3.0m Driver-dependent file (DPC,SPQR)
)))
\AM@pagewidth=\dimen171
\AM@pageheight=\dimen172

(/usr/local/texlive/2020/texmf-dist/tex/latex/pdfpages/pppdftex.def
File: pppdftex.def 2020/01/28 v0.5q Pdfpages driver for pdfTeX (AM)
)
\AM@pagebox=\box49
\AM@global@opts=\toks30
\AM@pagecnt=\count266
\AM@toc@title=\toks31
\c@AM@survey=\count267
\AM@templatesizebox=\box50
)
(/usr/local/texlive/2020/texmf-dist/tex/latex/transparent/transparent.sty
Package: transparent 2019/11/29 v1.4 Transparency via pdfTeX's color stack (HO)


(/usr/local/texlive/2020/texmf-dist/tex/latex/auxhook/auxhook.sty
Package: auxhook 2019-12-17 v1.6 Hooks for auxiliary files (HO)
))
(/usr/local/texlive/2020/texmf-dist/tex/latex/caption/caption.sty
Package: caption 2020/01/03 v3.4h Customizing captions (AR)

(/usr/local/texlive/2020/texmf-dist/tex/latex/caption/caption3.sty
Package: caption3 2020/01/03 v1.8h caption3 kernel (AR)
Package caption3 Info: TeX engine: e-TeX on input line 61.
\captionmargin=\dimen173
\captionmargin@=\dimen174
\captionwidth=\dimen175
\caption@tempdima=\dimen176
\caption@indent=\dimen177
\caption@parindent=\dimen178
\caption@hangindent=\dimen179
Package caption Info: Standard document class detected.
)
\c@caption@flags=\count268
\c@continuedfloat=\count269
)
(/usr/local/texlive/2020/texmf-dist/tex/latex/epigraph/epigraph.sty
Package: epigraph 2020/01/02 v1.5e typesetting epigraphs

(/usr/local/texlive/2020/texmf-dist/tex/latex/nextpage/nextpage.sty
Package: nextpage 2009/09/03 v1.1a additional page commands
)
\beforeepigraphskip=\skip63
\afterepigraphskip=\skip64
\epigraphwidth=\skip65
\epigraphrule=\skip66
)
(/usr/local/texlive/2020/texmf-dist/tex/latex/comment/comment.sty
\CommentStream=\write3

Excluding comment 'comment')
(/usr/local/texlive/2020/texmf-dist/tex/latex/l3packages/xfrac/xfrac.sty
(/usr/local/texlive/2020/texmf-dist/tex/latex/l3kernel/expl3.sty
Package: expl3 2020-03-06 L3 programming layer (loader) 

(/usr/local/texlive/2020/texmf-dist/tex/latex/l3backend/l3backend-pdfmode.def
File: l3backend-pdfmode.def 2020-03-12 L3 backend support: PDF mode
\l__kernel_color_stack_int=\count270
\l__pdf_internal_box=\box51
)) (/usr/local/texlive/2020/texmf-dist/tex/latex/l3packages/l3keys2e/l3keys2e.s
ty
Package: l3keys2e 2020-03-06 LaTeX2e option processing using LaTeX3 keys
) (/usr/local/texlive/2020/texmf-dist/tex/latex/l3packages/xparse/xparse.sty
Package: xparse 2020-03-06 L3 Experimental document command parser
\l__xparse_current_arg_int=\count271
\g__xparse_grabber_int=\count272
\l__xparse_m_args_int=\count273
\l__xparse_v_nesting_int=\count274
)
(/usr/local/texlive/2020/texmf-dist/tex/latex/l3packages/xtemplate/xtemplate.st
y
Package: xtemplate 2020-03-06 L3 Experimental prototype document functions
\l__xtemplate_tmp_dim=\dimen180
\l__xtemplate_tmp_int=\count275
\l__xtemplate_tmp_muskip=\muskip17
\l__xtemplate_tmp_skip=\skip67
)
Package: xfrac 2020-03-06 L3 Experimental split-level fractions
\l__xfrac_slash_box=\box52
\l__xfrac_tmp_box=\box53
\l__xfrac_denominator_bot_sep_dim=\dimen181
\l__xfrac_numerator_bot_sep_dim=\dimen182
\l__xfrac_numerator_top_sep_dim=\dimen183
\l__xfrac_slash_left_sep_dim=\dimen184
\l__xfrac_slash_right_sep_dim=\dimen185
\l__xfrac_slash_left_muskip=\muskip18
\l__xfrac_slash_right_muskip=\muskip19

Package xtemplate Info: Declaring object type 'xfrac' taking 3 argument(s) on
(xtemplate)             line 80.

) (/usr/local/texlive/2020/texmf-dist/tex/latex/moresize/moresize.sty
Package: moresize 1999/07/26 v1.9 (more font sizes)
)
(/usr/local/texlive/2020/texmf-dist/tex/latex/doublestroke/dsfont.sty
Package: dsfont 1995/08/01 v0.1 Double stroke roman fonts
)
\c@statement=\count276
\c@corollary=\count277
\c@theorem=\count278
\c@definition=\count279
\c@example=\count280
\c@homework=\count281
\c@antiexample=\count282
\c@lemma=\count283

(/usr/local/texlive/2020/texmf-dist/tex/latex/geometry/geometry.sty
Package: geometry 2020/01/02 v5.9 Page Geometry

(/usr/local/texlive/2020/texmf-dist/tex/generic/iftex/ifvtex.sty
Package: ifvtex 2019/10/25 v1.7 ifvtex legacy package. Use iftex instead.
)
\Gm@cnth=\count284
\Gm@cntv=\count285
\c@Gm@tempcnt=\count286
\Gm@bindingoffset=\dimen186
\Gm@wd@mp=\dimen187
\Gm@odd@mp=\dimen188
\Gm@even@mp=\dimen189
\Gm@layoutwidth=\dimen190
\Gm@layoutheight=\dimen191
\Gm@layouthoffset=\dimen192
\Gm@layoutvoffset=\dimen193
\Gm@dimlist=\toks32
)
(/usr/local/texlive/2020/texmf-dist/tex/latex/fancyhdr/fancyhdr.sty
Package: fancyhdr 2019/01/31 v3.10 Extensive control of page headers and footer
s
\f@nch@headwidth=\skip68
\f@nch@O@elh=\skip69
\f@nch@O@erh=\skip70
\f@nch@O@olh=\skip71
\f@nch@O@orh=\skip72
\f@nch@O@elf=\skip73
\f@nch@O@erf=\skip74
\f@nch@O@olf=\skip75
\f@nch@O@orf=\skip76
)
(/usr/local/texlive/2020/texmf-dist/tex/latex/hyperref/hyperref.sty
Package: hyperref 2020/01/14 v7.00d Hypertext links for LaTeX

(/usr/local/texlive/2020/texmf-dist/tex/latex/pdftexcmds/pdftexcmds.sty
Package: pdftexcmds 2019/11/24 v0.31 Utility functions of pdfTeX for LuaTeX (HO
)
Package pdftexcmds Info: \pdf@primitive is available.
Package pdftexcmds Info: \pdf@ifprimitive is available.
Package pdftexcmds Info: \pdfdraftmode found.
)
(/usr/local/texlive/2020/texmf-dist/tex/generic/kvsetkeys/kvsetkeys.sty
Package: kvsetkeys 2019/12/15 v1.18 Key value parser (HO)
)
(/usr/local/texlive/2020/texmf-dist/tex/generic/kvdefinekeys/kvdefinekeys.sty
Package: kvdefinekeys 2019-12-19 v1.6 Define keys (HO)
)
(/usr/local/texlive/2020/texmf-dist/tex/generic/pdfescape/pdfescape.sty
Package: pdfescape 2019/12/09 v1.15 Implements pdfTeX's escape features (HO)
)
(/usr/local/texlive/2020/texmf-dist/tex/latex/hycolor/hycolor.sty
Package: hycolor 2020-01-27 v1.10 Color options for hyperref/bookmark (HO)
)
(/usr/local/texlive/2020/texmf-dist/tex/latex/letltxmacro/letltxmacro.sty
Package: letltxmacro 2019/12/03 v1.6 Let assignment for LaTeX macros (HO)
)
(/usr/local/texlive/2020/texmf-dist/tex/latex/kvoptions/kvoptions.sty
Package: kvoptions 2019/11/29 v3.13 Key value format for package options (HO)
)
\@linkdim=\dimen194
\Hy@linkcounter=\count287
\Hy@pagecounter=\count288

(/usr/local/texlive/2020/texmf-dist/tex/latex/hyperref/pd1enc.def
File: pd1enc.def 2020/01/14 v7.00d Hyperref: PDFDocEncoding definition (HO)
Now handling font encoding PD1 ...
... no UTF-8 mapping file for font encoding PD1
\symPD1letters=\mathgroup9
)
(/usr/local/texlive/2020/texmf-dist/tex/generic/intcalc/intcalc.sty
Package: intcalc 2019/12/15 v1.3 Expandable calculations with integers (HO)
)
(/usr/local/texlive/2020/texmf-dist/tex/generic/etexcmds/etexcmds.sty
Package: etexcmds 2019/12/15 v1.7 Avoid name clashes with e-TeX commands (HO)
)
\Hy@SavedSpaceFactor=\count289
Package hyperref Info: Option `unicode' set `true' on input line 3502.

(/usr/local/texlive/2020/texmf-dist/tex/latex/hyperref/puenc.def
File: puenc.def 2020/01/14 v7.00d Hyperref: PDF Unicode definition (HO)
Now handling font encoding PU ...
... no UTF-8 mapping file for font encoding PU
\symPUletters=\mathgroup10
)
Package hyperref Info: Option `unicode' set `true' on input line 4421.
Package hyperref Info: Hyper figures OFF on input line 4547.
Package hyperref Info: Link nesting OFF on input line 4552.
Package hyperref Info: Hyper index ON on input line 4555.
Package hyperref Info: Plain pages OFF on input line 4562.
Package hyperref Info: Backreferencing OFF on input line 4567.
Package hyperref Info: Implicit mode ON; LaTeX internals redefined.
Package hyperref Info: Bookmarks ON on input line 4800.
\c@Hy@tempcnt=\count290

(/usr/local/texlive/2020/texmf-dist/tex/latex/url/url.sty
\Urlmuskip=\muskip20
Package: url 2013/09/16  ver 3.4  Verb mode for urls, etc.
)
LaTeX Info: Redefining \url on input line 5159.
\XeTeXLinkMargin=\dimen195

(/usr/local/texlive/2020/texmf-dist/tex/generic/bitset/bitset.sty
Package: bitset 2019/12/09 v1.3 Handle bit-vector datatype (HO)

(/usr/local/texlive/2020/texmf-dist/tex/generic/bigintcalc/bigintcalc.sty
Package: bigintcalc 2019/12/15 v1.5 Expandable calculations on big integers (HO
)
))
\Fld@menulength=\count291
\Field@Width=\dimen196
\Fld@charsize=\dimen197
Package hyperref Info: Hyper figures OFF on input line 6430.
Package hyperref Info: Link nesting OFF on input line 6435.
Package hyperref Info: Hyper index ON on input line 6438.
Package hyperref Info: backreferencing OFF on input line 6445.
Package hyperref Info: Link coloring OFF on input line 6450.
Package hyperref Info: Link coloring with OCG OFF on input line 6455.
Package hyperref Info: PDF/A mode OFF on input line 6460.
LaTeX Info: Redefining \ref on input line 6500.
LaTeX Info: Redefining \pageref on input line 6504.
\Hy@abspage=\count292
\c@Item=\count293
\c@Hfootnote=\count294
)
Package hyperref Info: Driver: hpdftex.

(/usr/local/texlive/2020/texmf-dist/tex/latex/hyperref/hpdftex.def
File: hpdftex.def 2020/01/14 v7.00d Hyperref driver for pdfTeX

(/usr/local/texlive/2020/texmf-dist/tex/latex/atveryend/atveryend.sty
Package: atveryend 2019-12-11 v1.11 Hooks at the very end of document (HO)
Package atveryend Info: \enddocument detected (standard20110627).
)
\Fld@listcount=\count295
\c@bookmark@seq@number=\count296

(/usr/local/texlive/2020/texmf-dist/tex/latex/rerunfilecheck/rerunfilecheck.sty
Package: rerunfilecheck 2019/12/05 v1.9 Rerun checks for auxiliary files (HO)

(/usr/local/texlive/2020/texmf-dist/tex/generic/uniquecounter/uniquecounter.sty
Package: uniquecounter 2019/12/15 v1.4 Provide unlimited unique counter (HO)
)
Package uniquecounter Info: New unique counter `rerunfilecheck' on input line 2
86.
)
\Hy@SectionHShift=\skip77
)
Package hyperref Info: Option `colorlinks' set `false' on input line 185.
 (/usr/local/texlive/2020/texmf-dist/tex/latex/esint/esint.sty
Package: esint 
\symlargesymbolsA=\mathgroup11
)
(/usr/local/texlive/2020/texmf-dist/tex/latex/pgfplots/pgfplots.sty
(/usr/local/texlive/2020/texmf-dist/tex/generic/pgfplots/pgfplots.revision.tex)
Package: pgfplots 2020/02/29 v1.17 Data Visualization (1.17)
(/usr/local/texlive/2020/texmf-dist/tex/latex/pgf/frontendlayer/tikz.sty
(/usr/local/texlive/2020/texmf-dist/tex/latex/pgf/basiclayer/pgf.sty
(/usr/local/texlive/2020/texmf-dist/tex/latex/pgf/utilities/pgfrcs.sty
(/usr/local/texlive/2020/texmf-dist/tex/generic/pgf/utilities/pgfutil-common.te
x
\pgfutil@everybye=\toks33
\pgfutil@tempdima=\dimen198
\pgfutil@tempdimb=\dimen199

(/usr/local/texlive/2020/texmf-dist/tex/generic/pgf/utilities/pgfutil-common-li
sts.tex))
(/usr/local/texlive/2020/texmf-dist/tex/generic/pgf/utilities/pgfutil-latex.def
\pgfutil@abb=\box54
(/usr/local/texlive/2020/texmf-dist/tex/latex/ms/everyshi.sty
Package: everyshi 2001/05/15 v3.00 EveryShipout Package (MS)
))
(/usr/local/texlive/2020/texmf-dist/tex/generic/pgf/utilities/pgfrcs.code.tex
(/usr/local/texlive/2020/texmf-dist/tex/generic/pgf/pgf.revision.tex)
Package: pgfrcs 2020/01/08 v3.1.5b (3.1.5b)
))
Package: pgf 2020/01/08 v3.1.5b (3.1.5b)

(/usr/local/texlive/2020/texmf-dist/tex/latex/pgf/basiclayer/pgfcore.sty
(/usr/local/texlive/2020/texmf-dist/tex/latex/pgf/systemlayer/pgfsys.sty
(/usr/local/texlive/2020/texmf-dist/tex/generic/pgf/systemlayer/pgfsys.code.tex
Package: pgfsys 2020/01/08 v3.1.5b (3.1.5b)
(/usr/local/texlive/2020/texmf-dist/tex/generic/pgf/utilities/pgfkeys.code.tex
\pgfkeys@pathtoks=\toks34
\pgfkeys@temptoks=\toks35

(/usr/local/texlive/2020/texmf-dist/tex/generic/pgf/utilities/pgfkeysfiltered.c
ode.tex
\pgfkeys@tmptoks=\toks36
))
\pgf@x=\dimen256
\pgf@y=\dimen257
\pgf@xa=\dimen258
\pgf@ya=\dimen259
\pgf@xb=\dimen260
\pgf@yb=\dimen261
\pgf@xc=\dimen262
\pgf@yc=\dimen263
\pgf@xd=\dimen264
\pgf@yd=\dimen265
\w@pgf@writea=\write4
\r@pgf@reada=\read3
\c@pgf@counta=\count297
\c@pgf@countb=\count298
\c@pgf@countc=\count299
\c@pgf@countd=\count300
\t@pgf@toka=\toks37
\t@pgf@tokb=\toks38
\t@pgf@tokc=\toks39
\pgf@sys@id@count=\count301

(/usr/local/texlive/2020/texmf-dist/tex/generic/pgf/systemlayer/pgf.cfg
File: pgf.cfg 2020/01/08 v3.1.5b (3.1.5b)
)
Driver file for pgf: pgfsys-pdftex.def

(/usr/local/texlive/2020/texmf-dist/tex/generic/pgf/systemlayer/pgfsys-pdftex.d
ef
File: pgfsys-pdftex.def 2020/01/08 v3.1.5b (3.1.5b)

(/usr/local/texlive/2020/texmf-dist/tex/generic/pgf/systemlayer/pgfsys-common-p
df.def
File: pgfsys-common-pdf.def 2020/01/08 v3.1.5b (3.1.5b)
)))
(/usr/local/texlive/2020/texmf-dist/tex/generic/pgf/systemlayer/pgfsyssoftpath.
code.tex
File: pgfsyssoftpath.code.tex 2020/01/08 v3.1.5b (3.1.5b)
\pgfsyssoftpath@smallbuffer@items=\count302
\pgfsyssoftpath@bigbuffer@items=\count303
)
(/usr/local/texlive/2020/texmf-dist/tex/generic/pgf/systemlayer/pgfsysprotocol.
code.tex
File: pgfsysprotocol.code.tex 2020/01/08 v3.1.5b (3.1.5b)
))
(/usr/local/texlive/2020/texmf-dist/tex/generic/pgf/basiclayer/pgfcore.code.tex
Package: pgfcore 2020/01/08 v3.1.5b (3.1.5b)
(/usr/local/texlive/2020/texmf-dist/tex/generic/pgf/math/pgfmath.code.tex
(/usr/local/texlive/2020/texmf-dist/tex/generic/pgf/math/pgfmathcalc.code.tex
(/usr/local/texlive/2020/texmf-dist/tex/generic/pgf/math/pgfmathutil.code.tex)
(/usr/local/texlive/2020/texmf-dist/tex/generic/pgf/math/pgfmathparser.code.tex
\pgfmath@dimen=\dimen266
\pgfmath@count=\count304
\pgfmath@box=\box55
\pgfmath@toks=\toks40
\pgfmath@stack@operand=\toks41
\pgfmath@stack@operation=\toks42
)
(/usr/local/texlive/2020/texmf-dist/tex/generic/pgf/math/pgfmathfunctions.code.
tex
(/usr/local/texlive/2020/texmf-dist/tex/generic/pgf/math/pgfmathfunctions.basic
.code.tex)
(/usr/local/texlive/2020/texmf-dist/tex/generic/pgf/math/pgfmathfunctions.trigo
nometric.code.tex)
(/usr/local/texlive/2020/texmf-dist/tex/generic/pgf/math/pgfmathfunctions.rando
m.code.tex)
(/usr/local/texlive/2020/texmf-dist/tex/generic/pgf/math/pgfmathfunctions.compa
rison.code.tex)
(/usr/local/texlive/2020/texmf-dist/tex/generic/pgf/math/pgfmathfunctions.base.
code.tex)
(/usr/local/texlive/2020/texmf-dist/tex/generic/pgf/math/pgfmathfunctions.round
.code.tex)
(/usr/local/texlive/2020/texmf-dist/tex/generic/pgf/math/pgfmathfunctions.misc.
code.tex)
(/usr/local/texlive/2020/texmf-dist/tex/generic/pgf/math/pgfmathfunctions.integ
erarithmetics.code.tex)))
(/usr/local/texlive/2020/texmf-dist/tex/generic/pgf/math/pgfmathfloat.code.tex
\c@pgfmathroundto@lastzeros=\count305
)) (/usr/local/texlive/2020/texmf-dist/tex/generic/pgf/math/pgfint.code.tex)
(/usr/local/texlive/2020/texmf-dist/tex/generic/pgf/basiclayer/pgfcorepoints.co
de.tex
File: pgfcorepoints.code.tex 2020/01/08 v3.1.5b (3.1.5b)
\pgf@picminx=\dimen267
\pgf@picmaxx=\dimen268
\pgf@picminy=\dimen269
\pgf@picmaxy=\dimen270
\pgf@pathminx=\dimen271
\pgf@pathmaxx=\dimen272
\pgf@pathminy=\dimen273
\pgf@pathmaxy=\dimen274
\pgf@xx=\dimen275
\pgf@xy=\dimen276
\pgf@yx=\dimen277
\pgf@yy=\dimen278
\pgf@zx=\dimen279
\pgf@zy=\dimen280
)
(/usr/local/texlive/2020/texmf-dist/tex/generic/pgf/basiclayer/pgfcorepathconst
ruct.code.tex
File: pgfcorepathconstruct.code.tex 2020/01/08 v3.1.5b (3.1.5b)
\pgf@path@lastx=\dimen281
\pgf@path@lasty=\dimen282
)
(/usr/local/texlive/2020/texmf-dist/tex/generic/pgf/basiclayer/pgfcorepathusage
.code.tex
File: pgfcorepathusage.code.tex 2020/01/08 v3.1.5b (3.1.5b)
\pgf@shorten@end@additional=\dimen283
\pgf@shorten@start@additional=\dimen284
)
(/usr/local/texlive/2020/texmf-dist/tex/generic/pgf/basiclayer/pgfcorescopes.co
de.tex
File: pgfcorescopes.code.tex 2020/01/08 v3.1.5b (3.1.5b)
\pgfpic=\box56
\pgf@hbox=\box57
\pgf@layerbox@main=\box58
\pgf@picture@serial@count=\count306
)
(/usr/local/texlive/2020/texmf-dist/tex/generic/pgf/basiclayer/pgfcoregraphicst
ate.code.tex
File: pgfcoregraphicstate.code.tex 2020/01/08 v3.1.5b (3.1.5b)
\pgflinewidth=\dimen285
)
(/usr/local/texlive/2020/texmf-dist/tex/generic/pgf/basiclayer/pgfcoretransform
ations.code.tex
File: pgfcoretransformations.code.tex 2020/01/08 v3.1.5b (3.1.5b)
\pgf@pt@x=\dimen286
\pgf@pt@y=\dimen287
\pgf@pt@temp=\dimen288
)
(/usr/local/texlive/2020/texmf-dist/tex/generic/pgf/basiclayer/pgfcorequick.cod
e.tex
File: pgfcorequick.code.tex 2020/01/08 v3.1.5b (3.1.5b)
)
(/usr/local/texlive/2020/texmf-dist/tex/generic/pgf/basiclayer/pgfcoreobjects.c
ode.tex
File: pgfcoreobjects.code.tex 2020/01/08 v3.1.5b (3.1.5b)
)
(/usr/local/texlive/2020/texmf-dist/tex/generic/pgf/basiclayer/pgfcorepathproce
ssing.code.tex
File: pgfcorepathprocessing.code.tex 2020/01/08 v3.1.5b (3.1.5b)
)
(/usr/local/texlive/2020/texmf-dist/tex/generic/pgf/basiclayer/pgfcorearrows.co
de.tex
File: pgfcorearrows.code.tex 2020/01/08 v3.1.5b (3.1.5b)
\pgfarrowsep=\dimen289
)
(/usr/local/texlive/2020/texmf-dist/tex/generic/pgf/basiclayer/pgfcoreshade.cod
e.tex
File: pgfcoreshade.code.tex 2020/01/08 v3.1.5b (3.1.5b)
\pgf@max=\dimen290
\pgf@sys@shading@range@num=\count307
\pgf@shadingcount=\count308
)
(/usr/local/texlive/2020/texmf-dist/tex/generic/pgf/basiclayer/pgfcoreimage.cod
e.tex
File: pgfcoreimage.code.tex 2020/01/08 v3.1.5b (3.1.5b)

(/usr/local/texlive/2020/texmf-dist/tex/generic/pgf/basiclayer/pgfcoreexternal.
code.tex
File: pgfcoreexternal.code.tex 2020/01/08 v3.1.5b (3.1.5b)
\pgfexternal@startupbox=\box59
))
(/usr/local/texlive/2020/texmf-dist/tex/generic/pgf/basiclayer/pgfcorelayers.co
de.tex
File: pgfcorelayers.code.tex 2020/01/08 v3.1.5b (3.1.5b)
)
(/usr/local/texlive/2020/texmf-dist/tex/generic/pgf/basiclayer/pgfcoretranspare
ncy.code.tex
File: pgfcoretransparency.code.tex 2020/01/08 v3.1.5b (3.1.5b)
)
(/usr/local/texlive/2020/texmf-dist/tex/generic/pgf/basiclayer/pgfcorepatterns.
code.tex
File: pgfcorepatterns.code.tex 2020/01/08 v3.1.5b (3.1.5b)
)
(/usr/local/texlive/2020/texmf-dist/tex/generic/pgf/basiclayer/pgfcorerdf.code.
tex
File: pgfcorerdf.code.tex 2020/01/08 v3.1.5b (3.1.5b)
)))
(/usr/local/texlive/2020/texmf-dist/tex/generic/pgf/modules/pgfmoduleshapes.cod
e.tex
File: pgfmoduleshapes.code.tex 2020/01/08 v3.1.5b (3.1.5b)
\pgfnodeparttextbox=\box60
)
(/usr/local/texlive/2020/texmf-dist/tex/generic/pgf/modules/pgfmoduleplot.code.
tex
File: pgfmoduleplot.code.tex 2020/01/08 v3.1.5b (3.1.5b)
)
(/usr/local/texlive/2020/texmf-dist/tex/latex/pgf/compatibility/pgfcomp-version
-0-65.sty
Package: pgfcomp-version-0-65 2020/01/08 v3.1.5b (3.1.5b)
\pgf@nodesepstart=\dimen291
\pgf@nodesepend=\dimen292
)
(/usr/local/texlive/2020/texmf-dist/tex/latex/pgf/compatibility/pgfcomp-version
-1-18.sty
Package: pgfcomp-version-1-18 2020/01/08 v3.1.5b (3.1.5b)
))
(/usr/local/texlive/2020/texmf-dist/tex/latex/pgf/utilities/pgffor.sty
(/usr/local/texlive/2020/texmf-dist/tex/latex/pgf/utilities/pgfkeys.sty
(/usr/local/texlive/2020/texmf-dist/tex/generic/pgf/utilities/pgfkeys.code.tex)
) (/usr/local/texlive/2020/texmf-dist/tex/latex/pgf/math/pgfmath.sty
(/usr/local/texlive/2020/texmf-dist/tex/generic/pgf/math/pgfmath.code.tex))
(/usr/local/texlive/2020/texmf-dist/tex/generic/pgf/utilities/pgffor.code.tex
Package: pgffor 2020/01/08 v3.1.5b (3.1.5b)

(/usr/local/texlive/2020/texmf-dist/tex/generic/pgf/math/pgfmath.code.tex)
\pgffor@iter=\dimen293
\pgffor@skip=\dimen294
\pgffor@stack=\toks43
\pgffor@toks=\toks44
))
(/usr/local/texlive/2020/texmf-dist/tex/generic/pgf/frontendlayer/tikz/tikz.cod
e.tex
Package: tikz 2020/01/08 v3.1.5b (3.1.5b)

(/usr/local/texlive/2020/texmf-dist/tex/generic/pgf/libraries/pgflibraryplothan
dlers.code.tex
File: pgflibraryplothandlers.code.tex 2020/01/08 v3.1.5b (3.1.5b)
\pgf@plot@mark@count=\count309
\pgfplotmarksize=\dimen295
)
\tikz@lastx=\dimen296
\tikz@lasty=\dimen297
\tikz@lastxsaved=\dimen298
\tikz@lastysaved=\dimen299
\tikz@lastmovetox=\dimen300
\tikz@lastmovetoy=\dimen301
\tikzleveldistance=\dimen302
\tikzsiblingdistance=\dimen303
\tikz@figbox=\box61
\tikz@figbox@bg=\box62
\tikz@tempbox=\box63
\tikz@tempbox@bg=\box64
\tikztreelevel=\count310
\tikznumberofchildren=\count311
\tikznumberofcurrentchild=\count312
\tikz@fig@count=\count313

(/usr/local/texlive/2020/texmf-dist/tex/generic/pgf/modules/pgfmodulematrix.cod
e.tex
File: pgfmodulematrix.code.tex 2020/01/08 v3.1.5b (3.1.5b)
\pgfmatrixcurrentrow=\count314
\pgfmatrixcurrentcolumn=\count315
\pgf@matrix@numberofcolumns=\count316
)
\tikz@expandcount=\count317

(/usr/local/texlive/2020/texmf-dist/tex/generic/pgf/frontendlayer/tikz/librarie
s/tikzlibrarytopaths.code.tex
File: tikzlibrarytopaths.code.tex 2020/01/08 v3.1.5b (3.1.5b)
)))
(/usr/local/texlive/2020/texmf-dist/tex/generic/pgfplots/pgfplots.code.tex
(/usr/local/texlive/2020/texmf-dist/tex/generic/pgfplots/pgfplotscore.code.tex
\t@pgfplots@toka=\toks45
\t@pgfplots@tokb=\toks46
\t@pgfplots@tokc=\toks47
\pgfplots@tmpa=\dimen304
\c@pgfplots@coordindex=\count318
\c@pgfplots@scanlineindex=\count319

(/usr/local/texlive/2020/texmf-dist/tex/generic/pgfplots/sys/pgfplotssysgeneric
.code.tex))
(/usr/local/texlive/2020/texmf-dist/tex/generic/pgfplots/libs/pgfplotslibrary.c
ode.tex)
(/usr/local/texlive/2020/texmf-dist/tex/generic/pgfplots/oldpgfcompatib/pgfplot
soldpgfsupp_loader.code.tex
(/usr/local/texlive/2020/texmf-dist/tex/generic/pgf/libraries/pgflibraryfpu.cod
e.tex))
(/usr/local/texlive/2020/texmf-dist/tex/generic/pgfplots/util/pgfplotsutil.code
.tex
(/usr/local/texlive/2020/texmf-dist/tex/generic/pgfplots/liststructure/pgfplots
liststructure.code.tex)
(/usr/local/texlive/2020/texmf-dist/tex/generic/pgfplots/liststructure/pgfplots
liststructureext.code.tex)
(/usr/local/texlive/2020/texmf-dist/tex/generic/pgfplots/liststructure/pgfplots
array.code.tex
\c@pgfplotsarray@tmp=\count320
)
(/usr/local/texlive/2020/texmf-dist/tex/generic/pgfplots/liststructure/pgfplots
matrix.code.tex)
(/usr/local/texlive/2020/texmf-dist/tex/generic/pgfplots/numtable/pgfplotstable
shared.code.tex
\c@pgfplotstable@counta=\count321
\t@pgfplotstable@a=\toks48
)
(/usr/local/texlive/2020/texmf-dist/tex/generic/pgfplots/liststructure/pgfplots
deque.code.tex)
(/usr/local/texlive/2020/texmf-dist/tex/generic/pgfplots/util/pgfplotsbinary.co
de.tex
(/usr/local/texlive/2020/texmf-dist/tex/generic/pgfplots/util/pgfplotsbinary.da
ta.code.tex))
(/usr/local/texlive/2020/texmf-dist/tex/generic/pgfplots/util/pgfplotsutil.verb
.code.tex)
(/usr/local/texlive/2020/texmf-dist/tex/generic/pgfplots/libs/pgflibrarypgfplot
s.surfshading.code.tex
\c@pgfplotslibrarysurf@no=\count322

(/usr/local/texlive/2020/texmf-dist/tex/generic/pgfplots/sys/pgflibrarypgfplots
.surfshading.pgfsys-pdftex.def)))
(/usr/local/texlive/2020/texmf-dist/tex/generic/pgfplots/util/pgfplotscolormap.
code.tex
(/usr/local/texlive/2020/texmf-dist/tex/generic/pgfplots/util/pgfplotscolor.cod
e.tex))
(/usr/local/texlive/2020/texmf-dist/tex/generic/pgfplots/pgfplotsstackedplots.c
ode.tex)
(/usr/local/texlive/2020/texmf-dist/tex/generic/pgfplots/pgfplotsplothandlers.c
ode.tex
(/usr/local/texlive/2020/texmf-dist/tex/generic/pgfplots/pgfplotsmeshplothandle
r.code.tex
(/usr/local/texlive/2020/texmf-dist/tex/generic/pgfplots/pgfplotsmeshplotimage.
code.tex)))
(/usr/local/texlive/2020/texmf-dist/tex/generic/pgfplots/pgfplots.scaling.code.
tex)
(/usr/local/texlive/2020/texmf-dist/tex/generic/pgfplots/pgfplotscoordprocessin
g.code.tex)
(/usr/local/texlive/2020/texmf-dist/tex/generic/pgfplots/pgfplots.errorbars.cod
e.tex)
(/usr/local/texlive/2020/texmf-dist/tex/generic/pgfplots/pgfplots.markers.code.
tex)
(/usr/local/texlive/2020/texmf-dist/tex/generic/pgfplots/pgfplotsticks.code.tex
)
(/usr/local/texlive/2020/texmf-dist/tex/generic/pgfplots/pgfplots.paths.code.te
x)
(/usr/local/texlive/2020/texmf-dist/tex/generic/pgf/frontendlayer/tikz/librarie
s/tikzlibrarydecorations.code.tex
(/usr/local/texlive/2020/texmf-dist/tex/generic/pgf/modules/pgfmoduledecoration
s.code.tex
\pgfdecoratedcompleteddistance=\dimen305
\pgfdecoratedremainingdistance=\dimen306
\pgfdecoratedinputsegmentcompleteddistance=\dimen307
\pgfdecoratedinputsegmentremainingdistance=\dimen308
\pgf@decorate@distancetomove=\dimen309
\pgf@decorate@repeatstate=\count323
\pgfdecorationsegmentamplitude=\dimen310
\pgfdecorationsegmentlength=\dimen311
)
\tikz@lib@dec@box=\box65
)
(/usr/local/texlive/2020/texmf-dist/tex/generic/pgf/frontendlayer/tikz/librarie
s/tikzlibrarydecorations.pathmorphing.code.tex
(/usr/local/texlive/2020/texmf-dist/tex/generic/pgf/libraries/decorations/pgfli
brarydecorations.pathmorphing.code.tex))
(/usr/local/texlive/2020/texmf-dist/tex/generic/pgf/frontendlayer/tikz/librarie
s/tikzlibrarydecorations.pathreplacing.code.tex
(/usr/local/texlive/2020/texmf-dist/tex/generic/pgf/libraries/decorations/pgfli
brarydecorations.pathreplacing.code.tex))
\pgfplots@numplots=\count324
\pgfplots@xmin@reg=\dimen312
\pgfplots@xmax@reg=\dimen313
\pgfplots@ymin@reg=\dimen314
\pgfplots@ymax@reg=\dimen315
\pgfplots@zmin@reg=\dimen316
\pgfplots@zmax@reg=\dimen317
)
(/usr/local/texlive/2020/texmf-dist/tex/generic/pgf/frontendlayer/tikz/librarie
s/tikzlibraryplotmarks.code.tex
File: tikzlibraryplotmarks.code.tex 2020/01/08 v3.1.5b (3.1.5b)

(/usr/local/texlive/2020/texmf-dist/tex/generic/pgf/libraries/pgflibraryplotmar
ks.code.tex
File: pgflibraryplotmarks.code.tex 2020/01/08 v3.1.5b (3.1.5b)
)))
(/usr/local/texlive/2020/texmf-dist/tex/generic/pgf/frontendlayer/tikz/librarie
s/tikzlibrary3d.code.tex
File: tikzlibrary3d.code.tex 2020/01/08 v3.1.5b (3.1.5b)
)
(/usr/local/texlive/2020/texmf-dist/tex/generic/pgf/frontendlayer/tikz/librarie
s/tikzlibraryperspective.code.tex
File: tikzlibraryperspective.code.tex 2020/01/08 v3.1.5b (3.1.5b)
)
(/usr/local/texlive/2020/texmf-dist/tex/generic/pgf/frontendlayer/tikz/librarie
s/tikzlibraryanimations.code.tex
File: tikzlibraryanimations.code.tex 2020/01/08 v3.1.5b (3.1.5b)

(/usr/local/texlive/2020/texmf-dist/tex/generic/pgf/modules/pgfmoduleanimations
.code.tex
File: pgfmoduleanimations.code.tex 2020/01/08 v3.1.5b (3.1.5b)

(/usr/local/texlive/2020/texmf-dist/tex/generic/pgf/systemlayer/pgfsysanimation
s.code.tex
\pgfsysanim@snap@count=\count325
\pgfsysanim@lasttime=\dimen318
)
\pgf@anim@dim=\dimen319
)
\tikz@anim@once@count=\count326
)
(/usr/local/texlive/2020/texmf-dist/tex/generic/tikz-cd/tikzlibrarycd.code.tex
(/usr/local/texlive/2020/texmf-dist/tex/generic/pgf/frontendlayer/tikz/librarie
s/tikzlibrarymatrix.code.tex
File: tikzlibrarymatrix.code.tex 2020/01/08 v3.1.5b (3.1.5b)
)
(/usr/local/texlive/2020/texmf-dist/tex/generic/pgf/frontendlayer/tikz/librarie
s/tikzlibraryquotes.code.tex
File: tikzlibraryquotes.code.tex 2020/01/08 v3.1.5b (3.1.5b)
)
(/usr/local/texlive/2020/texmf-dist/tex/generic/pgf/libraries/pgflibraryarrows.
meta.code.tex
File: pgflibraryarrows.meta.code.tex 2020/01/08 v3.1.5b (3.1.5b)
\pgfarrowinset=\dimen320
\pgfarrowlength=\dimen321
\pgfarrowwidth=\dimen322
\pgfarrowlinewidth=\dimen323
))) (./main.aux
LaTeX Font Info:    Trying to load font information for T2A+cmr on input line 2
2.

(/usr/local/texlive/2020/texmf-dist/tex/latex/cyrillic/t2acmr.fd
File: t2acmr.fd 2001/08/11 v1.0a Computer Modern Cyrillic font definitions
)

LaTeX Warning: Label `hw:10' multiply defined.

)
\openout1 = `main.aux'.

LaTeX Font Info:    Checking defaults for OML/cmm/m/it on input line 12.
LaTeX Font Info:    ... okay on input line 12.
LaTeX Font Info:    Checking defaults for OMS/cmsy/m/n on input line 12.
LaTeX Font Info:    ... okay on input line 12.
LaTeX Font Info:    Checking defaults for OT1/cmr/m/n on input line 12.
LaTeX Font Info:    ... okay on input line 12.
LaTeX Font Info:    Checking defaults for T1/cmr/m/n on input line 12.
LaTeX Font Info:    ... okay on input line 12.
LaTeX Font Info:    Checking defaults for TS1/cmr/m/n on input line 12.
LaTeX Font Info:    ... okay on input line 12.
LaTeX Font Info:    Checking defaults for OMX/cmex/m/n on input line 12.
LaTeX Font Info:    ... okay on input line 12.
LaTeX Font Info:    Checking defaults for U/cmr/m/n on input line 12.
LaTeX Font Info:    ... okay on input line 12.
LaTeX Font Info:    Checking defaults for T2A/cmr/m/n on input line 12.
LaTeX Font Info:    ... okay on input line 12.
LaTeX Font Info:    Checking defaults for PD1/pdf/m/n on input line 12.
LaTeX Font Info:    ... okay on input line 12.
LaTeX Font Info:    Checking defaults for PU/pdf/m/n on input line 12.
LaTeX Font Info:    ... okay on input line 12.
LaTeX Font Info:    Trying to load font information for T1+LinuxLibertineT-TLF 
on input line 12.

(/usr/local/texlive/2020/texmf-dist/tex/latex/libertine/T1LinuxLibertineT-TLF.f
d
File: T1LinuxLibertineT-TLF.fd 2017/03/20 (autoinst) Font definitions for T1/Li
nuxLibertineT-TLF.
)
LaTeX Font Info:    Font shape `T1/LinuxLibertineT-TLF/m/n' will be
(Font)              scaled to size 10.95pt on input line 12.
 (/usr/local/texlive/2020/texmf-dist/tex/context/base/mkii/supp-pdf.mkii
[Loading MPS to PDF converter (version 2006.09.02).]
\scratchcounter=\count327
\scratchdimen=\dimen324
\scratchbox=\box66
\nofMPsegments=\count328
\nofMParguments=\count329
\everyMPshowfont=\toks49
\MPscratchCnt=\count330
\MPscratchDim=\dimen325
\MPnumerator=\count331
\makeMPintoPDFobject=\count332
\everyMPtoPDFconversion=\toks50
) (/usr/local/texlive/2020/texmf-dist/tex/latex/epstopdf-pkg/epstopdf-base.sty
Package: epstopdf-base 2020-01-24 v2.11 Base part for package epstopdf
Package epstopdf-base Info: Redefining graphics rule for `.eps' on input line 4
85.

(/usr/local/texlive/2020/texmf-dist/tex/latex/latexconfig/epstopdf-sys.cfg
File: epstopdf-sys.cfg 2010/07/13 v1.3 Configuration of (r)epstopdf for TeX Liv
e
))
LaTeX Font Info:    Trying to load font information for T2A+LinuxLibertineT-TLF
 on input line 12.

(/usr/local/texlive/2020/texmf-dist/tex/latex/libertinegc/T2ALinuxLibertineT-TL
F.fd
File: T2ALinuxLibertineT-TLF.fd 2016/02/13 (msharpe) scaled font definitions fo
r Libertine T2A
)
LaTeX Font Info:    Font shape `T2A/LinuxLibertineT-TLF/m/n' will be
(Font)              scaled to size 10.95pt on input line 12.
\c@mv@tabular=\count333
\c@mv@boldtabular=\count334
\AtBeginShipoutBox=\box67
 (/usr/local/texlive/2020/texmf-dist/tex/latex/pdflscape/pdflscape.sty
Package: pdflscape 2019/12/05 v0.12 Display of landscape pages in PDF (HO)

(/usr/local/texlive/2020/texmf-dist/tex/latex/graphics/lscape.sty
Package: lscape 2000/10/22 v3.01 Landscape Pages (DPC)
)
Package pdflscape Info: Auto-detected driver: pdftex on input line 81.
)
Package caption Info: Begin \AtBeginDocument code.
Package caption Info: hyperref package is loaded.
Package caption Info: End \AtBeginDocument code.

*geometry* driver: auto-detecting
*geometry* detected driver: pdftex
*geometry* verbose mode - [ preamble ] result:
* driver: pdftex
* paper: a4paper
* layout: <same size as paper>
* layoutoffset:(h,v)=(0.0pt,0.0pt)
* modes: 
* h-part:(L,W,R)=(42.67912pt, 512.14963pt, 42.67912pt)
* v-part:(T,H,B)=(71.13188pt, 717.00946pt, 56.9055pt)
* \paperwidth=597.50787pt
* \paperheight=845.04684pt
* \textwidth=512.14963pt
* \textheight=717.00946pt
* \oddsidemargin=-29.59087pt
* \evensidemargin=-29.59087pt
* \topmargin=-40.63809pt
* \headheight=17.0pt
* \headsep=25.0pt
* \topskip=11.0pt
* \footskip=30.0pt
* \marginparwidth=59.0pt
* \marginparsep=10.0pt
* \columnsep=10.0pt
* \skip\footins=10.0pt plus 4.0pt minus 2.0pt
* \hoffset=0.0pt
* \voffset=0.0pt
* \mag=1000
* \@twocolumnfalse
* \@twosidefalse
* \@mparswitchfalse
* \@reversemarginfalse
* (1in=72.27pt=25.4mm, 1cm=28.453pt)

Package hyperref Info: Link coloring OFF on input line 12.
(/usr/local/texlive/2020/texmf-dist/tex/latex/hyperref/nameref.sty
Package: nameref 2019/09/16 v2.46 Cross-referencing by name of section

(/usr/local/texlive/2020/texmf-dist/tex/latex/refcount/refcount.sty
Package: refcount 2019/12/15 v3.6 Data extraction from label references (HO)
)
(/usr/local/texlive/2020/texmf-dist/tex/generic/gettitlestring/gettitlestring.s
ty
Package: gettitlestring 2019/12/15 v1.6 Cleanup title references (HO)
)
\c@section@level=\count335
)
LaTeX Info: Redefining \ref on input line 12.
LaTeX Info: Redefining \pageref on input line 12.
LaTeX Info: Redefining \nameref on input line 12.
 (./main.out) (./main.out)
\@outlinefile=\write5
\openout5 = `main.out'.

 ABD: EveryShipout initializing macros
Package pgfplots notification 'compat/show suggested version=true': document ha
s been generated with the most recent feature set (\pgfplotsset{compat=1.17}).

LaTeX Font Info:    Font shape `T2A/LinuxLibertineT-TLF/m/n' will be
(Font)              scaled to size 14.4pt on input line 15.
LaTeX Font Info:    Font shape `T2A/LinuxLibertineT-TLF/b/n' will be
(Font)              scaled to size 14.4pt on input line 15.
(./main.toc
LaTeX Font Info:    Font shape `T2A/LinuxLibertineT-TLF/b/n' will be
(Font)              scaled to size 10.95pt on input line 2.
LaTeX Font Info:    Trying to load font information for U+stmry on input line 3
.
 (/usr/local/texlive/2020/texmf-dist/tex/latex/stmaryrd/Ustmry.fd)
LaTeX Font Info:    Trying to load font information for OML+LinuxLibertineT-TLF
 on input line 3.
LaTeX Font Info:    No file OMLLinuxLibertineT-TLF.fd. on input line 3.


LaTeX Font Warning: Font shape `OML/LinuxLibertineT-TLF/m/up' undefined
(Font)              using `OML/cmm/m/it' instead on input line 3.

LaTeX Font Info:    Trying to load font information for OMS+LinuxLibertineT-TLF
 on input line 3.
LaTeX Font Info:    No file OMSLinuxLibertineT-TLF.fd. on input line 3.

LaTeX Font Warning: Font shape `OMS/LinuxLibertineT-TLF/m/up' undefined
(Font)              using `OMS/cmsy/m/n' instead on input line 3.

LaTeX Font Info:    Trying to load font information for U+msa on input line 3.
(/usr/local/texlive/2020/texmf-dist/tex/latex/amsfonts/umsa.fd
File: umsa.fd 2013/01/14 v3.01 AMS symbols A
)
LaTeX Font Info:    Trying to load font information for U+msb on input line 3.

(/usr/local/texlive/2020/texmf-dist/tex/latex/amsfonts/umsb.fd
File: umsb.fd 2013/01/14 v3.01 AMS symbols B
)
LaTeX Font Info:    Trying to load font information for PD1+LinuxLibertineT-TLF
 on input line 3.
LaTeX Font Info:    No file PD1LinuxLibertineT-TLF.fd. on input line 3.


LaTeX Font Warning: Font shape `PD1/LinuxLibertineT-TLF/m/up' undefined
(Font)              using `PD1/pdf/m/n' instead on input line 3.

LaTeX Font Info:    Trying to load font information for PU+LinuxLibertineT-TLF 
on input line 3.
LaTeX Font Info:    No file PULinuxLibertineT-TLF.fd. on input line 3.

LaTeX Font Warning: Font shape `PU/LinuxLibertineT-TLF/m/up' undefined
(Font)              using `PU/pdf/m/n' instead on input line 3.

LaTeX Font Info:    Trying to load font information for U+esint on input line 3
.
(/usr/local/texlive/2020/texmf-dist/tex/latex/esint/uesint.fd
File: uesint.fd 
) [1{/usr/local/texlive/2020/texmf-var/fonts/map/pdftex/updmap/pdftex.map}

])
\tf@toc=\write6
\openout6 = `main.toc'.


(./lectures/3/3.1.tex
LaTeX Font Info:    Font shape `T2A/LinuxLibertineT-TLF/m/it' will be
(Font)              scaled to size 10.95pt on input line 2.
LaTeX Font Info:    Font shape `T2A/LinuxLibertineT-TLF/m/n' will be
(Font)              scaled to size 12.0pt on input line 5.
LaTeX Font Info:    Font shape `T2A/LinuxLibertineT-TLF/b/n' will be
(Font)              scaled to size 12.0pt on input line 5.
 [2]
LaTeX Font Info:    Font shape `T2A/LinuxLibertineT-TLF/m/n' will be
(Font)              scaled to size 8.0pt on input line 96.
LaTeX Font Info:    Font shape `T2A/LinuxLibertineT-TLF/m/n' will be
(Font)              scaled to size 6.0pt on input line 96.
LaTeX Font Info:    Font shape `T2A/LinuxLibertineT-TLF/m/n' will be
(Font)              scaled to size 9.0pt on input line 99.
LaTeX Font Info:    Trying to load font information for TS1+LinuxLibertineT-TLF
 on input line 106.

(/usr/local/texlive/2020/texmf-dist/tex/latex/libertine/TS1LinuxLibertineT-TLF.
fd
File: TS1LinuxLibertineT-TLF.fd 2017/03/20 (autoinst) Font definitions for TS1/
LinuxLibertineT-TLF.
)
LaTeX Font Info:    Font shape `TS1/LinuxLibertineT-TLF/m/n' will be
(Font)              scaled to size 10.95pt on input line 106.
 [3]
LaTeX Font Info:    Trying to load font information for U+euf on input line 157
.
 (/usr/local/texlive/2020/texmf-dist/tex/latex/amsfonts/ueuf.fd
File: ueuf.fd 2013/01/14 v3.01 Euler Fraktur
)
[4]) (./lectures/3/3.2.tex [5]) (./lectures/3/3.3.tex [6] [7])
(./lectures/3/3.4.tex

pdfTeX warning: pdflatex (file ./lectures/3/commutative diagramms/GK.pdf): PDF 
inclusion: found PDF version <1.7>, but at most version <1.5> allowed
<lectures/3/commutative diagramms/GK.pdf, id=506, 88.92221pt x 63.9991pt>
File: lectures/3/commutative diagramms/GK.pdf Graphic file (type pdf)
<use lectures/3/commutative diagramms/GK.pdf>
Package pdftex.def Info: lectures/3/commutative diagramms/GK.pdf  used on input
 line 25.
(pdftex.def)             Requested size: 88.92198pt x 63.99893pt.
[8 <./lectures/3/commutative diagramms/GK.pdf>]) (./lectures/3/3.12.tex
[9]
LaTeX Font Info:    Font shape `T2A/LinuxLibertineT-TLF/m/it' will be
(Font)              scaled to size 8.0pt on input line 71.
LaTeX Font Info:    Font shape `T2A/LinuxLibertineT-TLF/m/it' will be
(Font)              scaled to size 6.0pt on input line 71.
 [10]) (./lectures/3/3.13.tex [11]
Overfull \hbox (22.29865pt too wide) detected at line 33
\OML/LinuxLibertineT-TLF/m/up/10.95 [] \PU/LinuxLibertineT-TLF/m/up/10.95 + []
\OML/LinuxLibertineT-TLF/m/up/10.95 [] \PU/LinuxLibertineT-TLF/m/up/10.95 + []
 + [] = 0\OML/LinuxLibertineT-TLF/m/up/10.95 ;  a[]; b[] \OMS/LinuxLibertineT-T
LF/m/up/10.95 2 \U/msb/m/n/10.95 Z  \PU/LinuxLibertineT-TLF/m/up/10.95 =[]\OMS/
LinuxLibertineT-TLF/m/up/10.95 )  \OML/LinuxLibertineT-TLF/m/up/10.95 b[] \PU/
LinuxLibertineT-TLF/m/up/10.95 + \OML/LinuxLibertineT-TLF/m/up/10.95 c[][] \PU
/LinuxLibertineT-TLF/m/up/10.95 + [] + \OML/LinuxLibertineT-TLF/m/up/10.95 c[] 
\PU/LinuxLibertineT-TLF/m/up/10.95 = 0  =[]\OMS/LinuxLibertineT-TLF/m/up/10.95 
)  \PU/LinuxLibertineT-TLF/m/up/10.95 (\OML/LinuxLibertineT-TLF/m/up/10.95 b\P
U/LinuxLibertineT-TLF/m/up/10.95 )[] + \OML/LinuxLibertineT-TLF/m/up/10.95 d[]\
PU/LinuxLibertineT-TLF/m/up/10.95 (\OML/LinuxLibertineT-TLF/m/up/10.95 b\PU/Li
nuxLibertineT-TLF/m/up/10.95 )[] + [] + \OML/LinuxLibertineT-TLF/m/up/10.95 d[]
 \PU/LinuxLibertineT-TLF/m/up/10.95 = 0
 []

[12]) (./lectures/3/3.14.tex [13]

pdfTeX warning: pdflatex (file ./lectures/3/commutative diagramms/snake_2.pdf):
 PDF inclusion: found PDF version <1.7>, but at most version <1.5> allowed
<lectures/3/commutative diagramms/snake_2.pdf, id=594, 307.82002pt x 145.6642pt
>
File: lectures/3/commutative diagramms/snake_2.pdf Graphic file (type pdf)
<use lectures/3/commutative diagramms/snake_2.pdf>
Package pdftex.def Info: lectures/3/commutative diagramms/snake_2.pdf  used on 
input line 66.
(pdftex.def)             Requested size: 307.81927pt x 145.66383pt.
[14 <./lectures/3/commutative diagramms/snake_2.pdf>]) [15]

Package hyperref Warning: Token not allowed in a PDF string (Unicode):
(hyperref)                removing `\uppercase' on input line 41.

(./lectures/4/files/lecture 8.09.2023.tex
Overfull \hbox (0.1608pt too wide) in paragraph at lines 22--23
[]$[]$\T2A/LinuxLibertineT-TLF/m/n/10.95 : ---, - $[][] \U/msb
/m/n/10.95 Q\PU/LinuxLibertineT-TLF/m/up/10.95 [\OML/LinuxLibertineT-TLF/m/up/1
0.95 \PU/LinuxLibertineT-TLF/m/up/10.95 ] = \OML/LinuxLibertineT-TLF/m/up/10.9
5 n$\T2A/LinuxLibertineT-TLF/m/n/10.95 ,  $\PU/LinuxLibertineT-TLF/m/up/10.95
 1\OML/LinuxLibertineT-TLF/m/up/10.95 ; ; [] ; []$ \T2A/LinuxLibertineT-TLF/m
/n/10.95 -- ---,   $\OMS/LinuxLibertineT-TLF/m/up/10.95 9\
OML/LinuxLibertineT-TLF/m/up/10.95 a[]; [] ; a[] \OMS/LinuxLibertineT-TLF/m/up/
10.95 2
 []

[16]

Package hyperref Warning: Token not allowed in a PDF string (Unicode):
(hyperref)                removing `math shift' on input line 88.


Package hyperref Warning: Token not allowed in a PDF string (Unicode):
(hyperref)                removing `subscript' on input line 88.


Package hyperref Warning: Token not allowed in a PDF string (Unicode):
(hyperref)                removing `math shift' on input line 88.

[17] [18]
Overfull \hbox (15.27306pt too wide) detected at line 227
[][]\PU/LinuxLibertineT-TLF/m/up/10.95 (\OML/LinuxLibertineT-TLF/m/up/10.95 a \
PU/LinuxLibertineT-TLF/m/up/10.95 + \OML/LinuxLibertineT-TLF/m/up/10.95 b[]\PU/
LinuxLibertineT-TLF/m/up/10.95 ) = (\OML/LinuxLibertineT-TLF/m/up/10.95 a \PU/L
inuxLibertineT-TLF/m/up/10.95 + \OML/LinuxLibertineT-TLF/m/up/10.95 b[]\PU/Linu
xLibertineT-TLF/m/up/10.95 )(\OML/LinuxLibertineT-TLF/m/up/10.95 a \OMS/LinuxLi
bertineT-TLF/m/up/10.95 ^^@ \OML/LinuxLibertineT-TLF/m/up/10.95 b[]\PU/LinuxLib
ertineT-TLF/m/up/10.95 ) = \OML/LinuxLibertineT-TLF/m/up/10.95 a \PU/LinuxLiber
tineT-TLF/m/up/10.95 + 3\OML/LinuxLibertineT-TLF/m/up/10.95 b[] \OMS/LinuxLiber
tineT-TLF/m/up/10.95 2 \U/msb/m/n/10.95 Z\OML/LinuxLibertineT-TLF/m/up/10.95 ; 
 [][]\PU/LinuxLibertineT-TLF/m/up/10.95 (\OML/LinuxLibertineT-TLF/m/up/10.95 a 
\PU/LinuxLibertineT-TLF/m/up/10.95 + \OML/LinuxLibertineT-TLF/m/up/10.95 b[]\PU
/LinuxLibertineT-TLF/m/up/10.95 ) = (\OML/LinuxLibertineT-TLF/m/up/10.95 a \PU/
LinuxLibertineT-TLF/m/up/10.95 + \OML/LinuxLibertineT-TLF/m/up/10.95 b[]\PU/Lin
uxLibertineT-TLF/m/up/10.95 ) + (\OML/LinuxLibertineT-TLF/m/up/10.95 a \OMS/Lin
uxLibertineT-TLF/m/up/10.95 ^^@ \OML/LinuxLibertineT-TLF/m/up/10.95 b[]\PU/Linu
xLibertineT-TLF/m/up/10.95 ) = 2\OML/LinuxLibertineT-TLF/m/up/10.95 a \OMS/Linu
xLibertineT-TLF/m/up/10.95 2 \U/msb/m/n/10.95 Z\OML/LinuxLibertineT-TLF/m/up/10
.95 :
 []


Package hyperref Warning: Token not allowed in a PDF string (Unicode):
(hyperref)                removing `math shift' on input line 266.


Package hyperref Warning: Token not allowed in a PDF string (Unicode):
(hyperref)                removing `subscript' on input line 266.


Package hyperref Warning: Token not allowed in a PDF string (Unicode):
(hyperref)                removing `math shift' on input line 266.

[19] [20]) (./lectures/4/files/lecture 15.09.2023.tex

Package hyperref Warning: Token not allowed in a PDF string (Unicode):
(hyperref)                removing `math shift' on input line 2.


Package hyperref Warning: Token not allowed in a PDF string (Unicode):
(hyperref)                removing `math shift' on input line 2.

[21]
Underfull \hbox (badness 10000) in paragraph at lines 75--76

 []

[22] [23]

Package hyperref Warning: Token not allowed in a PDF string (Unicode):
(hyperref)                removing `math shift' on input line 218.


Package hyperref Warning: Token not allowed in a PDF string (Unicode):
(hyperref)                removing `subscript' on input line 218.


Package hyperref Warning: Token not allowed in a PDF string (Unicode):
(hyperref)                removing `math shift' on input line 218.

[24] [25]) (./lectures/4/files/lecture 22.09.2023.tex [26] [27] [28])
(./lectures/4/files/lecture 29.09.tex
Overfull \hbox (38.89767pt too wide) in paragraph at lines 45--47
[]\T2A/LinuxLibertineT-TLF/m/n/10.95  --  -- --. 
---,  $\OML/LinuxLibertineT-TLF/m/up/10.95 []; [] ; []$ \T2A/Lin
uxLibertineT-TLF/m/n/10.95 --- -- ---,  $[]\PU/LinuxLibertin
eT-TLF/m/up/10.95 (\OML/LinuxLibertineT-TLF/m/up/10.95 []; [] ; []\PU/LinuxLi
bertineT-TLF/m/up/10.95 ) =
 []

[29]
Overfull \hbox (11.38297pt too wide) in paragraph at lines 128--130
[]\T2A/LinuxLibertineT-TLF/m/n/10.95  $\OML/LinuxLibertineT-TLF/m/up/
10.95 K \PU/LinuxLibertineT-TLF/m/up/10.95 = \U/msb/m/n/10.95 Q\PU/LinuxLiberti
neT-TLF/m/up/10.95 ([])$\T2A/LinuxLibertineT-TLF/m/n/10.95 . - $\OML/Linux
LibertineT-TLF/m/up/10.95 ^^P; ^^P[]; [] ^^P[]$ \T2A/LinuxLibertineT-TLF/m/n/10
.95 --- - $\OML/LinuxLibertineT-TLF/m/up/10.95 K=\U/msb/m/n/10.95 
Q$\T2A/LinuxLibertineT-TLF/m/n/10.95 . ---,  $\OMS/LinuxLibertineT-T
LF/m/up/10.95 j []\PU/LinuxLibertineT-TLF/m/up/10.95 (\OML/LinuxLibertineT-TLF/
m/up/10.95 ^^P; ^^P[]; [] ; ^^P[]\PU/LinuxLibertineT-TLF/m/up/10.95 )\OMS/Linux
LibertineT-TLF/m/up/10.95 j \PU/LinuxLibertineT-TLF/m/up/10.95 =
 []

[30] [31] [32]) (./lectures/4/files/lecture 6.10.2023.tex [33] [34]
Underfull \hbox (badness 10000) in paragraph at lines 146--147

 []

[35]
Underfull \hbox (badness 10000) in paragraph at lines 198--199

 []

[36]

LaTeX Warning: Command \cyrh invalid in math mode on input line 220.

Missing character: There is no  in font cmr10!
) (./lectures/4/files/lecture 13.10.2023.tex [37] [38]
Overfull \hbox (20.83643pt too wide) detected at line 89
\U/euf/m/n/10.95 p[] \PU/LinuxLibertineT-TLF/m/up/10.95 = (2)\OML/LinuxLibertin
eT-TLF/m/up/10.95 ;  \U/euf/m/n/10.95 p[] \PU/LinuxLibertineT-TLF/m/up/10.95 = 
(7)\OML/LinuxLibertineT-TLF/m/up/10.95 ;  \U/euf/m/n/10.95 p[]p[] \PU/LinuxLibe
rtineT-TLF/m/up/10.95 = (14) = ([])[]  =[]\OMS/LinuxLibertineT-TLF/m/up/10.95 )
  \U/euf/m/n/10.95 p[]p[] \PU/LinuxLibertineT-TLF/m/up/10.95 = ([])  =[]\OMS/Li
nuxLibertineT-TLF/m/up/10.95 )  \PU/LinuxLibertineT-TLF/m/up/10.95 [\U/euf/m/n/
10.95 p[]\PU/LinuxLibertineT-TLF/m/up/10.95 ][] = [\U/euf/m/n/10.95 p[]\PU/Linu
xLibertineT-TLF/m/up/10.95 ]  =[]\OMS/LinuxLibertineT-TLF/m/up/10.95 )  \PU/Lin
uxLibertineT-TLF/m/up/10.95 [\U/euf/m/n/10.95 p[]\PU/LinuxLibertineT-TLF/m/up/1
0.95 ] = [\U/euf/m/n/10.95 p[]\PU/LinuxLibertineT-TLF/m/up/10.95 ][] = [\U/euf/
m/n/10.95 p[]\PU/LinuxLibertineT-TLF/m/up/10.95 ]\OML/LinuxLibertineT-TLF/m/up/
10.95 :
 []

[39]) (./lectures/4/files/lecture 20.10.2023.tex [40] [41] [42] [43] [44])
(./lectures/4/files/lecture 3.11.2023.tex [45]

pdfTeX warning: pdflatex (file ./lectures/4/pictures/cd_1.pdf): PDF inclusion: 
found PDF version <1.7>, but at most version <1.5> allowed
<lectures/4/pictures/cd_1.pdf, id=967, 145.00172pt x 62.85483pt>
File: lectures/4/pictures/cd_1.pdf Graphic file (type pdf)
<use lectures/4/pictures/cd_1.pdf>
Package pdftex.def Info: lectures/4/pictures/cd_1.pdf  used on input line 115.
(pdftex.def)             Requested size: 145.00136pt x 62.85466pt.
[46 <./lectures/4/pictures/cd_1.pdf>] [47])
(./lectures/4/files/lecture 10.11.2023.tex [48] [49] [50]
LaTeX Font Info:    Font shape `T2A/LinuxLibertineT-TLF/m/it' will be
(Font)              scaled to size 9.0pt on input line 210.
 [51] [52]
Overfull \hbox (6.90034pt too wide) detected at line 321
\OML/LinuxLibertineT-TLF/m/up/10.95 ^^][][][] \OMS/LinuxLibertineT-TLF/m/up/10.
95 ^^U \PU/LinuxLibertineT-TLF/m/up/10.95 0  =[]\OMS/LinuxLibertineT-TLF/m/up/1
0.95 )  \OML/LinuxLibertineT-TLF/m/up/10.95 ^^][]\PU/LinuxLibertineT-TLF/m/up/1
0.95 ((\OML/LinuxLibertineT-TLF/m/up/10.95 n \PU/LinuxLibertineT-TLF/m/up/10.95
 + 1)\OML/LinuxLibertineT-TLF/m/up/10.95 B[]\PU/LinuxLibertineT-TLF/m/up/10.95 
) \OMS/LinuxLibertineT-TLF/m/up/10.95 ^^U \PU/LinuxLibertineT-TLF/m/up/10.95 0 
 =[]\OMS/LinuxLibertineT-TLF/m/up/10.95 )  \OML/LinuxLibertineT-TLF/m/up/10.95 
^^][]\PU/LinuxLibertineT-TLF/m/up/10.95 (\OML/LinuxLibertineT-TLF/m/up/10.95 B[
]\PU/LinuxLibertineT-TLF/m/up/10.95 ) \OMS/LinuxLibertineT-TLF/m/up/10.95 ^^U \
PU/LinuxLibertineT-TLF/m/up/10.95 0\OML/LinuxLibertineT-TLF/m/up/10.95 :
 []


Overfull \hbox (26.12915pt too wide) detected at line 334
[] \PU/LinuxLibertineT-TLF/m/up/10.95 = 1\OML/LinuxLibertineT-TLF/m/up/10.95 ; 
 [] \PU/LinuxLibertineT-TLF/m/up/10.95 = []\OML/LinuxLibertineT-TLF/m/up/10.95 
;  \OMS/LinuxLibertineT-TLF/m/up/10.95 ^^@\PU/LinuxLibertineT-TLF/m/up/10.95 3[
] = 3[] + [] = []  =[]\OMS/LinuxLibertineT-TLF/m/up/10.95 )  [] \PU/LinuxLibert
ineT-TLF/m/up/10.95 = \OMS/LinuxLibertineT-TLF/m/up/10.95 ^^@[] \PU/LinuxLibert
ineT-TLF/m/up/10.95 = \OMS/LinuxLibertineT-TLF/m/up/10.95 ^^@[]\OML/LinuxLibert
ineT-TLF/m/up/10.95 ;  [] \PU/LinuxLibertineT-TLF/m/up/10.95 = 0\OML/LinuxLiber
tineT-TLF/m/up/10.95 ;  [] \PU/LinuxLibertineT-TLF/m/up/10.95 = 10[] + 5 \OMS/L
inuxLibertineT-TLF/m/up/10.95 ^^A [] \PU/LinuxLibertineT-TLF/m/up/10.95 + 1 = \
OMS/LinuxLibertineT-TLF/m/up/10.95 ^^@[]  \PU/LinuxLibertineT-TLF/m/up/10.95 =[
]\OMS/LinuxLibertineT-TLF/m/up/10.95 )  [] \PU/LinuxLibertineT-TLF/m/up/10.95 =
 [] = []\OML/LinuxLibertineT-TLF/m/up/10.95 :
 []


Overfull \hbox (8.34232pt too wide) in paragraph at lines 361--363
[]\T2A/LinuxLibertineT-TLF/m/it/10.95 Hint: \T2A/LinuxLibertineT-TLF/m/n/10.95 
- -- : $[]\PU/LinuxLibertineT-TLF/m/up/10.95 (\OML/LinuxLibe
rtineT-TLF/m/up/10.95 K\PU/LinuxLibertineT-TLF/m/up/10.95 ) = [][][]$\T2A/Linux
LibertineT-TLF/m/n/10.95 ,  -- ---,  --- $[]\PU
/LinuxLibertineT-TLF/m/up/10.95 (\OML/LinuxLibertineT-TLF/m/up/10.95 ^^[[]![]\P
U/LinuxLibertineT-TLF/m/up/10.95 ) =
 []

) (./lectures/4/files/lecture 17.11.2023.tex [53] [54]
Overfull \hbox (1.4108pt too wide) in paragraph at lines 90--91
[][]\T2A/LinuxLibertineT-TLF/b/n/10.95  30 \T2A/LinuxLibertineT-TLF/m/n/10
.95 (. --,  -- -)\T2A/LinuxLibertineT-TLF/b/n/10.95 . [
]\T2A/LinuxLibertineT-TLF/m/n/10.95  $\OML/LinuxLibertineT-TLF/m/up/10.95 
T$ \T2A/LinuxLibertineT-TLF/m/n/10.95 --- --- -- 
-
 []

[55]
Overfull \hbox (37.55556pt too wide) detected at line 131
[][][] \PU/LinuxLibertineT-TLF/m/up/10.95 = [] [] [] = \OMS/LinuxLibertineT-TLF
/m/up/10.95 ^^F[][]\OML/LinuxLibertineT-TLF/m/up/10.95 :
 []

[56] [57] [58]) (./lectures/4/files/24.11.2023.tex

Package hyperref Warning: Suppressing empty link on input line 4.

[59] [60]) (./lectures/4/lecture 1.12.2023.tex [61] [62] [63] [64]
Overfull \hbox (142.12466pt too wide) detected at line 222
\OML/LinuxLibertineT-TLF/m/up/10.95 x[] \OMS/LinuxLibertineT-TLF/m/up/10.95 ^^@
 \PU/LinuxLibertineT-TLF/m/up/10.95 6 \OMS/LinuxLibertineT-TLF/m/up/10.95 ^^Q \
OML/LinuxLibertineT-TLF/m/up/10.95 x[]\PU/LinuxLibertineT-TLF/m/up/10.95 ([]2) 
\U/msa/m/n/10.95   \PU/LinuxLibertineT-TLF/m/up/10.95 2\OMS/LinuxLibertineT-TLF
/m/up/10.95 O[] \PU/LinuxLibertineT-TLF/m/up/10.95 = (2\OML/LinuxLibertineT-TLF
/m/up/10.95 ; ^^R\PU/LinuxLibertineT-TLF/m/up/10.95 )[] = (\OML/LinuxLibertineT
-TLF/m/up/10.95 ^^R \OMS/LinuxLibertineT-TLF/m/up/10.95 ^^@ \PU/LinuxLibertineT
-TLF/m/up/10.95 2)[]\OML/LinuxLibertineT-TLF/m/up/10.95 ;  x[] \OMS/LinuxLibert
ineT-TLF/m/up/10.95 ^^@ \PU/LinuxLibertineT-TLF/m/up/10.95 6 = (\OML/LinuxLiber
tineT-TLF/m/up/10.95 x \OMS/LinuxLibertineT-TLF/m/up/10.95 ^^@ \PU/LinuxLiberti
neT-TLF/m/up/10.95 1)(\OML/LinuxLibertineT-TLF/m/up/10.95 x[] \PU/LinuxLibertin
eT-TLF/m/up/10.95 + \OML/LinuxLibertineT-TLF/m/up/10.95 x \PU/LinuxLibertineT-T
LF/m/up/10.95 + 1)([]5) \U/msa/m/n/10.95   \PU/LinuxLibertineT-TLF/m/up/10.95 5
\OMS/LinuxLibertineT-TLF/m/up/10.95 O[] \PU/LinuxLibertineT-TLF/m/up/10.95 = (5
\OML/LinuxLibertineT-TLF/m/up/10.95 ; ^^R \OMS/LinuxLibertineT-TLF/m/up/10.95 ^
^@ \PU/LinuxLibertineT-TLF/m/up/10.95 1)(5\OML/LinuxLibertineT-TLF/m/up/10.95 ;
 ^^R[] \PU/LinuxLibertineT-TLF/m/up/10.95 + \OML/LinuxLibertineT-TLF/m/up/10.95
 ^^R \PU/LinuxLibertineT-TLF/m/up/10.95 + 1) = (\OML/LinuxLibertineT-TLF/m/up/1
0.95 ^^R \OMS/LinuxLibertineT-TLF/m/up/10.95 ^^@ \PU/LinuxLibertineT-TLF/m/up/1
0.95 1)(\OML/LinuxLibertineT-TLF/m/up/10.95 ^^R[] \PU/LinuxLibertineT-TLF/m/up/
10.95 + \OML/LinuxLibertineT-TLF/m/up/10.95 ^^R \PU/LinuxLibertineT-TLF/m/up/10
.95 + 1)\OML/LinuxLibertineT-TLF/m/up/10.95 :
 []

[65]) (./lectures/4/files/lecture 8.12.2023.tex

Package hyperref Warning: Token not allowed in a PDF string (Unicode):
(hyperref)                removing `math shift' on input line 1.


Package hyperref Warning: Token not allowed in a PDF string (Unicode):
(hyperref)                removing `math shift' on input line 1.

[66] [67] [68]

Package hyperref Warning: Token not allowed in a PDF string (Unicode):
(hyperref)                removing `math shift' on input line 195.


Package hyperref Warning: Token not allowed in a PDF string (Unicode):
(hyperref)                removing `subscript' on input line 195.


Package hyperref Warning: Token not allowed in a PDF string (Unicode):
(hyperref)                removing `math shift' on input line 195.

[69] [70] [71] [72]
Overfull \hbox (5.26178pt too wide) in paragraph at lines 479--481
\T2A/LinuxLibertineT-TLF/m/n/10.95 ,   - --,  $\OML/Li
nuxLibertineT-TLF/m/up/10.95 x[]; y[]; z[] \OMS/LinuxLibertineT-TLF/m/up/10.95 
2 \U/msb/m/n/10.95 Z[]$\T2A/LinuxLibertineT-TLF/m/n/10.95 . -- - 
 --- $[]\PU/LinuxLibertineT-TLF/m/up/10.95 (\OML/LinuxLibertineT-TLF
/m/up/10.95 ^^][]\PU/LinuxLibertineT-TLF/m/up/10.95 (\OML/LinuxLibertineT-TLF/m
/up/10.95 x[]\PU/LinuxLibertineT-TLF/m/up/10.95 )\OML/LinuxLibertineT-TLF/m/up/
10.95 ; ^^][]\PU/LinuxLibertineT-TLF/m/up/10.95 (\OML/LinuxLibertineT-TLF/m/up/
10.95 y[]\PU/LinuxLibertineT-TLF/m/up/10.95 )\OML/LinuxLibertineT-TLF/m/up/10.9
5 ; ^^][]\PU/LinuxLibertineT-TLF/m/up/10.95 (\OML/LinuxLibertineT-TLF/m/up/10.9
5 z[]\PU/LinuxLibertineT-TLF/m/up/10.95 ))$\T2A/LinuxLibertineT-TLF/m/n/10.95 .

 []

[73]) (./lectures/4/files/lecture 20.12.2023.tex [74] [75] [76] [77] [78])

Package hyperref Warning: Token not allowed in a PDF string (Unicode):
(hyperref)                removing `\uppercase' on input line 72.

(./lectures/6/1.tex [79] [80] [81] [82]) (./lectures/6/2.tex [83] [84] [85]
[86]) (./lectures/6/3.tex [87] [88] [89] [90]) (./lectures/6/4.tex

pdfTeX warning: pdflatex (file ./lectures/5/pictures/pic_4.pdf): PDF inclusion:
 found PDF version <1.7>, but at most version <1.5> allowed
<lectures/5/pictures/pic_4.pdf, id=1442, 123.1802pt x 95.90831pt>
File: lectures/5/pictures/pic_4.pdf Graphic file (type pdf)
<use lectures/5/pictures/pic_4.pdf>
Package pdftex.def Info: lectures/5/pictures/pic_4.pdf  used on input line 37.
(pdftex.def)             Requested size: 123.17989pt x 95.90807pt.
[91]

pdfTeX warning: pdflatex (file ./lectures/5/pictures/pic_5.pdf): PDF inclusion:
 found PDF version <1.7>, but at most version <1.5> allowed
<lectures/5/pictures/pic_5.pdf, id=1457, 263.74536pt x 64.60135pt>
File: lectures/5/pictures/pic_5.pdf Graphic file (type pdf)
<use lectures/5/pictures/pic_5.pdf>
Package pdftex.def Info: lectures/5/pictures/pic_5.pdf  used on input line 80.
(pdftex.def)             Requested size: 263.7447pt x 64.60118pt.


pdfTeX warning: pdflatex (file ./lectures/5/pictures/pic_6.pdf): PDF inclusion:
 found PDF version <1.7>, but at most version <1.5> allowed
<lectures/5/pictures/pic_6.pdf, id=1458, 121.50394pt x 64.54112pt>
File: lectures/5/pictures/pic_6.pdf Graphic file (type pdf)
<use lectures/5/pictures/pic_6.pdf>
Package pdftex.def Info: lectures/5/pictures/pic_6.pdf  used on input line 85.
(pdftex.def)             Requested size: 121.50363pt x 64.54095pt.
[92 <./lectures/5/pictures/pic_4.pdf> <./lectures/5/pictures/pic_5.pdf> <./lect
ures/5/pictures/pic_6.pdf>]

pdfTeX warning: pdflatex (file ./lectures/5/pictures/pic_9.pdf): PDF inclusion:
 found PDF version <1.7>, but at most version <1.5> allowed
<lectures/5/pictures/pic_9.pdf, id=1486, 263.74536pt x 67.38173pt>
File: lectures/5/pictures/pic_9.pdf Graphic file (type pdf)
<use lectures/5/pictures/pic_9.pdf>
Package pdftex.def Info: lectures/5/pictures/pic_9.pdf  used on input line 95.
(pdftex.def)             Requested size: 263.7447pt x 67.38155pt.


pdfTeX warning: pdflatex (file ./lectures/5/pictures/pic_7.pdf): PDF inclusion:
 found PDF version <1.7>, but at most version <1.5> allowed
<lectures/5/pictures/pic_7.pdf, id=1487, 133.25784pt x 64.60135pt>
File: lectures/5/pictures/pic_7.pdf Graphic file (type pdf)
<use lectures/5/pictures/pic_7.pdf>
Package pdftex.def Info: lectures/5/pictures/pic_7.pdf  used on input line 109.

(pdftex.def)             Requested size: 133.2575pt x 64.60118pt.


pdfTeX warning: pdflatex (file ./lectures/5/pictures/pic_8.pdf): PDF inclusion:
 found PDF version <1.7>, but at most version <1.5> allowed
<lectures/5/pictures/pic_8.pdf, id=1488, 133.25784pt x 64.60135pt>
File: lectures/5/pictures/pic_8.pdf Graphic file (type pdf)
<use lectures/5/pictures/pic_8.pdf>
Package pdftex.def Info: lectures/5/pictures/pic_8.pdf  used on input line 118.

(pdftex.def)             Requested size: 133.2575pt x 64.60118pt.
[93 <./lectures/5/pictures/pic_9.pdf> <./lectures/5/pictures/pic_7.pdf> <./lect
ures/5/pictures/pic_8.pdf>] [94]) (./lectures/5/lectures/1.tex [95] [96]
[97] [98]) (./lectures/5/lectures/2.tex [99] [100] [101])
(./lectures/5/lectures/3.tex [102]

pdfTeX warning: pdflatex (file ./lectures/5/pictures/pic_1.pdf): PDF inclusion:
 found PDF version <1.7>, but at most version <1.5> allowed
<lectures/5/pictures/pic_1.pdf, id=1647, 170.64754pt x 75.33144pt>
File: lectures/5/pictures/pic_1.pdf Graphic file (type pdf)
<use lectures/5/pictures/pic_1.pdf>
Package pdftex.def Info: lectures/5/pictures/pic_1.pdf  used on input line 74.
(pdftex.def)             Requested size: 170.64711pt x 75.33124pt.

Overfull \hbox (1.57869pt too wide) in paragraph at lines 77--78
[]\T2A/LinuxLibertineT-TLF/m/n/10.95  - ----  
-,  $\OML/LinuxLibertineT-TLF/m/up/10.95 Y [] D[][]$ \T2A/LinuxLibertine
T-TLF/m/n/10.95 -- --- $\PU/LinuxLibertineT-TLF/m/up/10.9
5 (\OML/LinuxLibertineT-TLF/m/up/10.95 x[]; [] ; x[]; t\PU/LinuxLibertineT-TLF/
m/up/10.95 ) \OMS/LinuxLibertineT-TLF/m/up/10.95 7!
 []

[103 <./lectures/5/pictures/pic_1.pdf>]

pdfTeX warning: pdflatex (file ./lectures/5/pictures/pic_2.pdf): PDF inclusion:
 found PDF version <1.7>, but at most version <1.5> allowed
<lectures/5/pictures/pic_2.pdf, id=1668, 196.03238pt x 67.7732pt>
File: lectures/5/pictures/pic_2.pdf Graphic file (type pdf)
<use lectures/5/pictures/pic_2.pdf>
Package pdftex.def Info: lectures/5/pictures/pic_2.pdf  used on input line 118.

(pdftex.def)             Requested size: 196.03189pt x 67.77301pt.


pdfTeX warning: pdflatex (file ./lectures/5/pictures/pic_3.pdf): PDF inclusion:
 found PDF version <1.7>, but at most version <1.5> allowed
<lectures/5/pictures/pic_3.pdf, id=1669, 192.62967pt x 67.64272pt>
File: lectures/5/pictures/pic_3.pdf Graphic file (type pdf)
<use lectures/5/pictures/pic_3.pdf>
Package pdftex.def Info: lectures/5/pictures/pic_3.pdf  used on input line 123.

(pdftex.def)             Requested size: 192.62918pt x 67.64253pt.
[104 <./lectures/5/pictures/pic_2.pdf> <./lectures/5/pictures/pic_3.pdf>]
Overfull \hbox (0.87943pt too wide) in paragraph at lines 184--185
[]\T2A/LinuxLibertineT-TLF/m/it/10.95 . []\T2A/LinuxLibertineT-TLF/m/n
/10.95  $\OML/LinuxLibertineT-TLF/m/up/10.95 X \OMS/LinuxLibertineT-TLF/m/
up/10.95 ^^Z \U/msb/m/n/10.95 A[]\OML/LinuxLibertineT-TLF/m/up/10.95 ;  Y \OMS/
LinuxLibertineT-TLF/m/up/10.95 ^^Z \U/msb/m/n/10.95 A[]$ \T2A/LinuxLibertineT-T
LF/m/n/10.95 --- -- ----.  $\OML/LinuxLibertineT-TLF/m
/up/10.95 X \PU/LinuxLibertineT-TLF/m/up/10.95 = \OML/LinuxLibertineT-TLF/m/up/
10.95 Z\PU/LinuxLibertineT-TLF/m/up/10.95 (\OML/LinuxLibertineT-TLF/m/up/10.95 
f[]; [] ; f[]\PU/LinuxLibertineT-TLF/m/up/10.95 )\OML/LinuxLibertineT-TLF/m/up/
10.95 ;  Y \PU/LinuxLibertineT-TLF/m/up/10.95 = \OML/LinuxLibertineT-TLF/m/up/1
0.95 Z\PU/LinuxLibertineT-TLF/m/up/10.95 (\OML/LinuxLibertineT-TLF/m/up/10.95 g
[]; [] ; g[]\PU/LinuxLibertineT-TLF/m/up/10.95 )$\T2A/LinuxLibertineT-TLF/m/n/1
0.95 ,
 []

[105]) (./lectures/5/lectures/4.tex [106] [107] [108]) [109]
(./lectures/0/0.1.tex
<lectures/0/pictures/pic_1.pdf, id=1742, 115.02002pt x 93.97575pt>
File: lectures/0/pictures/pic_1.pdf Graphic file (type pdf)
<use lectures/0/pictures/pic_1.pdf>
Package pdftex.def Info: lectures/0/pictures/pic_1.pdf  used on input line 53.
(pdftex.def)             Requested size: 80.51346pt x 65.78256pt.
LaTeX Font Info:    Font shape `T2A/LinuxLibertineT-TLF/m/n' will be
(Font)              scaled to size 10.0pt on input line 54.
 [110]
<lectures/0/pictures/pic_2.pdf, id=1752, 80.44365pt x 72.91553pt>
File: lectures/0/pictures/pic_2.pdf Graphic file (type pdf)
<use lectures/0/pictures/pic_2.pdf>
Package pdftex.def Info: lectures/0/pictures/pic_2.pdf  used on input line 91.
(pdftex.def)             Requested size: 80.44344pt x 72.91533pt.
 [111 <./lectures/0/pictures/pic_1.pdf> <./lectures/0/pictures/pic_2.pdf

pdfTeX warning: pdflatex (file ./lectures/0/pictures/pic_2.pdf): PDF inclusion:
 multiple pdfs with page group included in a single page
>]) (./lectures/0/0.2.tex [112]

pdfTeX warning: pdflatex (file ./lectures/0/pictures/cd_1.pdf): PDF inclusion: 
found PDF version <1.7>, but at most version <1.5> allowed
<lectures/0/pictures/cd_1.pdf, id=1778, 250.47577pt x 71.11569pt>
File: lectures/0/pictures/cd_1.pdf Graphic file (type pdf)
<use lectures/0/pictures/cd_1.pdf>
Package pdftex.def Info: lectures/0/pictures/cd_1.pdf  used on input line 33.
(pdftex.def)             Requested size: 250.47514pt x 71.11551pt.


pdfTeX warning: pdflatex (file ./lectures/0/pictures/cd_2.pdf): PDF inclusion: 
found PDF version <1.7>, but at most version <1.5> allowed
<lectures/0/pictures/cd_2.pdf, id=1779, 191.53558pt x 71.738pt>
File: lectures/0/pictures/cd_2.pdf Graphic file (type pdf)
<use lectures/0/pictures/cd_2.pdf>
Package pdftex.def Info: lectures/0/pictures/cd_2.pdf  used on input line 54.
(pdftex.def)             Requested size: 191.5351pt x 71.73782pt.
[113 <./lectures/0/pictures/cd_1.pdf>]
Overfull \hbox (33.32329pt too wide) in paragraph at lines 95--97
[][]\T2A/LinuxLibertineT-TLF/b/n/10.95  73. []\T2A/LinuxLibertineT-T
LF/m/n/10.95  $\PU/LinuxLibertineT-TLF/m/up/10.95 (\OML/LinuxLibertineT-TL
F/m/up/10.95 C[]; @\PU/LinuxLibertineT-TLF/m/up/10.95 )\OML/LinuxLibertineT-TLF
/m/up/10.95 ; \PU/LinuxLibertineT-TLF/m/up/10.95 (\OML/LinuxLibertineT-TLF/m/up
/10.95 D[]; ^^N\PU/LinuxLibertineT-TLF/m/up/10.95 ) \OMS/LinuxLibertineT-TLF/m/
up/10.95 2 \U/euf/m/n/10.95 Ch$ \T2A/LinuxLibertineT-TLF/m/n/10.95 ---  -
 --.  -- $\OML/LinuxLibertineT-TLF/m/up/10.95 f; g \OMS/L
inuxLibertineT-TLF/m/up/10.95 2 [][]\PU/LinuxLibertineT-TLF/m/up/10.95 ((\OML/L
inuxLibertineT-TLF/m/up/10.95 C[]; @\PU/LinuxLibertineT-TLF/m/up/10.95 )\OML/Li
nuxLibertineT-TLF/m/up/10.95 ; \PU/LinuxLibertineT-TLF/m/up/10.95 (\OML/LinuxLi
bertineT-TLF/m/up/10.95 D[]; ^^N\PU/LinuxLibertineT-TLF/m/up/10.95 ))$
 []



pdfTeX warning: pdflatex (file ./lectures/0/pictures/cd_3.pdf): PDF inclusion: 
found PDF version <1.7>, but at most version <1.5> allowed
<lectures/0/pictures/cd_3.pdf, id=1803, 250.47577pt x 71.11569pt>
File: lectures/0/pictures/cd_3.pdf Graphic file (type pdf)
<use lectures/0/pictures/cd_3.pdf>
Package pdftex.def Info: lectures/0/pictures/cd_3.pdf  used on input line 99.
(pdftex.def)             Requested size: 250.47514pt x 71.11551pt.
[114 <./lectures/0/pictures/cd_2.pdf> <./lectures/0/pictures/cd_3.pdf>])
(./lectures/0/0.3.tex

pdfTeX warning: pdflatex (file ./lectures/0/pictures/cd_4.pdf): PDF inclusion: 
found PDF version <1.7>, but at most version <1.5> allowed
<lectures/0/pictures/cd_4.pdf, id=1841, 222.963pt x 71.738pt>
File: lectures/0/pictures/cd_4.pdf Graphic file (type pdf)
<use lectures/0/pictures/cd_4.pdf>
Package pdftex.def Info: lectures/0/pictures/cd_4.pdf  used on input line 6.
(pdftex.def)             Requested size: 222.96245pt x 71.73782pt.
[115]

pdfTeX warning: pdflatex (file ./lectures/0/pictures/cd_5.pdf): PDF inclusion: 
found PDF version <1.7>, but at most version <1.5> allowed
<lectures/0/pictures/cd_5.pdf, id=1852, 274.36502pt x 71.738pt>
File: lectures/0/pictures/cd_5.pdf Graphic file (type pdf)
<use lectures/0/pictures/cd_5.pdf>
Package pdftex.def Info: lectures/0/pictures/cd_5.pdf  used on input line 24.
(pdftex.def)             Requested size: 274.36433pt x 71.73782pt.


pdfTeX warning: pdflatex (file ./lectures/0/pictures/cd_6.pdf): PDF inclusion: 
found PDF version <1.7>, but at most version <1.5> allowed
<lectures/0/pictures/cd_6.pdf, id=1853, 335.40306pt x 165.45815pt>
File: lectures/0/pictures/cd_6.pdf Graphic file (type pdf)
<use lectures/0/pictures/cd_6.pdf>
Package pdftex.def Info: lectures/0/pictures/cd_6.pdf  used on input line 42.
(pdftex.def)             Requested size: 335.40224pt x 165.45772pt.
[116 <./lectures/0/pictures/cd_4.pdf> <./lectures/0/pictures/cd_5.pdf>]
<lectures/0/pictures/pic_3.pdf, id=1891, 158.22755pt x 128.78412pt>
File: lectures/0/pictures/pic_3.pdf Graphic file (type pdf)
<use lectures/0/pictures/pic_3.pdf>
Package pdftex.def Info: lectures/0/pictures/pic_3.pdf  used on input line 70.
(pdftex.def)             Requested size: 158.22716pt x 128.78378pt.

[117 <./lectures/0/pictures/cd_6.pdf> <./lectures/0/pictures/pic_3.pdf>]
<lectures/0/pictures/pic_4.pdf, id=1912, 212.78654pt x 156.64812pt>
File: lectures/0/pictures/pic_4.pdf Graphic file (type pdf)
<use lectures/0/pictures/pic_4.pdf>
Package pdftex.def Info: lectures/0/pictures/pic_4.pdf  used on input line 144.

(pdftex.def)             Requested size: 148.94955pt x 109.65292pt.

[118] [119 <./lectures/0/pictures/pic_4.pdf>]
Overfull \hbox (18.34819pt too wide) in paragraph at lines 217--220
[]\T2A/LinuxLibertineT-TLF/m/it/10.95  ---- (-
---) \T2A/LinuxLibertineT-TLF/m/n/10.95 -- $\PU/LinuxLibertine
T-TLF/m/up/10.95 [\OML/LinuxLibertineT-TLF/m/up/10.95 v[]; [] ; v[]\PU/LinuxLib
ertineT-TLF/m/up/10.95 ]$ \T2A/LinuxLibertineT-TLF/m/n/10.95 ---  ---
 -- $\PU/LinuxLibertineT-TLF/m/up/10.95 [\OML/LinuxLibertineT-TLF/m/
up/10.95 v[]; [] ; v[]\PU/LinuxLibertineT-TLF/m/up/10.95 ]$
 []

) (./lectures/0/0.4.tex [120]

pdfTeX warning: pdflatex (file ./lectures/0/pictures/cd_7.pdf): PDF inclusion: 
found PDF version <1.7>, but at most version <1.5> allowed
<lectures/0/pictures/cd_7.pdf, id=1947, 222.76224pt x 61.64029pt>
File: lectures/0/pictures/cd_7.pdf Graphic file (type pdf)
<use lectures/0/pictures/cd_7.pdf>
Package pdftex.def Info: lectures/0/pictures/cd_7.pdf  used on input line 69.
(pdftex.def)             Requested size: 222.76169pt x 61.64014pt.


pdfTeX warning: pdflatex (file ./lectures/0/pictures/cd_8.pdf): PDF inclusion: 
found PDF version <1.7>, but at most version <1.5> allowed
<lectures/0/pictures/cd_8.pdf, id=1948, 357.74654pt x 67.64272pt>
File: lectures/0/pictures/cd_8.pdf Graphic file (type pdf)
<use lectures/0/pictures/cd_8.pdf>
Package pdftex.def Info: lectures/0/pictures/cd_8.pdf  used on input line 86.
(pdftex.def)             Requested size: 357.74567pt x 67.64253pt.
[121 <./lectures/0/pictures/cd_7.pdf> <./lectures/0/pictures/cd_8.pdf>])
(./lectures/0/0.5.tex [122] [123]
<lectures/0/pictures/pic_5.svg.png, id=2002, 1927.2pt x 1927.2pt>
File: lectures/0/pictures/pic_5.svg.png Graphic file (type png)
<use lectures/0/pictures/pic_5.svg.png>
Package pdftex.def Info: lectures/0/pictures/pic_5.svg.png  used on input line 
98.
(pdftex.def)             Requested size: 96.36565pt x 96.36565pt.
 [124 <./lectures/0/pictures/pic_5.svg.png>])
(./lectures/0/0.6.tex [125]
Overfull \hbox (17.01726pt too wide) in paragraph at lines 66--68
\T2A/LinuxLibertineT-TLF/m/n/10.95  --,  - , --
  ---,  --  $\PU/LinuxLibertineT-TLF/m/up/10.95 ^^A[]$\T
2A/LinuxLibertineT-TLF/m/n/10.95 ,  $\OML/LinuxLibertineT-TLF/m/up/10.95 H[][
][] [] H[][][]$\T2A/LinuxLibertineT-TLF/m/n/10.95 . 
 []

[126]

pdfTeX warning: pdflatex (file ./lectures/0/pictures/cd_9.pdf): PDF inclusion: 
found PDF version <1.7>, but at most version <1.5> allowed
<lectures/0/pictures/cd_9.pdf, id=2030, 382.2782pt x 72.46071pt>
File: lectures/0/pictures/cd_9.pdf Graphic file (type pdf)
<use lectures/0/pictures/cd_9.pdf>
Package pdftex.def Info: lectures/0/pictures/cd_9.pdf  used on input line 97.
(pdftex.def)             Requested size: 382.27725pt x 72.46053pt.
[127 <./lectures/0/pictures/cd_9.pdf>]

pdfTeX warning: pdflatex (file ./lectures/0/pictures/cd_10.pdf): PDF inclusion:
 found PDF version <1.7>, but at most version <1.5> allowed
<lectures/0/pictures/cd_10.pdf, id=2049, 360.80797pt x 111.06494pt>
File: lectures/0/pictures/cd_10.pdf Graphic file (type pdf)
<use lectures/0/pictures/cd_10.pdf>
Package pdftex.def Info: lectures/0/pictures/cd_10.pdf  used on input line 158.

(pdftex.def)             Requested size: 360.80708pt x 111.06467pt.
[128]
Overfull \hbox (31.0769pt too wide) in paragraph at lines 174--177
[]\T2A/LinuxLibertineT-TLF/m/n/10.95  --  --- []75[], -
 $\OML/LinuxLibertineT-TLF/m/up/10.95 H[][][]$ \T2A/LinuxLibertineT-TLF/m/n/10
.95 --- - -  $\OML/LinuxLibertineT-TLF/m/up/10.95 H[][][]$\T2A/
LinuxLibertineT-TLF/m/n/10.95 ,
 []

) (./lectures/0/0.7.tex [129 <./lectures/0/pictures/cd_10.pdf>]

pdfTeX warning: pdflatex (file ./lectures/0/pictures/cd_11.pdf): PDF inclusion:
 found PDF version <1.7>, but at most version <1.5> allowed
<lectures/0/pictures/cd_11.pdf, id=2094, 446.60852pt x 221.12613pt>
File: lectures/0/pictures/cd_11.pdf Graphic file (type pdf)
<use lectures/0/pictures/cd_11.pdf>
Package pdftex.def Info: lectures/0/pictures/cd_11.pdf  used on input line 38.
(pdftex.def)             Requested size: 446.60742pt x 221.12558pt.
[130 <./lectures/0/pictures/cd_11.pdf>]

pdfTeX warning: pdflatex (file ./lectures/0/pictures/cd_12.pdf): PDF inclusion:
 found PDF version <1.7>, but at most version <1.5> allowed
<lectures/0/pictures/cd_12.pdf, id=2126, 418.72435pt x 120.8214pt>
File: lectures/0/pictures/cd_12.pdf Graphic file (type pdf)
<use lectures/0/pictures/cd_12.pdf>
Package pdftex.def Info: lectures/0/pictures/cd_12.pdf  used on input line 104.

(pdftex.def)             Requested size: 418.72331pt x 120.82109pt.
<lectures/0/pictures/pic_5.pdf, id=2127, 124.16022pt x 116.6397pt>
File: lectures/0/pictures/pic_5.pdf Graphic file (type pdf)
<use lectures/0/pictures/pic_5.pdf>
Package pdftex.def Info: lectures/0/pictures/pic_5.pdf  used on input line 135.

(pdftex.def)             Requested size: 124.1599pt x 116.6394pt.
[131 <./lectures/0/pictures/cd_12.pdf>] [132 <./lectures/0/pictures/pic_5.pdf>]
[133]) (./lectures/0/0.9.tex [134]

pdfTeX warning: pdflatex (file ./lectures/0/pictures/cd_13.pdf): PDF inclusion:
 found PDF version <1.7>, but at most version <1.5> allowed
<lectures/0/pictures/cd_13.pdf, id=2176, 248.4984pt x 63.9991pt>
File: lectures/0/pictures/cd_13.pdf Graphic file (type pdf)
<use lectures/0/pictures/cd_13.pdf>
Package pdftex.def Info: lectures/0/pictures/cd_13.pdf  used on input line 86.
(pdftex.def)             Requested size: 248.49777pt x 63.99893pt.
[135] [136 <./lectures/0/pictures/cd_13.pdf>]

pdfTeX warning: pdflatex (file ./lectures/0/pictures/cd_14.pdf): PDF inclusion:
 found PDF version <1.7>, but at most version <1.5> allowed
<lectures/0/pictures/cd_14.pdf, id=2204, 403.13612pt x 68.84721pt>
File: lectures/0/pictures/cd_14.pdf Graphic file (type pdf)
<use lectures/0/pictures/cd_14.pdf>
Package pdftex.def Info: lectures/0/pictures/cd_14.pdf  used on input line 165.

(pdftex.def)             Requested size: 403.13513pt x 68.84703pt.
[137 <./lectures/0/pictures/cd_14.pdf>]) [138] (./lectures/1/1.tex [139]
[140] [141]) (./lectures/2/2.tex [142] [143]) (./lectures/2/2.2.tex [144]
[145]) (./lectures/2/2.3.tex [146]) [147]
Package atveryend Info: Empty hook `BeforeClearDocument' on input line 134.
Package atveryend Info: Empty hook `AfterLastShipout' on input line 134.
 (./main.aux)
Package atveryend Info: Executing hook `AtVeryEndDocument' on input line 134.
Package atveryend Info: Executing hook `AtEndAfterFileList' on input line 134.
Package rerunfilecheck Info: File `main.out' has not changed.
(rerunfilecheck)             Checksum: 3FFFB5E1F2177620FB1298E2A51B7FBE;25525.


LaTeX Font Warning: Some font shapes were not available, defaults substituted.


LaTeX Warning: There were multiply-defined labels.

Package atveryend Info: Empty hook `AtVeryVeryEnd' on input line 134.
 ) 
Here is how much of TeX's memory you used:
 40648 strings out of 480608
 905323 string characters out of 5903630
 1235265 words of memory out of 5000000
 54766 multiletter control sequences out of 15000+600000
 585155 words of font info for 129 fonts, out of 8000000 for 9000
 1141 hyphenation exceptions out of 8191
 82i,16n,138p,1270b,778s stack positions out of 5000i,500n,10000p,200000b,80000s
{/usr/local/texlive/2020/texmf-dist/fonts/enc/dvips/libertine/lbtn_naooyc.enc
}{/usr/local/texlive/2020/texmf-dist/fonts/enc/dvips/libertinegc/lib-t2a2.enc}{
/usr/local/texlive/2020/texmf-dist/fonts/enc/dvips/libertinegc/lib-t2a1.enc}{/u
sr/local/texlive/2020/texmf-dist/fonts/enc/dvips/libertinegc/lib-t2a.enc}</usr/
local/texlive/2020/texmf-dist/fonts/type1/public/libertine/LinLibertineT.pfb></
usr/local/texlive/2020/texmf-dist/fonts/type1/public/libertine/LinLibertineTB.p
fb></usr/local/texlive/2020/texmf-dist/fonts/type1/public/libertine/LinLibertin
eTI.pfb></usr/local/texlive/2020/texmf-dist/fonts/type1/public/amsfonts/cm/cmbx
10.pfb></usr/local/texlive/2020/texmf-dist/fonts/type1/public/amsfonts/cm/cmex1
0.pfb></usr/local/texlive/2020/texmf-dist/fonts/type1/public/amsfonts/cm/cmmi10
.pfb></usr/local/texlive/2020/texmf-dist/fonts/type1/public/amsfonts/cm/cmmi12.
pfb></usr/local/texlive/2020/texmf-dist/fonts/type1/public/amsfonts/cm/cmmi6.pf
b></usr/local/texlive/2020/texmf-dist/fonts/type1/public/amsfonts/cm/cmmi7.pfb>
</usr/local/texlive/2020/texmf-dist/fonts/type1/public/amsfonts/cm/cmmi8.pfb></
usr/local/texlive/2020/texmf-dist/fonts/type1/public/amsfonts/cm/cmmi9.pfb></us
r/local/texlive/2020/texmf-dist/fonts/type1/public/amsfonts/cm/cmr10.pfb></usr/
local/texlive/2020/texmf-dist/fonts/type1/public/amsfonts/cm/cmr12.pfb></usr/lo
cal/texlive/2020/texmf-dist/fonts/type1/public/amsfonts/cm/cmr6.pfb></usr/local
/texlive/2020/texmf-dist/fonts/type1/public/amsfonts/cm/cmr7.pfb></usr/local/te
xlive/2020/texmf-dist/fonts/type1/public/amsfonts/cm/cmr8.pfb></usr/local/texli
ve/2020/texmf-dist/fonts/type1/public/amsfonts/cm/cmr9.pfb></usr/local/texlive/
2020/texmf-dist/fonts/type1/public/amsfonts/cm/cmss10.pfb></usr/local/texlive/2
020/texmf-dist/fonts/type1/public/amsfonts/cm/cmss8.pfb></usr/local/texlive/202
0/texmf-dist/fonts/type1/public/amsfonts/cm/cmsy10.pfb></usr/local/texlive/2020
/texmf-dist/fonts/type1/public/amsfonts/cm/cmsy6.pfb></usr/local/texlive/2020/t
exmf-dist/fonts/type1/public/amsfonts/cm/cmsy8.pfb></usr/local/texlive/2020/tex
mf-dist/fonts/type1/public/amsfonts/cm/cmsy9.pfb></usr/local/texlive/2020/texmf
-dist/fonts/type1/public/amsfonts/euler/eufm10.pfb></usr/local/texlive/2020/tex
mf-dist/fonts/type1/public/amsfonts/euler/eufm7.pfb></usr/local/texlive/2020/te
xmf-dist/fonts/type1/public/amsfonts/symbols/msam10.pfb></usr/local/texlive/202
0/texmf-dist/fonts/type1/public/amsfonts/symbols/msbm10.pfb>
Output written on main.pdf (147 pages, 1339653 bytes).
PDF statistics:
 2579 PDF objects out of 2984 (max. 8388607)
 2339 compressed objects within 24 object streams
 870 named destinations out of 1000 (max. 500000)
 829 words of extra memory for PDF output out of 10000 (max. 10000000)

