This is pdfTeX, Version 3.14159265-2.6-1.40.21 (TeX Live 2020) (preloaded format=pdflatex 2021.3.10)  21 JUN 2023 21:02
entering extended mode
 restricted \write18 enabled.
 file:line:error style messages enabled.
 %&-line parsing enabled.
**0.1.tex
(./0.1.tex
LaTeX2e <2020-02-02> patch level 5
L3 programming layer <2020-03-06>
./0.1.tex:1: Undefined control sequence.
l.1  \subsection
                {–°–∏–º–ø–ª–∏—Ü–∏–∞–ª—å–Ω—ã–µ –≥–æ–º–æ–ª–æ–≥–∏–∏}
The control sequence at the end of the top line
of your error message was never \def'ed. If you have
misspelled it (e.g., `\hobx'), type `I' and the correct
spelling (e.g., `I\hbox'). Otherwise just continue,
and I'll forget about whatever was undefined.


./0.1.tex:1: Package inputenc Error: Unicode character –° (U+0421)
(inputenc)                not set up for use with LaTeX.

See the inputenc package documentation for explanation.
Type  H <return>  for immediate help.
 ...                                              
                                                  
l.1  \subsection{–°
                   –∏–º–ø–ª–∏—Ü–∏–∞–ª—å–Ω—ã–µ –≥–æ–º–æ–ª–æ–≥–∏–∏}
You may provide a definition with
\DeclareUnicodeCharacter 


./0.1.tex:1: Package inputenc Error: Unicode character –∏ (U+0438)
(inputenc)                not set up for use with LaTeX.

See the inputenc package documentation for explanation.
Type  H <return>  for immediate help.
 ...                                              
                                                  
l.1  \subsection{–°–∏
                     –º–ø–ª–∏—Ü–∏–∞–ª—å–Ω—ã–µ –≥–æ–º–æ–ª–æ–≥–∏–∏}
You may provide a definition with
\DeclareUnicodeCharacter 


./0.1.tex:1: Package inputenc Error: Unicode character –º (U+043C)
(inputenc)                not set up for use with LaTeX.

See the inputenc package documentation for explanation.
Type  H <return>  for immediate help.
 ...                                              
                                                  
l.1  \subsection{–°–∏–º
                       –ø–ª–∏—Ü–∏–∞–ª—å–Ω—ã–µ –≥–æ–º–æ–ª–æ–≥–∏–∏}
You may provide a definition with
\DeclareUnicodeCharacter 


./0.1.tex:1: Package inputenc Error: Unicode character –ø (U+043F)
(inputenc)                not set up for use with LaTeX.

See the inputenc package documentation for explanation.
Type  H <return>  for immediate help.
 ...                                              
                                                  
l.1  \subsection{–°–∏–º–ø
                         –ª–∏—Ü–∏–∞–ª—å–Ω—ã–µ –≥–æ–º–æ–ª–æ–≥–∏–∏}
You may provide a definition with
\DeclareUnicodeCharacter 


./0.1.tex:1: Package inputenc Error: Unicode character –ª (U+043B)
(inputenc)                not set up for use with LaTeX.

See the inputenc package documentation for explanation.
Type  H <return>  for immediate help.
 ...                                              
                                                  
l.1  \subsection{–°–∏–º–ø–ª
                           –∏—Ü–∏–∞–ª—å–Ω—ã–µ –≥–æ–º–æ–ª–æ–≥–∏–∏}
You may provide a definition with
\DeclareUnicodeCharacter 


./0.1.tex:1: Package inputenc Error: Unicode character –∏ (U+0438)
(inputenc)                not set up for use with LaTeX.

See the inputenc package documentation for explanation.
Type  H <return>  for immediate help.
 ...                                              
                                                  
l.1  \subsection{–°–∏–º–ø–ª–∏
                             —Ü–∏–∞–ª—å–Ω—ã–µ –≥–æ–º–æ–ª–æ–≥–∏–∏}
You may provide a definition with
\DeclareUnicodeCharacter 


./0.1.tex:1: Package inputenc Error: Unicode character —Ü (U+0446)
(inputenc)                not set up for use with LaTeX.

See the inputenc package documentation for explanation.
Type  H <return>  for immediate help.
 ...                                              
                                                  
l.1  \subsection{–°–∏–º–ø–ª–∏—Ü
                               –∏–∞–ª—å–Ω—ã–µ –≥–æ–º–æ–ª–æ–≥–∏–∏}
You may provide a definition with
\DeclareUnicodeCharacter 


./0.1.tex:1: Package inputenc Error: Unicode character –∏ (U+0438)
(inputenc)                not set up for use with LaTeX.

See the inputenc package documentation for explanation.
Type  H <return>  for immediate help.
 ...                                              
                                                  
l.1  \subsection{–°–∏–º–ø–ª–∏—Ü–∏
                                 –∞–ª—å–Ω—ã–µ –≥–æ–º–æ–ª–æ–≥–∏–∏}
You may provide a definition with
\DeclareUnicodeCharacter 


./0.1.tex:1: Package inputenc Error: Unicode character –∞ (U+0430)
(inputenc)                not set up for use with LaTeX.

See the inputenc package documentation for explanation.
Type  H <return>  for immediate help.
 ...                                              
                                                  
l.1  \subsection{–°–∏–º–ø–ª–∏—Ü–∏–∞
                                   –ª—å–Ω—ã–µ –≥–æ–º–æ–ª–æ–≥–∏–∏}
You may provide a definition with
\DeclareUnicodeCharacter 


./0.1.tex:1: Package inputenc Error: Unicode character –ª (U+043B)
(inputenc)                not set up for use with LaTeX.

See the inputenc package documentation for explanation.
Type  H <return>  for immediate help.
 ...                                              
                                                  
l.1  \subsection{–°–∏–º–ø–ª–∏—Ü–∏–∞–ª
                                     —å–Ω—ã–µ –≥–æ–º–æ–ª–æ–≥–∏–∏}
You may provide a definition with
\DeclareUnicodeCharacter 


./0.1.tex:1: Package inputenc Error: Unicode character —å (U+044C)
(inputenc)                not set up for use with LaTeX.

See the inputenc package documentation for explanation.
Type  H <return>  for immediate help.
 ...                                              
                                                  
l.1  \subsection{–°–∏–º–ø–ª–∏—Ü–∏–∞–ª—å
                                       –Ω—ã–µ –≥–æ–º–æ–ª–æ–≥–∏–∏}
You may provide a definition with
\DeclareUnicodeCharacter 


./0.1.tex:1: Package inputenc Error: Unicode character –Ω (U+043D)
(inputenc)                not set up for use with LaTeX.

See the inputenc package documentation for explanation.
Type  H <return>  for immediate help.
 ...                                              
                                                  
l.1  \subsection{–°–∏–º–ø–ª–∏—Ü–∏–∞–ª—å–Ω
                                         —ã–µ –≥–æ–º–æ–ª–æ–≥–∏–∏}
You may provide a definition with
\DeclareUnicodeCharacter 


./0.1.tex:1: Package inputenc Error: Unicode character —ã (U+044B)
(inputenc)                not set up for use with LaTeX.

See the inputenc package documentation for explanation.
Type  H <return>  for immediate help.
 ...                                              
                                                  
l.1  \subsection{–°–∏–º–ø–ª–∏—Ü–∏–∞–ª—å–Ω—ã
                                           –µ –≥–æ–º–æ–ª–æ–≥–∏–∏}
You may provide a definition with
\DeclareUnicodeCharacter 


./0.1.tex:1: Package inputenc Error: Unicode character –µ (U+0435)
(inputenc)                not set up for use with LaTeX.

See the inputenc package documentation for explanation.
Type  H <return>  for immediate help.
 ...                                              
                                                  
l.1  \subsection{–°–∏–º–ø–ª–∏—Ü–∏–∞–ª—å–Ω—ã–µ
                                              –≥–æ–º–æ–ª–æ–≥–∏–∏}
You may provide a definition with
\DeclareUnicodeCharacter 


./0.1.tex:1: Package inputenc Error: Unicode character –≥ (U+0433)
(inputenc)                not set up for use with LaTeX.

See the inputenc package documentation for explanation.
Type  H <return>  for immediate help.
 ...                                              
                                                  
l.1  \subsection{–°–∏–º–ø–ª–∏—Ü–∏–∞–ª—å–Ω—ã–µ –≥
                                                –æ–º–æ–ª–æ–≥–∏–∏}
You may provide a definition with
\DeclareUnicodeCharacter 


./0.1.tex:1: Package inputenc Error: Unicode character –æ (U+043E)
(inputenc)                not set up for use with LaTeX.

See the inputenc package documentation for explanation.
Type  H <return>  for immediate help.
 ...                                              
                                                  
l.1  \subsection{–°–∏–º–ø–ª–∏—Ü–∏–∞–ª—å–Ω—ã–µ –≥–æ
                                                  –º–æ–ª–æ–≥–∏–∏}
You may provide a definition with
\DeclareUnicodeCharacter 


./0.1.tex:1: Package inputenc Error: Unicode character –º (U+043C)
(inputenc)                not set up for use with LaTeX.

See the inputenc package documentation for explanation.
Type  H <return>  for immediate help.
 ...                                              
                                                  
l.1 ...section{–°–∏–º–ø–ª–∏—Ü–∏–∞–ª—å–Ω—ã–µ –≥–æ–º
                                                  –æ–ª–æ–≥–∏–∏}
You may provide a definition with
\DeclareUnicodeCharacter 


./0.1.tex:1: Package inputenc Error: Unicode character –æ (U+043E)
(inputenc)                not set up for use with LaTeX.

See the inputenc package documentation for explanation.
Type  H <return>  for immediate help.
 ...                                              
                                                  
l.1 ...ction{–°–∏–º–ø–ª–∏—Ü–∏–∞–ª—å–Ω—ã–µ –≥–æ–º–æ
                                                  –ª–æ–≥–∏–∏}
You may provide a definition with
\DeclareUnicodeCharacter 


./0.1.tex:1: Package inputenc Error: Unicode character –ª (U+043B)
(inputenc)                not set up for use with LaTeX.

See the inputenc package documentation for explanation.
Type  H <return>  for immediate help.
 ...                                              
                                                  
l.1 ...ion{–°–∏–º–ø–ª–∏—Ü–∏–∞–ª—å–Ω—ã–µ –≥–æ–º–æ–ª
                                                  –æ–≥–∏–∏}
You may provide a definition with
\DeclareUnicodeCharacter 


./0.1.tex:1: Package inputenc Error: Unicode character –æ (U+043E)
(inputenc)                not set up for use with LaTeX.

See the inputenc package documentation for explanation.
Type  H <return>  for immediate help.
 ...                                              
                                                  
l.1 ...n{–°–∏–º–ø–ª–∏—Ü–∏–∞–ª—å–Ω—ã–µ –≥–æ–º–æ–ª–æ
                                                  –≥–∏–∏}
You may provide a definition with
\DeclareUnicodeCharacter 


./0.1.tex:1: Package inputenc Error: Unicode character –≥ (U+0433)
(inputenc)                not set up for use with LaTeX.

See the inputenc package documentation for explanation.
Type  H <return>  for immediate help.
 ...                                              
                                                  
l.1 ...–°–∏–º–ø–ª–∏—Ü–∏–∞–ª—å–Ω—ã–µ –≥–æ–º–æ–ª–æ–≥
                                                  –∏–∏}
You may provide a definition with
\DeclareUnicodeCharacter 


./0.1.tex:1: Package inputenc Error: Unicode character –∏ (U+0438)
(inputenc)                not set up for use with LaTeX.

See the inputenc package documentation for explanation.
Type  H <return>  for immediate help.
 ...                                              
                                                  
l.1 ...–∏–º–ø–ª–∏—Ü–∏–∞–ª—å–Ω—ã–µ –≥–æ–º–æ–ª–æ–≥–∏
                                                  –∏}
You may provide a definition with
\DeclareUnicodeCharacter 


./0.1.tex:1: Package inputenc Error: Unicode character –∏ (U+0438)
(inputenc)                not set up for use with LaTeX.

See the inputenc package documentation for explanation.
Type  H <return>  for immediate help.
 ...                                              
                                                  
l.1 ...–º–ø–ª–∏—Ü–∏–∞–ª—å–Ω—ã–µ –≥–æ–º–æ–ª–æ–≥–∏–∏
                                                  }
You may provide a definition with
\DeclareUnicodeCharacter 


./0.1.tex:3: LaTeX Error: Environment definition undefined.

See the LaTeX manual or LaTeX Companion for explanation.
Type  H <return>  for immediate help.
 ...                                              
                                                  
l.3     \begin{definition}
                          
Your command was ignored.
Type  I <command> <return>  to replace it with another command,
or  <return>  to continue without it.


./0.1.tex:4: LaTeX Error: Missing \begin{document}.

See the LaTeX manual or LaTeX Companion for explanation.
Type  H <return>  for immediate help.
 ...                                              
                                                  
l.4 ...   \emph{–¶–µ–ø–Ω—ã–º –∫–æ–º–ø–ª–µ–∫—Å–æ–º}
                                                   –∞–±–µ–ª–µ–≤—ã—Ö –≥—Ä—É–ø...

You're in trouble here.  Try typing  <return>  to proceed.
If that doesn't work, type  X <return>  to quit.


./0.1.tex:4: Package inputenc Error: Unicode character –¶ (U+0426)
(inputenc)                not set up for use with LaTeX.

See the inputenc package documentation for explanation.
Type  H <return>  for immediate help.
 ...                                              
                                                  
l.4 ...   \emph{–¶–µ–ø–Ω—ã–º –∫–æ–º–ø–ª–µ–∫—Å–æ–º}
                                                   –∞–±–µ–ª–µ–≤—ã—Ö –≥—Ä—É–ø...

You may provide a definition with
\DeclareUnicodeCharacter 


./0.1.tex:4: Package inputenc Error: Unicode character –µ (U+0435)
(inputenc)                not set up for use with LaTeX.

See the inputenc package documentation for explanation.
Type  H <return>  for immediate help.
 ...                                              
                                                  
l.4 ...   \emph{–¶–µ–ø–Ω—ã–º –∫–æ–º–ø–ª–µ–∫—Å–æ–º}
                                                   –∞–±–µ–ª–µ–≤—ã—Ö –≥—Ä—É–ø...

You may provide a definition with
\DeclareUnicodeCharacter 


./0.1.tex:4: Package inputenc Error: Unicode character –ø (U+043F)
(inputenc)                not set up for use with LaTeX.

See the inputenc package documentation for explanation.
Type  H <return>  for immediate help.
 ...                                              
                                                  
l.4 ...   \emph{–¶–µ–ø–Ω—ã–º –∫–æ–º–ø–ª–µ–∫—Å–æ–º}
                                                   –∞–±–µ–ª–µ–≤—ã—Ö –≥—Ä—É–ø...

You may provide a definition with
\DeclareUnicodeCharacter 


./0.1.tex:4: Package inputenc Error: Unicode character –Ω (U+043D)
(inputenc)                not set up for use with LaTeX.

See the inputenc package documentation for explanation.
Type  H <return>  for immediate help.
 ...                                              
                                                  
l.4 ...   \emph{–¶–µ–ø–Ω—ã–º –∫–æ–º–ø–ª–µ–∫—Å–æ–º}
                                                   –∞–±–µ–ª–µ–≤—ã—Ö –≥—Ä—É–ø...

You may provide a definition with
\DeclareUnicodeCharacter 


./0.1.tex:4: Package inputenc Error: Unicode character —ã (U+044B)
(inputenc)                not set up for use with LaTeX.

See the inputenc package documentation for explanation.
Type  H <return>  for immediate help.
 ...                                              
                                                  
l.4 ...   \emph{–¶–µ–ø–Ω—ã–º –∫–æ–º–ø–ª–µ–∫—Å–æ–º}
                                                   –∞–±–µ–ª–µ–≤—ã—Ö –≥—Ä—É–ø...

You may provide a definition with
\DeclareUnicodeCharacter 


./0.1.tex:4: Package inputenc Error: Unicode character –º (U+043C)
(inputenc)                not set up for use with LaTeX.

See the inputenc package documentation for explanation.
Type  H <return>  for immediate help.
 ...                                              
                                                  
l.4 ...   \emph{–¶–µ–ø–Ω—ã–º –∫–æ–º–ø–ª–µ–∫—Å–æ–º}
                                                   –∞–±–µ–ª–µ–≤—ã—Ö –≥—Ä—É–ø...

You may provide a definition with
\DeclareUnicodeCharacter 


./0.1.tex:4: Package inputenc Error: Unicode character –∫ (U+043A)
(inputenc)                not set up for use with LaTeX.

See the inputenc package documentation for explanation.
Type  H <return>  for immediate help.
 ...                                              
                                                  
l.4 ...   \emph{–¶–µ–ø–Ω—ã–º –∫–æ–º–ø–ª–µ–∫—Å–æ–º}
                                                   –∞–±–µ–ª–µ–≤—ã—Ö –≥—Ä—É–ø...

You may provide a definition with
\DeclareUnicodeCharacter 


./0.1.tex:4: Package inputenc Error: Unicode character –æ (U+043E)
(inputenc)                not set up for use with LaTeX.

See the inputenc package documentation for explanation.
Type  H <return>  for immediate help.
 ...                                              
                                                  
l.4 ...   \emph{–¶–µ–ø–Ω—ã–º –∫–æ–º–ø–ª–µ–∫—Å–æ–º}
                                                   –∞–±–µ–ª–µ–≤—ã—Ö –≥—Ä—É–ø...

You may provide a definition with
\DeclareUnicodeCharacter 


./0.1.tex:4: Package inputenc Error: Unicode character –º (U+043C)
(inputenc)                not set up for use with LaTeX.

See the inputenc package documentation for explanation.
Type  H <return>  for immediate help.
 ...                                              
                                                  
l.4 ...   \emph{–¶–µ–ø–Ω—ã–º –∫–æ–º–ø–ª–µ–∫—Å–æ–º}
                                                   –∞–±–µ–ª–µ–≤—ã—Ö –≥—Ä—É–ø...

You may provide a definition with
\DeclareUnicodeCharacter 


./0.1.tex:4: Package inputenc Error: Unicode character –ø (U+043F)
(inputenc)                not set up for use with LaTeX.

See the inputenc package documentation for explanation.
Type  H <return>  for immediate help.
 ...                                              
                                                  
l.4 ...   \emph{–¶–µ–ø–Ω—ã–º –∫–æ–º–ø–ª–µ–∫—Å–æ–º}
                                                   –∞–±–µ–ª–µ–≤—ã—Ö –≥—Ä—É–ø...

You may provide a definition with
\DeclareUnicodeCharacter 


./0.1.tex:4: Package inputenc Error: Unicode character –ª (U+043B)
(inputenc)                not set up for use with LaTeX.

See the inputenc package documentation for explanation.
Type  H <return>  for immediate help.
 ...                                              
                                                  
l.4 ...   \emph{–¶–µ–ø–Ω—ã–º –∫–æ–º–ø–ª–µ–∫—Å–æ–º}
                                                   –∞–±–µ–ª–µ–≤—ã—Ö –≥—Ä—É–ø...

You may provide a definition with
\DeclareUnicodeCharacter 


./0.1.tex:4: Package inputenc Error: Unicode character –µ (U+0435)
(inputenc)                not set up for use with LaTeX.

See the inputenc package documentation for explanation.
Type  H <return>  for immediate help.
 ...                                              
                                                  
l.4 ...   \emph{–¶–µ–ø–Ω—ã–º –∫–æ–º–ø–ª–µ–∫—Å–æ–º}
                                                   –∞–±–µ–ª–µ–≤—ã—Ö –≥—Ä—É–ø...

You may provide a definition with
\DeclareUnicodeCharacter 


./0.1.tex:4: Package inputenc Error: Unicode character –∫ (U+043A)
(inputenc)                not set up for use with LaTeX.

See the inputenc package documentation for explanation.
Type  H <return>  for immediate help.
 ...                                              
                                                  
l.4 ...   \emph{–¶–µ–ø–Ω—ã–º –∫–æ–º–ø–ª–µ–∫—Å–æ–º}
                                                   –∞–±–µ–ª–µ–≤—ã—Ö –≥—Ä—É–ø...

You may provide a definition with
\DeclareUnicodeCharacter 


./0.1.tex:4: Package inputenc Error: Unicode character —Å (U+0441)
(inputenc)                not set up for use with LaTeX.

See the inputenc package documentation for explanation.
Type  H <return>  for immediate help.
 ...                                              
                                                  
l.4 ...   \emph{–¶–µ–ø–Ω—ã–º –∫–æ–º–ø–ª–µ–∫—Å–æ–º}
                                                   –∞–±–µ–ª–µ–≤—ã—Ö –≥—Ä—É–ø...

You may provide a definition with
\DeclareUnicodeCharacter 


./0.1.tex:4: Package inputenc Error: Unicode character –æ (U+043E)
(inputenc)                not set up for use with LaTeX.

See the inputenc package documentation for explanation.
Type  H <return>  for immediate help.
 ...                                              
                                                  
l.4 ...   \emph{–¶–µ–ø–Ω—ã–º –∫–æ–º–ø–ª–µ–∫—Å–æ–º}
                                                   –∞–±–µ–ª–µ–≤—ã—Ö –≥—Ä—É–ø...

You may provide a definition with
\DeclareUnicodeCharacter 


./0.1.tex:4: Package inputenc Error: Unicode character –º (U+043C)
(inputenc)                not set up for use with LaTeX.

See the inputenc package documentation for explanation.
Type  H <return>  for immediate help.
 ...                                              
                                                  
l.4 ...   \emph{–¶–µ–ø–Ω—ã–º –∫–æ–º–ø–ª–µ–∫—Å–æ–º}
                                                   –∞–±–µ–ª–µ–≤—ã—Ö –≥—Ä—É–ø...

You may provide a definition with
\DeclareUnicodeCharacter 


./0.1.tex:4: Package inputenc Error: Unicode character –∞ (U+0430)
(inputenc)                not set up for use with LaTeX.

See the inputenc package documentation for explanation.
Type  H <return>  for immediate help.
 ...                                              
                                                  
l.4 ...\emph{–¶–µ–ø–Ω—ã–º –∫–æ–º–ø–ª–µ–∫—Å–æ–º} –∞
                                                  –±–µ–ª–µ–≤—ã—Ö –≥—Ä—É–ø–ø ...

You may provide a definition with
\DeclareUnicodeCharacter 


./0.1.tex:4: Package inputenc Error: Unicode character –± (U+0431)
(inputenc)                not set up for use with LaTeX.

See the inputenc package documentation for explanation.
Type  H <return>  for immediate help.
 ...                                              
                                                  
l.4 ...mph{–¶–µ–ø–Ω—ã–º –∫–æ–º–ø–ª–µ–∫—Å–æ–º} –∞–±
                                                  –µ–ª–µ–≤—ã—Ö –≥—Ä—É–ø–ø $(...

You may provide a definition with
\DeclareUnicodeCharacter 


./0.1.tex:4: Package inputenc Error: Unicode character –µ (U+0435)
(inputenc)                not set up for use with LaTeX.

See the inputenc package documentation for explanation.
Type  H <return>  for immediate help.
 ...                                              
                                                  
l.4 ...h{–¶–µ–ø–Ω—ã–º –∫–æ–º–ø–ª–µ–∫—Å–æ–º} –∞–±–µ
                                                  –ª–µ–≤—ã—Ö –≥—Ä—É–ø–ø $(C_...

You may provide a definition with
\DeclareUnicodeCharacter 


./0.1.tex:4: Package inputenc Error: Unicode character –ª (U+043B)
(inputenc)                not set up for use with LaTeX.

See the inputenc package documentation for explanation.
Type  H <return>  for immediate help.
 ...                                              
                                                  
l.4 ...–¶–µ–ø–Ω—ã–º –∫–æ–º–ø–ª–µ–∫—Å–æ–º} –∞–±–µ–ª
                                                  –µ–≤—ã—Ö –≥—Ä—É–ø–ø $(C_{\...

You may provide a definition with
\DeclareUnicodeCharacter 


./0.1.tex:4: Package inputenc Error: Unicode character –µ (U+0435)
(inputenc)                not set up for use with LaTeX.

See the inputenc package documentation for explanation.
Type  H <return>  for immediate help.
 ...                                              
                                                  
l.4 ...–µ–ø–Ω—ã–º –∫–æ–º–ø–ª–µ–∫—Å–æ–º} –∞–±–µ–ª–µ
                                                  –≤—ã—Ö –≥—Ä—É–ø–ø $(C_{\bu...

You may provide a definition with
\DeclareUnicodeCharacter 


./0.1.tex:4: Package inputenc Error: Unicode character –≤ (U+0432)
(inputenc)                not set up for use with LaTeX.

See the inputenc package documentation for explanation.
Type  H <return>  for immediate help.
 ...                                              
                                                  
l.4 ...–ø–Ω—ã–º –∫–æ–º–ø–ª–µ–∫—Å–æ–º} –∞–±–µ–ª–µ–≤
                                                  —ã—Ö –≥—Ä—É–ø–ø $(C_{\bull...

You may provide a definition with
\DeclareUnicodeCharacter 


./0.1.tex:4: Package inputenc Error: Unicode character —ã (U+044B)
(inputenc)                not set up for use with LaTeX.

See the inputenc package documentation for explanation.
Type  H <return>  for immediate help.
 ...                                              
                                                  
l.4 ...–Ω—ã–º –∫–æ–º–ø–ª–µ–∫—Å–æ–º} –∞–±–µ–ª–µ–≤—ã
                                                  —Ö –≥—Ä—É–ø–ø $(C_{\bullet...

You may provide a definition with
\DeclareUnicodeCharacter 


./0.1.tex:4: Package inputenc Error: Unicode character —Ö (U+0445)
(inputenc)                not set up for use with LaTeX.

See the inputenc package documentation for explanation.
Type  H <return>  for immediate help.
 ...                                              
                                                  
l.4 ...—ã–º –∫–æ–º–ø–ª–µ–∫—Å–æ–º} –∞–±–µ–ª–µ–≤—ã—Ö
                                                   –≥—Ä—É–ø–ø $(C_{\bullet},...

You may provide a definition with
\DeclareUnicodeCharacter 


./0.1.tex:4: Package inputenc Error: Unicode character –≥ (U+0433)
(inputenc)                not set up for use with LaTeX.

See the inputenc package documentation for explanation.
Type  H <return>  for immediate help.
 ...                                              
                                                  
l.4 ...º –∫–æ–º–ø–ª–µ–∫—Å–æ–º} –∞–±–µ–ª–µ–≤—ã—Ö –≥
                                                  —Ä—É–ø–ø $(C_{\bullet}, \p...

You may provide a definition with
\DeclareUnicodeCharacter 


./0.1.tex:4: Package inputenc Error: Unicode character —Ä (U+0440)
(inputenc)                not set up for use with LaTeX.

See the inputenc package documentation for explanation.
Type  H <return>  for immediate help.
 ...                                              
                                                  
l.4 ...–∫–æ–º–ø–ª–µ–∫—Å–æ–º} –∞–±–µ–ª–µ–≤—ã—Ö –≥—Ä
                                                  —É–ø–ø $(C_{\bullet}, \par...

You may provide a definition with
\DeclareUnicodeCharacter 


./0.1.tex:4: Package inputenc Error: Unicode character —É (U+0443)
(inputenc)                not set up for use with LaTeX.

See the inputenc package documentation for explanation.
Type  H <return>  for immediate help.
 ...                                              
                                                  
l.4 ...–æ–º–ø–ª–µ–∫—Å–æ–º} –∞–±–µ–ª–µ–≤—ã—Ö –≥—Ä—É
                                                  –ø–ø $(C_{\bullet}, \parti...

You may provide a definition with
\DeclareUnicodeCharacter 


./0.1.tex:4: Package inputenc Error: Unicode character –ø (U+043F)
(inputenc)                not set up for use with LaTeX.

See the inputenc package documentation for explanation.
Type  H <return>  for immediate help.
 ...                                              
                                                  
l.4 ...–º–ø–ª–µ–∫—Å–æ–º} –∞–±–µ–ª–µ–≤—ã—Ö –≥—Ä—É–ø
                                                  –ø $(C_{\bullet}, \partial...

You may provide a definition with
\DeclareUnicodeCharacter 


./0.1.tex:4: Package inputenc Error: Unicode character –ø (U+043F)
(inputenc)                not set up for use with LaTeX.

See the inputenc package documentation for explanation.
Type  H <return>  for immediate help.
 ...                                              
                                                  
l.4 ...–ø–ª–µ–∫—Å–æ–º} –∞–±–µ–ª–µ–≤—ã—Ö –≥—Ä—É–ø–ø
                                                   $(C_{\bullet}, \partial)$...

You may provide a definition with
\DeclareUnicodeCharacter 

LaTeX Font Info:    External font `cmex10' loaded for size
(Font)              <7> on input line 4.
LaTeX Font Info:    External font `cmex10' loaded for size
(Font)              <5> on input line 4.

./0.1.tex:4: Package inputenc Error: Unicode character –Ω (U+043D)
(inputenc)                not set up for use with LaTeX.

See the inputenc package documentation for explanation.
Type  H <return>  for immediate help.
 ...                                              
                                                  
l.4 ...ã—Ö –≥—Ä—É–ø–ø $(C_{\bullet}, \partial)$ –Ω
                                                  –∞–∑—ã–≤–∞–µ—Ç—Å—è –ø–æ—Å–...

You may provide a definition with
\DeclareUnicodeCharacter 


./0.1.tex:4: Package inputenc Error: Unicode character –∞ (U+0430)
(inputenc)                not set up for use with LaTeX.

See the inputenc package documentation for explanation.
Type  H <return>  for immediate help.
 ...                                              
                                                  
l.4 ...Ö –≥—Ä—É–ø–ø $(C_{\bullet}, \partial)$ –Ω–∞
                                                  –∑—ã–≤–∞–µ—Ç—Å—è –ø–æ—Å–ª–...

You may provide a definition with
\DeclareUnicodeCharacter 


./0.1.tex:4: Package inputenc Error: Unicode character –∑ (U+0437)
(inputenc)                not set up for use with LaTeX.

See the inputenc package documentation for explanation.
Type  H <return>  for immediate help.
 ...                                              
                                                  
l.4 ...–≥—Ä—É–ø–ø $(C_{\bullet}, \partial)$ –Ω–∞–∑
                                                  —ã–≤–∞–µ—Ç—Å—è –ø–æ—Å–ª–µ–...

You may provide a definition with
\DeclareUnicodeCharacter 


./0.1.tex:4: Package inputenc Error: Unicode character —ã (U+044B)
(inputenc)                not set up for use with LaTeX.

See the inputenc package documentation for explanation.
Type  H <return>  for immediate help.
 ...                                              
                                                  
l.4 ...—Ä—É–ø–ø $(C_{\bullet}, \partial)$ –Ω–∞–∑—ã
                                                  –≤–∞–µ—Ç—Å—è –ø–æ—Å–ª–µ–¥–...

You may provide a definition with
\DeclareUnicodeCharacter 


./0.1.tex:4: Package inputenc Error: Unicode character –≤ (U+0432)
(inputenc)                not set up for use with LaTeX.

See the inputenc package documentation for explanation.
Type  H <return>  for immediate help.
 ...                                              
                                                  
l.4 ...—É–ø–ø $(C_{\bullet}, \partial)$ –Ω–∞–∑—ã–≤
                                                  –∞–µ—Ç—Å—è –ø–æ—Å–ª–µ–¥–æ–...

You may provide a definition with
\DeclareUnicodeCharacter 


./0.1.tex:4: Package inputenc Error: Unicode character –∞ (U+0430)
(inputenc)                not set up for use with LaTeX.

See the inputenc package documentation for explanation.
Type  H <return>  for immediate help.
 ...                                              
                                                  
l.4 ...–ø–ø $(C_{\bullet}, \partial)$ –Ω–∞–∑—ã–≤–∞
                                                  –µ—Ç—Å—è –ø–æ—Å–ª–µ–¥–æ–≤–...

You may provide a definition with
\DeclareUnicodeCharacter 


./0.1.tex:4: Package inputenc Error: Unicode character –µ (U+0435)
(inputenc)                not set up for use with LaTeX.

See the inputenc package documentation for explanation.
Type  H <return>  for immediate help.
 ...                                              
                                                  
l.4 ...–ø $(C_{\bullet}, \partial)$ –Ω–∞–∑—ã–≤–∞–µ
                                                  —Ç—Å—è –ø–æ—Å–ª–µ–¥–æ–≤–∞—...

You may provide a definition with
\DeclareUnicodeCharacter 


./0.1.tex:4: Package inputenc Error: Unicode character —Ç (U+0442)
(inputenc)                not set up for use with LaTeX.

See the inputenc package documentation for explanation.
Type  H <return>  for immediate help.
 ...                                              
                                                  
l.4 ... $(C_{\bullet}, \partial)$ –Ω–∞–∑—ã–≤–∞–µ—Ç
                                                  —Å—è –ø–æ—Å–ª–µ–¥–æ–≤–∞—Ç–...

You may provide a definition with
\DeclareUnicodeCharacter 


./0.1.tex:4: Package inputenc Error: Unicode character —Å (U+0441)
(inputenc)                not set up for use with LaTeX.

See the inputenc package documentation for explanation.
Type  H <return>  for immediate help.
 ...                                              
                                                  
l.4 ...(C_{\bullet}, \partial)$ –Ω–∞–∑—ã–≤–∞–µ—Ç—Å
                                                  —è –ø–æ—Å–ª–µ–¥–æ–≤–∞—Ç–µ–...

You may provide a definition with
\DeclareUnicodeCharacter 


./0.1.tex:4: Package inputenc Error: Unicode character —è (U+044F)
(inputenc)                not set up for use with LaTeX.

See the inputenc package documentation for explanation.
Type  H <return>  for immediate help.
 ...                                              
                                                  
l.4 ..._{\bullet}, \partial)$ –Ω–∞–∑—ã–≤–∞–µ—Ç—Å—è
                                                   –ø–æ—Å–ª–µ–¥–æ–≤–∞—Ç–µ–∫–...

You may provide a definition with
\DeclareUnicodeCharacter 


./0.1.tex:4: Package inputenc Error: Unicode character –ø (U+043F)
(inputenc)                not set up for use with LaTeX.

See the inputenc package documentation for explanation.
Type  H <return>  for immediate help.
 ...                                              
                                                  
l.4 ...bullet}, \partial)$ –Ω–∞–∑—ã–≤–∞–µ—Ç—Å—è –ø
                                                  –æ—Å–ª–µ–¥–æ–≤–∞—Ç–µ–∫–ª—å...

You may provide a definition with
\DeclareUnicodeCharacter 


./0.1.tex:4: Package inputenc Error: Unicode character –æ (U+043E)
(inputenc)                not set up for use with LaTeX.

See the inputenc package documentation for explanation.
Type  H <return>  for immediate help.
 ...                                              
                                                  
l.4 ...llet}, \partial)$ –Ω–∞–∑—ã–≤–∞–µ—Ç—Å—è –ø–æ
                                                  —Å–ª–µ–¥–æ–≤–∞—Ç–µ–∫–ª—å–Ω...

You may provide a definition with
\DeclareUnicodeCharacter 


./0.1.tex:4: Package inputenc Error: Unicode character —Å (U+0441)
(inputenc)                not set up for use with LaTeX.

See the inputenc package documentation for explanation.
Type  H <return>  for immediate help.
 ...                                              
                                                  
l.4 ...et}, \partial)$ –Ω–∞–∑—ã–≤–∞–µ—Ç—Å—è –ø–æ—Å
                                                  –ª–µ–¥–æ–≤–∞—Ç–µ–∫–ª—å–Ω–æ...

You may provide a definition with
\DeclareUnicodeCharacter 


./0.1.tex:4: Package inputenc Error: Unicode character –ª (U+043B)
(inputenc)                not set up for use with LaTeX.

See the inputenc package documentation for explanation.
Type  H <return>  for immediate help.
 ...                                              
                                                  
l.4 ...}, \partial)$ –Ω–∞–∑—ã–≤–∞–µ—Ç—Å—è –ø–æ—Å–ª
                                                  –µ–¥–æ–≤–∞—Ç–µ–∫–ª—å–Ω–æ—Å...

You may provide a definition with
\DeclareUnicodeCharacter 


./0.1.tex:4: Package inputenc Error: Unicode character –µ (U+0435)
(inputenc)                not set up for use with LaTeX.

See the inputenc package documentation for explanation.
Type  H <return>  for immediate help.
 ...                                              
                                                  
l.4 ... \partial)$ –Ω–∞–∑—ã–≤–∞–µ—Ç—Å—è –ø–æ—Å–ª–µ
                                                  –¥–æ–≤–∞—Ç–µ–∫–ª—å–Ω–æ—Å—Ç...

You may provide a definition with
\DeclareUnicodeCharacter 


./0.1.tex:4: Package inputenc Error: Unicode character –¥ (U+0434)
(inputenc)                not set up for use with LaTeX.

See the inputenc package documentation for explanation.
Type  H <return>  for immediate help.
 ...                                              
                                                  
l.4 ...partial)$ –Ω–∞–∑—ã–≤–∞–µ—Ç—Å—è –ø–æ—Å–ª–µ–¥
                                                  –æ–≤–∞—Ç–µ–∫–ª—å–Ω–æ—Å—Ç—å...

You may provide a definition with
\DeclareUnicodeCharacter 


./0.1.tex:4: Package inputenc Error: Unicode character –æ (U+043E)
(inputenc)                not set up for use with LaTeX.

See the inputenc package documentation for explanation.
Type  H <return>  for immediate help.
 ...                                              
                                                  
l.4 ...rtial)$ –Ω–∞–∑—ã–≤–∞–µ—Ç—Å—è –ø–æ—Å–ª–µ–¥–æ
                                                  –≤–∞—Ç–µ–∫–ª—å–Ω–æ—Å—Ç—å –...

You may provide a definition with
\DeclareUnicodeCharacter 


./0.1.tex:4: Package inputenc Error: Unicode character –≤ (U+0432)
(inputenc)                not set up for use with LaTeX.

See the inputenc package documentation for explanation.
Type  H <return>  for immediate help.
 ...                                              
                                                  
l.4 ...ial)$ –Ω–∞–∑—ã–≤–∞–µ—Ç—Å—è –ø–æ—Å–ª–µ–¥–æ–≤
                                                  –∞—Ç–µ–∫–ª—å–Ω–æ—Å—Ç—å –∞–...

You may provide a definition with
\DeclareUnicodeCharacter 


./0.1.tex:4: Package inputenc Error: Unicode character –∞ (U+0430)
(inputenc)                not set up for use with LaTeX.

See the inputenc package documentation for explanation.
Type  H <return>  for immediate help.
 ...                                              
                                                  
l.4 ...l)$ –Ω–∞–∑—ã–≤–∞–µ—Ç—Å—è –ø–æ—Å–ª–µ–¥–æ–≤–∞
                                                  —Ç–µ–∫–ª—å–Ω–æ—Å—Ç—å –∞–±–...

You may provide a definition with
\DeclareUnicodeCharacter 


./0.1.tex:4: Package inputenc Error: Unicode character —Ç (U+0442)
(inputenc)                not set up for use with LaTeX.

See the inputenc package documentation for explanation.
Type  H <return>  for immediate help.
 ...                                              
                                                  
l.4 ...$ –Ω–∞–∑—ã–≤–∞–µ—Ç—Å—è –ø–æ—Å–ª–µ–¥–æ–≤–∞—Ç
                                                  –µ–∫–ª—å–Ω–æ—Å—Ç—å –∞–±–µ–...

You may provide a definition with
\DeclareUnicodeCharacter 


./0.1.tex:4: Package inputenc Error: Unicode character –µ (U+0435)
(inputenc)                not set up for use with LaTeX.

See the inputenc package documentation for explanation.
Type  H <return>  for immediate help.
 ...                                              
                                                  
l.4 ...–Ω–∞–∑—ã–≤–∞–µ—Ç—Å—è –ø–æ—Å–ª–µ–¥–æ–≤–∞—Ç–µ
                                                  –∫–ª—å–Ω–æ—Å—Ç—å –∞–±–µ–ª–...

You may provide a definition with
\DeclareUnicodeCharacter 


./0.1.tex:4: Package inputenc Error: Unicode character –∫ (U+043A)
(inputenc)                not set up for use with LaTeX.

See the inputenc package documentation for explanation.
Type  H <return>  for immediate help.
 ...                                              
                                                  
l.4 ...–∞–∑—ã–≤–∞–µ—Ç—Å—è –ø–æ—Å–ª–µ–¥–æ–≤–∞—Ç–µ–∫
                                                  –ª—å–Ω–æ—Å—Ç—å –∞–±–µ–ª–µ–...

You may provide a definition with
\DeclareUnicodeCharacter 


./0.1.tex:4: Package inputenc Error: Unicode character –ª (U+043B)
(inputenc)                not set up for use with LaTeX.

See the inputenc package documentation for explanation.
Type  H <return>  for immediate help.
 ...                                              
                                                  
l.4 ...–∑—ã–≤–∞–µ—Ç—Å—è –ø–æ—Å–ª–µ–¥–æ–≤–∞—Ç–µ–∫–ª
                                                  —å–Ω–æ—Å—Ç—å –∞–±–µ–ª–µ–≤—...

You may provide a definition with
\DeclareUnicodeCharacter 


./0.1.tex:4: Package inputenc Error: Unicode character —å (U+044C)
(inputenc)                not set up for use with LaTeX.

See the inputenc package documentation for explanation.
Type  H <return>  for immediate help.
 ...                                              
                                                  
l.4 ...—ã–≤–∞–µ—Ç—Å—è –ø–æ—Å–ª–µ–¥–æ–≤–∞—Ç–µ–∫–ª—å
                                                  –Ω–æ—Å—Ç—å –∞–±–µ–ª–µ–≤—ã—...

You may provide a definition with
\DeclareUnicodeCharacter 


./0.1.tex:4: Package inputenc Error: Unicode character –Ω (U+043D)
(inputenc)                not set up for use with LaTeX.

See the inputenc package documentation for explanation.
Type  H <return>  for immediate help.
 ...                                              
                                                  
l.4 ...–≤–∞–µ—Ç—Å—è –ø–æ—Å–ª–µ–¥–æ–≤–∞—Ç–µ–∫–ª—å–Ω
                                                  –æ—Å—Ç—å –∞–±–µ–ª–µ–≤—ã—Ö ...

You may provide a definition with
\DeclareUnicodeCharacter 


./0.1.tex:4: Package inputenc Error: Unicode character –æ (U+043E)
(inputenc)                not set up for use with LaTeX.

See the inputenc package documentation for explanation.
Type  H <return>  for immediate help.
 ...                                              
                                                  
l.4 ...–∞–µ—Ç—Å—è –ø–æ—Å–ª–µ–¥–æ–≤–∞—Ç–µ–∫–ª—å–Ω–æ
                                                  —Å—Ç—å –∞–±–µ–ª–µ–≤—ã—Ö –≥...

You may provide a definition with
\DeclareUnicodeCharacter 


./0.1.tex:4: Package inputenc Error: Unicode character —Å (U+0441)
(inputenc)                not set up for use with LaTeX.

See the inputenc package documentation for explanation.
Type  H <return>  for immediate help.
 ...                                              
                                                  
l.4 ...–µ—Ç—Å—è –ø–æ—Å–ª–µ–¥–æ–≤–∞—Ç–µ–∫–ª—å–Ω–æ—Å
                                                  —Ç—å –∞–±–µ–ª–µ–≤—ã—Ö –≥—Ä...

You may provide a definition with
\DeclareUnicodeCharacter 


./0.1.tex:4: Package inputenc Error: Unicode character —Ç (U+0442)
(inputenc)                not set up for use with LaTeX.

See the inputenc package documentation for explanation.
Type  H <return>  for immediate help.
 ...                                              
                                                  
l.4 ...—Ç—Å—è –ø–æ—Å–ª–µ–¥–æ–≤–∞—Ç–µ–∫–ª—å–Ω–æ—Å—Ç
                                                  —å –∞–±–µ–ª–µ–≤—ã—Ö –≥—Ä—É...

You may provide a definition with
\DeclareUnicodeCharacter 


./0.1.tex:4: Package inputenc Error: Unicode character —å (U+044C)
(inputenc)                not set up for use with LaTeX.

See the inputenc package documentation for explanation.
Type  H <return>  for immediate help.
 ...                                              
                                                  
l.4 ...—Å—è –ø–æ—Å–ª–µ–¥–æ–≤–∞—Ç–µ–∫–ª—å–Ω–æ—Å—Ç—å
                                                   –∞–±–µ–ª–µ–≤—ã—Ö –≥—Ä—É–ø...

You may provide a definition with
\DeclareUnicodeCharacter 


./0.1.tex:4: Package inputenc Error: Unicode character –∞ (U+0430)
(inputenc)                not set up for use with LaTeX.

See the inputenc package documentation for explanation.
Type  H <return>  for immediate help.
 ...                                              
                                                  
l.4 ...è –ø–æ—Å–ª–µ–¥–æ–≤–∞—Ç–µ–∫–ª—å–Ω–æ—Å—Ç—å –∞
                                                  –±–µ–ª–µ–≤—ã—Ö –≥—Ä—É–ø–ø ...

You may provide a definition with
\DeclareUnicodeCharacter 


./0.1.tex:4: Package inputenc Error: Unicode character –± (U+0431)
(inputenc)                not set up for use with LaTeX.

See the inputenc package documentation for explanation.
Type  H <return>  for immediate help.
 ...                                              
                                                  
l.4 ...–ø–æ—Å–ª–µ–¥–æ–≤–∞—Ç–µ–∫–ª—å–Ω–æ—Å—Ç—å –∞–±
                                                  –µ–ª–µ–≤—ã—Ö –≥—Ä—É–ø–ø –∏...

You may provide a definition with
\DeclareUnicodeCharacter 


./0.1.tex:4: Package inputenc Error: Unicode character –µ (U+0435)
(inputenc)                not set up for use with LaTeX.

See the inputenc package documentation for explanation.
Type  H <return>  for immediate help.
 ...                                              
                                                  
l.4 ...–æ—Å–ª–µ–¥–æ–≤–∞—Ç–µ–∫–ª—å–Ω–æ—Å—Ç—å –∞–±–µ
                                                  –ª–µ–≤—ã—Ö –≥—Ä—É–ø–ø –∏ –...

You may provide a definition with
\DeclareUnicodeCharacter 


./0.1.tex:4: Package inputenc Error: Unicode character –ª (U+043B)
(inputenc)                not set up for use with LaTeX.

See the inputenc package documentation for explanation.
Type  H <return>  for immediate help.
 ...                                              
                                                  
l.4 ...—Å–ª–µ–¥–æ–≤–∞—Ç–µ–∫–ª—å–Ω–æ—Å—Ç—å –∞–±–µ–ª
                                                  –µ–≤—ã—Ö –≥—Ä—É–ø–ø –∏ –º–...

You may provide a definition with
\DeclareUnicodeCharacter 


./0.1.tex:4: Package inputenc Error: Unicode character –µ (U+0435)
(inputenc)                not set up for use with LaTeX.

See the inputenc package documentation for explanation.
Type  H <return>  for immediate help.
 ...                                              
                                                  
l.4 ...–ª–µ–¥–æ–≤–∞—Ç–µ–∫–ª—å–Ω–æ—Å—Ç—å –∞–±–µ–ª–µ
                                                  –≤—ã—Ö –≥—Ä—É–ø–ø –∏ –º–æ—...

You may provide a definition with
\DeclareUnicodeCharacter 


./0.1.tex:4: Package inputenc Error: Unicode character –≤ (U+0432)
(inputenc)                not set up for use with LaTeX.

See the inputenc package documentation for explanation.
Type  H <return>  for immediate help.
 ...                                              
                                                  
l.4 ...–µ–¥–æ–≤–∞—Ç–µ–∫–ª—å–Ω–æ—Å—Ç—å –∞–±–µ–ª–µ–≤
                                                  —ã—Ö –≥—Ä—É–ø–ø –∏ –º–æ—Ä—...

You may provide a definition with
\DeclareUnicodeCharacter 


./0.1.tex:4: Package inputenc Error: Unicode character —ã (U+044B)
(inputenc)                not set up for use with LaTeX.

See the inputenc package documentation for explanation.
Type  H <return>  for immediate help.
 ...                                              
                                                  
l.4 ...–¥–æ–≤–∞—Ç–µ–∫–ª—å–Ω–æ—Å—Ç—å –∞–±–µ–ª–µ–≤—ã
                                                  —Ö –≥—Ä—É–ø–ø –∏ –º–æ—Ä—Ñ–...

You may provide a definition with
\DeclareUnicodeCharacter 


./0.1.tex:4: Package inputenc Error: Unicode character —Ö (U+0445)
(inputenc)                not set up for use with LaTeX.

See the inputenc package documentation for explanation.
Type  H <return>  for immediate help.
 ...                                              
                                                  
l.4 ...–æ–≤–∞—Ç–µ–∫–ª—å–Ω–æ—Å—Ç—å –∞–±–µ–ª–µ–≤—ã—Ö
                                                   –≥—Ä—É–ø–ø –∏ –º–æ—Ä—Ñ–∏–...

You may provide a definition with
\DeclareUnicodeCharacter 


./0.1.tex:4: Package inputenc Error: Unicode character –≥ (U+0433)
(inputenc)                not set up for use with LaTeX.

See the inputenc package documentation for explanation.
Type  H <return>  for immediate help.
 ...                                              
                                                  
l.4 ...≤–∞—Ç–µ–∫–ª—å–Ω–æ—Å—Ç—å –∞–±–µ–ª–µ–≤—ã—Ö –≥
                                                  —Ä—É–ø–ø –∏ –º–æ—Ä—Ñ–∏–∑–º...

You may provide a definition with
\DeclareUnicodeCharacter 


./0.1.tex:4: Package inputenc Error: Unicode character —Ä (U+0440)
(inputenc)                not set up for use with LaTeX.

See the inputenc package documentation for explanation.
Type  H <return>  for immediate help.
 ...                                              
                                                  
l.4 ...∞—Ç–µ–∫–ª—å–Ω–æ—Å—Ç—å –∞–±–µ–ª–µ–≤—ã—Ö –≥—Ä
                                                  —É–ø–ø –∏ –º–æ—Ä—Ñ–∏–∑–º–æ...

You may provide a definition with
\DeclareUnicodeCharacter 


./0.1.tex:4: Package inputenc Error: Unicode character —É (U+0443)
(inputenc)                not set up for use with LaTeX.

See the inputenc package documentation for explanation.
Type  H <return>  for immediate help.
 ...                                              
                                                  
l.4 ...Ç–µ–∫–ª—å–Ω–æ—Å—Ç—å –∞–±–µ–ª–µ–≤—ã—Ö –≥—Ä—É
                                                  –ø–ø –∏ –º–æ—Ä—Ñ–∏–∑–º–æ–≤...

You may provide a definition with
\DeclareUnicodeCharacter 


./0.1.tex:4: Package inputenc Error: Unicode character –ø (U+043F)
(inputenc)                not set up for use with LaTeX.

See the inputenc package documentation for explanation.
Type  H <return>  for immediate help.
 ...                                              
                                                  
l.4 ...µ–∫–ª—å–Ω–æ—Å—Ç—å –∞–±–µ–ª–µ–≤—ã—Ö –≥—Ä—É–ø
                                                  –ø –∏ –º–æ—Ä—Ñ–∏–∑–º–æ–≤ –...

You may provide a definition with
\DeclareUnicodeCharacter 


./0.1.tex:4: Package inputenc Error: Unicode character –ø (U+043F)
(inputenc)                not set up for use with LaTeX.

See the inputenc package documentation for explanation.
Type  H <return>  for immediate help.
 ...                                              
                                                  
l.4 ...∫–ª—å–Ω–æ—Å—Ç—å –∞–±–µ–ª–µ–≤—ã—Ö –≥—Ä—É–ø–ø
                                                   –∏ –º–æ—Ä—Ñ–∏–∑–º–æ–≤ –≤–...

You may provide a definition with
\DeclareUnicodeCharacter 


./0.1.tex:4: Package inputenc Error: Unicode character –∏ (U+0438)
(inputenc)                not set up for use with LaTeX.

See the inputenc package documentation for explanation.
Type  H <return>  for immediate help.
 ...                                              
                                                  
l.4 ...—å–Ω–æ—Å—Ç—å –∞–±–µ–ª–µ–≤—ã—Ö –≥—Ä—É–ø–ø –∏
                                                   –º–æ—Ä—Ñ–∏–∑–º–æ–≤ –≤–∏–¥–∞
You may provide a definition with
\DeclareUnicodeCharacter 


./0.1.tex:4: Package inputenc Error: Unicode character –º (U+043C)
(inputenc)                not set up for use with LaTeX.

See the inputenc package documentation for explanation.
Type  H <return>  for immediate help.
 ...                                              
                                                  
l.4 ...Ω–æ—Å—Ç—å –∞–±–µ–ª–µ–≤—ã—Ö –≥—Ä—É–ø–ø –∏ –º
                                                  –æ—Ä—Ñ–∏–∑–º–æ–≤ –≤–∏–¥–∞
You may provide a definition with
\DeclareUnicodeCharacter 


./0.1.tex:4: Package inputenc Error: Unicode character –æ (U+043E)
(inputenc)                not set up for use with LaTeX.

See the inputenc package documentation for explanation.
Type  H <return>  for immediate help.
 ...                                              
                                                  
l.4 ...æ—Å—Ç—å –∞–±–µ–ª–µ–≤—ã—Ö –≥—Ä—É–ø–ø –∏ –º–æ
                                                  —Ä—Ñ–∏–∑–º–æ–≤ –≤–∏–¥–∞
(That makes 100 errors; please try again.) 
Here is how much of TeX's memory you used:
 48 strings out of 480608
 902 string characters out of 5903630
 239610 words of memory out of 5000000
 16038 multiletter control sequences out of 15000+600000
 532684 words of font info for 25 fonts, out of 8000000 for 9000
 1141 hyphenation exceptions out of 8191
 18i,2n,15p,247b,81s stack positions out of 5000i,500n,10000p,200000b,80000s

./0.1.tex:4:  ==> Fatal error occurred, no output PDF file produced!
