This is pdfTeX, Version 3.14159265-2.6-1.40.21 (TeX Live 2020) (preloaded format=pdflatex 2021.3.10)  22 JUN 2023 02:47
entering extended mode
 restricted \write18 enabled.
 file:line:error style messages enabled.
 %&-line parsing enabled.
**0.2.tex
(./0.2.tex
LaTeX2e <2020-02-02> patch level 5
L3 programming layer <2020-03-06>

./0.2.tex:1: Package inputenc Error: Unicode character –¢ (U+0422)
(inputenc)                not set up for use with LaTeX.

See the inputenc package documentation for explanation.
Type  H <return>  for immediate help.
 ...                                              
                                                  
l.1     –¢
          –µ–ø–µ—Ä—å –ø–æ–ø—Ä–æ–±–µ–º –ø–æ—Å—á–∏—Ç–∞—Ç—å –ø–æ –æ–ø—Ä–µ–¥–µ–ª...

You may provide a definition with
\DeclareUnicodeCharacter 


./0.2.tex:1: Package inputenc Error: Unicode character –µ (U+0435)
(inputenc)                not set up for use with LaTeX.

See the inputenc package documentation for explanation.
Type  H <return>  for immediate help.
 ...                                              
                                                  
l.1     –¢–µ
            –ø–µ—Ä—å –ø–æ–ø—Ä–æ–±–µ–º –ø–æ—Å—á–∏—Ç–∞—Ç—å –ø–æ –æ–ø—Ä–µ–¥–µ–ª...

You may provide a definition with
\DeclareUnicodeCharacter 


./0.2.tex:1: Package inputenc Error: Unicode character –ø (U+043F)
(inputenc)                not set up for use with LaTeX.

See the inputenc package documentation for explanation.
Type  H <return>  for immediate help.
 ...                                              
                                                  
l.1     –¢–µ–ø
              –µ—Ä—å –ø–æ–ø—Ä–æ–±–µ–º –ø–æ—Å—á–∏—Ç–∞—Ç—å –ø–æ –æ–ø—Ä–µ–¥–µ–ª...

You may provide a definition with
\DeclareUnicodeCharacter 


./0.2.tex:1: Package inputenc Error: Unicode character –µ (U+0435)
(inputenc)                not set up for use with LaTeX.

See the inputenc package documentation for explanation.
Type  H <return>  for immediate help.
 ...                                              
                                                  
l.1     –¢–µ–ø–µ
                —Ä—å –ø–æ–ø—Ä–æ–±–µ–º –ø–æ—Å—á–∏—Ç–∞—Ç—å –ø–æ –æ–ø—Ä–µ–¥–µ–ª...

You may provide a definition with
\DeclareUnicodeCharacter 


./0.2.tex:1: Package inputenc Error: Unicode character —Ä (U+0440)
(inputenc)                not set up for use with LaTeX.

See the inputenc package documentation for explanation.
Type  H <return>  for immediate help.
 ...                                              
                                                  
l.1     –¢–µ–ø–µ—Ä
                  —å –ø–æ–ø—Ä–æ–±–µ–º –ø–æ—Å—á–∏—Ç–∞—Ç—å –ø–æ –æ–ø—Ä–µ–¥–µ–ª...

You may provide a definition with
\DeclareUnicodeCharacter 


./0.2.tex:1: Package inputenc Error: Unicode character —å (U+044C)
(inputenc)                not set up for use with LaTeX.

See the inputenc package documentation for explanation.
Type  H <return>  for immediate help.
 ...                                              
                                                  
l.1     –¢–µ–ø–µ—Ä—å
                     –ø–æ–ø—Ä–æ–±–µ–º –ø–æ—Å—á–∏—Ç–∞—Ç—å –ø–æ –æ–ø—Ä–µ–¥–µ–ª...

You may provide a definition with
\DeclareUnicodeCharacter 


./0.2.tex:1: Package inputenc Error: Unicode character –ø (U+043F)
(inputenc)                not set up for use with LaTeX.

See the inputenc package documentation for explanation.
Type  H <return>  for immediate help.
 ...                                              
                                                  
l.1     –¢–µ–ø–µ—Ä—å –ø
                       –æ–ø—Ä–æ–±–µ–º –ø–æ—Å—á–∏—Ç–∞—Ç—å –ø–æ –æ–ø—Ä–µ–¥–µ–ª...

You may provide a definition with
\DeclareUnicodeCharacter 


./0.2.tex:1: Package inputenc Error: Unicode character –æ (U+043E)
(inputenc)                not set up for use with LaTeX.

See the inputenc package documentation for explanation.
Type  H <return>  for immediate help.
 ...                                              
                                                  
l.1     –¢–µ–ø–µ—Ä—å –ø–æ
                         –ø—Ä–æ–±–µ–º –ø–æ—Å—á–∏—Ç–∞—Ç—å –ø–æ –æ–ø—Ä–µ–¥–µ–ª...

You may provide a definition with
\DeclareUnicodeCharacter 


./0.2.tex:1: Package inputenc Error: Unicode character –ø (U+043F)
(inputenc)                not set up for use with LaTeX.

See the inputenc package documentation for explanation.
Type  H <return>  for immediate help.
 ...                                              
                                                  
l.1     –¢–µ–ø–µ—Ä—å –ø–æ–ø
                           —Ä–æ–±–µ–º –ø–æ—Å—á–∏—Ç–∞—Ç—å –ø–æ –æ–ø—Ä–µ–¥–µ–ª...

You may provide a definition with
\DeclareUnicodeCharacter 


./0.2.tex:1: Package inputenc Error: Unicode character —Ä (U+0440)
(inputenc)                not set up for use with LaTeX.

See the inputenc package documentation for explanation.
Type  H <return>  for immediate help.
 ...                                              
                                                  
l.1     –¢–µ–ø–µ—Ä—å –ø–æ–ø—Ä
                             –æ–±–µ–º –ø–æ—Å—á–∏—Ç–∞—Ç—å –ø–æ –æ–ø—Ä–µ–¥–µ–ª...

You may provide a definition with
\DeclareUnicodeCharacter 


./0.2.tex:1: Package inputenc Error: Unicode character –æ (U+043E)
(inputenc)                not set up for use with LaTeX.

See the inputenc package documentation for explanation.
Type  H <return>  for immediate help.
 ...                                              
                                                  
l.1     –¢–µ–ø–µ—Ä—å –ø–æ–ø—Ä–æ
                               –±–µ–º –ø–æ—Å—á–∏—Ç–∞—Ç—å –ø–æ –æ–ø—Ä–µ–¥–µ–ª...

You may provide a definition with
\DeclareUnicodeCharacter 


./0.2.tex:1: Package inputenc Error: Unicode character –± (U+0431)
(inputenc)                not set up for use with LaTeX.

See the inputenc package documentation for explanation.
Type  H <return>  for immediate help.
 ...                                              
                                                  
l.1     –¢–µ–ø–µ—Ä—å –ø–æ–ø—Ä–æ–±
                                 –µ–º –ø–æ—Å—á–∏—Ç–∞—Ç—å –ø–æ –æ–ø—Ä–µ–¥–µ–ª...

You may provide a definition with
\DeclareUnicodeCharacter 


./0.2.tex:1: Package inputenc Error: Unicode character –µ (U+0435)
(inputenc)                not set up for use with LaTeX.

See the inputenc package documentation for explanation.
Type  H <return>  for immediate help.
 ...                                              
                                                  
l.1     –¢–µ–ø–µ—Ä—å –ø–æ–ø—Ä–æ–±–µ
                                   –º –ø–æ—Å—á–∏—Ç–∞—Ç—å –ø–æ –æ–ø—Ä–µ–¥–µ–ª...

You may provide a definition with
\DeclareUnicodeCharacter 


./0.2.tex:1: Package inputenc Error: Unicode character –º (U+043C)
(inputenc)                not set up for use with LaTeX.

See the inputenc package documentation for explanation.
Type  H <return>  for immediate help.
 ...                                              
                                                  
l.1     –¢–µ–ø–µ—Ä—å –ø–æ–ø—Ä–æ–±–µ–º
                                      –ø–æ—Å—á–∏—Ç–∞—Ç—å –ø–æ –æ–ø—Ä–µ–¥–µ–ª...

You may provide a definition with
\DeclareUnicodeCharacter 


./0.2.tex:1: Package inputenc Error: Unicode character –ø (U+043F)
(inputenc)                not set up for use with LaTeX.

See the inputenc package documentation for explanation.
Type  H <return>  for immediate help.
 ...                                              
                                                  
l.1     –¢–µ–ø–µ—Ä—å –ø–æ–ø—Ä–æ–±–µ–º –ø
                                        –æ—Å—á–∏—Ç–∞—Ç—å –ø–æ –æ–ø—Ä–µ–¥–µ–ª...

You may provide a definition with
\DeclareUnicodeCharacter 


./0.2.tex:1: Package inputenc Error: Unicode character –æ (U+043E)
(inputenc)                not set up for use with LaTeX.

See the inputenc package documentation for explanation.
Type  H <return>  for immediate help.
 ...                                              
                                                  
l.1     –¢–µ–ø–µ—Ä—å –ø–æ–ø—Ä–æ–±–µ–º –ø–æ
                                          —Å—á–∏—Ç–∞—Ç—å –ø–æ –æ–ø—Ä–µ–¥–µ–ª...

You may provide a definition with
\DeclareUnicodeCharacter 


./0.2.tex:1: Package inputenc Error: Unicode character —Å (U+0441)
(inputenc)                not set up for use with LaTeX.

See the inputenc package documentation for explanation.
Type  H <return>  for immediate help.
 ...                                              
                                                  
l.1     –¢–µ–ø–µ—Ä—å –ø–æ–ø—Ä–æ–±–µ–º –ø–æ—Å
                                            —á–∏—Ç–∞—Ç—å –ø–æ –æ–ø—Ä–µ–¥–µ–ª...

You may provide a definition with
\DeclareUnicodeCharacter 


./0.2.tex:1: Package inputenc Error: Unicode character —á (U+0447)
(inputenc)                not set up for use with LaTeX.

See the inputenc package documentation for explanation.
Type  H <return>  for immediate help.
 ...                                              
                                                  
l.1     –¢–µ–ø–µ—Ä—å –ø–æ–ø—Ä–æ–±–µ–º –ø–æ—Å—á
                                              –∏—Ç–∞—Ç—å –ø–æ –æ–ø—Ä–µ–¥–µ–ª...

You may provide a definition with
\DeclareUnicodeCharacter 


./0.2.tex:1: Package inputenc Error: Unicode character –∏ (U+0438)
(inputenc)                not set up for use with LaTeX.

See the inputenc package documentation for explanation.
Type  H <return>  for immediate help.
 ...                                              
                                                  
l.1     –¢–µ–ø–µ—Ä—å –ø–æ–ø—Ä–æ–±–µ–º –ø–æ—Å—á–∏
                                                —Ç–∞—Ç—å –ø–æ –æ–ø—Ä–µ–¥–µ–ª...

You may provide a definition with
\DeclareUnicodeCharacter 


./0.2.tex:1: Package inputenc Error: Unicode character —Ç (U+0442)
(inputenc)                not set up for use with LaTeX.

See the inputenc package documentation for explanation.
Type  H <return>  for immediate help.
 ...                                              
                                                  
l.1     –¢–µ–ø–µ—Ä—å –ø–æ–ø—Ä–æ–±–µ–º –ø–æ—Å—á–∏—Ç
                                                  –∞—Ç—å –ø–æ –æ–ø—Ä–µ–¥–µ–ª...

You may provide a definition with
\DeclareUnicodeCharacter 


./0.2.tex:1: Package inputenc Error: Unicode character –∞ (U+0430)
(inputenc)                not set up for use with LaTeX.

See the inputenc package documentation for explanation.
Type  H <return>  for immediate help.
 ...                                              
                                                  
l.1 ...¢–µ–ø–µ—Ä—å –ø–æ–ø—Ä–æ–±–µ–º –ø–æ—Å—á–∏—Ç–∞
                                                  —Ç—å –ø–æ –æ–ø—Ä–µ–¥–µ–ª–µ...

You may provide a definition with
\DeclareUnicodeCharacter 


./0.2.tex:1: Package inputenc Error: Unicode character —Ç (U+0442)
(inputenc)                not set up for use with LaTeX.

See the inputenc package documentation for explanation.
Type  H <return>  for immediate help.
 ...                                              
                                                  
l.1 ...µ–ø–µ—Ä—å –ø–æ–ø—Ä–æ–±–µ–º –ø–æ—Å—á–∏—Ç–∞—Ç
                                                  —å –ø–æ –æ–ø—Ä–µ–¥–µ–ª–µ–Ω...

You may provide a definition with
\DeclareUnicodeCharacter 


./0.2.tex:1: Package inputenc Error: Unicode character —å (U+044C)
(inputenc)                not set up for use with LaTeX.

See the inputenc package documentation for explanation.
Type  H <return>  for immediate help.
 ...                                              
                                                  
l.1 ...ø–µ—Ä—å –ø–æ–ø—Ä–æ–±–µ–º –ø–æ—Å—á–∏—Ç–∞—Ç—å
                                                   –ø–æ –æ–ø—Ä–µ–¥–µ–ª–µ–Ω–∏...

You may provide a definition with
\DeclareUnicodeCharacter 


./0.2.tex:1: Package inputenc Error: Unicode character –ø (U+043F)
(inputenc)                not set up for use with LaTeX.

See the inputenc package documentation for explanation.
Type  H <return>  for immediate help.
 ...                                              
                                                  
l.1 ...—Ä—å –ø–æ–ø—Ä–æ–±–µ–º –ø–æ—Å—á–∏—Ç–∞—Ç—å –ø
                                                  –æ –æ–ø—Ä–µ–¥–µ–ª–µ–Ω–∏—é ...

You may provide a definition with
\DeclareUnicodeCharacter 


./0.2.tex:1: Package inputenc Error: Unicode character –æ (U+043E)
(inputenc)                not set up for use with LaTeX.

See the inputenc package documentation for explanation.
Type  H <return>  for immediate help.
 ...                                              
                                                  
l.1 ...—å –ø–æ–ø—Ä–æ–±–µ–º –ø–æ—Å—á–∏—Ç–∞—Ç—å –ø–æ
                                                   –æ–ø—Ä–µ–¥–µ–ª–µ–Ω–∏—é —Å...

You may provide a definition with
\DeclareUnicodeCharacter 


./0.2.tex:1: Package inputenc Error: Unicode character –æ (U+043E)
(inputenc)                not set up for use with LaTeX.

See the inputenc package documentation for explanation.
Type  H <return>  for immediate help.
 ...                                              
                                                  
l.1 ...–ø–æ–ø—Ä–æ–±–µ–º –ø–æ—Å—á–∏—Ç–∞—Ç—å –ø–æ –æ
                                                  –ø—Ä–µ–¥–µ–ª–µ–Ω–∏—é —Å–∏–...

You may provide a definition with
\DeclareUnicodeCharacter 


./0.2.tex:1: Package inputenc Error: Unicode character –ø (U+043F)
(inputenc)                not set up for use with LaTeX.

See the inputenc package documentation for explanation.
Type  H <return>  for immediate help.
 ...                                              
                                                  
l.1 ...–æ–ø—Ä–æ–±–µ–º –ø–æ—Å—á–∏—Ç–∞—Ç—å –ø–æ –æ–ø
                                                  —Ä–µ–¥–µ–ª–µ–Ω–∏—é —Å–∏–Ω–...

You may provide a definition with
\DeclareUnicodeCharacter 


./0.2.tex:1: Package inputenc Error: Unicode character —Ä (U+0440)
(inputenc)                not set up for use with LaTeX.

See the inputenc package documentation for explanation.
Type  H <return>  for immediate help.
 ...                                              
                                                  
l.1 ...–ø—Ä–æ–±–µ–º –ø–æ—Å—á–∏—Ç–∞—Ç—å –ø–æ –æ–ø—Ä
                                                  –µ–¥–µ–ª–µ–Ω–∏—é —Å–∏–Ω–≥—...

You may provide a definition with
\DeclareUnicodeCharacter 


./0.2.tex:1: Package inputenc Error: Unicode character –µ (U+0435)
(inputenc)                not set up for use with LaTeX.

See the inputenc package documentation for explanation.
Type  H <return>  for immediate help.
 ...                                              
                                                  
l.1 ...—Ä–æ–±–µ–º –ø–æ—Å—á–∏—Ç–∞—Ç—å –ø–æ –æ–ø—Ä–µ
                                                  –¥–µ–ª–µ–Ω–∏—é —Å–∏–Ω–≥—É–...

You may provide a definition with
\DeclareUnicodeCharacter 


./0.2.tex:1: Package inputenc Error: Unicode character –¥ (U+0434)
(inputenc)                not set up for use with LaTeX.

See the inputenc package documentation for explanation.
Type  H <return>  for immediate help.
 ...                                              
                                                  
l.1 ...–æ–±–µ–º –ø–æ—Å—á–∏—Ç–∞—Ç—å –ø–æ –æ–ø—Ä–µ–¥
                                                  –µ–ª–µ–Ω–∏—é —Å–∏–Ω–≥—É–ª—...

You may provide a definition with
\DeclareUnicodeCharacter 


./0.2.tex:1: Package inputenc Error: Unicode character –µ (U+0435)
(inputenc)                not set up for use with LaTeX.

See the inputenc package documentation for explanation.
Type  H <return>  for immediate help.
 ...                                              
                                                  
l.1 ...–±–µ–º –ø–æ—Å—á–∏—Ç–∞—Ç—å –ø–æ –æ–ø—Ä–µ–¥–µ
                                                  –ª–µ–Ω–∏—é —Å–∏–Ω–≥—É–ª—è—...

You may provide a definition with
\DeclareUnicodeCharacter 


./0.2.tex:1: Package inputenc Error: Unicode character –ª (U+043B)
(inputenc)                not set up for use with LaTeX.

See the inputenc package documentation for explanation.
Type  H <return>  for immediate help.
 ...                                              
                                                  
l.1 ...–µ–º –ø–æ—Å—á–∏—Ç–∞—Ç—å –ø–æ –æ–ø—Ä–µ–¥–µ–ª
                                                  –µ–Ω–∏—é —Å–∏–Ω–≥—É–ª—è—Ä–...

You may provide a definition with
\DeclareUnicodeCharacter 


./0.2.tex:1: Package inputenc Error: Unicode character –µ (U+0435)
(inputenc)                not set up for use with LaTeX.

See the inputenc package documentation for explanation.
Type  H <return>  for immediate help.
 ...                                              
                                                  
l.1 ...–º –ø–æ—Å—á–∏—Ç–∞—Ç—å –ø–æ –æ–ø—Ä–µ–¥–µ–ª–µ
                                                  –Ω–∏—é —Å–∏–Ω–≥—É–ª—è—Ä–Ω—...

You may provide a definition with
\DeclareUnicodeCharacter 


./0.2.tex:1: Package inputenc Error: Unicode character –Ω (U+043D)
(inputenc)                not set up for use with LaTeX.

See the inputenc package documentation for explanation.
Type  H <return>  for immediate help.
 ...                                              
                                                  
l.1 ... –ø–æ—Å—á–∏—Ç–∞—Ç—å –ø–æ –æ–ø—Ä–µ–¥–µ–ª–µ–Ω
                                                  –∏—é —Å–∏–Ω–≥—É–ª—è—Ä–Ω—ã–...

You may provide a definition with
\DeclareUnicodeCharacter 


./0.2.tex:1: Package inputenc Error: Unicode character –∏ (U+0438)
(inputenc)                not set up for use with LaTeX.

See the inputenc package documentation for explanation.
Type  H <return>  for immediate help.
 ...                                              
                                                  
l.1 ...ø–æ—Å—á–∏—Ç–∞—Ç—å –ø–æ –æ–ø—Ä–µ–¥–µ–ª–µ–Ω–∏
                                                  —é —Å–∏–Ω–≥—É–ª—è—Ä–Ω—ã–µ ...

You may provide a definition with
\DeclareUnicodeCharacter 


./0.2.tex:1: Package inputenc Error: Unicode character —é (U+044E)
(inputenc)                not set up for use with LaTeX.

See the inputenc package documentation for explanation.
Type  H <return>  for immediate help.
 ...                                              
                                                  
l.1 ...æ—Å—á–∏—Ç–∞—Ç—å –ø–æ –æ–ø—Ä–µ–¥–µ–ª–µ–Ω–∏—é
                                                   —Å–∏–Ω–≥—É–ª—è—Ä–Ω—ã–µ –≥...

You may provide a definition with
\DeclareUnicodeCharacter 


./0.2.tex:1: Package inputenc Error: Unicode character —Å (U+0441)
(inputenc)                not set up for use with LaTeX.

See the inputenc package documentation for explanation.
Type  H <return>  for immediate help.
 ...                                              
                                                  
l.1 ...—á–∏—Ç–∞—Ç—å –ø–æ –æ–ø—Ä–µ–¥–µ–ª–µ–Ω–∏—é —Å
                                                  –∏–Ω–≥—É–ª—è—Ä–Ω—ã–µ –≥–æ–...

You may provide a definition with
\DeclareUnicodeCharacter 


./0.2.tex:1: Package inputenc Error: Unicode character –∏ (U+0438)
(inputenc)                not set up for use with LaTeX.

See the inputenc package documentation for explanation.
Type  H <return>  for immediate help.
 ...                                              
                                                  
l.1 ...–∏—Ç–∞—Ç—å –ø–æ –æ–ø—Ä–µ–¥–µ–ª–µ–Ω–∏—é —Å–∏
                                                  –Ω–≥—É–ª—è—Ä–Ω—ã–µ –≥–æ–º–...

You may provide a definition with
\DeclareUnicodeCharacter 


./0.2.tex:1: Package inputenc Error: Unicode character –Ω (U+043D)
(inputenc)                not set up for use with LaTeX.

See the inputenc package documentation for explanation.
Type  H <return>  for immediate help.
 ...                                              
                                                  
l.1 ...—Ç–∞—Ç—å –ø–æ –æ–ø—Ä–µ–¥–µ–ª–µ–Ω–∏—é —Å–∏–Ω
                                                  –≥—É–ª—è—Ä–Ω—ã–µ –≥–æ–º–æ–...

You may provide a definition with
\DeclareUnicodeCharacter 


./0.2.tex:1: Package inputenc Error: Unicode character –≥ (U+0433)
(inputenc)                not set up for use with LaTeX.

See the inputenc package documentation for explanation.
Type  H <return>  for immediate help.
 ...                                              
                                                  
l.1 ...–∞—Ç—å –ø–æ –æ–ø—Ä–µ–¥–µ–ª–µ–Ω–∏—é —Å–∏–Ω–≥
                                                  —É–ª—è—Ä–Ω—ã–µ –≥–æ–º–æ–ª–...

You may provide a definition with
\DeclareUnicodeCharacter 


./0.2.tex:1: Package inputenc Error: Unicode character —É (U+0443)
(inputenc)                not set up for use with LaTeX.

See the inputenc package documentation for explanation.
Type  H <return>  for immediate help.
 ...                                              
                                                  
l.1 ...—Ç—å –ø–æ –æ–ø—Ä–µ–¥–µ–ª–µ–Ω–∏—é —Å–∏–Ω–≥—É
                                                  –ª—è—Ä–Ω—ã–µ –≥–æ–º–æ–ª–æ–...

You may provide a definition with
\DeclareUnicodeCharacter 


./0.2.tex:1: Package inputenc Error: Unicode character –ª (U+043B)
(inputenc)                not set up for use with LaTeX.

See the inputenc package documentation for explanation.
Type  H <return>  for immediate help.
 ...                                              
                                                  
l.1 ...—å –ø–æ –æ–ø—Ä–µ–¥–µ–ª–µ–Ω–∏—é —Å–∏–Ω–≥—É–ª
                                                  —è—Ä–Ω—ã–µ –≥–æ–º–æ–ª–æ–≥–...

You may provide a definition with
\DeclareUnicodeCharacter 


./0.2.tex:1: Package inputenc Error: Unicode character —è (U+044F)
(inputenc)                not set up for use with LaTeX.

See the inputenc package documentation for explanation.
Type  H <return>  for immediate help.
 ...                                              
                                                  
l.1 ... –ø–æ –æ–ø—Ä–µ–¥–µ–ª–µ–Ω–∏—é —Å–∏–Ω–≥—É–ª—è
                                                  —Ä–Ω—ã–µ –≥–æ–º–æ–ª–æ–≥–∏–...

You may provide a definition with
\DeclareUnicodeCharacter 


./0.2.tex:1: Package inputenc Error: Unicode character —Ä (U+0440)
(inputenc)                not set up for use with LaTeX.

See the inputenc package documentation for explanation.
Type  H <return>  for immediate help.
 ...                                              
                                                  
l.1 ...ø–æ –æ–ø—Ä–µ–¥–µ–ª–µ–Ω–∏—é —Å–∏–Ω–≥—É–ª—è—Ä
                                                  –Ω—ã–µ –≥–æ–º–æ–ª–æ–≥–∏–∏ ...

You may provide a definition with
\DeclareUnicodeCharacter 


./0.2.tex:1: Package inputenc Error: Unicode character –Ω (U+043D)
(inputenc)                not set up for use with LaTeX.

See the inputenc package documentation for explanation.
Type  H <return>  for immediate help.
 ...                                              
                                                  
l.1 ...æ –æ–ø—Ä–µ–¥–µ–ª–µ–Ω–∏—é —Å–∏–Ω–≥—É–ª—è—Ä–Ω
                                                  —ã–µ –≥–æ–º–æ–ª–æ–≥–∏–∏ –¥...

You may provide a definition with
\DeclareUnicodeCharacter 


./0.2.tex:1: Package inputenc Error: Unicode character —ã (U+044B)
(inputenc)                not set up for use with LaTeX.

See the inputenc package documentation for explanation.
Type  H <return>  for immediate help.
 ...                                              
                                                  
l.1 ...–æ–ø—Ä–µ–¥–µ–ª–µ–Ω–∏—é —Å–∏–Ω–≥—É–ª—è—Ä–Ω—ã
                                                  –µ –≥–æ–º–æ–ª–æ–≥–∏–∏ –¥–ª...

You may provide a definition with
\DeclareUnicodeCharacter 


./0.2.tex:1: Package inputenc Error: Unicode character –µ (U+0435)
(inputenc)                not set up for use with LaTeX.

See the inputenc package documentation for explanation.
Type  H <return>  for immediate help.
 ...                                              
                                                  
l.1 ...–ø—Ä–µ–¥–µ–ª–µ–Ω–∏—é —Å–∏–Ω–≥—É–ª—è—Ä–Ω—ã–µ
                                                   –≥–æ–º–æ–ª–æ–≥–∏–∏ –¥–ª—è...

You may provide a definition with
\DeclareUnicodeCharacter 


./0.2.tex:1: Package inputenc Error: Unicode character –≥ (U+0433)
(inputenc)                not set up for use with LaTeX.

See the inputenc package documentation for explanation.
Type  H <return>  for immediate help.
 ...                                              
                                                  
l.1 ...Ä–µ–¥–µ–ª–µ–Ω–∏—é —Å–∏–Ω–≥—É–ª—è—Ä–Ω—ã–µ –≥
                                                  –æ–º–æ–ª–æ–≥–∏–∏ –¥–ª—è –∫...

You may provide a definition with
\DeclareUnicodeCharacter 


./0.2.tex:1: Package inputenc Error: Unicode character –æ (U+043E)
(inputenc)                not set up for use with LaTeX.

See the inputenc package documentation for explanation.
Type  H <return>  for immediate help.
 ...                                              
                                                  
l.1 ...µ–¥–µ–ª–µ–Ω–∏—é —Å–∏–Ω–≥—É–ª—è—Ä–Ω—ã–µ –≥–æ
                                                  –º–æ–ª–æ–≥–∏–∏ –¥–ª—è –∫–∞...

You may provide a definition with
\DeclareUnicodeCharacter 


./0.2.tex:1: Package inputenc Error: Unicode character –º (U+043C)
(inputenc)                not set up for use with LaTeX.

See the inputenc package documentation for explanation.
Type  H <return>  for immediate help.
 ...                                              
                                                  
l.1 ...¥–µ–ª–µ–Ω–∏—é —Å–∏–Ω–≥—É–ª—è—Ä–Ω—ã–µ –≥–æ–º
                                                  –æ–ª–æ–≥–∏–∏ –¥–ª—è –∫–∞–∫...

You may provide a definition with
\DeclareUnicodeCharacter 


./0.2.tex:1: Package inputenc Error: Unicode character –æ (U+043E)
(inputenc)                not set up for use with LaTeX.

See the inputenc package documentation for explanation.
Type  H <return>  for immediate help.
 ...                                              
                                                  
l.1 ...µ–ª–µ–Ω–∏—é —Å–∏–Ω–≥—É–ª—è—Ä–Ω—ã–µ –≥–æ–º–æ
                                                  –ª–æ–≥–∏–∏ –¥–ª—è –∫–∞–∫–æ...

You may provide a definition with
\DeclareUnicodeCharacter 


./0.2.tex:1: Package inputenc Error: Unicode character –ª (U+043B)
(inputenc)                not set up for use with LaTeX.

See the inputenc package documentation for explanation.
Type  H <return>  for immediate help.
 ...                                              
                                                  
l.1 ...ª–µ–Ω–∏—é —Å–∏–Ω–≥—É–ª—è—Ä–Ω—ã–µ –≥–æ–º–æ–ª
                                                  –æ–≥–∏–∏ –¥–ª—è –∫–∞–∫–æ–≥...

You may provide a definition with
\DeclareUnicodeCharacter 


./0.2.tex:1: Package inputenc Error: Unicode character –æ (U+043E)
(inputenc)                not set up for use with LaTeX.

See the inputenc package documentation for explanation.
Type  H <return>  for immediate help.
 ...                                              
                                                  
l.1 ...µ–Ω–∏—é —Å–∏–Ω–≥—É–ª—è—Ä–Ω—ã–µ –≥–æ–º–æ–ª–æ
                                                  –≥–∏–∏ –¥–ª—è –∫–∞–∫–æ–≥–æ...

You may provide a definition with
\DeclareUnicodeCharacter 


./0.2.tex:1: Package inputenc Error: Unicode character –≥ (U+0433)
(inputenc)                not set up for use with LaTeX.

See the inputenc package documentation for explanation.
Type  H <return>  for immediate help.
 ...                                              
                                                  
l.1 ...Ω–∏—é —Å–∏–Ω–≥—É–ª—è—Ä–Ω—ã–µ –≥–æ–º–æ–ª–æ–≥
                                                  –∏–∏ –¥–ª—è –∫–∞–∫–æ–≥–æ-–...

You may provide a definition with
\DeclareUnicodeCharacter 


./0.2.tex:1: Package inputenc Error: Unicode character –∏ (U+0438)
(inputenc)                not set up for use with LaTeX.

See the inputenc package documentation for explanation.
Type  H <return>  for immediate help.
 ...                                              
                                                  
l.1 ...∏—é —Å–∏–Ω–≥—É–ª—è—Ä–Ω—ã–µ –≥–æ–º–æ–ª–æ–≥–∏
                                                  –∏ –¥–ª—è –∫–∞–∫–æ–≥–æ-–Ω–...

You may provide a definition with
\DeclareUnicodeCharacter 


./0.2.tex:1: Package inputenc Error: Unicode character –∏ (U+0438)
(inputenc)                not set up for use with LaTeX.

See the inputenc package documentation for explanation.
Type  H <return>  for immediate help.
 ...                                              
                                                  
l.1 ...é —Å–∏–Ω–≥—É–ª—è—Ä–Ω—ã–µ –≥–æ–º–æ–ª–æ–≥–∏–∏
                                                   –¥–ª—è –∫–∞–∫–æ–≥–æ-–Ω–∏–...

You may provide a definition with
\DeclareUnicodeCharacter 


./0.2.tex:1: Package inputenc Error: Unicode character –¥ (U+0434)
(inputenc)                not set up for use with LaTeX.

See the inputenc package documentation for explanation.
Type  H <return>  for immediate help.
 ...                                              
                                                  
l.1 ...Å–∏–Ω–≥—É–ª—è—Ä–Ω—ã–µ –≥–æ–º–æ–ª–æ–≥–∏–∏ –¥
                                                  –ª—è –∫–∞–∫–æ–≥–æ-–Ω–∏–±—É...

You may provide a definition with
\DeclareUnicodeCharacter 


./0.2.tex:1: Package inputenc Error: Unicode character –ª (U+043B)
(inputenc)                not set up for use with LaTeX.

See the inputenc package documentation for explanation.
Type  H <return>  for immediate help.
 ...                                              
                                                  
l.1 ...∏–Ω–≥—É–ª—è—Ä–Ω—ã–µ –≥–æ–º–æ–ª–æ–≥–∏–∏ –¥–ª
                                                  —è –∫–∞–∫–æ–≥–æ-–Ω–∏–±—É–¥...

You may provide a definition with
\DeclareUnicodeCharacter 


./0.2.tex:1: Package inputenc Error: Unicode character —è (U+044F)
(inputenc)                not set up for use with LaTeX.

See the inputenc package documentation for explanation.
Type  H <return>  for immediate help.
 ...                                              
                                                  
l.1 ...Ω–≥—É–ª—è—Ä–Ω—ã–µ –≥–æ–º–æ–ª–æ–≥–∏–∏ –¥–ª—è
                                                   –∫–∞–∫–æ–≥–æ-–Ω–∏–±—É–¥—å...

You may provide a definition with
\DeclareUnicodeCharacter 


./0.2.tex:1: Package inputenc Error: Unicode character –∫ (U+043A)
(inputenc)                not set up for use with LaTeX.

See the inputenc package documentation for explanation.
Type  H <return>  for immediate help.
 ...                                              
                                                  
l.1 ...—É–ª—è—Ä–Ω—ã–µ –≥–æ–º–æ–ª–æ–≥–∏–∏ –¥–ª—è –∫
                                                  –∞–∫–æ–≥–æ-–Ω–∏–±—É–¥—å –ø...

You may provide a definition with
\DeclareUnicodeCharacter 


./0.2.tex:1: Package inputenc Error: Unicode character –∞ (U+0430)
(inputenc)                not set up for use with LaTeX.

See the inputenc package documentation for explanation.
Type  H <return>  for immediate help.
 ...                                              
                                                  
l.1 ...–ª—è—Ä–Ω—ã–µ –≥–æ–º–æ–ª–æ–≥–∏–∏ –¥–ª—è –∫–∞
                                                  –∫–æ–≥–æ-–Ω–∏–±—É–¥—å –ø—Ä...

You may provide a definition with
\DeclareUnicodeCharacter 


./0.2.tex:1: Package inputenc Error: Unicode character –∫ (U+043A)
(inputenc)                not set up for use with LaTeX.

See the inputenc package documentation for explanation.
Type  H <return>  for immediate help.
 ...                                              
                                                  
l.1 ...—è—Ä–Ω—ã–µ –≥–æ–º–æ–ª–æ–≥–∏–∏ –¥–ª—è –∫–∞–∫
                                                  –æ–≥–æ-–Ω–∏–±—É–¥—å –ø—Ä–æ...

You may provide a definition with
\DeclareUnicodeCharacter 


./0.2.tex:1: Package inputenc Error: Unicode character –æ (U+043E)
(inputenc)                not set up for use with LaTeX.

See the inputenc package documentation for explanation.
Type  H <return>  for immediate help.
 ...                                              
                                                  
l.1 ...—Ä–Ω—ã–µ –≥–æ–º–æ–ª–æ–≥–∏–∏ –¥–ª—è –∫–∞–∫–æ
                                                  –≥–æ-–Ω–∏–±—É–¥—å –ø—Ä–æ—Å...

You may provide a definition with
\DeclareUnicodeCharacter 


./0.2.tex:1: Package inputenc Error: Unicode character –≥ (U+0433)
(inputenc)                not set up for use with LaTeX.

See the inputenc package documentation for explanation.
Type  H <return>  for immediate help.
 ...                                              
                                                  
l.1 ...–Ω—ã–µ –≥–æ–º–æ–ª–æ–≥–∏–∏ –¥–ª—è –∫–∞–∫–æ–≥
                                                  –æ-–Ω–∏–±—É–¥—å –ø—Ä–æ—Å—Ç...

You may provide a definition with
\DeclareUnicodeCharacter 


./0.2.tex:1: Package inputenc Error: Unicode character –æ (U+043E)
(inputenc)                not set up for use with LaTeX.

See the inputenc package documentation for explanation.
Type  H <return>  for immediate help.
 ...                                              
                                                  
l.1 ...—ã–µ –≥–æ–º–æ–ª–æ–≥–∏–∏ –¥–ª—è –∫–∞–∫–æ–≥–æ
                                                  -–Ω–∏–±—É–¥—å –ø—Ä–æ—Å—Ç—Ä...

You may provide a definition with
\DeclareUnicodeCharacter 


./0.2.tex:1: LaTeX Error: Missing \begin{document}.

See the LaTeX manual or LaTeX Companion for explanation.
Type  H <return>  for immediate help.
 ...                                              
                                                  
l.1 ...ã–µ –≥–æ–º–æ–ª–æ–≥–∏–∏ –¥–ª—è –∫–∞–∫–æ–≥–æ-
                                                  –Ω–∏–±—É–¥—å –ø—Ä–æ—Å—Ç—Ä–...

You're in trouble here.  Try typing  <return>  to proceed.
If that doesn't work, type  X <return>  to quit.

Missing character: There is no - in font nullfont!

./0.2.tex:1: Package inputenc Error: Unicode character –Ω (U+043D)
(inputenc)                not set up for use with LaTeX.

See the inputenc package documentation for explanation.
Type  H <return>  for immediate help.
 ...                                              
                                                  
l.1 ...µ –≥–æ–º–æ–ª–æ–≥–∏–∏ –¥–ª—è –∫–∞–∫–æ–≥–æ-–Ω
                                                  –∏–±—É–¥—å –ø—Ä–æ—Å—Ç—Ä–∞–...

You may provide a definition with
\DeclareUnicodeCharacter 


./0.2.tex:1: Package inputenc Error: Unicode character –∏ (U+0438)
(inputenc)                not set up for use with LaTeX.

See the inputenc package documentation for explanation.
Type  H <return>  for immediate help.
 ...                                              
                                                  
l.1 ...–≥–æ–º–æ–ª–æ–≥–∏–∏ –¥–ª—è –∫–∞–∫–æ–≥–æ-–Ω–∏
                                                  –±—É–¥—å –ø—Ä–æ—Å—Ç—Ä–∞–Ω—...

You may provide a definition with
\DeclareUnicodeCharacter 


./0.2.tex:1: Package inputenc Error: Unicode character –± (U+0431)
(inputenc)                not set up for use with LaTeX.

See the inputenc package documentation for explanation.
Type  H <return>  for immediate help.
 ...                                              
                                                  
l.1 ...–æ–º–æ–ª–æ–≥–∏–∏ –¥–ª—è –∫–∞–∫–æ–≥–æ-–Ω–∏–±
                                                  —É–¥—å –ø—Ä–æ—Å—Ç—Ä–∞–Ω—Å—...

You may provide a definition with
\DeclareUnicodeCharacter 


./0.2.tex:1: Package inputenc Error: Unicode character —É (U+0443)
(inputenc)                not set up for use with LaTeX.

See the inputenc package documentation for explanation.
Type  H <return>  for immediate help.
 ...                                              
                                                  
l.1 ...–º–æ–ª–æ–≥–∏–∏ –¥–ª—è –∫–∞–∫–æ–≥–æ-–Ω–∏–±—É
                                                  –¥—å –ø—Ä–æ—Å—Ç—Ä–∞–Ω—Å—Ç–...

You may provide a definition with
\DeclareUnicodeCharacter 


./0.2.tex:1: Package inputenc Error: Unicode character –¥ (U+0434)
(inputenc)                not set up for use with LaTeX.

See the inputenc package documentation for explanation.
Type  H <return>  for immediate help.
 ...                                              
                                                  
l.1 ...–æ–ª–æ–≥–∏–∏ –¥–ª—è –∫–∞–∫–æ–≥–æ-–Ω–∏–±—É–¥
                                                  —å –ø—Ä–æ—Å—Ç—Ä–∞–Ω—Å—Ç–≤–∞.
You may provide a definition with
\DeclareUnicodeCharacter 


./0.2.tex:1: Package inputenc Error: Unicode character —å (U+044C)
(inputenc)                not set up for use with LaTeX.

See the inputenc package documentation for explanation.
Type  H <return>  for immediate help.
 ...                                              
                                                  
l.1 ...–ª–æ–≥–∏–∏ –¥–ª—è –∫–∞–∫–æ–≥–æ-–Ω–∏–±—É–¥—å
                                                   –ø—Ä–æ—Å—Ç—Ä–∞–Ω—Å—Ç–≤–∞.
You may provide a definition with
\DeclareUnicodeCharacter 


./0.2.tex:1: Package inputenc Error: Unicode character –ø (U+043F)
(inputenc)                not set up for use with LaTeX.

See the inputenc package documentation for explanation.
Type  H <return>  for immediate help.
 ...                                              
                                                  
l.1 ...æ–≥–∏–∏ –¥–ª—è –∫–∞–∫–æ–≥–æ-–Ω–∏–±—É–¥—å –ø
                                                  —Ä–æ—Å—Ç—Ä–∞–Ω—Å—Ç–≤–∞.
You may provide a definition with
\DeclareUnicodeCharacter 


./0.2.tex:1: Package inputenc Error: Unicode character —Ä (U+0440)
(inputenc)                not set up for use with LaTeX.

See the inputenc package documentation for explanation.
Type  H <return>  for immediate help.
 ...                                              
                                                  
l.1 ...≥–∏–∏ –¥–ª—è –∫–∞–∫–æ–≥–æ-–Ω–∏–±—É–¥—å –ø—Ä
                                                  –æ—Å—Ç—Ä–∞–Ω—Å—Ç–≤–∞.
You may provide a definition with
\DeclareUnicodeCharacter 


./0.2.tex:1: Package inputenc Error: Unicode character –æ (U+043E)
(inputenc)                not set up for use with LaTeX.

See the inputenc package documentation for explanation.
Type  H <return>  for immediate help.
 ...                                              
                                                  
l.1 ...∏–∏ –¥–ª—è –∫–∞–∫–æ–≥–æ-–Ω–∏–±—É–¥—å –ø—Ä–æ
                                                  —Å—Ç—Ä–∞–Ω—Å—Ç–≤–∞.
You may provide a definition with
\DeclareUnicodeCharacter 


./0.2.tex:1: Package inputenc Error: Unicode character —Å (U+0441)
(inputenc)                not set up for use with LaTeX.

See the inputenc package documentation for explanation.
Type  H <return>  for immediate help.
 ...                                              
                                                  
l.1 ...∏ –¥–ª—è –∫–∞–∫–æ–≥–æ-–Ω–∏–±—É–¥—å –ø—Ä–æ—Å
                                                  —Ç—Ä–∞–Ω—Å—Ç–≤–∞.
You may provide a definition with
\DeclareUnicodeCharacter 


./0.2.tex:1: Package inputenc Error: Unicode character —Ç (U+0442)
(inputenc)                not set up for use with LaTeX.

See the inputenc package documentation for explanation.
Type  H <return>  for immediate help.
 ...                                              
                                                  
l.1 ...–¥–ª—è –∫–∞–∫–æ–≥–æ-–Ω–∏–±—É–¥—å –ø—Ä–æ—Å—Ç
                                                  —Ä–∞–Ω—Å—Ç–≤–∞.
You may provide a definition with
\DeclareUnicodeCharacter 


./0.2.tex:1: Package inputenc Error: Unicode character —Ä (U+0440)
(inputenc)                not set up for use with LaTeX.

See the inputenc package documentation for explanation.
Type  H <return>  for immediate help.
 ...                                              
                                                  
l.1 ...–ª—è –∫–∞–∫–æ–≥–æ-–Ω–∏–±—É–¥—å –ø—Ä–æ—Å—Ç—Ä
                                                  –∞–Ω—Å—Ç–≤–∞.
You may provide a definition with
\DeclareUnicodeCharacter 


./0.2.tex:1: Package inputenc Error: Unicode character –∞ (U+0430)
(inputenc)                not set up for use with LaTeX.

See the inputenc package documentation for explanation.
Type  H <return>  for immediate help.
 ...                                              
                                                  
l.1 ...—è –∫–∞–∫–æ–≥–æ-–Ω–∏–±—É–¥—å –ø—Ä–æ—Å—Ç—Ä–∞
                                                  –Ω—Å—Ç–≤–∞.
You may provide a definition with
\DeclareUnicodeCharacter 


./0.2.tex:1: Package inputenc Error: Unicode character –Ω (U+043D)
(inputenc)                not set up for use with LaTeX.

See the inputenc package documentation for explanation.
Type  H <return>  for immediate help.
 ...                                              
                                                  
l.1 ... –∫–∞–∫–æ–≥–æ-–Ω–∏–±—É–¥—å –ø—Ä–æ—Å—Ç—Ä–∞–Ω
                                                  —Å—Ç–≤–∞.
You may provide a definition with
\DeclareUnicodeCharacter 


./0.2.tex:1: Package inputenc Error: Unicode character —Å (U+0441)
(inputenc)                not set up for use with LaTeX.

See the inputenc package documentation for explanation.
Type  H <return>  for immediate help.
 ...                                              
                                                  
l.1 ...∫–∞–∫–æ–≥–æ-–Ω–∏–±—É–¥—å –ø—Ä–æ—Å—Ç—Ä–∞–Ω—Å
                                                  —Ç–≤–∞.
You may provide a definition with
\DeclareUnicodeCharacter 


./0.2.tex:1: Package inputenc Error: Unicode character —Ç (U+0442)
(inputenc)                not set up for use with LaTeX.

See the inputenc package documentation for explanation.
Type  H <return>  for immediate help.
 ...                                              
                                                  
l.1 ...∞–∫–æ–≥–æ-–Ω–∏–±—É–¥—å –ø—Ä–æ—Å—Ç—Ä–∞–Ω—Å—Ç
                                                  –≤–∞.
You may provide a definition with
\DeclareUnicodeCharacter 


./0.2.tex:1: Package inputenc Error: Unicode character –≤ (U+0432)
(inputenc)                not set up for use with LaTeX.

See the inputenc package documentation for explanation.
Type  H <return>  for immediate help.
 ...                                              
                                                  
l.1 ...∫–æ–≥–æ-–Ω–∏–±—É–¥—å –ø—Ä–æ—Å—Ç—Ä–∞–Ω—Å—Ç–≤
                                                  –∞.
You may provide a definition with
\DeclareUnicodeCharacter 


./0.2.tex:1: Package inputenc Error: Unicode character –∞ (U+0430)
(inputenc)                not set up for use with LaTeX.

See the inputenc package documentation for explanation.
Type  H <return>  for immediate help.
 ...                                              
                                                  
l.1 ...æ–≥–æ-–Ω–∏–±—É–¥—å –ø—Ä–æ—Å—Ç—Ä–∞–Ω—Å—Ç–≤–∞
                                                  .
You may provide a definition with
\DeclareUnicodeCharacter 

Missing character: There is no . in font nullfont!

./0.2.tex:2: Package inputenc Error: Unicode character –û (U+041E)
(inputenc)                not set up for use with LaTeX.

See the inputenc package documentation for explanation.
Type  H <return>  for immediate help.
 ...                                              
                                                  
l.2     –û
          –∫–∞–∑—ã–≤–∞–µ—Ç—Å—è, —á—Ç–æ –ø–æ –æ–ø—Ä–µ–¥–µ–ª–µ–Ω–∏—é —Å–¥–µ–ª–...

You may provide a definition with
\DeclareUnicodeCharacter 


./0.2.tex:2: Package inputenc Error: Unicode character –∫ (U+043A)
(inputenc)                not set up for use with LaTeX.

See the inputenc package documentation for explanation.
Type  H <return>  for immediate help.
 ...                                              
                                                  
l.2     –û–∫
            –∞–∑—ã–≤–∞–µ—Ç—Å—è, —á—Ç–æ –ø–æ –æ–ø—Ä–µ–¥–µ–ª–µ–Ω–∏—é —Å–¥–µ–ª–...

You may provide a definition with
\DeclareUnicodeCharacter 


./0.2.tex:2: Package inputenc Error: Unicode character –∞ (U+0430)
(inputenc)                not set up for use with LaTeX.

See the inputenc package documentation for explanation.
Type  H <return>  for immediate help.
 ...                                              
                                                  
l.2     –û–∫–∞
              –∑—ã–≤–∞–µ—Ç—Å—è, —á—Ç–æ –ø–æ –æ–ø—Ä–µ–¥–µ–ª–µ–Ω–∏—é —Å–¥–µ–ª–...

You may provide a definition with
\DeclareUnicodeCharacter 


./0.2.tex:2: Package inputenc Error: Unicode character –∑ (U+0437)
(inputenc)                not set up for use with LaTeX.

See the inputenc package documentation for explanation.
Type  H <return>  for immediate help.
 ...                                              
                                                  
l.2     –û–∫–∞–∑
                —ã–≤–∞–µ—Ç—Å—è, —á—Ç–æ –ø–æ –æ–ø—Ä–µ–¥–µ–ª–µ–Ω–∏—é —Å–¥–µ–ª–...

You may provide a definition with
\DeclareUnicodeCharacter 


./0.2.tex:2: Package inputenc Error: Unicode character —ã (U+044B)
(inputenc)                not set up for use with LaTeX.

See the inputenc package documentation for explanation.
Type  H <return>  for immediate help.
 ...                                              
                                                  
l.2     –û–∫–∞–∑—ã
                  –≤–∞–µ—Ç—Å—è, —á—Ç–æ –ø–æ –æ–ø—Ä–µ–¥–µ–ª–µ–Ω–∏—é —Å–¥–µ–ª–...

You may provide a definition with
\DeclareUnicodeCharacter 


./0.2.tex:2: Package inputenc Error: Unicode character –≤ (U+0432)
(inputenc)                not set up for use with LaTeX.

See the inputenc package documentation for explanation.
Type  H <return>  for immediate help.
 ...                                              
                                                  
l.2     –û–∫–∞–∑—ã–≤
                    –∞–µ—Ç—Å—è, —á—Ç–æ –ø–æ –æ–ø—Ä–µ–¥–µ–ª–µ–Ω–∏—é —Å–¥–µ–ª–...

You may provide a definition with
\DeclareUnicodeCharacter 


./0.2.tex:2: Package inputenc Error: Unicode character –∞ (U+0430)
(inputenc)                not set up for use with LaTeX.

See the inputenc package documentation for explanation.
Type  H <return>  for immediate help.
 ...                                              
                                                  
l.2     –û–∫–∞–∑—ã–≤–∞
                      –µ—Ç—Å—è, —á—Ç–æ –ø–æ –æ–ø—Ä–µ–¥–µ–ª–µ–Ω–∏—é —Å–¥–µ–ª–...

You may provide a definition with
\DeclareUnicodeCharacter 


./0.2.tex:2: Package inputenc Error: Unicode character –µ (U+0435)
(inputenc)                not set up for use with LaTeX.

See the inputenc package documentation for explanation.
Type  H <return>  for immediate help.
 ...                                              
                                                  
l.2     –û–∫–∞–∑—ã–≤–∞–µ
                        —Ç—Å—è, —á—Ç–æ –ø–æ –æ–ø—Ä–µ–¥–µ–ª–µ–Ω–∏—é —Å–¥–µ–ª–...

You may provide a definition with
\DeclareUnicodeCharacter 


./0.2.tex:2: Package inputenc Error: Unicode character —Ç (U+0442)
(inputenc)                not set up for use with LaTeX.

See the inputenc package documentation for explanation.
Type  H <return>  for immediate help.
 ...                                              
                                                  
l.2     –û–∫–∞–∑—ã–≤–∞–µ—Ç
                          —Å—è, —á—Ç–æ –ø–æ –æ–ø—Ä–µ–¥–µ–ª–µ–Ω–∏—é —Å–¥–µ–ª–...

You may provide a definition with
\DeclareUnicodeCharacter 


./0.2.tex:2: Package inputenc Error: Unicode character —Å (U+0441)
(inputenc)                not set up for use with LaTeX.

See the inputenc package documentation for explanation.
Type  H <return>  for immediate help.
 ...                                              
                                                  
l.2     –û–∫–∞–∑—ã–≤–∞–µ—Ç—Å
                            —è, —á—Ç–æ –ø–æ –æ–ø—Ä–µ–¥–µ–ª–µ–Ω–∏—é —Å–¥–µ–ª–...

You may provide a definition with
\DeclareUnicodeCharacter 


./0.2.tex:2: Package inputenc Error: Unicode character —è (U+044F)
(inputenc)                not set up for use with LaTeX.

See the inputenc package documentation for explanation.
Type  H <return>  for immediate help.
 ...                                              
                                                  
l.2     –û–∫–∞–∑—ã–≤–∞–µ—Ç—Å—è
                              , —á—Ç–æ –ø–æ –æ–ø—Ä–µ–¥–µ–ª–µ–Ω–∏—é —Å–¥–µ–ª–...

You may provide a definition with
\DeclareUnicodeCharacter 

Missing character: There is no , in font nullfont!

./0.2.tex:2: Package inputenc Error: Unicode character —á (U+0447)
(inputenc)                not set up for use with LaTeX.

See the inputenc package documentation for explanation.
Type  H <return>  for immediate help.
 ...                                              
                                                  
l.2     –û–∫–∞–∑—ã–≤–∞–µ—Ç—Å—è, —á
                                  —Ç–æ –ø–æ –æ–ø—Ä–µ–¥–µ–ª–µ–Ω–∏—é —Å–¥–µ–ª–...

You may provide a definition with
\DeclareUnicodeCharacter 


./0.2.tex:2: Package inputenc Error: Unicode character —Ç (U+0442)
(inputenc)                not set up for use with LaTeX.

See the inputenc package documentation for explanation.
Type  H <return>  for immediate help.
 ...                                              
                                                  
l.2     –û–∫–∞–∑—ã–≤–∞–µ—Ç—Å—è, —á—Ç
                                    –æ –ø–æ –æ–ø—Ä–µ–¥–µ–ª–µ–Ω–∏—é —Å–¥–µ–ª–...

You may provide a definition with
\DeclareUnicodeCharacter 


./0.2.tex:2: Package inputenc Error: Unicode character –æ (U+043E)
(inputenc)                not set up for use with LaTeX.

See the inputenc package documentation for explanation.
Type  H <return>  for immediate help.
 ...                                              
                                                  
l.2     –û–∫–∞–∑—ã–≤–∞–µ—Ç—Å—è, —á—Ç–æ
                                       –ø–æ –æ–ø—Ä–µ–¥–µ–ª–µ–Ω–∏—é —Å–¥–µ–ª–...

You may provide a definition with
\DeclareUnicodeCharacter 


./0.2.tex:2: Package inputenc Error: Unicode character –ø (U+043F)
(inputenc)                not set up for use with LaTeX.

See the inputenc package documentation for explanation.
Type  H <return>  for immediate help.
 ...                                              
                                                  
l.2     –û–∫–∞–∑—ã–≤–∞–µ—Ç—Å—è, —á—Ç–æ –ø
                                         –æ –æ–ø—Ä–µ–¥–µ–ª–µ–Ω–∏—é —Å–¥–µ–ª–...

You may provide a definition with
\DeclareUnicodeCharacter 


./0.2.tex:2: Package inputenc Error: Unicode character –æ (U+043E)
(inputenc)                not set up for use with LaTeX.

See the inputenc package documentation for explanation.
Type  H <return>  for immediate help.
 ...                                              
                                                  
l.2     –û–∫–∞–∑—ã–≤–∞–µ—Ç—Å—è, —á—Ç–æ –ø–æ
                                            –æ–ø—Ä–µ–¥–µ–ª–µ–Ω–∏—é —Å–¥–µ–ª–...
(That makes 100 errors; please try again.) 
Here is how much of TeX's memory you used:
 43 strings out of 480608
 849 string characters out of 5903630
 239610 words of memory out of 5000000
 16034 multiletter control sequences out of 15000+600000
 532338 words of font info for 24 fonts, out of 8000000 for 9000
 1141 hyphenation exceptions out of 8191
 12i,0n,15p,220b,14s stack positions out of 5000i,500n,10000p,200000b,80000s

./0.2.tex:2:  ==> Fatal error occurred, no output PDF file produced!
