This is pdfTeX, Version 3.14159265-2.6-1.40.21 (TeX Live 2020) (preloaded format=pdflatex 2021.3.10)  19 JUN 2023 22:43
entering extended mode
 restricted \write18 enabled.
 file:line:error style messages enabled.
 %&-line parsing enabled.
**1.tex
(./1.tex
LaTeX2e <2020-02-02> patch level 5
L3 programming layer <2020-03-06>
./1.tex:1: Undefined control sequence.
l.1     \subsection
                   {–ö–æ–º–ø–ª–µ–∫—Å–Ω—ã–µ –º–Ω–æ–≥–æ–æ–±—Ä–∞–∑–∏—è}
The control sequence at the end of the top line
of your error message was never \def'ed. If you have
misspelled it (e.g., `\hobx'), type `I' and the correct
spelling (e.g., `I\hbox'). Otherwise just continue,
and I'll forget about whatever was undefined.


./1.tex:1: Package inputenc Error: Unicode character –ö (U+041A)
(inputenc)                not set up for use with LaTeX.

See the inputenc package documentation for explanation.
Type  H <return>  for immediate help.
 ...                                              
                                                  
l.1     \subsection{–ö
                      –æ–º–ø–ª–µ–∫—Å–Ω—ã–µ –º–Ω–æ–≥–æ–æ–±—Ä–∞–∑–∏—è}
You may provide a definition with
\DeclareUnicodeCharacter 


./1.tex:1: Package inputenc Error: Unicode character –æ (U+043E)
(inputenc)                not set up for use with LaTeX.

See the inputenc package documentation for explanation.
Type  H <return>  for immediate help.
 ...                                              
                                                  
l.1     \subsection{–ö–æ
                        –º–ø–ª–µ–∫—Å–Ω—ã–µ –º–Ω–æ–≥–æ–æ–±—Ä–∞–∑–∏—è}
You may provide a definition with
\DeclareUnicodeCharacter 


./1.tex:1: Package inputenc Error: Unicode character –º (U+043C)
(inputenc)                not set up for use with LaTeX.

See the inputenc package documentation for explanation.
Type  H <return>  for immediate help.
 ...                                              
                                                  
l.1     \subsection{–ö–æ–º
                          –ø–ª–µ–∫—Å–Ω—ã–µ –º–Ω–æ–≥–æ–æ–±—Ä–∞–∑–∏—è}
You may provide a definition with
\DeclareUnicodeCharacter 


./1.tex:1: Package inputenc Error: Unicode character –ø (U+043F)
(inputenc)                not set up for use with LaTeX.

See the inputenc package documentation for explanation.
Type  H <return>  for immediate help.
 ...                                              
                                                  
l.1     \subsection{–ö–æ–º–ø
                            –ª–µ–∫—Å–Ω—ã–µ –º–Ω–æ–≥–æ–æ–±—Ä–∞–∑–∏—è}
You may provide a definition with
\DeclareUnicodeCharacter 


./1.tex:1: Package inputenc Error: Unicode character –ª (U+043B)
(inputenc)                not set up for use with LaTeX.

See the inputenc package documentation for explanation.
Type  H <return>  for immediate help.
 ...                                              
                                                  
l.1     \subsection{–ö–æ–º–ø–ª
                              –µ–∫—Å–Ω—ã–µ –º–Ω–æ–≥–æ–æ–±—Ä–∞–∑–∏—è}
You may provide a definition with
\DeclareUnicodeCharacter 


./1.tex:1: Package inputenc Error: Unicode character –µ (U+0435)
(inputenc)                not set up for use with LaTeX.

See the inputenc package documentation for explanation.
Type  H <return>  for immediate help.
 ...                                              
                                                  
l.1     \subsection{–ö–æ–º–ø–ª–µ
                                –∫—Å–Ω—ã–µ –º–Ω–æ–≥–æ–æ–±—Ä–∞–∑–∏—è}
You may provide a definition with
\DeclareUnicodeCharacter 


./1.tex:1: Package inputenc Error: Unicode character –∫ (U+043A)
(inputenc)                not set up for use with LaTeX.

See the inputenc package documentation for explanation.
Type  H <return>  for immediate help.
 ...                                              
                                                  
l.1     \subsection{–ö–æ–º–ø–ª–µ–∫
                                  —Å–Ω—ã–µ –º–Ω–æ–≥–æ–æ–±—Ä–∞–∑–∏—è}
You may provide a definition with
\DeclareUnicodeCharacter 


./1.tex:1: Package inputenc Error: Unicode character —Å (U+0441)
(inputenc)                not set up for use with LaTeX.

See the inputenc package documentation for explanation.
Type  H <return>  for immediate help.
 ...                                              
                                                  
l.1     \subsection{–ö–æ–º–ø–ª–µ–∫—Å
                                    –Ω—ã–µ –º–Ω–æ–≥–æ–æ–±—Ä–∞–∑–∏—è}
You may provide a definition with
\DeclareUnicodeCharacter 


./1.tex:1: Package inputenc Error: Unicode character –Ω (U+043D)
(inputenc)                not set up for use with LaTeX.

See the inputenc package documentation for explanation.
Type  H <return>  for immediate help.
 ...                                              
                                                  
l.1     \subsection{–ö–æ–º–ø–ª–µ–∫—Å–Ω
                                      —ã–µ –º–Ω–æ–≥–æ–æ–±—Ä–∞–∑–∏—è}
You may provide a definition with
\DeclareUnicodeCharacter 


./1.tex:1: Package inputenc Error: Unicode character —ã (U+044B)
(inputenc)                not set up for use with LaTeX.

See the inputenc package documentation for explanation.
Type  H <return>  for immediate help.
 ...                                              
                                                  
l.1     \subsection{–ö–æ–º–ø–ª–µ–∫—Å–Ω—ã
                                        –µ –º–Ω–æ–≥–æ–æ–±—Ä–∞–∑–∏—è}
You may provide a definition with
\DeclareUnicodeCharacter 


./1.tex:1: Package inputenc Error: Unicode character –µ (U+0435)
(inputenc)                not set up for use with LaTeX.

See the inputenc package documentation for explanation.
Type  H <return>  for immediate help.
 ...                                              
                                                  
l.1     \subsection{–ö–æ–º–ø–ª–µ–∫—Å–Ω—ã–µ
                                           –º–Ω–æ–≥–æ–æ–±—Ä–∞–∑–∏—è}
You may provide a definition with
\DeclareUnicodeCharacter 


./1.tex:1: Package inputenc Error: Unicode character –º (U+043C)
(inputenc)                not set up for use with LaTeX.

See the inputenc package documentation for explanation.
Type  H <return>  for immediate help.
 ...                                              
                                                  
l.1     \subsection{–ö–æ–º–ø–ª–µ–∫—Å–Ω—ã–µ –º
                                             –Ω–æ–≥–æ–æ–±—Ä–∞–∑–∏—è}
You may provide a definition with
\DeclareUnicodeCharacter 


./1.tex:1: Package inputenc Error: Unicode character –Ω (U+043D)
(inputenc)                not set up for use with LaTeX.

See the inputenc package documentation for explanation.
Type  H <return>  for immediate help.
 ...                                              
                                                  
l.1     \subsection{–ö–æ–º–ø–ª–µ–∫—Å–Ω—ã–µ –º–Ω
                                               –æ–≥–æ–æ–±—Ä–∞–∑–∏—è}
You may provide a definition with
\DeclareUnicodeCharacter 


./1.tex:1: Package inputenc Error: Unicode character –æ (U+043E)
(inputenc)                not set up for use with LaTeX.

See the inputenc package documentation for explanation.
Type  H <return>  for immediate help.
 ...                                              
                                                  
l.1     \subsection{–ö–æ–º–ø–ª–µ–∫—Å–Ω—ã–µ –º–Ω–æ
                                                 –≥–æ–æ–±—Ä–∞–∑–∏—è}
You may provide a definition with
\DeclareUnicodeCharacter 


./1.tex:1: Package inputenc Error: Unicode character –≥ (U+0433)
(inputenc)                not set up for use with LaTeX.

See the inputenc package documentation for explanation.
Type  H <return>  for immediate help.
 ...                                              
                                                  
l.1 ...\subsection{–ö–æ–º–ø–ª–µ–∫—Å–Ω—ã–µ –º–Ω–æ–≥
                                                  –æ–æ–±—Ä–∞–∑–∏—è}
You may provide a definition with
\DeclareUnicodeCharacter 


./1.tex:1: Package inputenc Error: Unicode character –æ (U+043E)
(inputenc)                not set up for use with LaTeX.

See the inputenc package documentation for explanation.
Type  H <return>  for immediate help.
 ...                                              
                                                  
l.1 ...ubsection{–ö–æ–º–ø–ª–µ–∫—Å–Ω—ã–µ –º–Ω–æ–≥–æ
                                                  –æ–±—Ä–∞–∑–∏—è}
You may provide a definition with
\DeclareUnicodeCharacter 


./1.tex:1: Package inputenc Error: Unicode character –æ (U+043E)
(inputenc)                not set up for use with LaTeX.

See the inputenc package documentation for explanation.
Type  H <return>  for immediate help.
 ...                                              
                                                  
l.1 ...section{–ö–æ–º–ø–ª–µ–∫—Å–Ω—ã–µ –º–Ω–æ–≥–æ–æ
                                                  –±—Ä–∞–∑–∏—è}
You may provide a definition with
\DeclareUnicodeCharacter 


./1.tex:1: Package inputenc Error: Unicode character –± (U+0431)
(inputenc)                not set up for use with LaTeX.

See the inputenc package documentation for explanation.
Type  H <return>  for immediate help.
 ...                                              
                                                  
l.1 ...ction{–ö–æ–º–ø–ª–µ–∫—Å–Ω—ã–µ –º–Ω–æ–≥–æ–æ–±
                                                  —Ä–∞–∑–∏—è}
You may provide a definition with
\DeclareUnicodeCharacter 


./1.tex:1: Package inputenc Error: Unicode character —Ä (U+0440)
(inputenc)                not set up for use with LaTeX.

See the inputenc package documentation for explanation.
Type  H <return>  for immediate help.
 ...                                              
                                                  
l.1 ...ion{–ö–æ–º–ø–ª–µ–∫—Å–Ω—ã–µ –º–Ω–æ–≥–æ–æ–±—Ä
                                                  –∞–∑–∏—è}
You may provide a definition with
\DeclareUnicodeCharacter 


./1.tex:1: Package inputenc Error: Unicode character –∞ (U+0430)
(inputenc)                not set up for use with LaTeX.

See the inputenc package documentation for explanation.
Type  H <return>  for immediate help.
 ...                                              
                                                  
l.1 ...n{–ö–æ–º–ø–ª–µ–∫—Å–Ω—ã–µ –º–Ω–æ–≥–æ–æ–±—Ä–∞
                                                  –∑–∏—è}
You may provide a definition with
\DeclareUnicodeCharacter 


./1.tex:1: Package inputenc Error: Unicode character –∑ (U+0437)
(inputenc)                not set up for use with LaTeX.

See the inputenc package documentation for explanation.
Type  H <return>  for immediate help.
 ...                                              
                                                  
l.1 ...–ö–æ–º–ø–ª–µ–∫—Å–Ω—ã–µ –º–Ω–æ–≥–æ–æ–±—Ä–∞–∑
                                                  –∏—è}
You may provide a definition with
\DeclareUnicodeCharacter 


./1.tex:1: Package inputenc Error: Unicode character –∏ (U+0438)
(inputenc)                not set up for use with LaTeX.

See the inputenc package documentation for explanation.
Type  H <return>  for immediate help.
 ...                                              
                                                  
l.1 ...–æ–º–ø–ª–µ–∫—Å–Ω—ã–µ –º–Ω–æ–≥–æ–æ–±—Ä–∞–∑–∏
                                                  —è}
You may provide a definition with
\DeclareUnicodeCharacter 


./1.tex:1: Package inputenc Error: Unicode character —è (U+044F)
(inputenc)                not set up for use with LaTeX.

See the inputenc package documentation for explanation.
Type  H <return>  for immediate help.
 ...                                              
                                                  
l.1 ...–º–ø–ª–µ–∫—Å–Ω—ã–µ –º–Ω–æ–≥–æ–æ–±—Ä–∞–∑–∏—è
                                                  }
You may provide a definition with
\DeclareUnicodeCharacter 


./1.tex:3: LaTeX Error: Environment definition undefined.

See the LaTeX manual or LaTeX Companion for explanation.
Type  H <return>  for immediate help.
 ...                                              
                                                  
l.3     \begin{definition}
                          
Your command was ignored.
Type  I <command> <return>  to replace it with another command,
or  <return>  to continue without it.


./1.tex:4: LaTeX Error: Missing \begin{document}.

See the LaTeX manual or LaTeX Companion for explanation.
Type  H <return>  for immediate help.
 ...                                              
                                                  
l.4 ...ø–ª–µ–∫—Å–Ω—ã–º –º–Ω–æ–≥–æ–æ–±—Ä–∞–∑–∏–µ–º}
                                                   $M$ –Ω–∞–∑—ã–≤–∞–µ—Ç—Å—è ...

You're in trouble here.  Try typing  <return>  to proceed.
If that doesn't work, type  X <return>  to quit.


./1.tex:4: Package inputenc Error: Unicode character –ö (U+041A)
(inputenc)                not set up for use with LaTeX.

See the inputenc package documentation for explanation.
Type  H <return>  for immediate help.
 ...                                              
                                                  
l.4 ...ø–ª–µ–∫—Å–Ω—ã–º –º–Ω–æ–≥–æ–æ–±—Ä–∞–∑–∏–µ–º}
                                                   $M$ –Ω–∞–∑—ã–≤–∞–µ—Ç—Å—è ...

You may provide a definition with
\DeclareUnicodeCharacter 


./1.tex:4: Package inputenc Error: Unicode character –æ (U+043E)
(inputenc)                not set up for use with LaTeX.

See the inputenc package documentation for explanation.
Type  H <return>  for immediate help.
 ...                                              
                                                  
l.4 ...ø–ª–µ–∫—Å–Ω—ã–º –º–Ω–æ–≥–æ–æ–±—Ä–∞–∑–∏–µ–º}
                                                   $M$ –Ω–∞–∑—ã–≤–∞–µ—Ç—Å—è ...

You may provide a definition with
\DeclareUnicodeCharacter 


./1.tex:4: Package inputenc Error: Unicode character –º (U+043C)
(inputenc)                not set up for use with LaTeX.

See the inputenc package documentation for explanation.
Type  H <return>  for immediate help.
 ...                                              
                                                  
l.4 ...ø–ª–µ–∫—Å–Ω—ã–º –º–Ω–æ–≥–æ–æ–±—Ä–∞–∑–∏–µ–º}
                                                   $M$ –Ω–∞–∑—ã–≤–∞–µ—Ç—Å—è ...

You may provide a definition with
\DeclareUnicodeCharacter 


./1.tex:4: Package inputenc Error: Unicode character –ø (U+043F)
(inputenc)                not set up for use with LaTeX.

See the inputenc package documentation for explanation.
Type  H <return>  for immediate help.
 ...                                              
                                                  
l.4 ...ø–ª–µ–∫—Å–Ω—ã–º –º–Ω–æ–≥–æ–æ–±—Ä–∞–∑–∏–µ–º}
                                                   $M$ –Ω–∞–∑—ã–≤–∞–µ—Ç—Å—è ...

You may provide a definition with
\DeclareUnicodeCharacter 


./1.tex:4: Package inputenc Error: Unicode character –ª (U+043B)
(inputenc)                not set up for use with LaTeX.

See the inputenc package documentation for explanation.
Type  H <return>  for immediate help.
 ...                                              
                                                  
l.4 ...ø–ª–µ–∫—Å–Ω—ã–º –º–Ω–æ–≥–æ–æ–±—Ä–∞–∑–∏–µ–º}
                                                   $M$ –Ω–∞–∑—ã–≤–∞–µ—Ç—Å—è ...

You may provide a definition with
\DeclareUnicodeCharacter 


./1.tex:4: Package inputenc Error: Unicode character –µ (U+0435)
(inputenc)                not set up for use with LaTeX.

See the inputenc package documentation for explanation.
Type  H <return>  for immediate help.
 ...                                              
                                                  
l.4 ...ø–ª–µ–∫—Å–Ω—ã–º –º–Ω–æ–≥–æ–æ–±—Ä–∞–∑–∏–µ–º}
                                                   $M$ –Ω–∞–∑—ã–≤–∞–µ—Ç—Å—è ...

You may provide a definition with
\DeclareUnicodeCharacter 


./1.tex:4: Package inputenc Error: Unicode character –∫ (U+043A)
(inputenc)                not set up for use with LaTeX.

See the inputenc package documentation for explanation.
Type  H <return>  for immediate help.
 ...                                              
                                                  
l.4 ...ø–ª–µ–∫—Å–Ω—ã–º –º–Ω–æ–≥–æ–æ–±—Ä–∞–∑–∏–µ–º}
                                                   $M$ –Ω–∞–∑—ã–≤–∞–µ—Ç—Å—è ...

You may provide a definition with
\DeclareUnicodeCharacter 


./1.tex:4: Package inputenc Error: Unicode character —Å (U+0441)
(inputenc)                not set up for use with LaTeX.

See the inputenc package documentation for explanation.
Type  H <return>  for immediate help.
 ...                                              
                                                  
l.4 ...ø–ª–µ–∫—Å–Ω—ã–º –º–Ω–æ–≥–æ–æ–±—Ä–∞–∑–∏–µ–º}
                                                   $M$ –Ω–∞–∑—ã–≤–∞–µ—Ç—Å—è ...

You may provide a definition with
\DeclareUnicodeCharacter 


./1.tex:4: Package inputenc Error: Unicode character –Ω (U+043D)
(inputenc)                not set up for use with LaTeX.

See the inputenc package documentation for explanation.
Type  H <return>  for immediate help.
 ...                                              
                                                  
l.4 ...ø–ª–µ–∫—Å–Ω—ã–º –º–Ω–æ–≥–æ–æ–±—Ä–∞–∑–∏–µ–º}
                                                   $M$ –Ω–∞–∑—ã–≤–∞–µ—Ç—Å—è ...

You may provide a definition with
\DeclareUnicodeCharacter 


./1.tex:4: Package inputenc Error: Unicode character —ã (U+044B)
(inputenc)                not set up for use with LaTeX.

See the inputenc package documentation for explanation.
Type  H <return>  for immediate help.
 ...                                              
                                                  
l.4 ...ø–ª–µ–∫—Å–Ω—ã–º –º–Ω–æ–≥–æ–æ–±—Ä–∞–∑–∏–µ–º}
                                                   $M$ –Ω–∞–∑—ã–≤–∞–µ—Ç—Å—è ...

You may provide a definition with
\DeclareUnicodeCharacter 


./1.tex:4: Package inputenc Error: Unicode character –º (U+043C)
(inputenc)                not set up for use with LaTeX.

See the inputenc package documentation for explanation.
Type  H <return>  for immediate help.
 ...                                              
                                                  
l.4 ...ø–ª–µ–∫—Å–Ω—ã–º –º–Ω–æ–≥–æ–æ–±—Ä–∞–∑–∏–µ–º}
                                                   $M$ –Ω–∞–∑—ã–≤–∞–µ—Ç—Å—è ...

You may provide a definition with
\DeclareUnicodeCharacter 


./1.tex:4: Package inputenc Error: Unicode character –º (U+043C)
(inputenc)                not set up for use with LaTeX.

See the inputenc package documentation for explanation.
Type  H <return>  for immediate help.
 ...                                              
                                                  
l.4 ...ø–ª–µ–∫—Å–Ω—ã–º –º–Ω–æ–≥–æ–æ–±—Ä–∞–∑–∏–µ–º}
                                                   $M$ –Ω–∞–∑—ã–≤–∞–µ—Ç—Å—è ...

You may provide a definition with
\DeclareUnicodeCharacter 


./1.tex:4: Package inputenc Error: Unicode character –Ω (U+043D)
(inputenc)                not set up for use with LaTeX.

See the inputenc package documentation for explanation.
Type  H <return>  for immediate help.
 ...                                              
                                                  
l.4 ...ø–ª–µ–∫—Å–Ω—ã–º –º–Ω–æ–≥–æ–æ–±—Ä–∞–∑–∏–µ–º}
                                                   $M$ –Ω–∞–∑—ã–≤–∞–µ—Ç—Å—è ...

You may provide a definition with
\DeclareUnicodeCharacter 


./1.tex:4: Package inputenc Error: Unicode character –æ (U+043E)
(inputenc)                not set up for use with LaTeX.

See the inputenc package documentation for explanation.
Type  H <return>  for immediate help.
 ...                                              
                                                  
l.4 ...ø–ª–µ–∫—Å–Ω—ã–º –º–Ω–æ–≥–æ–æ–±—Ä–∞–∑–∏–µ–º}
                                                   $M$ –Ω–∞–∑—ã–≤–∞–µ—Ç—Å—è ...

You may provide a definition with
\DeclareUnicodeCharacter 


./1.tex:4: Package inputenc Error: Unicode character –≥ (U+0433)
(inputenc)                not set up for use with LaTeX.

See the inputenc package documentation for explanation.
Type  H <return>  for immediate help.
 ...                                              
                                                  
l.4 ...ø–ª–µ–∫—Å–Ω—ã–º –º–Ω–æ–≥–æ–æ–±—Ä–∞–∑–∏–µ–º}
                                                   $M$ –Ω–∞–∑—ã–≤–∞–µ—Ç—Å—è ...

You may provide a definition with
\DeclareUnicodeCharacter 


./1.tex:4: Package inputenc Error: Unicode character –æ (U+043E)
(inputenc)                not set up for use with LaTeX.

See the inputenc package documentation for explanation.
Type  H <return>  for immediate help.
 ...                                              
                                                  
l.4 ...ø–ª–µ–∫—Å–Ω—ã–º –º–Ω–æ–≥–æ–æ–±—Ä–∞–∑–∏–µ–º}
                                                   $M$ –Ω–∞–∑—ã–≤–∞–µ—Ç—Å—è ...

You may provide a definition with
\DeclareUnicodeCharacter 


./1.tex:4: Package inputenc Error: Unicode character –æ (U+043E)
(inputenc)                not set up for use with LaTeX.

See the inputenc package documentation for explanation.
Type  H <return>  for immediate help.
 ...                                              
                                                  
l.4 ...ø–ª–µ–∫—Å–Ω—ã–º –º–Ω–æ–≥–æ–æ–±—Ä–∞–∑–∏–µ–º}
                                                   $M$ –Ω–∞–∑—ã–≤–∞–µ—Ç—Å—è ...

You may provide a definition with
\DeclareUnicodeCharacter 


./1.tex:4: Package inputenc Error: Unicode character –± (U+0431)
(inputenc)                not set up for use with LaTeX.

See the inputenc package documentation for explanation.
Type  H <return>  for immediate help.
 ...                                              
                                                  
l.4 ...ø–ª–µ–∫—Å–Ω—ã–º –º–Ω–æ–≥–æ–æ–±—Ä–∞–∑–∏–µ–º}
                                                   $M$ –Ω–∞–∑—ã–≤–∞–µ—Ç—Å—è ...

You may provide a definition with
\DeclareUnicodeCharacter 


./1.tex:4: Package inputenc Error: Unicode character —Ä (U+0440)
(inputenc)                not set up for use with LaTeX.

See the inputenc package documentation for explanation.
Type  H <return>  for immediate help.
 ...                                              
                                                  
l.4 ...ø–ª–µ–∫—Å–Ω—ã–º –º–Ω–æ–≥–æ–æ–±—Ä–∞–∑–∏–µ–º}
                                                   $M$ –Ω–∞–∑—ã–≤–∞–µ—Ç—Å—è ...

You may provide a definition with
\DeclareUnicodeCharacter 


./1.tex:4: Package inputenc Error: Unicode character –∞ (U+0430)
(inputenc)                not set up for use with LaTeX.

See the inputenc package documentation for explanation.
Type  H <return>  for immediate help.
 ...                                              
                                                  
l.4 ...ø–ª–µ–∫—Å–Ω—ã–º –º–Ω–æ–≥–æ–æ–±—Ä–∞–∑–∏–µ–º}
                                                   $M$ –Ω–∞–∑—ã–≤–∞–µ—Ç—Å—è ...

You may provide a definition with
\DeclareUnicodeCharacter 


./1.tex:4: Package inputenc Error: Unicode character –∑ (U+0437)
(inputenc)                not set up for use with LaTeX.

See the inputenc package documentation for explanation.
Type  H <return>  for immediate help.
 ...                                              
                                                  
l.4 ...ø–ª–µ–∫—Å–Ω—ã–º –º–Ω–æ–≥–æ–æ–±—Ä–∞–∑–∏–µ–º}
                                                   $M$ –Ω–∞–∑—ã–≤–∞–µ—Ç—Å—è ...

You may provide a definition with
\DeclareUnicodeCharacter 


./1.tex:4: Package inputenc Error: Unicode character –∏ (U+0438)
(inputenc)                not set up for use with LaTeX.

See the inputenc package documentation for explanation.
Type  H <return>  for immediate help.
 ...                                              
                                                  
l.4 ...ø–ª–µ–∫—Å–Ω—ã–º –º–Ω–æ–≥–æ–æ–±—Ä–∞–∑–∏–µ–º}
                                                   $M$ –Ω–∞–∑—ã–≤–∞–µ—Ç—Å—è ...

You may provide a definition with
\DeclareUnicodeCharacter 


./1.tex:4: Package inputenc Error: Unicode character –µ (U+0435)
(inputenc)                not set up for use with LaTeX.

See the inputenc package documentation for explanation.
Type  H <return>  for immediate help.
 ...                                              
                                                  
l.4 ...ø–ª–µ–∫—Å–Ω—ã–º –º–Ω–æ–≥–æ–æ–±—Ä–∞–∑–∏–µ–º}
                                                   $M$ –Ω–∞–∑—ã–≤–∞–µ—Ç—Å—è ...

You may provide a definition with
\DeclareUnicodeCharacter 


./1.tex:4: Package inputenc Error: Unicode character –º (U+043C)
(inputenc)                not set up for use with LaTeX.

See the inputenc package documentation for explanation.
Type  H <return>  for immediate help.
 ...                                              
                                                  
l.4 ...ø–ª–µ–∫—Å–Ω—ã–º –º–Ω–æ–≥–æ–æ–±—Ä–∞–∑–∏–µ–º}
                                                   $M$ –Ω–∞–∑—ã–≤–∞–µ—Ç—Å—è ...

You may provide a definition with
\DeclareUnicodeCharacter 

LaTeX Font Info:    External font `cmex10' loaded for size
(Font)              <7> on input line 4.
LaTeX Font Info:    External font `cmex10' loaded for size
(Font)              <5> on input line 4.

./1.tex:4: Package inputenc Error: Unicode character –Ω (U+043D)
(inputenc)                not set up for use with LaTeX.

See the inputenc package documentation for explanation.
Type  H <return>  for immediate help.
 ...                                              
                                                  
l.4 ...—Å–Ω—ã–º –º–Ω–æ–≥–æ–æ–±—Ä–∞–∑–∏–µ–º} $M$ –Ω
                                                  –∞–∑—ã–≤–∞–µ—Ç—Å—è –≥–ª–∞–...

You may provide a definition with
\DeclareUnicodeCharacter 


./1.tex:4: Package inputenc Error: Unicode character –∞ (U+0430)
(inputenc)                not set up for use with LaTeX.

See the inputenc package documentation for explanation.
Type  H <return>  for immediate help.
 ...                                              
                                                  
l.4 ...–Ω—ã–º –º–Ω–æ–≥–æ–æ–±—Ä–∞–∑–∏–µ–º} $M$ –Ω–∞
                                                  –∑—ã–≤–∞–µ—Ç—Å—è –≥–ª–∞–¥–...

You may provide a definition with
\DeclareUnicodeCharacter 


./1.tex:4: Package inputenc Error: Unicode character –∑ (U+0437)
(inputenc)                not set up for use with LaTeX.

See the inputenc package documentation for explanation.
Type  H <return>  for immediate help.
 ...                                              
                                                  
l.4 ...—ã–º –º–Ω–æ–≥–æ–æ–±—Ä–∞–∑–∏–µ–º} $M$ –Ω–∞–∑
                                                  —ã–≤–∞–µ—Ç—Å—è –≥–ª–∞–¥–∫–...

You may provide a definition with
\DeclareUnicodeCharacter 


./1.tex:4: Package inputenc Error: Unicode character —ã (U+044B)
(inputenc)                not set up for use with LaTeX.

See the inputenc package documentation for explanation.
Type  H <return>  for immediate help.
 ...                                              
                                                  
l.4 ...–º –º–Ω–æ–≥–æ–æ–±—Ä–∞–∑–∏–µ–º} $M$ –Ω–∞–∑—ã
                                                  –≤–∞–µ—Ç—Å—è –≥–ª–∞–¥–∫–æ–...

You may provide a definition with
\DeclareUnicodeCharacter 


./1.tex:4: Package inputenc Error: Unicode character –≤ (U+0432)
(inputenc)                not set up for use with LaTeX.

See the inputenc package documentation for explanation.
Type  H <return>  for immediate help.
 ...                                              
                                                  
l.4 ... –º–Ω–æ–≥–æ–æ–±—Ä–∞–∑–∏–µ–º} $M$ –Ω–∞–∑—ã–≤
                                                  –∞–µ—Ç—Å—è –≥–ª–∞–¥–∫–æ–µ ...

You may provide a definition with
\DeclareUnicodeCharacter 


./1.tex:4: Package inputenc Error: Unicode character –∞ (U+0430)
(inputenc)                not set up for use with LaTeX.

See the inputenc package documentation for explanation.
Type  H <return>  for immediate help.
 ...                                              
                                                  
l.4 ...º–Ω–æ–≥–æ–æ–±—Ä–∞–∑–∏–µ–º} $M$ –Ω–∞–∑—ã–≤–∞
                                                  –µ—Ç—Å—è –≥–ª–∞–¥–∫–æ–µ –º...

You may provide a definition with
\DeclareUnicodeCharacter 


./1.tex:4: Package inputenc Error: Unicode character –µ (U+0435)
(inputenc)                not set up for use with LaTeX.

See the inputenc package documentation for explanation.
Type  H <return>  for immediate help.
 ...                                              
                                                  
l.4 ...Ω–æ–≥–æ–æ–±—Ä–∞–∑–∏–µ–º} $M$ –Ω–∞–∑—ã–≤–∞–µ
                                                  —Ç—Å—è –≥–ª–∞–¥–∫–æ–µ –º–Ω...

You may provide a definition with
\DeclareUnicodeCharacter 


./1.tex:4: Package inputenc Error: Unicode character —Ç (U+0442)
(inputenc)                not set up for use with LaTeX.

See the inputenc package documentation for explanation.
Type  H <return>  for immediate help.
 ...                                              
                                                  
l.4 ...æ–≥–æ–æ–±—Ä–∞–∑–∏–µ–º} $M$ –Ω–∞–∑—ã–≤–∞–µ—Ç
                                                  —Å—è –≥–ª–∞–¥–∫–æ–µ –º–Ω–æ...

You may provide a definition with
\DeclareUnicodeCharacter 


./1.tex:4: Package inputenc Error: Unicode character —Å (U+0441)
(inputenc)                not set up for use with LaTeX.

See the inputenc package documentation for explanation.
Type  H <return>  for immediate help.
 ...                                              
                                                  
l.4 ...≥–æ–æ–±—Ä–∞–∑–∏–µ–º} $M$ –Ω–∞–∑—ã–≤–∞–µ—Ç—Å
                                                  —è –≥–ª–∞–¥–∫–æ–µ –º–Ω–æ–≥...

You may provide a definition with
\DeclareUnicodeCharacter 


./1.tex:4: Package inputenc Error: Unicode character —è (U+044F)
(inputenc)                not set up for use with LaTeX.

See the inputenc package documentation for explanation.
Type  H <return>  for immediate help.
 ...                                              
                                                  
l.4 ...æ–æ–±—Ä–∞–∑–∏–µ–º} $M$ –Ω–∞–∑—ã–≤–∞–µ—Ç—Å—è
                                                   –≥–ª–∞–¥–∫–æ–µ –º–Ω–æ–≥–æ...

You may provide a definition with
\DeclareUnicodeCharacter 


./1.tex:4: Package inputenc Error: Unicode character –≥ (U+0433)
(inputenc)                not set up for use with LaTeX.

See the inputenc package documentation for explanation.
Type  H <return>  for immediate help.
 ...                                              
                                                  
l.4 ...–±—Ä–∞–∑–∏–µ–º} $M$ –Ω–∞–∑—ã–≤–∞–µ—Ç—Å—è –≥
                                                  –ª–∞–¥–∫–æ–µ –º–Ω–æ–≥–æ–æ–...

You may provide a definition with
\DeclareUnicodeCharacter 


./1.tex:4: Package inputenc Error: Unicode character –ª (U+043B)
(inputenc)                not set up for use with LaTeX.

See the inputenc package documentation for explanation.
Type  H <return>  for immediate help.
 ...                                              
                                                  
l.4 ...—Ä–∞–∑–∏–µ–º} $M$ –Ω–∞–∑—ã–≤–∞–µ—Ç—Å—è –≥–ª
                                                  –∞–¥–∫–æ–µ –º–Ω–æ–≥–æ–æ–±—...

You may provide a definition with
\DeclareUnicodeCharacter 


./1.tex:4: Package inputenc Error: Unicode character –∞ (U+0430)
(inputenc)                not set up for use with LaTeX.

See the inputenc package documentation for explanation.
Type  H <return>  for immediate help.
 ...                                              
                                                  
l.4 ...–∞–∑–∏–µ–º} $M$ –Ω–∞–∑—ã–≤–∞–µ—Ç—Å—è –≥–ª–∞
                                                  –¥–∫–æ–µ –º–Ω–æ–≥–æ–æ–±—Ä–...

You may provide a definition with
\DeclareUnicodeCharacter 


./1.tex:4: Package inputenc Error: Unicode character –¥ (U+0434)
(inputenc)                not set up for use with LaTeX.

See the inputenc package documentation for explanation.
Type  H <return>  for immediate help.
 ...                                              
                                                  
l.4 ...–∑–∏–µ–º} $M$ –Ω–∞–∑—ã–≤–∞–µ—Ç—Å—è –≥–ª–∞–¥
                                                  –∫–æ–µ –º–Ω–æ–≥–æ–æ–±—Ä–∞–...

You may provide a definition with
\DeclareUnicodeCharacter 


./1.tex:4: Package inputenc Error: Unicode character –∫ (U+043A)
(inputenc)                not set up for use with LaTeX.

See the inputenc package documentation for explanation.
Type  H <return>  for immediate help.
 ...                                              
                                                  
l.4 ...–∏–µ–º} $M$ –Ω–∞–∑—ã–≤–∞–µ—Ç—Å—è –≥–ª–∞–¥–∫
                                                  –æ–µ –º–Ω–æ–≥–æ–æ–±—Ä–∞–∑–...

You may provide a definition with
\DeclareUnicodeCharacter 


./1.tex:4: Package inputenc Error: Unicode character –æ (U+043E)
(inputenc)                not set up for use with LaTeX.

See the inputenc package documentation for explanation.
Type  H <return>  for immediate help.
 ...                                              
                                                  
l.4 ...–µ–º} $M$ –Ω–∞–∑—ã–≤–∞–µ—Ç—Å—è –≥–ª–∞–¥–∫–æ
                                                  –µ –º–Ω–æ–≥–æ–æ–±—Ä–∞–∑–∏–...

You may provide a definition with
\DeclareUnicodeCharacter 


./1.tex:4: Package inputenc Error: Unicode character –µ (U+0435)
(inputenc)                not set up for use with LaTeX.

See the inputenc package documentation for explanation.
Type  H <return>  for immediate help.
 ...                                              
                                                  
l.4 ...–º} $M$ –Ω–∞–∑—ã–≤–∞–µ—Ç—Å—è –≥–ª–∞–¥–∫–æ–µ
                                                   –º–Ω–æ–≥–æ–æ–±—Ä–∞–∑–∏–µ,...

You may provide a definition with
\DeclareUnicodeCharacter 


./1.tex:4: Package inputenc Error: Unicode character –º (U+043C)
(inputenc)                not set up for use with LaTeX.

See the inputenc package documentation for explanation.
Type  H <return>  for immediate help.
 ...                                              
                                                  
l.4 ... $M$ –Ω–∞–∑—ã–≤–∞–µ—Ç—Å—è –≥–ª–∞–¥–∫–æ–µ –º
                                                  –Ω–æ–≥–æ–æ–±—Ä–∞–∑–∏–µ, –¥...

You may provide a definition with
\DeclareUnicodeCharacter 


./1.tex:4: Package inputenc Error: Unicode character –Ω (U+043D)
(inputenc)                not set up for use with LaTeX.

See the inputenc package documentation for explanation.
Type  H <return>  for immediate help.
 ...                                              
                                                  
l.4 ...M$ –Ω–∞–∑—ã–≤–∞–µ—Ç—Å—è –≥–ª–∞–¥–∫–æ–µ –º–Ω
                                                  –æ–≥–æ–æ–±—Ä–∞–∑–∏–µ, –¥–æ...

You may provide a definition with
\DeclareUnicodeCharacter 


./1.tex:4: Package inputenc Error: Unicode character –æ (U+043E)
(inputenc)                not set up for use with LaTeX.

See the inputenc package documentation for explanation.
Type  H <return>  for immediate help.
 ...                                              
                                                  
l.4 ... –Ω–∞–∑—ã–≤–∞–µ—Ç—Å—è –≥–ª–∞–¥–∫–æ–µ –º–Ω–æ
                                                  –≥–æ–æ–±—Ä–∞–∑–∏–µ, –¥–æ–ø...

You may provide a definition with
\DeclareUnicodeCharacter 


./1.tex:4: Package inputenc Error: Unicode character –≥ (U+0433)
(inputenc)                not set up for use with LaTeX.

See the inputenc package documentation for explanation.
Type  H <return>  for immediate help.
 ...                                              
                                                  
l.4 ...Ω–∞–∑—ã–≤–∞–µ—Ç—Å—è –≥–ª–∞–¥–∫–æ–µ –º–Ω–æ–≥
                                                  –æ–æ–±—Ä–∞–∑–∏–µ, –¥–æ–ø—É...

You may provide a definition with
\DeclareUnicodeCharacter 


./1.tex:4: Package inputenc Error: Unicode character –æ (U+043E)
(inputenc)                not set up for use with LaTeX.

See the inputenc package documentation for explanation.
Type  H <return>  for immediate help.
 ...                                              
                                                  
l.4 ...∞–∑—ã–≤–∞–µ—Ç—Å—è –≥–ª–∞–¥–∫–æ–µ –º–Ω–æ–≥–æ
                                                  –æ–±—Ä–∞–∑–∏–µ, –¥–æ–ø—É—Å...

You may provide a definition with
\DeclareUnicodeCharacter 


./1.tex:4: Package inputenc Error: Unicode character –æ (U+043E)
(inputenc)                not set up for use with LaTeX.

See the inputenc package documentation for explanation.
Type  H <return>  for immediate help.
 ...                                              
                                                  
l.4 ...∑—ã–≤–∞–µ—Ç—Å—è –≥–ª–∞–¥–∫–æ–µ –º–Ω–æ–≥–æ–æ
                                                  –±—Ä–∞–∑–∏–µ, –¥–æ–ø—É—Å–∫...

You may provide a definition with
\DeclareUnicodeCharacter 


./1.tex:4: Package inputenc Error: Unicode character –± (U+0431)
(inputenc)                not set up for use with LaTeX.

See the inputenc package documentation for explanation.
Type  H <return>  for immediate help.
 ...                                              
                                                  
l.4 ...ã–≤–∞–µ—Ç—Å—è –≥–ª–∞–¥–∫–æ–µ –º–Ω–æ–≥–æ–æ–±
                                                  —Ä–∞–∑–∏–µ, –¥–æ–ø—É—Å–∫–∞...

You may provide a definition with
\DeclareUnicodeCharacter 


./1.tex:4: Package inputenc Error: Unicode character —Ä (U+0440)
(inputenc)                not set up for use with LaTeX.

See the inputenc package documentation for explanation.
Type  H <return>  for immediate help.
 ...                                              
                                                  
l.4 ...≤–∞–µ—Ç—Å—è –≥–ª–∞–¥–∫–æ–µ –º–Ω–æ–≥–æ–æ–±—Ä
                                                  –∞–∑–∏–µ, –¥–æ–ø—É—Å–∫–∞—é...

You may provide a definition with
\DeclareUnicodeCharacter 


./1.tex:4: Package inputenc Error: Unicode character –∞ (U+0430)
(inputenc)                not set up for use with LaTeX.

See the inputenc package documentation for explanation.
Type  H <return>  for immediate help.
 ...                                              
                                                  
l.4 ...∞–µ—Ç—Å—è –≥–ª–∞–¥–∫–æ–µ –º–Ω–æ–≥–æ–æ–±—Ä–∞
                                                  –∑–∏–µ, –¥–æ–ø—É—Å–∫–∞—é—â...

You may provide a definition with
\DeclareUnicodeCharacter 


./1.tex:4: Package inputenc Error: Unicode character –∑ (U+0437)
(inputenc)                not set up for use with LaTeX.

See the inputenc package documentation for explanation.
Type  H <return>  for immediate help.
 ...                                              
                                                  
l.4 ...µ—Ç—Å—è –≥–ª–∞–¥–∫–æ–µ –º–Ω–æ–≥–æ–æ–±—Ä–∞–∑
                                                  –∏–µ, –¥–æ–ø—É—Å–∫–∞—é—â–µ–µ
You may provide a definition with
\DeclareUnicodeCharacter 


./1.tex:4: Package inputenc Error: Unicode character –∏ (U+0438)
(inputenc)                not set up for use with LaTeX.

See the inputenc package documentation for explanation.
Type  H <return>  for immediate help.
 ...                                              
                                                  
l.4 ...Ç—Å—è –≥–ª–∞–¥–∫–æ–µ –º–Ω–æ–≥–æ–æ–±—Ä–∞–∑–∏
                                                  –µ, –¥–æ–ø—É—Å–∫–∞—é—â–µ–µ
You may provide a definition with
\DeclareUnicodeCharacter 


./1.tex:4: Package inputenc Error: Unicode character –µ (U+0435)
(inputenc)                not set up for use with LaTeX.

See the inputenc package documentation for explanation.
Type  H <return>  for immediate help.
 ...                                              
                                                  
l.4 ...Å—è –≥–ª–∞–¥–∫–æ–µ –º–Ω–æ–≥–æ–æ–±—Ä–∞–∑–∏–µ
                                                  , –¥–æ–ø—É—Å–∫–∞—é—â–µ–µ
You may provide a definition with
\DeclareUnicodeCharacter 

Missing character: There is no , in font nullfont!

./1.tex:4: Package inputenc Error: Unicode character –¥ (U+0434)
(inputenc)                not set up for use with LaTeX.

See the inputenc package documentation for explanation.
Type  H <return>  for immediate help.
 ...                                              
                                                  
l.4 ...–≥–ª–∞–¥–∫–æ–µ –º–Ω–æ–≥–æ–æ–±—Ä–∞–∑–∏–µ, –¥
                                                  –æ–ø—É—Å–∫–∞—é—â–µ–µ
You may provide a definition with
\DeclareUnicodeCharacter 


./1.tex:4: Package inputenc Error: Unicode character –æ (U+043E)
(inputenc)                not set up for use with LaTeX.

See the inputenc package documentation for explanation.
Type  H <return>  for immediate help.
 ...                                              
                                                  
l.4 ...–ª–∞–¥–∫–æ–µ –º–Ω–æ–≥–æ–æ–±—Ä–∞–∑–∏–µ, –¥–æ
                                                  –ø—É—Å–∫–∞—é—â–µ–µ
You may provide a definition with
\DeclareUnicodeCharacter 


./1.tex:4: Package inputenc Error: Unicode character –ø (U+043F)
(inputenc)                not set up for use with LaTeX.

See the inputenc package documentation for explanation.
Type  H <return>  for immediate help.
 ...                                              
                                                  
l.4 ...–∞–¥–∫–æ–µ –º–Ω–æ–≥–æ–æ–±—Ä–∞–∑–∏–µ, –¥–æ–ø
                                                  —É—Å–∫–∞—é—â–µ–µ
You may provide a definition with
\DeclareUnicodeCharacter 


./1.tex:4: Package inputenc Error: Unicode character —É (U+0443)
(inputenc)                not set up for use with LaTeX.

See the inputenc package documentation for explanation.
Type  H <return>  for immediate help.
 ...                                              
                                                  
l.4 ...–¥–∫–æ–µ –º–Ω–æ–≥–æ–æ–±—Ä–∞–∑–∏–µ, –¥–æ–ø—É
                                                  —Å–∫–∞—é—â–µ–µ
You may provide a definition with
\DeclareUnicodeCharacter 


./1.tex:4: Package inputenc Error: Unicode character —Å (U+0441)
(inputenc)                not set up for use with LaTeX.

See the inputenc package documentation for explanation.
Type  H <return>  for immediate help.
 ...                                              
                                                  
l.4 ...–∫–æ–µ –º–Ω–æ–≥–æ–æ–±—Ä–∞–∑–∏–µ, –¥–æ–ø—É—Å
                                                  –∫–∞—é—â–µ–µ
You may provide a definition with
\DeclareUnicodeCharacter 


./1.tex:4: Package inputenc Error: Unicode character –∫ (U+043A)
(inputenc)                not set up for use with LaTeX.

See the inputenc package documentation for explanation.
Type  H <return>  for immediate help.
 ...                                              
                                                  
l.4 ...–æ–µ –º–Ω–æ–≥–æ–æ–±—Ä–∞–∑–∏–µ, –¥–æ–ø—É—Å–∫
                                                  –∞—é—â–µ–µ
You may provide a definition with
\DeclareUnicodeCharacter 


./1.tex:4: Package inputenc Error: Unicode character –∞ (U+0430)
(inputenc)                not set up for use with LaTeX.

See the inputenc package documentation for explanation.
Type  H <return>  for immediate help.
 ...                                              
                                                  
l.4 ...–µ –º–Ω–æ–≥–æ–æ–±—Ä–∞–∑–∏–µ, –¥–æ–ø—É—Å–∫–∞
                                                  —é—â–µ–µ
You may provide a definition with
\DeclareUnicodeCharacter 


./1.tex:4: Package inputenc Error: Unicode character —é (U+044E)
(inputenc)                not set up for use with LaTeX.

See the inputenc package documentation for explanation.
Type  H <return>  for immediate help.
 ...                                              
                                                  
l.4 ... –º–Ω–æ–≥–æ–æ–±—Ä–∞–∑–∏–µ, –¥–æ–ø—É—Å–∫–∞—é
                                                  —â–µ–µ
You may provide a definition with
\DeclareUnicodeCharacter 


./1.tex:4: Package inputenc Error: Unicode character —â (U+0449)
(inputenc)                not set up for use with LaTeX.

See the inputenc package documentation for explanation.
Type  H <return>  for immediate help.
 ...                                              
                                                  
l.4 ...º–Ω–æ–≥–æ–æ–±—Ä–∞–∑–∏–µ, –¥–æ–ø—É—Å–∫–∞—é—â
                                                  –µ–µ
You may provide a definition with
\DeclareUnicodeCharacter 


./1.tex:4: Package inputenc Error: Unicode character –µ (U+0435)
(inputenc)                not set up for use with LaTeX.

See the inputenc package documentation for explanation.
Type  H <return>  for immediate help.
 ...                                              
                                                  
l.4 ...Ω–æ–≥–æ–æ–±—Ä–∞–∑–∏–µ, –¥–æ–ø—É—Å–∫–∞—é—â–µ
                                                  –µ
You may provide a definition with
\DeclareUnicodeCharacter 


./1.tex:4: Package inputenc Error: Unicode character –µ (U+0435)
(inputenc)                not set up for use with LaTeX.

See the inputenc package documentation for explanation.
Type  H <return>  for immediate help.
 ...                                              
                                                  
l.4 ...æ–≥–æ–æ–±—Ä–∞–∑–∏–µ, –¥–æ–ø—É—Å–∫–∞—é—â–µ–µ
                                                  
You may provide a definition with
\DeclareUnicodeCharacter 


./1.tex:5: Package inputenc Error: Unicode character —Ç (U+0442)
(inputenc)                not set up for use with LaTeX.

See the inputenc package documentation for explanation.
Type  H <return>  for immediate help.
 ...                                              
                                                  
l.5         —Ç
              –∞–∫–æ–µ –æ—Ç–∫—Ä—ã—Ç–æ–µ –ø–æ–∫—Ä—ã—Ç–∏–µ $\{ U_{\alpha} \}_{...

You may provide a definition with
\DeclareUnicodeCharacter 


./1.tex:5: Package inputenc Error: Unicode character –∞ (U+0430)
(inputenc)                not set up for use with LaTeX.

See the inputenc package documentation for explanation.
Type  H <return>  for immediate help.
 ...                                              
                                                  
l.5         —Ç–∞
                –∫–æ–µ –æ—Ç–∫—Ä—ã—Ç–æ–µ –ø–æ–∫—Ä—ã—Ç–∏–µ $\{ U_{\alpha} \}_{...

You may provide a definition with
\DeclareUnicodeCharacter 


./1.tex:5: Package inputenc Error: Unicode character –∫ (U+043A)
(inputenc)                not set up for use with LaTeX.

See the inputenc package documentation for explanation.
Type  H <return>  for immediate help.
 ...                                              
                                                  
l.5         —Ç–∞–∫
                  –æ–µ –æ—Ç–∫—Ä—ã—Ç–æ–µ –ø–æ–∫—Ä—ã—Ç–∏–µ $\{ U_{\alpha} \}_{...

You may provide a definition with
\DeclareUnicodeCharacter 


./1.tex:5: Package inputenc Error: Unicode character –æ (U+043E)
(inputenc)                not set up for use with LaTeX.

See the inputenc package documentation for explanation.
Type  H <return>  for immediate help.
 ...                                              
                                                  
l.5         —Ç–∞–∫–æ
                    –µ –æ—Ç–∫—Ä—ã—Ç–æ–µ –ø–æ–∫—Ä—ã—Ç–∏–µ $\{ U_{\alpha} \}_{...

You may provide a definition with
\DeclareUnicodeCharacter 


./1.tex:5: Package inputenc Error: Unicode character –µ (U+0435)
(inputenc)                not set up for use with LaTeX.

See the inputenc package documentation for explanation.
Type  H <return>  for immediate help.
 ...                                              
                                                  
l.5         —Ç–∞–∫–æ–µ
                       –æ—Ç–∫—Ä—ã—Ç–æ–µ –ø–æ–∫—Ä—ã—Ç–∏–µ $\{ U_{\alpha} \}_{...

You may provide a definition with
\DeclareUnicodeCharacter 


./1.tex:5: Package inputenc Error: Unicode character –æ (U+043E)
(inputenc)                not set up for use with LaTeX.

See the inputenc package documentation for explanation.
Type  H <return>  for immediate help.
 ...                                              
                                                  
l.5         —Ç–∞–∫–æ–µ –æ
                         —Ç–∫—Ä—ã—Ç–æ–µ –ø–æ–∫—Ä—ã—Ç–∏–µ $\{ U_{\alpha} \}_{...

You may provide a definition with
\DeclareUnicodeCharacter 


./1.tex:5: Package inputenc Error: Unicode character —Ç (U+0442)
(inputenc)                not set up for use with LaTeX.

See the inputenc package documentation for explanation.
Type  H <return>  for immediate help.
 ...                                              
                                                  
l.5         —Ç–∞–∫–æ–µ –æ—Ç
                           –∫—Ä—ã—Ç–æ–µ –ø–æ–∫—Ä—ã—Ç–∏–µ $\{ U_{\alpha} \}_{...

You may provide a definition with
\DeclareUnicodeCharacter 


./1.tex:5: Package inputenc Error: Unicode character –∫ (U+043A)
(inputenc)                not set up for use with LaTeX.

See the inputenc package documentation for explanation.
Type  H <return>  for immediate help.
 ...                                              
                                                  
l.5         —Ç–∞–∫–æ–µ –æ—Ç–∫
                             —Ä—ã—Ç–æ–µ –ø–æ–∫—Ä—ã—Ç–∏–µ $\{ U_{\alpha} \}_{...

You may provide a definition with
\DeclareUnicodeCharacter 


./1.tex:5: Package inputenc Error: Unicode character —Ä (U+0440)
(inputenc)                not set up for use with LaTeX.

See the inputenc package documentation for explanation.
Type  H <return>  for immediate help.
 ...                                              
                                                  
l.5         —Ç–∞–∫–æ–µ –æ—Ç–∫—Ä
                               —ã—Ç–æ–µ –ø–æ–∫—Ä—ã—Ç–∏–µ $\{ U_{\alpha} \}_{...

You may provide a definition with
\DeclareUnicodeCharacter 


./1.tex:5: Package inputenc Error: Unicode character —ã (U+044B)
(inputenc)                not set up for use with LaTeX.

See the inputenc package documentation for explanation.
Type  H <return>  for immediate help.
 ...                                              
                                                  
l.5         —Ç–∞–∫–æ–µ –æ—Ç–∫—Ä—ã
                                 —Ç–æ–µ –ø–æ–∫—Ä—ã—Ç–∏–µ $\{ U_{\alpha} \}_{...
(That makes 100 errors; please try again.) 
Here is how much of TeX's memory you used:
 46 strings out of 480608
 884 string characters out of 5903630
 239610 words of memory out of 5000000
 16036 multiletter control sequences out of 15000+600000
 532684 words of font info for 25 fonts, out of 8000000 for 9000
 1141 hyphenation exceptions out of 8191
 18i,1n,15p,177b,72s stack positions out of 5000i,500n,10000p,200000b,80000s

./1.tex:5:  ==> Fatal error occurred, no output PDF file produced!
