This is pdfTeX, Version 3.14159265-2.6-1.40.21 (TeX Live 2020) (preloaded format=pdflatex 2021.3.10)  21 SEP 2023 12:58
entering extended mode
 restricted \write18 enabled.
 %&-line parsing enabled.
**"/Users/user/Documents/GitHub/Algebraic-geometry-compendium/Tex abstract/src/
lectures/2/2.tex"

(/Users/user/Documents/GitHub/Algebraic-geometry-compendium/Tex abstract/src/le
ctures/2/2.tex
LaTeX2e <2020-02-02> patch level 5
L3 programming layer <2020-03-06>
! Undefined control sequence.
l.1     \subsection
                   {–ü–æ–¥–º–Ω–æ–≥–æ–æ–±—Ä–∞–∑–∏—è –∏ –∞–Ω–∞–ª–∏—Ç–∏—á–µ—Å–∫...
The control sequence at the end of the top line
of your error message was never \def'ed. If you have
misspelled it (e.g., `\hobx'), type `I' and the correct
spelling (e.g., `I\hbox'). Otherwise just continue,
and I'll forget about whatever was undefined.


! Package inputenc Error: Unicode character –ü (U+041F)
(inputenc)                not set up for use with LaTeX.

See the inputenc package documentation for explanation.
Type  H <return>  for immediate help.
 ...                                              
                                                  
l.1     \subsection{–ü
                      –æ–¥–º–Ω–æ–≥–æ–æ–±—Ä–∞–∑–∏—è –∏ –∞–Ω–∞–ª–∏—Ç–∏—á–µ—Å–∫...

You may provide a definition with
\DeclareUnicodeCharacter 


! Package inputenc Error: Unicode character –æ (U+043E)
(inputenc)                not set up for use with LaTeX.

See the inputenc package documentation for explanation.
Type  H <return>  for immediate help.
 ...                                              
                                                  
l.1     \subsection{–ü–æ
                        –¥–º–Ω–æ–≥–æ–æ–±—Ä–∞–∑–∏—è –∏ –∞–Ω–∞–ª–∏—Ç–∏—á–µ—Å–∫...

You may provide a definition with
\DeclareUnicodeCharacter 


! Package inputenc Error: Unicode character –¥ (U+0434)
(inputenc)                not set up for use with LaTeX.

See the inputenc package documentation for explanation.
Type  H <return>  for immediate help.
 ...                                              
                                                  
l.1     \subsection{–ü–æ–¥
                          –º–Ω–æ–≥–æ–æ–±—Ä–∞–∑–∏—è –∏ –∞–Ω–∞–ª–∏—Ç–∏—á–µ—Å–∫...

You may provide a definition with
\DeclareUnicodeCharacter 


! Package inputenc Error: Unicode character –º (U+043C)
(inputenc)                not set up for use with LaTeX.

See the inputenc package documentation for explanation.
Type  H <return>  for immediate help.
 ...                                              
                                                  
l.1     \subsection{–ü–æ–¥–º
                            –Ω–æ–≥–æ–æ–±—Ä–∞–∑–∏—è –∏ –∞–Ω–∞–ª–∏—Ç–∏—á–µ—Å–∫...

You may provide a definition with
\DeclareUnicodeCharacter 


! Package inputenc Error: Unicode character –Ω (U+043D)
(inputenc)                not set up for use with LaTeX.

See the inputenc package documentation for explanation.
Type  H <return>  for immediate help.
 ...                                              
                                                  
l.1     \subsection{–ü–æ–¥–º–Ω
                              –æ–≥–æ–æ–±—Ä–∞–∑–∏—è –∏ –∞–Ω–∞–ª–∏—Ç–∏—á–µ—Å–∫...

You may provide a definition with
\DeclareUnicodeCharacter 


! Package inputenc Error: Unicode character –æ (U+043E)
(inputenc)                not set up for use with LaTeX.

See the inputenc package documentation for explanation.
Type  H <return>  for immediate help.
 ...                                              
                                                  
l.1     \subsection{–ü–æ–¥–º–Ω–æ
                                –≥–æ–æ–±—Ä–∞–∑–∏—è –∏ –∞–Ω–∞–ª–∏—Ç–∏—á–µ—Å–∫...

You may provide a definition with
\DeclareUnicodeCharacter 


! Package inputenc Error: Unicode character –≥ (U+0433)
(inputenc)                not set up for use with LaTeX.

See the inputenc package documentation for explanation.
Type  H <return>  for immediate help.
 ...                                              
                                                  
l.1     \subsection{–ü–æ–¥–º–Ω–æ–≥
                                  –æ–æ–±—Ä–∞–∑–∏—è –∏ –∞–Ω–∞–ª–∏—Ç–∏—á–µ—Å–∫...

You may provide a definition with
\DeclareUnicodeCharacter 


! Package inputenc Error: Unicode character –æ (U+043E)
(inputenc)                not set up for use with LaTeX.

See the inputenc package documentation for explanation.
Type  H <return>  for immediate help.
 ...                                              
                                                  
l.1     \subsection{–ü–æ–¥–º–Ω–æ–≥–æ
                                    –æ–±—Ä–∞–∑–∏—è –∏ –∞–Ω–∞–ª–∏—Ç–∏—á–µ—Å–∫...

You may provide a definition with
\DeclareUnicodeCharacter 


! Package inputenc Error: Unicode character –æ (U+043E)
(inputenc)                not set up for use with LaTeX.

See the inputenc package documentation for explanation.
Type  H <return>  for immediate help.
 ...                                              
                                                  
l.1     \subsection{–ü–æ–¥–º–Ω–æ–≥–æ–æ
                                      –±—Ä–∞–∑–∏—è –∏ –∞–Ω–∞–ª–∏—Ç–∏—á–µ—Å–∫...

You may provide a definition with
\DeclareUnicodeCharacter 


! Package inputenc Error: Unicode character –± (U+0431)
(inputenc)                not set up for use with LaTeX.

See the inputenc package documentation for explanation.
Type  H <return>  for immediate help.
 ...                                              
                                                  
l.1     \subsection{–ü–æ–¥–º–Ω–æ–≥–æ–æ–±
                                        —Ä–∞–∑–∏—è –∏ –∞–Ω–∞–ª–∏—Ç–∏—á–µ—Å–∫...

You may provide a definition with
\DeclareUnicodeCharacter 


! Package inputenc Error: Unicode character —Ä (U+0440)
(inputenc)                not set up for use with LaTeX.

See the inputenc package documentation for explanation.
Type  H <return>  for immediate help.
 ...                                              
                                                  
l.1     \subsection{–ü–æ–¥–º–Ω–æ–≥–æ–æ–±—Ä
                                          –∞–∑–∏—è –∏ –∞–Ω–∞–ª–∏—Ç–∏—á–µ—Å–∫...

You may provide a definition with
\DeclareUnicodeCharacter 


! Package inputenc Error: Unicode character –∞ (U+0430)
(inputenc)                not set up for use with LaTeX.

See the inputenc package documentation for explanation.
Type  H <return>  for immediate help.
 ...                                              
                                                  
l.1     \subsection{–ü–æ–¥–º–Ω–æ–≥–æ–æ–±—Ä–∞
                                            –∑–∏—è –∏ –∞–Ω–∞–ª–∏—Ç–∏—á–µ—Å–∫...

You may provide a definition with
\DeclareUnicodeCharacter 


! Package inputenc Error: Unicode character –∑ (U+0437)
(inputenc)                not set up for use with LaTeX.

See the inputenc package documentation for explanation.
Type  H <return>  for immediate help.
 ...                                              
                                                  
l.1     \subsection{–ü–æ–¥–º–Ω–æ–≥–æ–æ–±—Ä–∞–∑
                                              –∏—è –∏ –∞–Ω–∞–ª–∏—Ç–∏—á–µ—Å–∫...

You may provide a definition with
\DeclareUnicodeCharacter 


! Package inputenc Error: Unicode character –∏ (U+0438)
(inputenc)                not set up for use with LaTeX.

See the inputenc package documentation for explanation.
Type  H <return>  for immediate help.
 ...                                              
                                                  
l.1     \subsection{–ü–æ–¥–º–Ω–æ–≥–æ–æ–±—Ä–∞–∑–∏
                                                —è –∏ –∞–Ω–∞–ª–∏—Ç–∏—á–µ—Å–∫...

You may provide a definition with
\DeclareUnicodeCharacter 


! Package inputenc Error: Unicode character —è (U+044F)
(inputenc)                not set up for use with LaTeX.

See the inputenc package documentation for explanation.
Type  H <return>  for immediate help.
 ...                                              
                                                  
l.1     \subsection{–ü–æ–¥–º–Ω–æ–≥–æ–æ–±—Ä–∞–∑–∏—è
                                                   –∏ –∞–Ω–∞–ª–∏—Ç–∏—á–µ—Å–∫...

You may provide a definition with
\DeclareUnicodeCharacter 


! Package inputenc Error: Unicode character –∏ (U+0438)
(inputenc)                not set up for use with LaTeX.

See the inputenc package documentation for explanation.
Type  H <return>  for immediate help.
 ...                                              
                                                  
l.1 ...ubsection{–ü–æ–¥–º–Ω–æ–≥–æ–æ–±—Ä–∞–∑–∏—è –∏
                                                   –∞–Ω–∞–ª–∏—Ç–∏—á–µ—Å–∫–∏–...

You may provide a definition with
\DeclareUnicodeCharacter 


! Package inputenc Error: Unicode character –∞ (U+0430)
(inputenc)                not set up for use with LaTeX.

See the inputenc package documentation for explanation.
Type  H <return>  for immediate help.
 ...                                              
                                                  
l.1 ...ection{–ü–æ–¥–º–Ω–æ–≥–æ–æ–±—Ä–∞–∑–∏—è –∏ –∞
                                                  –Ω–∞–ª–∏—Ç–∏—á–µ—Å–∫–∏–µ –...

You may provide a definition with
\DeclareUnicodeCharacter 


! Package inputenc Error: Unicode character –Ω (U+043D)
(inputenc)                not set up for use with LaTeX.

See the inputenc package documentation for explanation.
Type  H <return>  for immediate help.
 ...                                              
                                                  
l.1 ...tion{–ü–æ–¥–º–Ω–æ–≥–æ–æ–±—Ä–∞–∑–∏—è –∏ –∞–Ω
                                                  –∞–ª–∏—Ç–∏—á–µ—Å–∫–∏–µ –ø–...

You may provide a definition with
\DeclareUnicodeCharacter 


! Package inputenc Error: Unicode character –∞ (U+0430)
(inputenc)                not set up for use with LaTeX.

See the inputenc package documentation for explanation.
Type  H <return>  for immediate help.
 ...                                              
                                                  
l.1 ...on{–ü–æ–¥–º–Ω–æ–≥–æ–æ–±—Ä–∞–∑–∏—è –∏ –∞–Ω–∞
                                                  –ª–∏—Ç–∏—á–µ—Å–∫–∏–µ –ø–æ–...

You may provide a definition with
\DeclareUnicodeCharacter 


! Package inputenc Error: Unicode character –ª (U+043B)
(inputenc)                not set up for use with LaTeX.

See the inputenc package documentation for explanation.
Type  H <return>  for immediate help.
 ...                                              
                                                  
l.1 ...{–ü–æ–¥–º–Ω–æ–≥–æ–æ–±—Ä–∞–∑–∏—è –∏ –∞–Ω–∞–ª
                                                  –∏—Ç–∏—á–µ—Å–∫–∏–µ –ø–æ–¥–...

You may provide a definition with
\DeclareUnicodeCharacter 


! Package inputenc Error: Unicode character –∏ (U+0438)
(inputenc)                not set up for use with LaTeX.

See the inputenc package documentation for explanation.
Type  H <return>  for immediate help.
 ...                                              
                                                  
l.1 ...ü–æ–¥–º–Ω–æ–≥–æ–æ–±—Ä–∞–∑–∏—è –∏ –∞–Ω–∞–ª–∏
                                                  —Ç–∏—á–µ—Å–∫–∏–µ –ø–æ–¥–º–...

You may provide a definition with
\DeclareUnicodeCharacter 


! Package inputenc Error: Unicode character —Ç (U+0442)
(inputenc)                not set up for use with LaTeX.

See the inputenc package documentation for explanation.
Type  H <return>  for immediate help.
 ...                                              
                                                  
l.1 ...æ–¥–º–Ω–æ–≥–æ–æ–±—Ä–∞–∑–∏—è –∏ –∞–Ω–∞–ª–∏—Ç
                                                  –∏—á–µ—Å–∫–∏–µ –ø–æ–¥–º–Ω–...

You may provide a definition with
\DeclareUnicodeCharacter 


! Package inputenc Error: Unicode character –∏ (U+0438)
(inputenc)                not set up for use with LaTeX.

See the inputenc package documentation for explanation.
Type  H <return>  for immediate help.
 ...                                              
                                                  
l.1 ...¥–º–Ω–æ–≥–æ–æ–±—Ä–∞–∑–∏—è –∏ –∞–Ω–∞–ª–∏—Ç–∏
                                                  —á–µ—Å–∫–∏–µ –ø–æ–¥–º–Ω–æ–...

You may provide a definition with
\DeclareUnicodeCharacter 


! Package inputenc Error: Unicode character —á (U+0447)
(inputenc)                not set up for use with LaTeX.

See the inputenc package documentation for explanation.
Type  H <return>  for immediate help.
 ...                                              
                                                  
l.1 ...º–Ω–æ–≥–æ–æ–±—Ä–∞–∑–∏—è –∏ –∞–Ω–∞–ª–∏—Ç–∏—á
                                                  –µ—Å–∫–∏–µ –ø–æ–¥–º–Ω–æ–∂–...

You may provide a definition with
\DeclareUnicodeCharacter 


! Package inputenc Error: Unicode character –µ (U+0435)
(inputenc)                not set up for use with LaTeX.

See the inputenc package documentation for explanation.
Type  H <return>  for immediate help.
 ...                                              
                                                  
l.1 ...Ω–æ–≥–æ–æ–±—Ä–∞–∑–∏—è –∏ –∞–Ω–∞–ª–∏—Ç–∏—á–µ
                                                  —Å–∫–∏–µ –ø–æ–¥–º–Ω–æ–∂–µ—...

You may provide a definition with
\DeclareUnicodeCharacter 


! Package inputenc Error: Unicode character —Å (U+0441)
(inputenc)                not set up for use with LaTeX.

See the inputenc package documentation for explanation.
Type  H <return>  for immediate help.
 ...                                              
                                                  
l.1 ...æ–≥–æ–æ–±—Ä–∞–∑–∏—è –∏ –∞–Ω–∞–ª–∏—Ç–∏—á–µ—Å
                                                  –∫–∏–µ –ø–æ–¥–º–Ω–æ–∂–µ—Å—...

You may provide a definition with
\DeclareUnicodeCharacter 


! Package inputenc Error: Unicode character –∫ (U+043A)
(inputenc)                not set up for use with LaTeX.

See the inputenc package documentation for explanation.
Type  H <return>  for immediate help.
 ...                                              
                                                  
l.1 ...≥–æ–æ–±—Ä–∞–∑–∏—è –∏ –∞–Ω–∞–ª–∏—Ç–∏—á–µ—Å–∫
                                                  –∏–µ –ø–æ–¥–º–Ω–æ–∂–µ—Å—Ç–...

You may provide a definition with
\DeclareUnicodeCharacter 


! Package inputenc Error: Unicode character –∏ (U+0438)
(inputenc)                not set up for use with LaTeX.

See the inputenc package documentation for explanation.
Type  H <return>  for immediate help.
 ...                                              
                                                  
l.1 ...æ–æ–±—Ä–∞–∑–∏—è –∏ –∞–Ω–∞–ª–∏—Ç–∏—á–µ—Å–∫–∏
                                                  –µ –ø–æ–¥–º–Ω–æ–∂–µ—Å—Ç–≤–∞}
You may provide a definition with
\DeclareUnicodeCharacter 


! Package inputenc Error: Unicode character –µ (U+0435)
(inputenc)                not set up for use with LaTeX.

See the inputenc package documentation for explanation.
Type  H <return>  for immediate help.
 ...                                              
                                                  
l.1 ...æ–±—Ä–∞–∑–∏—è –∏ –∞–Ω–∞–ª–∏—Ç–∏—á–µ—Å–∫–∏–µ
                                                   –ø–æ–¥–º–Ω–æ–∂–µ—Å—Ç–≤–∞}
You may provide a definition with
\DeclareUnicodeCharacter 


! Package inputenc Error: Unicode character –ø (U+043F)
(inputenc)                not set up for use with LaTeX.

See the inputenc package documentation for explanation.
Type  H <return>  for immediate help.
 ...                                              
                                                  
l.1 ...—Ä–∞–∑–∏—è –∏ –∞–Ω–∞–ª–∏—Ç–∏—á–µ—Å–∫–∏–µ –ø
                                                  –æ–¥–º–Ω–æ–∂–µ—Å—Ç–≤–∞}
You may provide a definition with
\DeclareUnicodeCharacter 


! Package inputenc Error: Unicode character –æ (U+043E)
(inputenc)                not set up for use with LaTeX.

See the inputenc package documentation for explanation.
Type  H <return>  for immediate help.
 ...                                              
                                                  
l.1 ...–∞–∑–∏—è –∏ –∞–Ω–∞–ª–∏—Ç–∏—á–µ—Å–∫–∏–µ –ø–æ
                                                  –¥–º–Ω–æ–∂–µ—Å—Ç–≤–∞}
You may provide a definition with
\DeclareUnicodeCharacter 


! Package inputenc Error: Unicode character –¥ (U+0434)
(inputenc)                not set up for use with LaTeX.

See the inputenc package documentation for explanation.
Type  H <return>  for immediate help.
 ...                                              
                                                  
l.1 ...–∑–∏—è –∏ –∞–Ω–∞–ª–∏—Ç–∏—á–µ—Å–∫–∏–µ –ø–æ–¥
                                                  –º–Ω–æ–∂–µ—Å—Ç–≤–∞}
You may provide a definition with
\DeclareUnicodeCharacter 


! Package inputenc Error: Unicode character –º (U+043C)
(inputenc)                not set up for use with LaTeX.

See the inputenc package documentation for explanation.
Type  H <return>  for immediate help.
 ...                                              
                                                  
l.1 ...–∏—è –∏ –∞–Ω–∞–ª–∏—Ç–∏—á–µ—Å–∫–∏–µ –ø–æ–¥–º
                                                  –Ω–æ–∂–µ—Å—Ç–≤–∞}
You may provide a definition with
\DeclareUnicodeCharacter 


! Package inputenc Error: Unicode character –Ω (U+043D)
(inputenc)                not set up for use with LaTeX.

See the inputenc package documentation for explanation.
Type  H <return>  for immediate help.
 ...                                              
                                                  
l.1 ...—è –∏ –∞–Ω–∞–ª–∏—Ç–∏—á–µ—Å–∫–∏–µ –ø–æ–¥–º–Ω
                                                  –æ–∂–µ—Å—Ç–≤–∞}
You may provide a definition with
\DeclareUnicodeCharacter 


! Package inputenc Error: Unicode character –æ (U+043E)
(inputenc)                not set up for use with LaTeX.

See the inputenc package documentation for explanation.
Type  H <return>  for immediate help.
 ...                                              
                                                  
l.1 ... –∏ –∞–Ω–∞–ª–∏—Ç–∏—á–µ—Å–∫–∏–µ –ø–æ–¥–º–Ω–æ
                                                  –∂–µ—Å—Ç–≤–∞}
You may provide a definition with
\DeclareUnicodeCharacter 


! Package inputenc Error: Unicode character –∂ (U+0436)
(inputenc)                not set up for use with LaTeX.

See the inputenc package documentation for explanation.
Type  H <return>  for immediate help.
 ...                                              
                                                  
l.1 ...∏ –∞–Ω–∞–ª–∏—Ç–∏—á–µ—Å–∫–∏–µ –ø–æ–¥–º–Ω–æ–∂
                                                  –µ—Å—Ç–≤–∞}
You may provide a definition with
\DeclareUnicodeCharacter 


! Package inputenc Error: Unicode character –µ (U+0435)
(inputenc)                not set up for use with LaTeX.

See the inputenc package documentation for explanation.
Type  H <return>  for immediate help.
 ...                                              
                                                  
l.1 ...–∞–Ω–∞–ª–∏—Ç–∏—á–µ—Å–∫–∏–µ –ø–æ–¥–º–Ω–æ–∂–µ
                                                  —Å—Ç–≤–∞}
You may provide a definition with
\DeclareUnicodeCharacter 


! Package inputenc Error: Unicode character —Å (U+0441)
(inputenc)                not set up for use with LaTeX.

See the inputenc package documentation for explanation.
Type  H <return>  for immediate help.
 ...                                              
                                                  
l.1 ...–Ω–∞–ª–∏—Ç–∏—á–µ—Å–∫–∏–µ –ø–æ–¥–º–Ω–æ–∂–µ—Å
                                                  —Ç–≤–∞}
You may provide a definition with
\DeclareUnicodeCharacter 


! Package inputenc Error: Unicode character —Ç (U+0442)
(inputenc)                not set up for use with LaTeX.

See the inputenc package documentation for explanation.
Type  H <return>  for immediate help.
 ...                                              
                                                  
l.1 ...–∞–ª–∏—Ç–∏—á–µ—Å–∫–∏–µ –ø–æ–¥–º–Ω–æ–∂–µ—Å—Ç
                                                  –≤–∞}
You may provide a definition with
\DeclareUnicodeCharacter 


! Package inputenc Error: Unicode character –≤ (U+0432)
(inputenc)                not set up for use with LaTeX.

See the inputenc package documentation for explanation.
Type  H <return>  for immediate help.
 ...                                              
                                                  
l.1 ...–ª–∏—Ç–∏—á–µ—Å–∫–∏–µ –ø–æ–¥–º–Ω–æ–∂–µ—Å—Ç–≤
                                                  –∞}
You may provide a definition with
\DeclareUnicodeCharacter 


! Package inputenc Error: Unicode character –∞ (U+0430)
(inputenc)                not set up for use with LaTeX.

See the inputenc package documentation for explanation.
Type  H <return>  for immediate help.
 ...                                              
                                                  
l.1 ...–∏—Ç–∏—á–µ—Å–∫–∏–µ –ø–æ–¥–º–Ω–æ–∂–µ—Å—Ç–≤–∞
                                                  }
You may provide a definition with
\DeclareUnicodeCharacter 


! Package inputenc Error: Unicode character –î (U+0414)
(inputenc)                not set up for use with LaTeX.

See the inputenc package documentation for explanation.
Type  H <return>  for immediate help.
 ...                                              
                                                  
l.3     –î
          –æ–∫–∞–∂–µ–º —Ç–µ–ø–µ—Ä—å –Ω–µ—Å–∫–æ–ª—å–∫–æ –∫–ª–∞—Å—Å–∏—á–µ—Å–∫–...

You may provide a definition with
\DeclareUnicodeCharacter 


! Package inputenc Error: Unicode character –æ (U+043E)
(inputenc)                not set up for use with LaTeX.

See the inputenc package documentation for explanation.
Type  H <return>  for immediate help.
 ...                                              
                                                  
l.3     –î–æ
            –∫–∞–∂–µ–º —Ç–µ–ø–µ—Ä—å –Ω–µ—Å–∫–æ–ª—å–∫–æ –∫–ª–∞—Å—Å–∏—á–µ—Å–∫–...

You may provide a definition with
\DeclareUnicodeCharacter 


! Package inputenc Error: Unicode character –∫ (U+043A)
(inputenc)                not set up for use with LaTeX.

See the inputenc package documentation for explanation.
Type  H <return>  for immediate help.
 ...                                              
                                                  
l.3     –î–æ–∫
              –∞–∂–µ–º —Ç–µ–ø–µ—Ä—å –Ω–µ—Å–∫–æ–ª—å–∫–æ –∫–ª–∞—Å—Å–∏—á–µ—Å–∫–...

You may provide a definition with
\DeclareUnicodeCharacter 


! Package inputenc Error: Unicode character –∞ (U+0430)
(inputenc)                not set up for use with LaTeX.

See the inputenc package documentation for explanation.
Type  H <return>  for immediate help.
 ...                                              
                                                  
l.3     –î–æ–∫–∞
                –∂–µ–º —Ç–µ–ø–µ—Ä—å –Ω–µ—Å–∫–æ–ª—å–∫–æ –∫–ª–∞—Å—Å–∏—á–µ—Å–∫–...

You may provide a definition with
\DeclareUnicodeCharacter 


! Package inputenc Error: Unicode character –∂ (U+0436)
(inputenc)                not set up for use with LaTeX.

See the inputenc package documentation for explanation.
Type  H <return>  for immediate help.
 ...                                              
                                                  
l.3     –î–æ–∫–∞–∂
                  –µ–º —Ç–µ–ø–µ—Ä—å –Ω–µ—Å–∫–æ–ª—å–∫–æ –∫–ª–∞—Å—Å–∏—á–µ—Å–∫–...

You may provide a definition with
\DeclareUnicodeCharacter 


! Package inputenc Error: Unicode character –µ (U+0435)
(inputenc)                not set up for use with LaTeX.

See the inputenc package documentation for explanation.
Type  H <return>  for immediate help.
 ...                                              
                                                  
l.3     –î–æ–∫–∞–∂–µ
                    –º —Ç–µ–ø–µ—Ä—å –Ω–µ—Å–∫–æ–ª—å–∫–æ –∫–ª–∞—Å—Å–∏—á–µ—Å–∫–...

You may provide a definition with
\DeclareUnicodeCharacter 


! Package inputenc Error: Unicode character –º (U+043C)
(inputenc)                not set up for use with LaTeX.

See the inputenc package documentation for explanation.
Type  H <return>  for immediate help.
 ...                                              
                                                  
l.3     –î–æ–∫–∞–∂–µ–º
                       —Ç–µ–ø–µ—Ä—å –Ω–µ—Å–∫–æ–ª—å–∫–æ –∫–ª–∞—Å—Å–∏—á–µ—Å–∫–...

You may provide a definition with
\DeclareUnicodeCharacter 


! Package inputenc Error: Unicode character —Ç (U+0442)
(inputenc)                not set up for use with LaTeX.

See the inputenc package documentation for explanation.
Type  H <return>  for immediate help.
 ...                                              
                                                  
l.3     –î–æ–∫–∞–∂–µ–º —Ç
                         –µ–ø–µ—Ä—å –Ω–µ—Å–∫–æ–ª—å–∫–æ –∫–ª–∞—Å—Å–∏—á–µ—Å–∫–...

You may provide a definition with
\DeclareUnicodeCharacter 


! Package inputenc Error: Unicode character –µ (U+0435)
(inputenc)                not set up for use with LaTeX.

See the inputenc package documentation for explanation.
Type  H <return>  for immediate help.
 ...                                              
                                                  
l.3     –î–æ–∫–∞–∂–µ–º —Ç–µ
                           –ø–µ—Ä—å –Ω–µ—Å–∫–æ–ª—å–∫–æ –∫–ª–∞—Å—Å–∏—á–µ—Å–∫–...

You may provide a definition with
\DeclareUnicodeCharacter 


! Package inputenc Error: Unicode character –ø (U+043F)
(inputenc)                not set up for use with LaTeX.

See the inputenc package documentation for explanation.
Type  H <return>  for immediate help.
 ...                                              
                                                  
l.3     –î–æ–∫–∞–∂–µ–º —Ç–µ–ø
                             –µ—Ä—å –Ω–µ—Å–∫–æ–ª—å–∫–æ –∫–ª–∞—Å—Å–∏—á–µ—Å–∫–...

You may provide a definition with
\DeclareUnicodeCharacter 


! Package inputenc Error: Unicode character –µ (U+0435)
(inputenc)                not set up for use with LaTeX.

See the inputenc package documentation for explanation.
Type  H <return>  for immediate help.
 ...                                              
                                                  
l.3     –î–æ–∫–∞–∂–µ–º —Ç–µ–ø–µ
                               —Ä—å –Ω–µ—Å–∫–æ–ª—å–∫–æ –∫–ª–∞—Å—Å–∏—á–µ—Å–∫–...

You may provide a definition with
\DeclareUnicodeCharacter 


! Package inputenc Error: Unicode character —Ä (U+0440)
(inputenc)                not set up for use with LaTeX.

See the inputenc package documentation for explanation.
Type  H <return>  for immediate help.
 ...                                              
                                                  
l.3     –î–æ–∫–∞–∂–µ–º —Ç–µ–ø–µ—Ä
                                 —å –Ω–µ—Å–∫–æ–ª—å–∫–æ –∫–ª–∞—Å—Å–∏—á–µ—Å–∫–...

You may provide a definition with
\DeclareUnicodeCharacter 


! Package inputenc Error: Unicode character —å (U+044C)
(inputenc)                not set up for use with LaTeX.

See the inputenc package documentation for explanation.
Type  H <return>  for immediate help.
 ...                                              
                                                  
l.3     –î–æ–∫–∞–∂–µ–º —Ç–µ–ø–µ—Ä—å
                                    –Ω–µ—Å–∫–æ–ª—å–∫–æ –∫–ª–∞—Å—Å–∏—á–µ—Å–∫–...

You may provide a definition with
\DeclareUnicodeCharacter 


! Package inputenc Error: Unicode character –Ω (U+043D)
(inputenc)                not set up for use with LaTeX.

See the inputenc package documentation for explanation.
Type  H <return>  for immediate help.
 ...                                              
                                                  
l.3     –î–æ–∫–∞–∂–µ–º —Ç–µ–ø–µ—Ä—å –Ω
                                      –µ—Å–∫–æ–ª—å–∫–æ –∫–ª–∞—Å—Å–∏—á–µ—Å–∫–...

You may provide a definition with
\DeclareUnicodeCharacter 


! Package inputenc Error: Unicode character –µ (U+0435)
(inputenc)                not set up for use with LaTeX.

See the inputenc package documentation for explanation.
Type  H <return>  for immediate help.
 ...                                              
                                                  
l.3     –î–æ–∫–∞–∂–µ–º —Ç–µ–ø–µ—Ä—å –Ω–µ
                                        —Å–∫–æ–ª—å–∫–æ –∫–ª–∞—Å—Å–∏—á–µ—Å–∫–...

You may provide a definition with
\DeclareUnicodeCharacter 


! Package inputenc Error: Unicode character —Å (U+0441)
(inputenc)                not set up for use with LaTeX.

See the inputenc package documentation for explanation.
Type  H <return>  for immediate help.
 ...                                              
                                                  
l.3     –î–æ–∫–∞–∂–µ–º —Ç–µ–ø–µ—Ä—å –Ω–µ—Å
                                          –∫–æ–ª—å–∫–æ –∫–ª–∞—Å—Å–∏—á–µ—Å–∫–...

You may provide a definition with
\DeclareUnicodeCharacter 


! Package inputenc Error: Unicode character –∫ (U+043A)
(inputenc)                not set up for use with LaTeX.

See the inputenc package documentation for explanation.
Type  H <return>  for immediate help.
 ...                                              
                                                  
l.3     –î–æ–∫–∞–∂–µ–º —Ç–µ–ø–µ—Ä—å –Ω–µ—Å–∫
                                            –æ–ª—å–∫–æ –∫–ª–∞—Å—Å–∏—á–µ—Å–∫–...

You may provide a definition with
\DeclareUnicodeCharacter 


! Package inputenc Error: Unicode character –æ (U+043E)
(inputenc)                not set up for use with LaTeX.

See the inputenc package documentation for explanation.
Type  H <return>  for immediate help.
 ...                                              
                                                  
l.3     –î–æ–∫–∞–∂–µ–º —Ç–µ–ø–µ—Ä—å –Ω–µ—Å–∫–æ
                                              –ª—å–∫–æ –∫–ª–∞—Å—Å–∏—á–µ—Å–∫–...

You may provide a definition with
\DeclareUnicodeCharacter 


! Package inputenc Error: Unicode character –ª (U+043B)
(inputenc)                not set up for use with LaTeX.

See the inputenc package documentation for explanation.
Type  H <return>  for immediate help.
 ...                                              
                                                  
l.3     –î–æ–∫–∞–∂–µ–º —Ç–µ–ø–µ—Ä—å –Ω–µ—Å–∫–æ–ª
                                                —å–∫–æ –∫–ª–∞—Å—Å–∏—á–µ—Å–∫–...

You may provide a definition with
\DeclareUnicodeCharacter 


! Package inputenc Error: Unicode character —å (U+044C)
(inputenc)                not set up for use with LaTeX.

See the inputenc package documentation for explanation.
Type  H <return>  for immediate help.
 ...                                              
                                                  
l.3     –î–æ–∫–∞–∂–µ–º —Ç–µ–ø–µ—Ä—å –Ω–µ—Å–∫–æ–ª—å
                                                  –∫–æ –∫–ª–∞—Å—Å–∏—á–µ—Å–∫–...

You may provide a definition with
\DeclareUnicodeCharacter 


! Package inputenc Error: Unicode character –∫ (U+043A)
(inputenc)                not set up for use with LaTeX.

See the inputenc package documentation for explanation.
Type  H <return>  for immediate help.
 ...                                              
                                                  
l.3 ...î–æ–∫–∞–∂–µ–º —Ç–µ–ø–µ—Ä—å –Ω–µ—Å–∫–æ–ª—å–∫
                                                  –æ –∫–ª–∞—Å—Å–∏—á–µ—Å–∫–∏—...

You may provide a definition with
\DeclareUnicodeCharacter 


! Package inputenc Error: Unicode character –æ (U+043E)
(inputenc)                not set up for use with LaTeX.

See the inputenc package documentation for explanation.
Type  H <return>  for immediate help.
 ...                                              
                                                  
l.3 ...æ–∫–∞–∂–µ–º —Ç–µ–ø–µ—Ä—å –Ω–µ—Å–∫–æ–ª—å–∫–æ
                                                   –∫–ª–∞—Å—Å–∏—á–µ—Å–∫–∏—Ö ...

You may provide a definition with
\DeclareUnicodeCharacter 


! Package inputenc Error: Unicode character –∫ (U+043A)
(inputenc)                not set up for use with LaTeX.

See the inputenc package documentation for explanation.
Type  H <return>  for immediate help.
 ...                                              
                                                  
l.3 ...–∞–∂–µ–º —Ç–µ–ø–µ—Ä—å –Ω–µ—Å–∫–æ–ª—å–∫–æ –∫
                                                  –ª–∞—Å—Å–∏—á–µ—Å–∫–∏—Ö —Ç–...

You may provide a definition with
\DeclareUnicodeCharacter 


! Package inputenc Error: Unicode character –ª (U+043B)
(inputenc)                not set up for use with LaTeX.

See the inputenc package documentation for explanation.
Type  H <return>  for immediate help.
 ...                                              
                                                  
l.3 ...–∂–µ–º —Ç–µ–ø–µ—Ä—å –Ω–µ—Å–∫–æ–ª—å–∫–æ –∫–ª
                                                  –∞—Å—Å–∏—á–µ—Å–∫–∏—Ö —Ç–µ–...

You may provide a definition with
\DeclareUnicodeCharacter 


! Package inputenc Error: Unicode character –∞ (U+0430)
(inputenc)                not set up for use with LaTeX.

See the inputenc package documentation for explanation.
Type  H <return>  for immediate help.
 ...                                              
                                                  
l.3 ...–µ–º —Ç–µ–ø–µ—Ä—å –Ω–µ—Å–∫–æ–ª—å–∫–æ –∫–ª–∞
                                                  —Å—Å–∏—á–µ—Å–∫–∏—Ö —Ç–µ–æ—...

You may provide a definition with
\DeclareUnicodeCharacter 


! Package inputenc Error: Unicode character —Å (U+0441)
(inputenc)                not set up for use with LaTeX.

See the inputenc package documentation for explanation.
Type  H <return>  for immediate help.
 ...                                              
                                                  
l.3 ...–º —Ç–µ–ø–µ—Ä—å –Ω–µ—Å–∫–æ–ª—å–∫–æ –∫–ª–∞—Å
                                                  —Å–∏—á–µ—Å–∫–∏—Ö —Ç–µ–æ—Ä–...

You may provide a definition with
\DeclareUnicodeCharacter 


! Package inputenc Error: Unicode character —Å (U+0441)
(inputenc)                not set up for use with LaTeX.

See the inputenc package documentation for explanation.
Type  H <return>  for immediate help.
 ...                                              
                                                  
l.3 ... —Ç–µ–ø–µ—Ä—å –Ω–µ—Å–∫–æ–ª—å–∫–æ –∫–ª–∞—Å—Å
                                                  –∏—á–µ—Å–∫–∏—Ö —Ç–µ–æ—Ä–µ–...

You may provide a definition with
\DeclareUnicodeCharacter 


! Package inputenc Error: Unicode character –∏ (U+0438)
(inputenc)                not set up for use with LaTeX.

See the inputenc package documentation for explanation.
Type  H <return>  for immediate help.
 ...                                              
                                                  
l.3 ...Ç–µ–ø–µ—Ä—å –Ω–µ—Å–∫–æ–ª—å–∫–æ –∫–ª–∞—Å—Å–∏
                                                  —á–µ—Å–∫–∏—Ö —Ç–µ–æ—Ä–µ–º ...

You may provide a definition with
\DeclareUnicodeCharacter 


! Package inputenc Error: Unicode character —á (U+0447)
(inputenc)                not set up for use with LaTeX.

See the inputenc package documentation for explanation.
Type  H <return>  for immediate help.
 ...                                              
                                                  
l.3 ...µ–ø–µ—Ä—å –Ω–µ—Å–∫–æ–ª—å–∫–æ –∫–ª–∞—Å—Å–∏—á
                                                  –µ—Å–∫–∏—Ö —Ç–µ–æ—Ä–µ–º –¥...

You may provide a definition with
\DeclareUnicodeCharacter 


! Package inputenc Error: Unicode character –µ (U+0435)
(inputenc)                not set up for use with LaTeX.

See the inputenc package documentation for explanation.
Type  H <return>  for immediate help.
 ...                                              
                                                  
l.3 ...ø–µ—Ä—å –Ω–µ—Å–∫–æ–ª—å–∫–æ –∫–ª–∞—Å—Å–∏—á–µ
                                                  —Å–∫–∏—Ö —Ç–µ–æ—Ä–µ–º –¥–ª...

You may provide a definition with
\DeclareUnicodeCharacter 


! Package inputenc Error: Unicode character —Å (U+0441)
(inputenc)                not set up for use with LaTeX.

See the inputenc package documentation for explanation.
Type  H <return>  for immediate help.
 ...                                              
                                                  
l.3 ...µ—Ä—å –Ω–µ—Å–∫–æ–ª—å–∫–æ –∫–ª–∞—Å—Å–∏—á–µ—Å
                                                  –∫–∏—Ö —Ç–µ–æ—Ä–µ–º –¥–ª—è...

You may provide a definition with
\DeclareUnicodeCharacter 


! Package inputenc Error: Unicode character –∫ (U+043A)
(inputenc)                not set up for use with LaTeX.

See the inputenc package documentation for explanation.
Type  H <return>  for immediate help.
 ...                                              
                                                  
l.3 ...Ä—å –Ω–µ—Å–∫–æ–ª—å–∫–æ –∫–ª–∞—Å—Å–∏—á–µ—Å–∫
                                                  –∏—Ö —Ç–µ–æ—Ä–µ–º –¥–ª—è —...

You may provide a definition with
\DeclareUnicodeCharacter 


! Package inputenc Error: Unicode character –∏ (U+0438)
(inputenc)                not set up for use with LaTeX.

See the inputenc package documentation for explanation.
Type  H <return>  for immediate help.
 ...                                              
                                                  
l.3 ...å –Ω–µ—Å–∫–æ–ª—å–∫–æ –∫–ª–∞—Å—Å–∏—á–µ—Å–∫–∏
                                                  —Ö —Ç–µ–æ—Ä–µ–º –¥–ª—è —Å–...

You may provide a definition with
\DeclareUnicodeCharacter 


! Package inputenc Error: Unicode character —Ö (U+0445)
(inputenc)                not set up for use with LaTeX.

See the inputenc package documentation for explanation.
Type  H <return>  for immediate help.
 ...                                              
                                                  
l.3 ...–Ω–µ—Å–∫–æ–ª—å–∫–æ –∫–ª–∞—Å—Å–∏—á–µ—Å–∫–∏—Ö
                                                   —Ç–µ–æ—Ä–µ–º –¥–ª—è —Å–ª—...

You may provide a definition with
\DeclareUnicodeCharacter 


! Package inputenc Error: Unicode character —Ç (U+0442)
(inputenc)                not set up for use with LaTeX.

See the inputenc package documentation for explanation.
Type  H <return>  for immediate help.
 ...                                              
                                                  
l.3 ...µ—Å–∫–æ–ª—å–∫–æ –∫–ª–∞—Å—Å–∏—á–µ—Å–∫–∏—Ö —Ç
                                                  –µ–æ—Ä–µ–º –¥–ª—è —Å–ª—É—á...

You may provide a definition with
\DeclareUnicodeCharacter 


! Package inputenc Error: Unicode character –µ (U+0435)
(inputenc)                not set up for use with LaTeX.

See the inputenc package documentation for explanation.
Type  H <return>  for immediate help.
 ...                                              
                                                  
l.3 ...Å–∫–æ–ª—å–∫–æ –∫–ª–∞—Å—Å–∏—á–µ—Å–∫–∏—Ö —Ç–µ
                                                  –æ—Ä–µ–º –¥–ª—è —Å–ª—É—á–∞...

You may provide a definition with
\DeclareUnicodeCharacter 


! Package inputenc Error: Unicode character –æ (U+043E)
(inputenc)                not set up for use with LaTeX.

See the inputenc package documentation for explanation.
Type  H <return>  for immediate help.
 ...                                              
                                                  
l.3 ...∫–æ–ª—å–∫–æ –∫–ª–∞—Å—Å–∏—á–µ—Å–∫–∏—Ö —Ç–µ–æ
                                                  —Ä–µ–º –¥–ª—è —Å–ª—É—á–∞—è...

You may provide a definition with
\DeclareUnicodeCharacter 


! Package inputenc Error: Unicode character —Ä (U+0440)
(inputenc)                not set up for use with LaTeX.

See the inputenc package documentation for explanation.
Type  H <return>  for immediate help.
 ...                                              
                                                  
l.3 ...æ–ª—å–∫–æ –∫–ª–∞—Å—Å–∏—á–µ—Å–∫–∏—Ö —Ç–µ–æ—Ä
                                                  –µ–º –¥–ª—è —Å–ª—É—á–∞—è –...

You may provide a definition with
\DeclareUnicodeCharacter 


! Package inputenc Error: Unicode character –µ (U+0435)
(inputenc)                not set up for use with LaTeX.

See the inputenc package documentation for explanation.
Type  H <return>  for immediate help.
 ...                                              
                                                  
l.3 ...ª—å–∫–æ –∫–ª–∞—Å—Å–∏—á–µ—Å–∫–∏—Ö —Ç–µ–æ—Ä–µ
                                                  –º –¥–ª—è —Å–ª—É—á–∞—è –∫–...

You may provide a definition with
\DeclareUnicodeCharacter 


! Package inputenc Error: Unicode character –º (U+043C)
(inputenc)                not set up for use with LaTeX.

See the inputenc package documentation for explanation.
Type  H <return>  for immediate help.
 ...                                              
                                                  
l.3 ...å–∫–æ –∫–ª–∞—Å—Å–∏—á–µ—Å–∫–∏—Ö —Ç–µ–æ—Ä–µ–º
                                                   –¥–ª—è —Å–ª—É—á–∞—è –∫–æ–...

You may provide a definition with
\DeclareUnicodeCharacter 


! Package inputenc Error: Unicode character –¥ (U+0434)
(inputenc)                not set up for use with LaTeX.

See the inputenc package documentation for explanation.
Type  H <return>  for immediate help.
 ...                                              
                                                  
l.3 ...–æ –∫–ª–∞—Å—Å–∏—á–µ—Å–∫–∏—Ö —Ç–µ–æ—Ä–µ–º –¥
                                                  –ª—è —Å–ª—É—á–∞—è –∫–æ–º–ø...

You may provide a definition with
\DeclareUnicodeCharacter 


! Package inputenc Error: Unicode character –ª (U+043B)
(inputenc)                not set up for use with LaTeX.

See the inputenc package documentation for explanation.
Type  H <return>  for immediate help.
 ...                                              
                                                  
l.3 ... –∫–ª–∞—Å—Å–∏—á–µ—Å–∫–∏—Ö —Ç–µ–æ—Ä–µ–º –¥–ª
                                                  —è —Å–ª—É—á–∞—è –∫–æ–º–ø–ª...

You may provide a definition with
\DeclareUnicodeCharacter 


! Package inputenc Error: Unicode character —è (U+044F)
(inputenc)                not set up for use with LaTeX.

See the inputenc package documentation for explanation.
Type  H <return>  for immediate help.
 ...                                              
                                                  
l.3 ...∫–ª–∞—Å—Å–∏—á–µ—Å–∫–∏—Ö —Ç–µ–æ—Ä–µ–º –¥–ª—è
                                                   —Å–ª—É—á–∞—è –∫–æ–º–ø–ª–µ...

You may provide a definition with
\DeclareUnicodeCharacter 


! Package inputenc Error: Unicode character —Å (U+0441)
(inputenc)                not set up for use with LaTeX.

See the inputenc package documentation for explanation.
Type  H <return>  for immediate help.
 ...                                              
                                                  
l.3 ...–∞—Å—Å–∏—á–µ—Å–∫–∏—Ö —Ç–µ–æ—Ä–µ–º –¥–ª—è —Å
                                                  –ª—É—á–∞—è –∫–æ–º–ø–ª–µ–∫—...

You may provide a definition with
\DeclareUnicodeCharacter 


! Package inputenc Error: Unicode character –ª (U+043B)
(inputenc)                not set up for use with LaTeX.

See the inputenc package documentation for explanation.
Type  H <return>  for immediate help.
 ...                                              
                                                  
l.3 ...—Å—Å–∏—á–µ—Å–∫–∏—Ö —Ç–µ–æ—Ä–µ–º –¥–ª—è —Å–ª
                                                  —É—á–∞—è –∫–æ–º–ø–ª–µ–∫—Å–...

You may provide a definition with
\DeclareUnicodeCharacter 


! Package inputenc Error: Unicode character —É (U+0443)
(inputenc)                not set up for use with LaTeX.

See the inputenc package documentation for explanation.
Type  H <return>  for immediate help.
 ...                                              
                                                  
l.3 ...—Å–∏—á–µ—Å–∫–∏—Ö —Ç–µ–æ—Ä–µ–º –¥–ª—è —Å–ª—É
                                                  —á–∞—è –∫–æ–º–ø–ª–µ–∫—Å–Ω—...

You may provide a definition with
\DeclareUnicodeCharacter 


! Package inputenc Error: Unicode character —á (U+0447)
(inputenc)                not set up for use with LaTeX.

See the inputenc package documentation for explanation.
Type  H <return>  for immediate help.
 ...                                              
                                                  
l.3 ...–∏—á–µ—Å–∫–∏—Ö —Ç–µ–æ—Ä–µ–º –¥–ª—è —Å–ª—É—á
                                                  –∞—è –∫–æ–º–ø–ª–µ–∫—Å–Ω—ã—...

You may provide a definition with
\DeclareUnicodeCharacter 


! Package inputenc Error: Unicode character –∞ (U+0430)
(inputenc)                not set up for use with LaTeX.

See the inputenc package documentation for explanation.
Type  H <return>  for immediate help.
 ...                                              
                                                  
l.3 ...—á–µ—Å–∫–∏—Ö —Ç–µ–æ—Ä–µ–º –¥–ª—è —Å–ª—É—á–∞
                                                  —è –∫–æ–º–ø–ª–µ–∫—Å–Ω—ã—Ö ...

You may provide a definition with
\DeclareUnicodeCharacter 


! Package inputenc Error: Unicode character —è (U+044F)
(inputenc)                not set up for use with LaTeX.

See the inputenc package documentation for explanation.
Type  H <return>  for immediate help.
 ...                                              
                                                  
l.3 ...–µ—Å–∫–∏—Ö —Ç–µ–æ—Ä–µ–º –¥–ª—è —Å–ª—É—á–∞—è
                                                   –∫–æ–º–ø–ª–µ–∫—Å–Ω—ã—Ö –º...

You may provide a definition with
\DeclareUnicodeCharacter 


! Package inputenc Error: Unicode character –∫ (U+043A)
(inputenc)                not set up for use with LaTeX.

See the inputenc package documentation for explanation.
Type  H <return>  for immediate help.
 ...                                              
                                                  
l.3 ...Å–∫–∏—Ö —Ç–µ–æ—Ä–µ–º –¥–ª—è —Å–ª—É—á–∞—è –∫
                                                  –æ–º–ø–ª–µ–∫—Å–Ω—ã—Ö –º–Ω–...

You may provide a definition with
\DeclareUnicodeCharacter 


! Package inputenc Error: Unicode character –æ (U+043E)
(inputenc)                not set up for use with LaTeX.

See the inputenc package documentation for explanation.
Type  H <return>  for immediate help.
 ...                                              
                                                  
l.3 ...∫–∏—Ö —Ç–µ–æ—Ä–µ–º –¥–ª—è —Å–ª—É—á–∞—è –∫–æ
                                                  –º–ø–ª–µ–∫—Å–Ω—ã—Ö –º–Ω–æ–...

You may provide a definition with
\DeclareUnicodeCharacter 


! Package inputenc Error: Unicode character –º (U+043C)
(inputenc)                not set up for use with LaTeX.

See the inputenc package documentation for explanation.
Type  H <return>  for immediate help.
 ...                                              
                                                  
l.3 ...∏—Ö —Ç–µ–æ—Ä–µ–º –¥–ª—è —Å–ª—É—á–∞—è –∫–æ–º
                                                  –ø–ª–µ–∫—Å–Ω—ã—Ö –º–Ω–æ–≥–...

You may provide a definition with
\DeclareUnicodeCharacter 


! Package inputenc Error: Unicode character –ø (U+043F)
(inputenc)                not set up for use with LaTeX.

See the inputenc package documentation for explanation.
Type  H <return>  for immediate help.
 ...                                              
                                                  
l.3 ...Ö —Ç–µ–æ—Ä–µ–º –¥–ª—è —Å–ª—É—á–∞—è –∫–æ–º–ø
                                                  –ª–µ–∫—Å–Ω—ã—Ö –º–Ω–æ–≥–æ–...

You may provide a definition with
\DeclareUnicodeCharacter 


! Package inputenc Error: Unicode character –ª (U+043B)
(inputenc)                not set up for use with LaTeX.

See the inputenc package documentation for explanation.
Type  H <return>  for immediate help.
 ...                                              
                                                  
l.3 ...—Ç–µ–æ—Ä–µ–º –¥–ª—è —Å–ª—É—á–∞—è –∫–æ–º–ø–ª
                                                  –µ–∫—Å–Ω—ã—Ö –º–Ω–æ–≥–æ–æ–...

You may provide a definition with
\DeclareUnicodeCharacter 


! Package inputenc Error: Unicode character –µ (U+0435)
(inputenc)                not set up for use with LaTeX.

See the inputenc package documentation for explanation.
Type  H <return>  for immediate help.
 ...                                              
                                                  
l.3 ...–µ–æ—Ä–µ–º –¥–ª—è —Å–ª—É—á–∞—è –∫–æ–º–ø–ª–µ
                                                  –∫—Å–Ω—ã—Ö –º–Ω–æ–≥–æ–æ–±—...

You may provide a definition with
\DeclareUnicodeCharacter 


! Package inputenc Error: Unicode character –∫ (U+043A)
(inputenc)                not set up for use with LaTeX.

See the inputenc package documentation for explanation.
Type  H <return>  for immediate help.
 ...                                              
                                                  
l.3 ...–æ—Ä–µ–º –¥–ª—è —Å–ª—É—á–∞—è –∫–æ–º–ø–ª–µ–∫
                                                  —Å–Ω—ã—Ö –º–Ω–æ–≥–æ–æ–±—Ä–...

You may provide a definition with
\DeclareUnicodeCharacter 


! Package inputenc Error: Unicode character —Å (U+0441)
(inputenc)                not set up for use with LaTeX.

See the inputenc package documentation for explanation.
Type  H <return>  for immediate help.
 ...                                              
                                                  
l.3 ...—Ä–µ–º –¥–ª—è —Å–ª—É—á–∞—è –∫–æ–º–ø–ª–µ–∫—Å
                                                  –Ω—ã—Ö –º–Ω–æ–≥–æ–æ–±—Ä–∞–...

You may provide a definition with
\DeclareUnicodeCharacter 


! Package inputenc Error: Unicode character –Ω (U+043D)
(inputenc)                not set up for use with LaTeX.

See the inputenc package documentation for explanation.
Type  H <return>  for immediate help.
 ...                                              
                                                  
l.3 ...–µ–º –¥–ª—è —Å–ª—É—á–∞—è –∫–æ–º–ø–ª–µ–∫—Å–Ω
                                                  —ã—Ö –º–Ω–æ–≥–æ–æ–±—Ä–∞–∑–...
(That makes 100 errors; please try again.) 
Here is how much of TeX's memory you used:
 44 strings out of 480608
 1036 string characters out of 5903630
 239610 words of memory out of 5000000
 16034 multiletter control sequences out of 15000+600000
 532338 words of font info for 24 fonts, out of 8000000 for 9000
 1141 hyphenation exceptions out of 8191
 12i,0n,15p,260b,37s stack positions out of 5000i,500n,10000p,200000b,80000s

!  ==> Fatal error occurred, no output PDF file produced!
