This is pdfTeX, Version 3.14159265-2.6-1.40.21 (TeX Live 2020) (preloaded format=pdflatex 2021.3.10)  8 MAR 2024 22:56
entering extended mode
 restricted \write18 enabled.
 %&-line parsing enabled.
**"/Users/user/Documents/GitHub/Algebraic-geometry-compendium/Tex abstract/src/
lectures/5/lectures/4.tex"

(/Users/user/Documents/GitHub/Algebraic-geometry-compendium/Tex abstract/src/le
ctures/5/lectures/4.tex
LaTeX2e <2020-02-02> patch level 5
L3 programming layer <2020-03-06>

! Package inputenc Error: Unicode character –ï (U+0415)
(inputenc)                not set up for use with LaTeX.

See the inputenc package documentation for explanation.
Type  H <return>  for immediate help.
 ...                                              
                                                  
l.2 	–ï
       —Å–ª–∏ –∂–µ $X, Y \in \qAff$, —Ç–æ –∏—Ö –ø—Ä–æ–∏–∑–≤–µ–¥–µ–Ω–∏–µ —Ç–∞...

You may provide a definition with
\DeclareUnicodeCharacter 


! Package inputenc Error: Unicode character —Å (U+0441)
(inputenc)                not set up for use with LaTeX.

See the inputenc package documentation for explanation.
Type  H <return>  for immediate help.
 ...                                              
                                                  
l.2 	–ï—Å
         –ª–∏ –∂–µ $X, Y \in \qAff$, —Ç–æ –∏—Ö –ø—Ä–æ–∏–∑–≤–µ–¥–µ–Ω–∏–µ —Ç–∞...

You may provide a definition with
\DeclareUnicodeCharacter 


! Package inputenc Error: Unicode character –ª (U+043B)
(inputenc)                not set up for use with LaTeX.

See the inputenc package documentation for explanation.
Type  H <return>  for immediate help.
 ...                                              
                                                  
l.2 	–ï—Å–ª
           –∏ –∂–µ $X, Y \in \qAff$, —Ç–æ –∏—Ö –ø—Ä–æ–∏–∑–≤–µ–¥–µ–Ω–∏–µ —Ç–∞...

You may provide a definition with
\DeclareUnicodeCharacter 


! Package inputenc Error: Unicode character –∏ (U+0438)
(inputenc)                not set up for use with LaTeX.

See the inputenc package documentation for explanation.
Type  H <return>  for immediate help.
 ...                                              
                                                  
l.2 	–ï—Å–ª–∏
              –∂–µ $X, Y \in \qAff$, —Ç–æ –∏—Ö –ø—Ä–æ–∏–∑–≤–µ–¥–µ–Ω–∏–µ —Ç–∞...

You may provide a definition with
\DeclareUnicodeCharacter 


! Package inputenc Error: Unicode character –∂ (U+0436)
(inputenc)                not set up for use with LaTeX.

See the inputenc package documentation for explanation.
Type  H <return>  for immediate help.
 ...                                              
                                                  
l.2 	–ï—Å–ª–∏ –∂
                –µ $X, Y \in \qAff$, —Ç–æ –∏—Ö –ø—Ä–æ–∏–∑–≤–µ–¥–µ–Ω–∏–µ —Ç–∞...

You may provide a definition with
\DeclareUnicodeCharacter 


! Package inputenc Error: Unicode character –µ (U+0435)
(inputenc)                not set up for use with LaTeX.

See the inputenc package documentation for explanation.
Type  H <return>  for immediate help.
 ...                                              
                                                  
l.2 	–ï—Å–ª–∏ –∂–µ
                   $X, Y \in \qAff$, —Ç–æ –∏—Ö –ø—Ä–æ–∏–∑–≤–µ–¥–µ–Ω–∏–µ —Ç–∞...

You may provide a definition with
\DeclareUnicodeCharacter 


! LaTeX Error: Missing \begin{document}.

See the LaTeX manual or LaTeX Companion for explanation.
Type  H <return>  for immediate help.
 ...                                              
                                                  
l.2 	–ï—Å–ª–∏ –∂–µ $
                    X, Y \in \qAff$, —Ç–æ –∏—Ö –ø—Ä–æ–∏–∑–≤–µ–¥–µ–Ω–∏–µ —Ç–∞...

You're in trouble here.  Try typing  <return>  to proceed.
If that doesn't work, type  X <return>  to quit.

LaTeX Font Info:    External font `cmex10' loaded for size
(Font)              <7> on input line 2.
LaTeX Font Info:    External font `cmex10' loaded for size
(Font)              <5> on input line 2.
! Undefined control sequence.
l.2 	–ï—Å–ª–∏ –∂–µ $X, Y \in \qAff
                                  $, —Ç–æ –∏—Ö –ø—Ä–æ–∏–∑–≤–µ–¥–µ–Ω–∏–µ —Ç–∞...
The control sequence at the end of the top line
of your error message was never \def'ed. If you have
misspelled it (e.g., `\hobx'), type `I' and the correct
spelling (e.g., `I\hbox'). Otherwise just continue,
and I'll forget about whatever was undefined.

Missing character: There is no , in font nullfont!

! Package inputenc Error: Unicode character —Ç (U+0442)
(inputenc)                not set up for use with LaTeX.

See the inputenc package documentation for explanation.
Type  H <return>  for immediate help.
 ...                                              
                                                  
l.2 	–ï—Å–ª–∏ –∂–µ $X, Y \in \qAff$, —Ç
                                       –æ –∏—Ö –ø—Ä–æ–∏–∑–≤–µ–¥–µ–Ω–∏–µ —Ç–∞...

You may provide a definition with
\DeclareUnicodeCharacter 


! Package inputenc Error: Unicode character –æ (U+043E)
(inputenc)                not set up for use with LaTeX.

See the inputenc package documentation for explanation.
Type  H <return>  for immediate help.
 ...                                              
                                                  
l.2 	–ï—Å–ª–∏ –∂–µ $X, Y \in \qAff$, —Ç–æ
                                          –∏—Ö –ø—Ä–æ–∏–∑–≤–µ–¥–µ–Ω–∏–µ —Ç–∞...

You may provide a definition with
\DeclareUnicodeCharacter 


! Package inputenc Error: Unicode character –∏ (U+0438)
(inputenc)                not set up for use with LaTeX.

See the inputenc package documentation for explanation.
Type  H <return>  for immediate help.
 ...                                              
                                                  
l.2 	–ï—Å–ª–∏ –∂–µ $X, Y \in \qAff$, —Ç–æ –∏
                                            —Ö –ø—Ä–æ–∏–∑–≤–µ–¥–µ–Ω–∏–µ —Ç–∞...

You may provide a definition with
\DeclareUnicodeCharacter 


! Package inputenc Error: Unicode character —Ö (U+0445)
(inputenc)                not set up for use with LaTeX.

See the inputenc package documentation for explanation.
Type  H <return>  for immediate help.
 ...                                              
                                                  
l.2 	–ï—Å–ª–∏ –∂–µ $X, Y \in \qAff$, —Ç–æ –∏—Ö
                                               –ø—Ä–æ–∏–∑–≤–µ–¥–µ–Ω–∏–µ —Ç–∞...

You may provide a definition with
\DeclareUnicodeCharacter 


! Package inputenc Error: Unicode character –ø (U+043F)
(inputenc)                not set up for use with LaTeX.

See the inputenc package documentation for explanation.
Type  H <return>  for immediate help.
 ...                                              
                                                  
l.2 	–ï—Å–ª–∏ –∂–µ $X, Y \in \qAff$, —Ç–æ –∏—Ö –ø
                                                 —Ä–æ–∏–∑–≤–µ–¥–µ–Ω–∏–µ —Ç–∞...

You may provide a definition with
\DeclareUnicodeCharacter 


! Package inputenc Error: Unicode character —Ä (U+0440)
(inputenc)                not set up for use with LaTeX.

See the inputenc package documentation for explanation.
Type  H <return>  for immediate help.
 ...                                              
                                                  
l.2 ...Å–ª–∏ –∂–µ $X, Y \in \qAff$, —Ç–æ –∏—Ö –ø—Ä
                                                  –æ–∏–∑–≤–µ–¥–µ–Ω–∏–µ —Ç–∞–...

You may provide a definition with
\DeclareUnicodeCharacter 


! Package inputenc Error: Unicode character –æ (U+043E)
(inputenc)                not set up for use with LaTeX.

See the inputenc package documentation for explanation.
Type  H <return>  for immediate help.
 ...                                              
                                                  
l.2 ...ª–∏ –∂–µ $X, Y \in \qAff$, —Ç–æ –∏—Ö –ø—Ä–æ
                                                  –∏–∑–≤–µ–¥–µ–Ω–∏–µ —Ç–∞–∫–...

You may provide a definition with
\DeclareUnicodeCharacter 


! Package inputenc Error: Unicode character –∏ (U+0438)
(inputenc)                not set up for use with LaTeX.

See the inputenc package documentation for explanation.
Type  H <return>  for immediate help.
 ...                                              
                                                  
l.2 ...∏ –∂–µ $X, Y \in \qAff$, —Ç–æ –∏—Ö –ø—Ä–æ–∏
                                                  –∑–≤–µ–¥–µ–Ω–∏–µ —Ç–∞–∫–∂–...

You may provide a definition with
\DeclareUnicodeCharacter 


! Package inputenc Error: Unicode character –∑ (U+0437)
(inputenc)                not set up for use with LaTeX.

See the inputenc package documentation for explanation.
Type  H <return>  for immediate help.
 ...                                              
                                                  
l.2 ...–∂–µ $X, Y \in \qAff$, —Ç–æ –∏—Ö –ø—Ä–æ–∏–∑
                                                  –≤–µ–¥–µ–Ω–∏–µ —Ç–∞–∫–∂–µ ...

You may provide a definition with
\DeclareUnicodeCharacter 


! Package inputenc Error: Unicode character –≤ (U+0432)
(inputenc)                not set up for use with LaTeX.

See the inputenc package documentation for explanation.
Type  H <return>  for immediate help.
 ...                                              
                                                  
l.2 ...–µ $X, Y \in \qAff$, —Ç–æ –∏—Ö –ø—Ä–æ–∏–∑–≤
                                                  –µ–¥–µ–Ω–∏–µ —Ç–∞–∫–∂–µ –±...

You may provide a definition with
\DeclareUnicodeCharacter 


! Package inputenc Error: Unicode character –µ (U+0435)
(inputenc)                not set up for use with LaTeX.

See the inputenc package documentation for explanation.
Type  H <return>  for immediate help.
 ...                                              
                                                  
l.2 ... $X, Y \in \qAff$, —Ç–æ –∏—Ö –ø—Ä–æ–∏–∑–≤–µ
                                                  –¥–µ–Ω–∏–µ —Ç–∞–∫–∂–µ –±—É...

You may provide a definition with
\DeclareUnicodeCharacter 


! Package inputenc Error: Unicode character –¥ (U+0434)
(inputenc)                not set up for use with LaTeX.

See the inputenc package documentation for explanation.
Type  H <return>  for immediate help.
 ...                                              
                                                  
l.2 ...X, Y \in \qAff$, —Ç–æ –∏—Ö –ø—Ä–æ–∏–∑–≤–µ–¥
                                                  –µ–Ω–∏–µ —Ç–∞–∫–∂–µ –±—É–¥...

You may provide a definition with
\DeclareUnicodeCharacter 


! Package inputenc Error: Unicode character –µ (U+0435)
(inputenc)                not set up for use with LaTeX.

See the inputenc package documentation for explanation.
Type  H <return>  for immediate help.
 ...                                              
                                                  
l.2 ... Y \in \qAff$, —Ç–æ –∏—Ö –ø—Ä–æ–∏–∑–≤–µ–¥–µ
                                                  –Ω–∏–µ —Ç–∞–∫–∂–µ –±—É–¥–µ...

You may provide a definition with
\DeclareUnicodeCharacter 


! Package inputenc Error: Unicode character –Ω (U+043D)
(inputenc)                not set up for use with LaTeX.

See the inputenc package documentation for explanation.
Type  H <return>  for immediate help.
 ...                                              
                                                  
l.2 ... \in \qAff$, —Ç–æ –∏—Ö –ø—Ä–æ–∏–∑–≤–µ–¥–µ–Ω
                                                  –∏–µ —Ç–∞–∫–∂–µ –±—É–¥–µ –...

You may provide a definition with
\DeclareUnicodeCharacter 


! Package inputenc Error: Unicode character –∏ (U+0438)
(inputenc)                not set up for use with LaTeX.

See the inputenc package documentation for explanation.
Type  H <return>  for immediate help.
 ...                                              
                                                  
l.2 ...in \qAff$, —Ç–æ –∏—Ö –ø—Ä–æ–∏–∑–≤–µ–¥–µ–Ω–∏
                                                  –µ —Ç–∞–∫–∂–µ –±—É–¥–µ –∫–...

You may provide a definition with
\DeclareUnicodeCharacter 


! Package inputenc Error: Unicode character –µ (U+0435)
(inputenc)                not set up for use with LaTeX.

See the inputenc package documentation for explanation.
Type  H <return>  for immediate help.
 ...                                              
                                                  
l.2 ... \qAff$, —Ç–æ –∏—Ö –ø—Ä–æ–∏–∑–≤–µ–¥–µ–Ω–∏–µ
                                                   —Ç–∞–∫–∂–µ –±—É–¥–µ –∫–≤–...

You may provide a definition with
\DeclareUnicodeCharacter 


! Package inputenc Error: Unicode character —Ç (U+0442)
(inputenc)                not set up for use with LaTeX.

See the inputenc package documentation for explanation.
Type  H <return>  for immediate help.
 ...                                              
                                                  
l.2 ...Aff$, —Ç–æ –∏—Ö –ø—Ä–æ–∏–∑–≤–µ–¥–µ–Ω–∏–µ —Ç
                                                  –∞–∫–∂–µ –±—É–¥–µ –∫–≤–∞–∑...

You may provide a definition with
\DeclareUnicodeCharacter 


! Package inputenc Error: Unicode character –∞ (U+0430)
(inputenc)                not set up for use with LaTeX.

See the inputenc package documentation for explanation.
Type  H <return>  for immediate help.
 ...                                              
                                                  
l.2 ...f$, —Ç–æ –∏—Ö –ø—Ä–æ–∏–∑–≤–µ–¥–µ–Ω–∏–µ —Ç–∞
                                                  –∫–∂–µ –±—É–¥–µ –∫–≤–∞–∑–∏...

You may provide a definition with
\DeclareUnicodeCharacter 


! Package inputenc Error: Unicode character –∫ (U+043A)
(inputenc)                not set up for use with LaTeX.

See the inputenc package documentation for explanation.
Type  H <return>  for immediate help.
 ...                                              
                                                  
l.2 ..., —Ç–æ –∏—Ö –ø—Ä–æ–∏–∑–≤–µ–¥–µ–Ω–∏–µ —Ç–∞–∫
                                                  –∂–µ –±—É–¥–µ –∫–≤–∞–∑–∏–∞...

You may provide a definition with
\DeclareUnicodeCharacter 


! Package inputenc Error: Unicode character –∂ (U+0436)
(inputenc)                not set up for use with LaTeX.

See the inputenc package documentation for explanation.
Type  H <return>  for immediate help.
 ...                                              
                                                  
l.2 ...—Ç–æ –∏—Ö –ø—Ä–æ–∏–∑–≤–µ–¥–µ–Ω–∏–µ —Ç–∞–∫–∂
                                                  –µ –±—É–¥–µ –∫–≤–∞–∑–∏–∞—Ñ...

You may provide a definition with
\DeclareUnicodeCharacter 


! Package inputenc Error: Unicode character –µ (U+0435)
(inputenc)                not set up for use with LaTeX.

See the inputenc package documentation for explanation.
Type  H <return>  for immediate help.
 ...                                              
                                                  
l.2 ...–æ –∏—Ö –ø—Ä–æ–∏–∑–≤–µ–¥–µ–Ω–∏–µ —Ç–∞–∫–∂–µ
                                                   –±—É–¥–µ –∫–≤–∞–∑–∏–∞—Ñ—Ñ...

You may provide a definition with
\DeclareUnicodeCharacter 


! Package inputenc Error: Unicode character –± (U+0431)
(inputenc)                not set up for use with LaTeX.

See the inputenc package documentation for explanation.
Type  H <return>  for immediate help.
 ...                                              
                                                  
l.2 ...–∏—Ö –ø—Ä–æ–∏–∑–≤–µ–¥–µ–Ω–∏–µ —Ç–∞–∫–∂–µ –±
                                                  —É–¥–µ –∫–≤–∞–∑–∏–∞—Ñ—Ñ–∏–...

You may provide a definition with
\DeclareUnicodeCharacter 


! Package inputenc Error: Unicode character —É (U+0443)
(inputenc)                not set up for use with LaTeX.

See the inputenc package documentation for explanation.
Type  H <return>  for immediate help.
 ...                                              
                                                  
l.2 ...—Ö –ø—Ä–æ–∏–∑–≤–µ–¥–µ–Ω–∏–µ —Ç–∞–∫–∂–µ –±—É
                                                  –¥–µ –∫–≤–∞–∑–∏–∞—Ñ—Ñ–∏–Ω–...

You may provide a definition with
\DeclareUnicodeCharacter 


! Package inputenc Error: Unicode character –¥ (U+0434)
(inputenc)                not set up for use with LaTeX.

See the inputenc package documentation for explanation.
Type  H <return>  for immediate help.
 ...                                              
                                                  
l.2 ... –ø—Ä–æ–∏–∑–≤–µ–¥–µ–Ω–∏–µ —Ç–∞–∫–∂–µ –±—É–¥
                                                  –µ –∫–≤–∞–∑–∏–∞—Ñ—Ñ–∏–Ω–Ω—...

You may provide a definition with
\DeclareUnicodeCharacter 


! Package inputenc Error: Unicode character –µ (U+0435)
(inputenc)                not set up for use with LaTeX.

See the inputenc package documentation for explanation.
Type  H <return>  for immediate help.
 ...                                              
                                                  
l.2 ...ø—Ä–æ–∏–∑–≤–µ–¥–µ–Ω–∏–µ —Ç–∞–∫–∂–µ –±—É–¥–µ
                                                   –∫–≤–∞–∑–∏–∞—Ñ—Ñ–∏–Ω–Ω—ã–º.
You may provide a definition with
\DeclareUnicodeCharacter 


! Package inputenc Error: Unicode character –∫ (U+043A)
(inputenc)                not set up for use with LaTeX.

See the inputenc package documentation for explanation.
Type  H <return>  for immediate help.
 ...                                              
                                                  
l.2 ...–æ–∏–∑–≤–µ–¥–µ–Ω–∏–µ —Ç–∞–∫–∂–µ –±—É–¥–µ –∫
                                                  –≤–∞–∑–∏–∞—Ñ—Ñ–∏–Ω–Ω—ã–º.
You may provide a definition with
\DeclareUnicodeCharacter 


! Package inputenc Error: Unicode character –≤ (U+0432)
(inputenc)                not set up for use with LaTeX.

See the inputenc package documentation for explanation.
Type  H <return>  for immediate help.
 ...                                              
                                                  
l.2 ...–∏–∑–≤–µ–¥–µ–Ω–∏–µ —Ç–∞–∫–∂–µ –±—É–¥–µ –∫–≤
                                                  –∞–∑–∏–∞—Ñ—Ñ–∏–Ω–Ω—ã–º.
You may provide a definition with
\DeclareUnicodeCharacter 


! Package inputenc Error: Unicode character –∞ (U+0430)
(inputenc)                not set up for use with LaTeX.

See the inputenc package documentation for explanation.
Type  H <return>  for immediate help.
 ...                                              
                                                  
l.2 ...–∑–≤–µ–¥–µ–Ω–∏–µ —Ç–∞–∫–∂–µ –±—É–¥–µ –∫–≤–∞
                                                  –∑–∏–∞—Ñ—Ñ–∏–Ω–Ω—ã–º.
You may provide a definition with
\DeclareUnicodeCharacter 


! Package inputenc Error: Unicode character –∑ (U+0437)
(inputenc)                not set up for use with LaTeX.

See the inputenc package documentation for explanation.
Type  H <return>  for immediate help.
 ...                                              
                                                  
l.2 ...–≤–µ–¥–µ–Ω–∏–µ —Ç–∞–∫–∂–µ –±—É–¥–µ –∫–≤–∞–∑
                                                  –∏–∞—Ñ—Ñ–∏–Ω–Ω—ã–º.
You may provide a definition with
\DeclareUnicodeCharacter 


! Package inputenc Error: Unicode character –∏ (U+0438)
(inputenc)                not set up for use with LaTeX.

See the inputenc package documentation for explanation.
Type  H <return>  for immediate help.
 ...                                              
                                                  
l.2 ...–µ–¥–µ–Ω–∏–µ —Ç–∞–∫–∂–µ –±—É–¥–µ –∫–≤–∞–∑–∏
                                                  –∞—Ñ—Ñ–∏–Ω–Ω—ã–º.
You may provide a definition with
\DeclareUnicodeCharacter 


! Package inputenc Error: Unicode character –∞ (U+0430)
(inputenc)                not set up for use with LaTeX.

See the inputenc package documentation for explanation.
Type  H <return>  for immediate help.
 ...                                              
                                                  
l.2 ...–¥–µ–Ω–∏–µ —Ç–∞–∫–∂–µ –±—É–¥–µ –∫–≤–∞–∑–∏–∞
                                                  —Ñ—Ñ–∏–Ω–Ω—ã–º.
You may provide a definition with
\DeclareUnicodeCharacter 


! Package inputenc Error: Unicode character —Ñ (U+0444)
(inputenc)                not set up for use with LaTeX.

See the inputenc package documentation for explanation.
Type  H <return>  for immediate help.
 ...                                              
                                                  
l.2 ...–µ–Ω–∏–µ —Ç–∞–∫–∂–µ –±—É–¥–µ –∫–≤–∞–∑–∏–∞—Ñ
                                                  —Ñ–∏–Ω–Ω—ã–º.
You may provide a definition with
\DeclareUnicodeCharacter 


! Package inputenc Error: Unicode character —Ñ (U+0444)
(inputenc)                not set up for use with LaTeX.

See the inputenc package documentation for explanation.
Type  H <return>  for immediate help.
 ...                                              
                                                  
l.2 ...–Ω–∏–µ —Ç–∞–∫–∂–µ –±—É–¥–µ –∫–≤–∞–∑–∏–∞—Ñ—Ñ
                                                  –∏–Ω–Ω—ã–º.
You may provide a definition with
\DeclareUnicodeCharacter 


! Package inputenc Error: Unicode character –∏ (U+0438)
(inputenc)                not set up for use with LaTeX.

See the inputenc package documentation for explanation.
Type  H <return>  for immediate help.
 ...                                              
                                                  
l.2 ...–∏–µ —Ç–∞–∫–∂–µ –±—É–¥–µ –∫–≤–∞–∑–∏–∞—Ñ—Ñ–∏
                                                  –Ω–Ω—ã–º.
You may provide a definition with
\DeclareUnicodeCharacter 


! Package inputenc Error: Unicode character –Ω (U+043D)
(inputenc)                not set up for use with LaTeX.

See the inputenc package documentation for explanation.
Type  H <return>  for immediate help.
 ...                                              
                                                  
l.2 ...–µ —Ç–∞–∫–∂–µ –±—É–¥–µ –∫–≤–∞–∑–∏–∞—Ñ—Ñ–∏–Ω
                                                  –Ω—ã–º.
You may provide a definition with
\DeclareUnicodeCharacter 


! Package inputenc Error: Unicode character –Ω (U+043D)
(inputenc)                not set up for use with LaTeX.

See the inputenc package documentation for explanation.
Type  H <return>  for immediate help.
 ...                                              
                                                  
l.2 ... —Ç–∞–∫–∂–µ –±—É–¥–µ –∫–≤–∞–∑–∏–∞—Ñ—Ñ–∏–Ω–Ω
                                                  —ã–º.
You may provide a definition with
\DeclareUnicodeCharacter 


! Package inputenc Error: Unicode character —ã (U+044B)
(inputenc)                not set up for use with LaTeX.

See the inputenc package documentation for explanation.
Type  H <return>  for immediate help.
 ...                                              
                                                  
l.2 ...Ç–∞–∫–∂–µ –±—É–¥–µ –∫–≤–∞–∑–∏–∞—Ñ—Ñ–∏–Ω–Ω—ã
                                                  –º.
You may provide a definition with
\DeclareUnicodeCharacter 


! Package inputenc Error: Unicode character –º (U+043C)
(inputenc)                not set up for use with LaTeX.

See the inputenc package documentation for explanation.
Type  H <return>  for immediate help.
 ...                                              
                                                  
l.2 ...∞–∫–∂–µ –±—É–¥–µ –∫–≤–∞–∑–∏–∞—Ñ—Ñ–∏–Ω–Ω—ã–º
                                                  .
You may provide a definition with
\DeclareUnicodeCharacter 

Missing character: There is no . in font nullfont!

Overfull \hbox (50.43047pt too wide) in paragraph at lines 2--3
[]$\OML/cmm/m/it/10 X; Y \OMS/cmsy/m/n/10 2$
 []


! Package inputenc Error: Unicode character –ü (U+041F)
(inputenc)                not set up for use with LaTeX.

See the inputenc package documentation for explanation.
Type  H <return>  for immediate help.
 ...                                              
                                                  
l.4 	–ü
       —Ä–æ–≤–µ—Ä–∏–º —Ç–µ–ø–µ—Ä—å, —á—Ç–æ –¥–ª—è –Ω–µ–ø—Ä–∏–≤–æ–¥–∏–º—ã—Ö –...

You may provide a definition with
\DeclareUnicodeCharacter 


! Package inputenc Error: Unicode character —Ä (U+0440)
(inputenc)                not set up for use with LaTeX.

See the inputenc package documentation for explanation.
Type  H <return>  for immediate help.
 ...                                              
                                                  
l.4 	–ü—Ä
         –æ–≤–µ—Ä–∏–º —Ç–µ–ø–µ—Ä—å, —á—Ç–æ –¥–ª—è –Ω–µ–ø—Ä–∏–≤–æ–¥–∏–º—ã—Ö –...

You may provide a definition with
\DeclareUnicodeCharacter 


! Package inputenc Error: Unicode character –æ (U+043E)
(inputenc)                not set up for use with LaTeX.

See the inputenc package documentation for explanation.
Type  H <return>  for immediate help.
 ...                                              
                                                  
l.4 	–ü—Ä–æ
           –≤–µ—Ä–∏–º —Ç–µ–ø–µ—Ä—å, —á—Ç–æ –¥–ª—è –Ω–µ–ø—Ä–∏–≤–æ–¥–∏–º—ã—Ö –...

You may provide a definition with
\DeclareUnicodeCharacter 


! Package inputenc Error: Unicode character –≤ (U+0432)
(inputenc)                not set up for use with LaTeX.

See the inputenc package documentation for explanation.
Type  H <return>  for immediate help.
 ...                                              
                                                  
l.4 	–ü—Ä–æ–≤
             –µ—Ä–∏–º —Ç–µ–ø–µ—Ä—å, —á—Ç–æ –¥–ª—è –Ω–µ–ø—Ä–∏–≤–æ–¥–∏–º—ã—Ö –...

You may provide a definition with
\DeclareUnicodeCharacter 


! Package inputenc Error: Unicode character –µ (U+0435)
(inputenc)                not set up for use with LaTeX.

See the inputenc package documentation for explanation.
Type  H <return>  for immediate help.
 ...                                              
                                                  
l.4 	–ü—Ä–æ–≤–µ
               —Ä–∏–º —Ç–µ–ø–µ—Ä—å, —á—Ç–æ –¥–ª—è –Ω–µ–ø—Ä–∏–≤–æ–¥–∏–º—ã—Ö –...

You may provide a definition with
\DeclareUnicodeCharacter 


! Package inputenc Error: Unicode character —Ä (U+0440)
(inputenc)                not set up for use with LaTeX.

See the inputenc package documentation for explanation.
Type  H <return>  for immediate help.
 ...                                              
                                                  
l.4 	–ü—Ä–æ–≤–µ—Ä
                 –∏–º —Ç–µ–ø–µ—Ä—å, —á—Ç–æ –¥–ª—è –Ω–µ–ø—Ä–∏–≤–æ–¥–∏–º—ã—Ö –...

You may provide a definition with
\DeclareUnicodeCharacter 


! Package inputenc Error: Unicode character –∏ (U+0438)
(inputenc)                not set up for use with LaTeX.

See the inputenc package documentation for explanation.
Type  H <return>  for immediate help.
 ...                                              
                                                  
l.4 	–ü—Ä–æ–≤–µ—Ä–∏
                   –º —Ç–µ–ø–µ—Ä—å, —á—Ç–æ –¥–ª—è –Ω–µ–ø—Ä–∏–≤–æ–¥–∏–º—ã—Ö –...

You may provide a definition with
\DeclareUnicodeCharacter 


! Package inputenc Error: Unicode character –º (U+043C)
(inputenc)                not set up for use with LaTeX.

See the inputenc package documentation for explanation.
Type  H <return>  for immediate help.
 ...                                              
                                                  
l.4 	–ü—Ä–æ–≤–µ—Ä–∏–º
                      —Ç–µ–ø–µ—Ä—å, —á—Ç–æ –¥–ª—è –Ω–µ–ø—Ä–∏–≤–æ–¥–∏–º—ã—Ö –...

You may provide a definition with
\DeclareUnicodeCharacter 


! Package inputenc Error: Unicode character —Ç (U+0442)
(inputenc)                not set up for use with LaTeX.

See the inputenc package documentation for explanation.
Type  H <return>  for immediate help.
 ...                                              
                                                  
l.4 	–ü—Ä–æ–≤–µ—Ä–∏–º —Ç
                        –µ–ø–µ—Ä—å, —á—Ç–æ –¥–ª—è –Ω–µ–ø—Ä–∏–≤–æ–¥–∏–º—ã—Ö –...

You may provide a definition with
\DeclareUnicodeCharacter 


! Package inputenc Error: Unicode character –µ (U+0435)
(inputenc)                not set up for use with LaTeX.

See the inputenc package documentation for explanation.
Type  H <return>  for immediate help.
 ...                                              
                                                  
l.4 	–ü—Ä–æ–≤–µ—Ä–∏–º —Ç–µ
                          –ø–µ—Ä—å, —á—Ç–æ –¥–ª—è –Ω–µ–ø—Ä–∏–≤–æ–¥–∏–º—ã—Ö –...

You may provide a definition with
\DeclareUnicodeCharacter 


! Package inputenc Error: Unicode character –ø (U+043F)
(inputenc)                not set up for use with LaTeX.

See the inputenc package documentation for explanation.
Type  H <return>  for immediate help.
 ...                                              
                                                  
l.4 	–ü—Ä–æ–≤–µ—Ä–∏–º —Ç–µ–ø
                            –µ—Ä—å, —á—Ç–æ –¥–ª—è –Ω–µ–ø—Ä–∏–≤–æ–¥–∏–º—ã—Ö –...

You may provide a definition with
\DeclareUnicodeCharacter 


! Package inputenc Error: Unicode character –µ (U+0435)
(inputenc)                not set up for use with LaTeX.

See the inputenc package documentation for explanation.
Type  H <return>  for immediate help.
 ...                                              
                                                  
l.4 	–ü—Ä–æ–≤–µ—Ä–∏–º —Ç–µ–ø–µ
                              —Ä—å, —á—Ç–æ –¥–ª—è –Ω–µ–ø—Ä–∏–≤–æ–¥–∏–º—ã—Ö –...

You may provide a definition with
\DeclareUnicodeCharacter 


! Package inputenc Error: Unicode character —Ä (U+0440)
(inputenc)                not set up for use with LaTeX.

See the inputenc package documentation for explanation.
Type  H <return>  for immediate help.
 ...                                              
                                                  
l.4 	–ü—Ä–æ–≤–µ—Ä–∏–º —Ç–µ–ø–µ—Ä
                                —å, —á—Ç–æ –¥–ª—è –Ω–µ–ø—Ä–∏–≤–æ–¥–∏–º—ã—Ö –...

You may provide a definition with
\DeclareUnicodeCharacter 


! Package inputenc Error: Unicode character —å (U+044C)
(inputenc)                not set up for use with LaTeX.

See the inputenc package documentation for explanation.
Type  H <return>  for immediate help.
 ...                                              
                                                  
l.4 	–ü—Ä–æ–≤–µ—Ä–∏–º —Ç–µ–ø–µ—Ä—å
                                  , —á—Ç–æ –¥–ª—è –Ω–µ–ø—Ä–∏–≤–æ–¥–∏–º—ã—Ö –...

You may provide a definition with
\DeclareUnicodeCharacter 


! LaTeX Error: Missing \begin{document}.

See the LaTeX manual or LaTeX Companion for explanation.
Type  H <return>  for immediate help.
 ...                                              
                                                  
l.4 	–ü—Ä–æ–≤–µ—Ä–∏–º —Ç–µ–ø–µ—Ä—å,
                                    —á—Ç–æ –¥–ª—è –Ω–µ–ø—Ä–∏–≤–æ–¥–∏–º—ã—Ö –...

You're in trouble here.  Try typing  <return>  to proceed.
If that doesn't work, type  X <return>  to quit.

Missing character: There is no , in font nullfont!

! Package inputenc Error: Unicode character —á (U+0447)
(inputenc)                not set up for use with LaTeX.

See the inputenc package documentation for explanation.
Type  H <return>  for immediate help.
 ...                                              
                                                  
l.4 	–ü—Ä–æ–≤–µ—Ä–∏–º —Ç–µ–ø–µ—Ä—å, —á
                                      —Ç–æ –¥–ª—è –Ω–µ–ø—Ä–∏–≤–æ–¥–∏–º—ã—Ö –...

You may provide a definition with
\DeclareUnicodeCharacter 


! Package inputenc Error: Unicode character —Ç (U+0442)
(inputenc)                not set up for use with LaTeX.

See the inputenc package documentation for explanation.
Type  H <return>  for immediate help.
 ...                                              
                                                  
l.4 	–ü—Ä–æ–≤–µ—Ä–∏–º —Ç–µ–ø–µ—Ä—å, —á—Ç
                                        –æ –¥–ª—è –Ω–µ–ø—Ä–∏–≤–æ–¥–∏–º—ã—Ö –...

You may provide a definition with
\DeclareUnicodeCharacter 


! Package inputenc Error: Unicode character –æ (U+043E)
(inputenc)                not set up for use with LaTeX.

See the inputenc package documentation for explanation.
Type  H <return>  for immediate help.
 ...                                              
                                                  
l.4 	–ü—Ä–æ–≤–µ—Ä–∏–º —Ç–µ–ø–µ—Ä—å, —á—Ç–æ
                                           –¥–ª—è –Ω–µ–ø—Ä–∏–≤–æ–¥–∏–º—ã—Ö –...

You may provide a definition with
\DeclareUnicodeCharacter 


! Package inputenc Error: Unicode character –¥ (U+0434)
(inputenc)                not set up for use with LaTeX.

See the inputenc package documentation for explanation.
Type  H <return>  for immediate help.
 ...                                              
                                                  
l.4 	–ü—Ä–æ–≤–µ—Ä–∏–º —Ç–µ–ø–µ—Ä—å, —á—Ç–æ –¥
                                             –ª—è –Ω–µ–ø—Ä–∏–≤–æ–¥–∏–º—ã—Ö –...

You may provide a definition with
\DeclareUnicodeCharacter 


! Package inputenc Error: Unicode character –ª (U+043B)
(inputenc)                not set up for use with LaTeX.

See the inputenc package documentation for explanation.
Type  H <return>  for immediate help.
 ...                                              
                                                  
l.4 	–ü—Ä–æ–≤–µ—Ä–∏–º —Ç–µ–ø–µ—Ä—å, —á—Ç–æ –¥–ª
                                               —è –Ω–µ–ø—Ä–∏–≤–æ–¥–∏–º—ã—Ö –...

You may provide a definition with
\DeclareUnicodeCharacter 


! Package inputenc Error: Unicode character —è (U+044F)
(inputenc)                not set up for use with LaTeX.

See the inputenc package documentation for explanation.
Type  H <return>  for immediate help.
 ...                                              
                                                  
l.4 	–ü—Ä–æ–≤–µ—Ä–∏–º —Ç–µ–ø–µ—Ä—å, —á—Ç–æ –¥–ª—è
                                                  –Ω–µ–ø—Ä–∏–≤–æ–¥–∏–º—ã—Ö –...

You may provide a definition with
\DeclareUnicodeCharacter 


! Package inputenc Error: Unicode character –Ω (U+043D)
(inputenc)                not set up for use with LaTeX.

See the inputenc package documentation for explanation.
Type  H <return>  for immediate help.
 ...                                              
                                                  
l.4 ...–æ–≤–µ—Ä–∏–º —Ç–µ–ø–µ—Ä—å, —á—Ç–æ –¥–ª—è –Ω
                                                  –µ–ø—Ä–∏–≤–æ–¥–∏–º—ã—Ö –º–...

You may provide a definition with
\DeclareUnicodeCharacter 


! Package inputenc Error: Unicode character –µ (U+0435)
(inputenc)                not set up for use with LaTeX.

See the inputenc package documentation for explanation.
Type  H <return>  for immediate help.
 ...                                              
                                                  
l.4 ...–≤–µ—Ä–∏–º —Ç–µ–ø–µ—Ä—å, —á—Ç–æ –¥–ª—è –Ω–µ
                                                  –ø—Ä–∏–≤–æ–¥–∏–º—ã—Ö –º–Ω–...

You may provide a definition with
\DeclareUnicodeCharacter 


! Package inputenc Error: Unicode character –ø (U+043F)
(inputenc)                not set up for use with LaTeX.

See the inputenc package documentation for explanation.
Type  H <return>  for immediate help.
 ...                                              
                                                  
l.4 ...–µ—Ä–∏–º —Ç–µ–ø–µ—Ä—å, —á—Ç–æ –¥–ª—è –Ω–µ–ø
                                                  —Ä–∏–≤–æ–¥–∏–º—ã—Ö –º–Ω–æ–...

You may provide a definition with
\DeclareUnicodeCharacter 


! Package inputenc Error: Unicode character —Ä (U+0440)
(inputenc)                not set up for use with LaTeX.

See the inputenc package documentation for explanation.
Type  H <return>  for immediate help.
 ...                                              
                                                  
l.4 ...—Ä–∏–º —Ç–µ–ø–µ—Ä—å, —á—Ç–æ –¥–ª—è –Ω–µ–ø—Ä
                                                  –∏–≤–æ–¥–∏–º—ã—Ö –º–Ω–æ–≥–...

You may provide a definition with
\DeclareUnicodeCharacter 


! Package inputenc Error: Unicode character –∏ (U+0438)
(inputenc)                not set up for use with LaTeX.

See the inputenc package documentation for explanation.
Type  H <return>  for immediate help.
 ...                                              
                                                  
l.4 ...–∏–º —Ç–µ–ø–µ—Ä—å, —á—Ç–æ –¥–ª—è –Ω–µ–ø—Ä–∏
                                                  –≤–æ–¥–∏–º—ã—Ö –º–Ω–æ–≥–æ–...

You may provide a definition with
\DeclareUnicodeCharacter 


! Package inputenc Error: Unicode character –≤ (U+0432)
(inputenc)                not set up for use with LaTeX.

See the inputenc package documentation for explanation.
Type  H <return>  for immediate help.
 ...                                              
                                                  
l.4 ...–º —Ç–µ–ø–µ—Ä—å, —á—Ç–æ –¥–ª—è –Ω–µ–ø—Ä–∏–≤
                                                  –æ–¥–∏–º—ã—Ö –º–Ω–æ–≥–æ–æ–...

You may provide a definition with
\DeclareUnicodeCharacter 


! Package inputenc Error: Unicode character –æ (U+043E)
(inputenc)                not set up for use with LaTeX.

See the inputenc package documentation for explanation.
Type  H <return>  for immediate help.
 ...                                              
                                                  
l.4 ... —Ç–µ–ø–µ—Ä—å, —á—Ç–æ –¥–ª—è –Ω–µ–ø—Ä–∏–≤–æ
                                                  –¥–∏–º—ã—Ö –º–Ω–æ–≥–æ–æ–±—...

You may provide a definition with
\DeclareUnicodeCharacter 


! Package inputenc Error: Unicode character –¥ (U+0434)
(inputenc)                not set up for use with LaTeX.

See the inputenc package documentation for explanation.
Type  H <return>  for immediate help.
 ...                                              
                                                  
l.4 ...Ç–µ–ø–µ—Ä—å, —á—Ç–æ –¥–ª—è –Ω–µ–ø—Ä–∏–≤–æ–¥
                                                  –∏–º—ã—Ö –º–Ω–æ–≥–æ–æ–±—Ä–...

You may provide a definition with
\DeclareUnicodeCharacter 


! Package inputenc Error: Unicode character –∏ (U+0438)
(inputenc)                not set up for use with LaTeX.

See the inputenc package documentation for explanation.
Type  H <return>  for immediate help.
 ...                                              
                                                  
l.4 ...µ–ø–µ—Ä—å, —á—Ç–æ –¥–ª—è –Ω–µ–ø—Ä–∏–≤–æ–¥–∏
                                                  –º—ã—Ö –º–Ω–æ–≥–æ–æ–±—Ä–∞–...

You may provide a definition with
\DeclareUnicodeCharacter 


! Package inputenc Error: Unicode character –º (U+043C)
(inputenc)                not set up for use with LaTeX.

See the inputenc package documentation for explanation.
Type  H <return>  for immediate help.
 ...                                              
                                                  
l.4 ...ø–µ—Ä—å, —á—Ç–æ –¥–ª—è –Ω–µ–ø—Ä–∏–≤–æ–¥–∏–º
                                                  —ã—Ö –º–Ω–æ–≥–æ–æ–±—Ä–∞–∑–...

You may provide a definition with
\DeclareUnicodeCharacter 


! Package inputenc Error: Unicode character —ã (U+044B)
(inputenc)                not set up for use with LaTeX.

See the inputenc package documentation for explanation.
Type  H <return>  for immediate help.
 ...                                              
                                                  
l.4 ...µ—Ä—å, —á—Ç–æ –¥–ª—è –Ω–µ–ø—Ä–∏–≤–æ–¥–∏–º—ã
                                                  —Ö –º–Ω–æ–≥–æ–æ–±—Ä–∞–∑–∏–...

You may provide a definition with
\DeclareUnicodeCharacter 


! Package inputenc Error: Unicode character —Ö (U+0445)
(inputenc)                not set up for use with LaTeX.

See the inputenc package documentation for explanation.
Type  H <return>  for immediate help.
 ...                                              
                                                  
l.4 ...Ä—å, —á—Ç–æ –¥–ª—è –Ω–µ–ø—Ä–∏–≤–æ–¥–∏–º—ã—Ö
                                                   –º–Ω–æ–≥–æ–æ–±—Ä–∞–∑–∏–π ...

You may provide a definition with
\DeclareUnicodeCharacter 


! Package inputenc Error: Unicode character –º (U+043C)
(inputenc)                not set up for use with LaTeX.

See the inputenc package documentation for explanation.
Type  H <return>  for immediate help.
 ...                                              
                                                  
l.4 ..., —á—Ç–æ –¥–ª—è –Ω–µ–ø—Ä–∏–≤–æ–¥–∏–º—ã—Ö –º
                                                  –Ω–æ–≥–æ–æ–±—Ä–∞–∑–∏–π $\d...

You may provide a definition with
\DeclareUnicodeCharacter 


! Package inputenc Error: Unicode character –Ω (U+043D)
(inputenc)                not set up for use with LaTeX.

See the inputenc package documentation for explanation.
Type  H <return>  for immediate help.
 ...                                              
                                                  
l.4 ...—á—Ç–æ –¥–ª—è –Ω–µ–ø—Ä–∏–≤–æ–¥–∏–º—ã—Ö –º–Ω
                                                  –æ–≥–æ–æ–±—Ä–∞–∑–∏–π $\dim...

You may provide a definition with
\DeclareUnicodeCharacter 


! Package inputenc Error: Unicode character –æ (U+043E)
(inputenc)                not set up for use with LaTeX.

See the inputenc package documentation for explanation.
Type  H <return>  for immediate help.
 ...                                              
                                                  
l.4 ...—Ç–æ –¥–ª—è –Ω–µ–ø—Ä–∏–≤–æ–¥–∏–º—ã—Ö –º–Ω–æ
                                                  –≥–æ–æ–±—Ä–∞–∑–∏–π $\dim{X...

You may provide a definition with
\DeclareUnicodeCharacter 


! Package inputenc Error: Unicode character –≥ (U+0433)
(inputenc)                not set up for use with LaTeX.

See the inputenc package documentation for explanation.
Type  H <return>  for immediate help.
 ...                                              
                                                  
l.4 ...–æ –¥–ª—è –Ω–µ–ø—Ä–∏–≤–æ–¥–∏–º—ã—Ö –º–Ω–æ–≥
                                                  –æ–æ–±—Ä–∞–∑–∏–π $\dim{X \...

You may provide a definition with
\DeclareUnicodeCharacter 


! Package inputenc Error: Unicode character –æ (U+043E)
(inputenc)                not set up for use with LaTeX.

See the inputenc package documentation for explanation.
Type  H <return>  for immediate help.
 ...                                              
                                                  
l.4 ... –¥–ª—è –Ω–µ–ø—Ä–∏–≤–æ–¥–∏–º—ã—Ö –º–Ω–æ–≥–æ
                                                  –æ–±—Ä–∞–∑–∏–π $\dim{X \ti...

You may provide a definition with
\DeclareUnicodeCharacter 


! Package inputenc Error: Unicode character –æ (U+043E)
(inputenc)                not set up for use with LaTeX.

See the inputenc package documentation for explanation.
Type  H <return>  for immediate help.
 ...                                              
                                                  
l.4 ...¥–ª—è –Ω–µ–ø—Ä–∏–≤–æ–¥–∏–º—ã—Ö –º–Ω–æ–≥–æ–æ
                                                  –±—Ä–∞–∑–∏–π $\dim{X \time...

You may provide a definition with
\DeclareUnicodeCharacter 


! Package inputenc Error: Unicode character –± (U+0431)
(inputenc)                not set up for use with LaTeX.

See the inputenc package documentation for explanation.
Type  H <return>  for immediate help.
 ...                                              
                                                  
l.4 ...ª—è –Ω–µ–ø—Ä–∏–≤–æ–¥–∏–º—ã—Ö –º–Ω–æ–≥–æ–æ–±
                                                  —Ä–∞–∑–∏–π $\dim{X \times ...

You may provide a definition with
\DeclareUnicodeCharacter 


! Package inputenc Error: Unicode character —Ä (U+0440)
(inputenc)                not set up for use with LaTeX.

See the inputenc package documentation for explanation.
Type  H <return>  for immediate help.
 ...                                              
                                                  
l.4 ...è –Ω–µ–ø—Ä–∏–≤–æ–¥–∏–º—ã—Ö –º–Ω–æ–≥–æ–æ–±—Ä
                                                  –∞–∑–∏–π $\dim{X \times Y}...

You may provide a definition with
\DeclareUnicodeCharacter 


! Package inputenc Error: Unicode character –∞ (U+0430)
(inputenc)                not set up for use with LaTeX.

See the inputenc package documentation for explanation.
Type  H <return>  for immediate help.
 ...                                              
                                                  
l.4 ...–Ω–µ–ø—Ä–∏–≤–æ–¥–∏–º—ã—Ö –º–Ω–æ–≥–æ–æ–±—Ä–∞
                                                  –∑–∏–π $\dim{X \times Y} =...

You may provide a definition with
\DeclareUnicodeCharacter 


! Package inputenc Error: Unicode character –∑ (U+0437)
(inputenc)                not set up for use with LaTeX.

See the inputenc package documentation for explanation.
Type  H <return>  for immediate help.
 ...                                              
                                                  
l.4 ...–µ–ø—Ä–∏–≤–æ–¥–∏–º—ã—Ö –º–Ω–æ–≥–æ–æ–±—Ä–∞–∑
                                                  –∏–π $\dim{X \times Y} = \...

You may provide a definition with
\DeclareUnicodeCharacter 


! Package inputenc Error: Unicode character –∏ (U+0438)
(inputenc)                not set up for use with LaTeX.

See the inputenc package documentation for explanation.
Type  H <return>  for immediate help.
 ...                                              
                                                  
l.4 ...–ø—Ä–∏–≤–æ–¥–∏–º—ã—Ö –º–Ω–æ–≥–æ–æ–±—Ä–∞–∑–∏
                                                  –π $\dim{X \times Y} = \di...

You may provide a definition with
\DeclareUnicodeCharacter 


! Package inputenc Error: Unicode character –π (U+0439)
(inputenc)                not set up for use with LaTeX.

See the inputenc package documentation for explanation.
Type  H <return>  for immediate help.
 ...                                              
                                                  
l.4 ...—Ä–∏–≤–æ–¥–∏–º—ã—Ö –º–Ω–æ–≥–æ–æ–±—Ä–∞–∑–∏–π
                                                   $\dim{X \times Y} = \dim{...

You may provide a definition with
\DeclareUnicodeCharacter 

Missing character: There is no . in font nullfont!

! Package inputenc Error: Unicode character –¢ (U+0422)
(inputenc)                not set up for use with LaTeX.

See the inputenc package documentation for explanation.
Type  H <return>  for immediate help.
 ...                                              
                                                  
l.4 ... $\dim{X \times Y} = \dim{X} + \dim{Y}$. –¢
                                                  –∞–∫ –∫–∞–∫ —Ä–∞–∑–º–µ—Ä–Ω...

You may provide a definition with
\DeclareUnicodeCharacter 


! Package inputenc Error: Unicode character –∞ (U+0430)
(inputenc)                not set up for use with LaTeX.

See the inputenc package documentation for explanation.
Type  H <return>  for immediate help.
 ...                                              
                                                  
l.4 ...\dim{X \times Y} = \dim{X} + \dim{Y}$. –¢–∞
                                                  –∫ –∫–∞–∫ —Ä–∞–∑–º–µ—Ä–Ω–æ...

You may provide a definition with
\DeclareUnicodeCharacter 


! Package inputenc Error: Unicode character –∫ (U+043A)
(inputenc)                not set up for use with LaTeX.

See the inputenc package documentation for explanation.
Type  H <return>  for immediate help.
 ...                                              
                                                  
l.4 ...im{X \times Y} = \dim{X} + \dim{Y}$. –¢–∞–∫
                                                   –∫–∞–∫ —Ä–∞–∑–º–µ—Ä–Ω–æ—Å...

You may provide a definition with
\DeclareUnicodeCharacter 


! Package inputenc Error: Unicode character –∫ (U+043A)
(inputenc)                not set up for use with LaTeX.

See the inputenc package documentation for explanation.
Type  H <return>  for immediate help.
 ...                                              
                                                  
l.4 ...X \times Y} = \dim{X} + \dim{Y}$. –¢–∞–∫ –∫
                                                  –∞–∫ —Ä–∞–∑–º–µ—Ä–Ω–æ—Å—Ç—...

You may provide a definition with
\DeclareUnicodeCharacter 


! Package inputenc Error: Unicode character –∞ (U+0430)
(inputenc)                not set up for use with LaTeX.

See the inputenc package documentation for explanation.
Type  H <return>  for immediate help.
 ...                                              
                                                  
l.4 ...\times Y} = \dim{X} + \dim{Y}$. –¢–∞–∫ –∫–∞
                                                  –∫ —Ä–∞–∑–º–µ—Ä–Ω–æ—Å—Ç—å ...

You may provide a definition with
\DeclareUnicodeCharacter 


! Package inputenc Error: Unicode character –∫ (U+043A)
(inputenc)                not set up for use with LaTeX.

See the inputenc package documentation for explanation.
Type  H <return>  for immediate help.
 ...                                              
                                                  
l.4 ...imes Y} = \dim{X} + \dim{Y}$. –¢–∞–∫ –∫–∞–∫
                                                   —Ä–∞–∑–º–µ—Ä–Ω–æ—Å—Ç—å –æ...

You may provide a definition with
\DeclareUnicodeCharacter 


! Package inputenc Error: Unicode character —Ä (U+0440)
(inputenc)                not set up for use with LaTeX.

See the inputenc package documentation for explanation.
Type  H <return>  for immediate help.
 ...                                              
                                                  
l.4 ...s Y} = \dim{X} + \dim{Y}$. –¢–∞–∫ –∫–∞–∫ —Ä
                                                  –∞–∑–º–µ—Ä–Ω–æ—Å—Ç—å –æ—Ç–...

You may provide a definition with
\DeclareUnicodeCharacter 


! Package inputenc Error: Unicode character –∞ (U+0430)
(inputenc)                not set up for use with LaTeX.

See the inputenc package documentation for explanation.
Type  H <return>  for immediate help.
 ...                                              
                                                  
l.4 ...Y} = \dim{X} + \dim{Y}$. –¢–∞–∫ –∫–∞–∫ —Ä–∞
                                                  –∑–º–µ—Ä–Ω–æ—Å—Ç—å –æ—Ç–∫—...

You may provide a definition with
\DeclareUnicodeCharacter 


! Package inputenc Error: Unicode character –∑ (U+0437)
(inputenc)                not set up for use with LaTeX.

See the inputenc package documentation for explanation.
Type  H <return>  for immediate help.
 ...                                              
                                                  
l.4 ... = \dim{X} + \dim{Y}$. –¢–∞–∫ –∫–∞–∫ —Ä–∞–∑
                                                  –º–µ—Ä–Ω–æ—Å—Ç—å –æ—Ç–∫—Ä—...

You may provide a definition with
\DeclareUnicodeCharacter 


! Package inputenc Error: Unicode character –º (U+043C)
(inputenc)                not set up for use with LaTeX.

See the inputenc package documentation for explanation.
Type  H <return>  for immediate help.
 ...                                              
                                                  
l.4 ... \dim{X} + \dim{Y}$. –¢–∞–∫ –∫–∞–∫ —Ä–∞–∑–º
                                                  –µ—Ä–Ω–æ—Å—Ç—å –æ—Ç–∫—Ä—ã—...

You may provide a definition with
\DeclareUnicodeCharacter 


! Package inputenc Error: Unicode character –µ (U+0435)
(inputenc)                not set up for use with LaTeX.

See the inputenc package documentation for explanation.
Type  H <return>  for immediate help.
 ...                                              
                                                  
l.4 ...dim{X} + \dim{Y}$. –¢–∞–∫ –∫–∞–∫ —Ä–∞–∑–º–µ
                                                  —Ä–Ω–æ—Å—Ç—å –æ—Ç–∫—Ä—ã—Ç–...

You may provide a definition with
\DeclareUnicodeCharacter 


! Package inputenc Error: Unicode character —Ä (U+0440)
(inputenc)                not set up for use with LaTeX.

See the inputenc package documentation for explanation.
Type  H <return>  for immediate help.
 ...                                              
                                                  
l.4 ...m{X} + \dim{Y}$. –¢–∞–∫ –∫–∞–∫ —Ä–∞–∑–º–µ—Ä
                                                  –Ω–æ—Å—Ç—å –æ—Ç–∫—Ä—ã—Ç–æ–...

You may provide a definition with
\DeclareUnicodeCharacter 


! Package inputenc Error: Unicode character –Ω (U+043D)
(inputenc)                not set up for use with LaTeX.

See the inputenc package documentation for explanation.
Type  H <return>  for immediate help.
 ...                                              
                                                  
l.4 ...X} + \dim{Y}$. –¢–∞–∫ –∫–∞–∫ —Ä–∞–∑–º–µ—Ä–Ω
                                                  –æ—Å—Ç—å –æ—Ç–∫—Ä—ã—Ç–æ–≥–...

You may provide a definition with
\DeclareUnicodeCharacter 


! Package inputenc Error: Unicode character –æ (U+043E)
(inputenc)                not set up for use with LaTeX.

See the inputenc package documentation for explanation.
Type  H <return>  for immediate help.
 ...                                              
                                                  
l.4 ... + \dim{Y}$. –¢–∞–∫ –∫–∞–∫ —Ä–∞–∑–º–µ—Ä–Ω–æ
                                                  —Å—Ç—å –æ—Ç–∫—Ä—ã—Ç–æ–≥–æ ...

You may provide a definition with
\DeclareUnicodeCharacter 


! Package inputenc Error: Unicode character —Å (U+0441)
(inputenc)                not set up for use with LaTeX.

See the inputenc package documentation for explanation.
Type  H <return>  for immediate help.
 ...                                              
                                                  
l.4 ... \dim{Y}$. –¢–∞–∫ –∫–∞–∫ —Ä–∞–∑–º–µ—Ä–Ω–æ—Å
                                                  —Ç—å –æ—Ç–∫—Ä—ã—Ç–æ–≥–æ –ø...

You may provide a definition with
\DeclareUnicodeCharacter 


! Package inputenc Error: Unicode character —Ç (U+0442)
(inputenc)                not set up for use with LaTeX.

See the inputenc package documentation for explanation.
Type  H <return>  for immediate help.
 ...                                              
                                                  
l.4 ...dim{Y}$. –¢–∞–∫ –∫–∞–∫ —Ä–∞–∑–º–µ—Ä–Ω–æ—Å—Ç
                                                  —å –æ—Ç–∫—Ä—ã—Ç–æ–≥–æ –ø–æ...

You may provide a definition with
\DeclareUnicodeCharacter 


! Package inputenc Error: Unicode character —å (U+044C)
(inputenc)                not set up for use with LaTeX.

See the inputenc package documentation for explanation.
Type  H <return>  for immediate help.
 ...                                              
                                                  
l.4 ...m{Y}$. –¢–∞–∫ –∫–∞–∫ —Ä–∞–∑–º–µ—Ä–Ω–æ—Å—Ç—å
                                                   –æ—Ç–∫—Ä—ã—Ç–æ–≥–æ –ø–æ–¥...

You may provide a definition with
\DeclareUnicodeCharacter 


! Package inputenc Error: Unicode character –æ (U+043E)
(inputenc)                not set up for use with LaTeX.

See the inputenc package documentation for explanation.
Type  H <return>  for immediate help.
 ...                                              
                                                  
l.4 ...}$. –¢–∞–∫ –∫–∞–∫ —Ä–∞–∑–º–µ—Ä–Ω–æ—Å—Ç—å –æ
                                                  —Ç–∫—Ä—ã—Ç–æ–≥–æ –ø–æ–¥–º–...

You may provide a definition with
\DeclareUnicodeCharacter 


! Package inputenc Error: Unicode character —Ç (U+0442)
(inputenc)                not set up for use with LaTeX.

See the inputenc package documentation for explanation.
Type  H <return>  for immediate help.
 ...                                              
                                                  
l.4 .... –¢–∞–∫ –∫–∞–∫ —Ä–∞–∑–º–µ—Ä–Ω–æ—Å—Ç—å –æ—Ç
                                                  –∫—Ä—ã—Ç–æ–≥–æ –ø–æ–¥–º–Ω–...

You may provide a definition with
\DeclareUnicodeCharacter 


! Package inputenc Error: Unicode character –∫ (U+043A)
(inputenc)                not set up for use with LaTeX.

See the inputenc package documentation for explanation.
Type  H <return>  for immediate help.
 ...                                              
                                                  
l.4 ...–¢–∞–∫ –∫–∞–∫ —Ä–∞–∑–º–µ—Ä–Ω–æ—Å—Ç—å –æ—Ç–∫
                                                  —Ä—ã—Ç–æ–≥–æ –ø–æ–¥–º–Ω–æ–...

You may provide a definition with
\DeclareUnicodeCharacter 


! Package inputenc Error: Unicode character —Ä (U+0440)
(inputenc)                not set up for use with LaTeX.

See the inputenc package documentation for explanation.
Type  H <return>  for immediate help.
 ...                                              
                                                  
l.4 ...–∞–∫ –∫–∞–∫ —Ä–∞–∑–º–µ—Ä–Ω–æ—Å—Ç—å –æ—Ç–∫—Ä
                                                  —ã—Ç–æ–≥–æ –ø–æ–¥–º–Ω–æ–∂–...

You may provide a definition with
\DeclareUnicodeCharacter 


! Package inputenc Error: Unicode character —ã (U+044B)
(inputenc)                not set up for use with LaTeX.

See the inputenc package documentation for explanation.
Type  H <return>  for immediate help.
 ...                                              
                                                  
l.4 ...–∫ –∫–∞–∫ —Ä–∞–∑–º–µ—Ä–Ω–æ—Å—Ç—å –æ—Ç–∫—Ä—ã
                                                  —Ç–æ–≥–æ –ø–æ–¥–º–Ω–æ–∂–µ—...

You may provide a definition with
\DeclareUnicodeCharacter 


! Package inputenc Error: Unicode character —Ç (U+0442)
(inputenc)                not set up for use with LaTeX.

See the inputenc package documentation for explanation.
Type  H <return>  for immediate help.
 ...                                              
                                                  
l.4 ... –∫–∞–∫ —Ä–∞–∑–º–µ—Ä–Ω–æ—Å—Ç—å –æ—Ç–∫—Ä—ã—Ç
                                                  –æ–≥–æ –ø–æ–¥–º–Ω–æ–∂–µ—Å—...

You may provide a definition with
\DeclareUnicodeCharacter 


! Package inputenc Error: Unicode character –æ (U+043E)
(inputenc)                not set up for use with LaTeX.

See the inputenc package documentation for explanation.
Type  H <return>  for immediate help.
 ...                                              
                                                  
l.4 ...∫–∞–∫ —Ä–∞–∑–º–µ—Ä–Ω–æ—Å—Ç—å –æ—Ç–∫—Ä—ã—Ç–æ
                                                  –≥–æ –ø–æ–¥–º–Ω–æ–∂–µ—Å—Ç–...

You may provide a definition with
\DeclareUnicodeCharacter 


! Package inputenc Error: Unicode character –≥ (U+0433)
(inputenc)                not set up for use with LaTeX.

See the inputenc package documentation for explanation.
Type  H <return>  for immediate help.
 ...                                              
                                                  
l.4 ...∞–∫ —Ä–∞–∑–º–µ—Ä–Ω–æ—Å—Ç—å –æ—Ç–∫—Ä—ã—Ç–æ–≥
                                                  –æ –ø–æ–¥–º–Ω–æ–∂–µ—Å—Ç–≤–...

You may provide a definition with
\DeclareUnicodeCharacter 


! Package inputenc Error: Unicode character –æ (U+043E)
(inputenc)                not set up for use with LaTeX.

See the inputenc package documentation for explanation.
Type  H <return>  for immediate help.
 ...                                              
                                                  
l.4 ...∫ —Ä–∞–∑–º–µ—Ä–Ω–æ—Å—Ç—å –æ—Ç–∫—Ä—ã—Ç–æ–≥–æ
                                                   –ø–æ–¥–º–Ω–æ–∂–µ—Å—Ç–≤–∞ ...

You may provide a definition with
\DeclareUnicodeCharacter 


! Package inputenc Error: Unicode character –ø (U+043F)
(inputenc)                not set up for use with LaTeX.

See the inputenc package documentation for explanation.
Type  H <return>  for immediate help.
 ...                                              
                                                  
l.4 ...Ä–∞–∑–º–µ—Ä–Ω–æ—Å—Ç—å –æ—Ç–∫—Ä—ã—Ç–æ–≥–æ –ø
                                                  –æ–¥–º–Ω–æ–∂–µ—Å—Ç–≤–∞ –∞—...

You may provide a definition with
\DeclareUnicodeCharacter 


! Package inputenc Error: Unicode character –æ (U+043E)
(inputenc)                not set up for use with LaTeX.

See the inputenc package documentation for explanation.
Type  H <return>  for immediate help.
 ...                                              
                                                  
l.4 ...∞–∑–º–µ—Ä–Ω–æ—Å—Ç—å –æ—Ç–∫—Ä—ã—Ç–æ–≥–æ –ø–æ
                                                  –¥–º–Ω–æ–∂–µ—Å—Ç–≤–∞ –∞—Ñ—...

You may provide a definition with
\DeclareUnicodeCharacter 


! Package inputenc Error: Unicode character –¥ (U+0434)
(inputenc)                not set up for use with LaTeX.

See the inputenc package documentation for explanation.
Type  H <return>  for immediate help.
 ...                                              
                                                  
l.4 ...∑–º–µ—Ä–Ω–æ—Å—Ç—å –æ—Ç–∫—Ä—ã—Ç–æ–≥–æ –ø–æ–¥
                                                  –º–Ω–æ–∂–µ—Å—Ç–≤–∞ –∞—Ñ—Ñ–...

You may provide a definition with
\DeclareUnicodeCharacter 


! Package inputenc Error: Unicode character –º (U+043C)
(inputenc)                not set up for use with LaTeX.

See the inputenc package documentation for explanation.
Type  H <return>  for immediate help.
 ...                                              
                                                  
l.4 ...º–µ—Ä–Ω–æ—Å—Ç—å –æ—Ç–∫—Ä—ã—Ç–æ–≥–æ –ø–æ–¥–º
                                                  –Ω–æ–∂–µ—Å—Ç–≤–∞ –∞—Ñ—Ñ–∏–...

You may provide a definition with
\DeclareUnicodeCharacter 


! Package inputenc Error: Unicode character –Ω (U+043D)
(inputenc)                not set up for use with LaTeX.

See the inputenc package documentation for explanation.
Type  H <return>  for immediate help.
 ...                                              
                                                  
l.4 ...µ—Ä–Ω–æ—Å—Ç—å –æ—Ç–∫—Ä—ã—Ç–æ–≥–æ –ø–æ–¥–º–Ω
                                                  –æ–∂–µ—Å—Ç–≤–∞ –∞—Ñ—Ñ–∏–Ω–...

You may provide a definition with
\DeclareUnicodeCharacter 


! Package inputenc Error: Unicode character –æ (U+043E)
(inputenc)                not set up for use with LaTeX.

See the inputenc package documentation for explanation.
Type  H <return>  for immediate help.
 ...                                              
                                                  
l.4 ...Ä–Ω–æ—Å—Ç—å –æ—Ç–∫—Ä—ã—Ç–æ–≥–æ –ø–æ–¥–º–Ω–æ
                                                  –∂–µ—Å—Ç–≤–∞ –∞—Ñ—Ñ–∏–Ω–Ω–...

You may provide a definition with
\DeclareUnicodeCharacter 


! Package inputenc Error: Unicode character –∂ (U+0436)
(inputenc)                not set up for use with LaTeX.

See the inputenc package documentation for explanation.
Type  H <return>  for immediate help.
 ...                                              
                                                  
l.4 ...Ω–æ—Å—Ç—å –æ—Ç–∫—Ä—ã—Ç–æ–≥–æ –ø–æ–¥–º–Ω–æ–∂
                                                  –µ—Å—Ç–≤–∞ –∞—Ñ—Ñ–∏–Ω–Ω–æ–...

You may provide a definition with
\DeclareUnicodeCharacter 


! Package inputenc Error: Unicode character –µ (U+0435)
(inputenc)                not set up for use with LaTeX.

See the inputenc package documentation for explanation.
Type  H <return>  for immediate help.
 ...                                              
                                                  
l.4 ...æ—Å—Ç—å –æ—Ç–∫—Ä—ã—Ç–æ–≥–æ –ø–æ–¥–º–Ω–æ–∂–µ
                                                  —Å—Ç–≤–∞ –∞—Ñ—Ñ–∏–Ω–Ω–æ–≥–...

You may provide a definition with
\DeclareUnicodeCharacter 


! Package inputenc Error: Unicode character —Å (U+0441)
(inputenc)                not set up for use with LaTeX.

See the inputenc package documentation for explanation.
Type  H <return>  for immediate help.
 ...                                              
                                                  
l.4 ...Å—Ç—å –æ—Ç–∫—Ä—ã—Ç–æ–≥–æ –ø–æ–¥–º–Ω–æ–∂–µ—Å
                                                  —Ç–≤–∞ –∞—Ñ—Ñ–∏–Ω–Ω–æ–≥–æ ...

You may provide a definition with
\DeclareUnicodeCharacter 


! Package inputenc Error: Unicode character —Ç (U+0442)
(inputenc)                not set up for use with LaTeX.

See the inputenc package documentation for explanation.
Type  H <return>  for immediate help.
 ...                                              
                                                  
l.4 ...Ç—å –æ—Ç–∫—Ä—ã—Ç–æ–≥–æ –ø–æ–¥–º–Ω–æ–∂–µ—Å—Ç
                                                  –≤–∞ –∞—Ñ—Ñ–∏–Ω–Ω–æ–≥–æ —Å...

You may provide a definition with
\DeclareUnicodeCharacter 


! Package inputenc Error: Unicode character –≤ (U+0432)
(inputenc)                not set up for use with LaTeX.

See the inputenc package documentation for explanation.
Type  H <return>  for immediate help.
 ...                                              
                                                  
l.4 ...å –æ—Ç–∫—Ä—ã—Ç–æ–≥–æ –ø–æ–¥–º–Ω–æ–∂–µ—Å—Ç–≤
                                                  –∞ –∞—Ñ—Ñ–∏–Ω–Ω–æ–≥–æ —Å–æ...

You may provide a definition with
\DeclareUnicodeCharacter 


! Package inputenc Error: Unicode character –∞ (U+0430)
(inputenc)                not set up for use with LaTeX.

See the inputenc package documentation for explanation.
Type  H <return>  for immediate help.
 ...                                              
                                                  
l.4 ...–æ—Ç–∫—Ä—ã—Ç–æ–≥–æ –ø–æ–¥–º–Ω–æ–∂–µ—Å—Ç–≤–∞
                                                   –∞—Ñ—Ñ–∏–Ω–Ω–æ–≥–æ —Å–æ–≤...

You may provide a definition with
\DeclareUnicodeCharacter 


! Package inputenc Error: Unicode character –∞ (U+0430)
(inputenc)                not set up for use with LaTeX.

See the inputenc package documentation for explanation.
Type  H <return>  for immediate help.
 ...                                              
                                                  
l.4 ...Ç–∫—Ä—ã—Ç–æ–≥–æ –ø–æ–¥–º–Ω–æ–∂–µ—Å—Ç–≤–∞ –∞
                                                  —Ñ—Ñ–∏–Ω–Ω–æ–≥–æ —Å–æ–≤–ø–...

You may provide a definition with
\DeclareUnicodeCharacter 


! Package inputenc Error: Unicode character —Ñ (U+0444)
(inputenc)                not set up for use with LaTeX.

See the inputenc package documentation for explanation.
Type  H <return>  for immediate help.
 ...                                              
                                                  
l.4 ...∫—Ä—ã—Ç–æ–≥–æ –ø–æ–¥–º–Ω–æ–∂–µ—Å—Ç–≤–∞ –∞—Ñ
                                                  —Ñ–∏–Ω–Ω–æ–≥–æ —Å–æ–≤–ø–∞–...

You may provide a definition with
\DeclareUnicodeCharacter 


! Package inputenc Error: Unicode character —Ñ (U+0444)
(inputenc)                not set up for use with LaTeX.

See the inputenc package documentation for explanation.
Type  H <return>  for immediate help.
 ...                                              
                                                  
l.4 ...Ä—ã—Ç–æ–≥–æ –ø–æ–¥–º–Ω–æ–∂–µ—Å—Ç–≤–∞ –∞—Ñ—Ñ
                                                  –∏–Ω–Ω–æ–≥–æ —Å–æ–≤–ø–∞–¥–...

You may provide a definition with
\DeclareUnicodeCharacter 


! Package inputenc Error: Unicode character –∏ (U+0438)
(inputenc)                not set up for use with LaTeX.

See the inputenc package documentation for explanation.
Type  H <return>  for immediate help.
 ...                                              
                                                  
l.4 ...ã—Ç–æ–≥–æ –ø–æ–¥–º–Ω–æ–∂–µ—Å—Ç–≤–∞ –∞—Ñ—Ñ–∏
                                                  –Ω–Ω–æ–≥–æ —Å–æ–≤–ø–∞–¥–∞–...

You may provide a definition with
\DeclareUnicodeCharacter 


! Package inputenc Error: Unicode character –Ω (U+043D)
(inputenc)                not set up for use with LaTeX.

See the inputenc package documentation for explanation.
Type  H <return>  for immediate help.
 ...                                              
                                                  
l.4 ...Ç–æ–≥–æ –ø–æ–¥–º–Ω–æ–∂–µ—Å—Ç–≤–∞ –∞—Ñ—Ñ–∏–Ω
                                                  –Ω–æ–≥–æ —Å–æ–≤–ø–∞–¥–∞–µ—...

You may provide a definition with
\DeclareUnicodeCharacter 


! Package inputenc Error: Unicode character –Ω (U+043D)
(inputenc)                not set up for use with LaTeX.

See the inputenc package documentation for explanation.
Type  H <return>  for immediate help.
 ...                                              
                                                  
l.4 ...æ–≥–æ –ø–æ–¥–º–Ω–æ–∂–µ—Å—Ç–≤–∞ –∞—Ñ—Ñ–∏–Ω–Ω
                                                  –æ–≥–æ —Å–æ–≤–ø–∞–¥–∞–µ—Ç ...

You may provide a definition with
\DeclareUnicodeCharacter 


! Package inputenc Error: Unicode character –æ (U+043E)
(inputenc)                not set up for use with LaTeX.

See the inputenc package documentation for explanation.
Type  H <return>  for immediate help.
 ...                                              
                                                  
l.4 ...≥–æ –ø–æ–¥–º–Ω–æ–∂–µ—Å—Ç–≤–∞ –∞—Ñ—Ñ–∏–Ω–Ω–æ
                                                  –≥–æ —Å–æ–≤–ø–∞–¥–∞–µ—Ç —Å...

You may provide a definition with
\DeclareUnicodeCharacter 


! Package inputenc Error: Unicode character –≥ (U+0433)
(inputenc)                not set up for use with LaTeX.

See the inputenc package documentation for explanation.
Type  H <return>  for immediate help.
 ...                                              
                                                  
l.4 ...æ –ø–æ–¥–º–Ω–æ–∂–µ—Å—Ç–≤–∞ –∞—Ñ—Ñ–∏–Ω–Ω–æ–≥
                                                  –æ —Å–æ–≤–ø–∞–¥–∞–µ—Ç —Å —...

You may provide a definition with
\DeclareUnicodeCharacter 


! Package inputenc Error: Unicode character –æ (U+043E)
(inputenc)                not set up for use with LaTeX.

See the inputenc package documentation for explanation.
Type  H <return>  for immediate help.
 ...                                              
                                                  
l.4 ...–ø–æ–¥–º–Ω–æ–∂–µ—Å—Ç–≤–∞ –∞—Ñ—Ñ–∏–Ω–Ω–æ–≥–æ
                                                   —Å–æ–≤–ø–∞–¥–∞–µ—Ç —Å —Ä–...

You may provide a definition with
\DeclareUnicodeCharacter 


! Package inputenc Error: Unicode character —Å (U+0441)
(inputenc)                not set up for use with LaTeX.

See the inputenc package documentation for explanation.
Type  H <return>  for immediate help.
 ...                                              
                                                  
l.4 ...æ–¥–º–Ω–æ–∂–µ—Å—Ç–≤–∞ –∞—Ñ—Ñ–∏–Ω–Ω–æ–≥–æ —Å
                                                  –æ–≤–ø–∞–¥–∞–µ—Ç —Å —Ä–∞—Ö...

You may provide a definition with
\DeclareUnicodeCharacter 


! Package inputenc Error: Unicode character –æ (U+043E)
(inputenc)                not set up for use with LaTeX.

See the inputenc package documentation for explanation.
Type  H <return>  for immediate help.
 ...                                              
                                                  
l.4 ...¥–º–Ω–æ–∂–µ—Å—Ç–≤–∞ –∞—Ñ—Ñ–∏–Ω–Ω–æ–≥–æ —Å–æ
                                                  –≤–ø–∞–¥–∞–µ—Ç —Å —Ä–∞—Ö–º...

You may provide a definition with
\DeclareUnicodeCharacter 


! Package inputenc Error: Unicode character –≤ (U+0432)
(inputenc)                not set up for use with LaTeX.

See the inputenc package documentation for explanation.
Type  H <return>  for immediate help.
 ...                                              
                                                  
l.4 ...º–Ω–æ–∂–µ—Å—Ç–≤–∞ –∞—Ñ—Ñ–∏–Ω–Ω–æ–≥–æ —Å–æ–≤
                                                  –ø–∞–¥–∞–µ—Ç —Å —Ä–∞—Ö–º–µ...

You may provide a definition with
\DeclareUnicodeCharacter 


! Package inputenc Error: Unicode character –ø (U+043F)
(inputenc)                not set up for use with LaTeX.

See the inputenc package documentation for explanation.
Type  H <return>  for immediate help.
 ...                                              
                                                  
l.4 ...Ω–æ–∂–µ—Å—Ç–≤–∞ –∞—Ñ—Ñ–∏–Ω–Ω–æ–≥–æ —Å–æ–≤–ø
                                                  –∞–¥–∞–µ—Ç —Å —Ä–∞—Ö–º–µ—Ä...

You may provide a definition with
\DeclareUnicodeCharacter 


! Package inputenc Error: Unicode character –∞ (U+0430)
(inputenc)                not set up for use with LaTeX.

See the inputenc package documentation for explanation.
Type  H <return>  for immediate help.
 ...                                              
                                                  
l.4 ...æ–∂–µ—Å—Ç–≤–∞ –∞—Ñ—Ñ–∏–Ω–Ω–æ–≥–æ —Å–æ–≤–ø–∞
                                                  –¥–∞–µ—Ç —Å —Ä–∞—Ö–º–µ—Ä–Ω...

You may provide a definition with
\DeclareUnicodeCharacter 


! Package inputenc Error: Unicode character –¥ (U+0434)
(inputenc)                not set up for use with LaTeX.

See the inputenc package documentation for explanation.
Type  H <return>  for immediate help.
 ...                                              
                                                  
l.4 ...∂–µ—Å—Ç–≤–∞ –∞—Ñ—Ñ–∏–Ω–Ω–æ–≥–æ —Å–æ–≤–ø–∞–¥
                                                  –∞–µ—Ç —Å —Ä–∞—Ö–º–µ—Ä–Ω–æ...

You may provide a definition with
\DeclareUnicodeCharacter 


! Package inputenc Error: Unicode character –∞ (U+0430)
(inputenc)                not set up for use with LaTeX.

See the inputenc package documentation for explanation.
Type  H <return>  for immediate help.
 ...                                              
                                                  
l.4 ...µ—Å—Ç–≤–∞ –∞—Ñ—Ñ–∏–Ω–Ω–æ–≥–æ —Å–æ–≤–ø–∞–¥–∞
                                                  –µ—Ç —Å —Ä–∞—Ö–º–µ—Ä–Ω–æ—Å...

You may provide a definition with
\DeclareUnicodeCharacter 


! Package inputenc Error: Unicode character –µ (U+0435)
(inputenc)                not set up for use with LaTeX.

See the inputenc package documentation for explanation.
Type  H <return>  for immediate help.
 ...                                              
                                                  
l.4 ...Å—Ç–≤–∞ –∞—Ñ—Ñ–∏–Ω–Ω–æ–≥–æ —Å–æ–≤–ø–∞–¥–∞–µ
                                                  —Ç —Å —Ä–∞—Ö–º–µ—Ä–Ω–æ—Å—Ç...
(That makes 100 errors; please try again.) 
Here is how much of TeX's memory you used:
 50 strings out of 480608
 1120 string characters out of 5903630
 239610 words of memory out of 5000000
 16040 multiletter control sequences out of 15000+600000
 532338 words of font info for 24 fonts, out of 8000000 for 9000
 1141 hyphenation exceptions out of 8191
 18i,2n,15p,505b,56s stack positions out of 5000i,500n,10000p,200000b,80000s

!  ==> Fatal error occurred, no output PDF file produced!
