This is pdfTeX, Version 3.14159265-2.6-1.40.21 (TeX Live 2020) (preloaded format=pdflatex 2021.3.10)  19 FEB 2024 10:02
entering extended mode
 restricted \write18 enabled.
 %&-line parsing enabled.
**"/Users/user/Documents/GitHub/Algebraic-geometry-compendium/Tex abstract/src/
lectures/6/1.tex"

(/Users/user/Documents/GitHub/Algebraic-geometry-compendium/Tex abstract/src/le
ctures/6/1.tex
LaTeX2e <2020-02-02> patch level 5
L3 programming layer <2020-03-06>
! Undefined control sequence.
l.2 	\subsection
                {–ö–æ–ª—å—Ü–∞ –¥–∏—Å–∫—Ä–µ—Ç–Ω–æ–≥–æ –Ω–æ—Ä–º–∏—Ä–æ–≤–∞–Ω–∏—è}
The control sequence at the end of the top line
of your error message was never \def'ed. If you have
misspelled it (e.g., `\hobx'), type `I' and the correct
spelling (e.g., `I\hbox'). Otherwise just continue,
and I'll forget about whatever was undefined.


! Package inputenc Error: Unicode character –ö (U+041A)
(inputenc)                not set up for use with LaTeX.

See the inputenc package documentation for explanation.
Type  H <return>  for immediate help.
 ...                                              
                                                  
l.2 	\subsection{–ö
                   –æ–ª—å—Ü–∞ –¥–∏—Å–∫—Ä–µ—Ç–Ω–æ–≥–æ –Ω–æ—Ä–º–∏—Ä–æ–≤–∞–Ω–∏—è}
You may provide a definition with
\DeclareUnicodeCharacter 


! Package inputenc Error: Unicode character –æ (U+043E)
(inputenc)                not set up for use with LaTeX.

See the inputenc package documentation for explanation.
Type  H <return>  for immediate help.
 ...                                              
                                                  
l.2 	\subsection{–ö–æ
                     –ª—å—Ü–∞ –¥–∏—Å–∫—Ä–µ—Ç–Ω–æ–≥–æ –Ω–æ—Ä–º–∏—Ä–æ–≤–∞–Ω–∏—è}
You may provide a definition with
\DeclareUnicodeCharacter 


! Package inputenc Error: Unicode character –ª (U+043B)
(inputenc)                not set up for use with LaTeX.

See the inputenc package documentation for explanation.
Type  H <return>  for immediate help.
 ...                                              
                                                  
l.2 	\subsection{–ö–æ–ª
                       —å—Ü–∞ –¥–∏—Å–∫—Ä–µ—Ç–Ω–æ–≥–æ –Ω–æ—Ä–º–∏—Ä–æ–≤–∞–Ω–∏—è}
You may provide a definition with
\DeclareUnicodeCharacter 


! Package inputenc Error: Unicode character —å (U+044C)
(inputenc)                not set up for use with LaTeX.

See the inputenc package documentation for explanation.
Type  H <return>  for immediate help.
 ...                                              
                                                  
l.2 	\subsection{–ö–æ–ª—å
                         —Ü–∞ –¥–∏—Å–∫—Ä–µ—Ç–Ω–æ–≥–æ –Ω–æ—Ä–º–∏—Ä–æ–≤–∞–Ω–∏—è}
You may provide a definition with
\DeclareUnicodeCharacter 


! Package inputenc Error: Unicode character —Ü (U+0446)
(inputenc)                not set up for use with LaTeX.

See the inputenc package documentation for explanation.
Type  H <return>  for immediate help.
 ...                                              
                                                  
l.2 	\subsection{–ö–æ–ª—å—Ü
                           –∞ –¥–∏—Å–∫—Ä–µ—Ç–Ω–æ–≥–æ –Ω–æ—Ä–º–∏—Ä–æ–≤–∞–Ω–∏—è}
You may provide a definition with
\DeclareUnicodeCharacter 


! Package inputenc Error: Unicode character –∞ (U+0430)
(inputenc)                not set up for use with LaTeX.

See the inputenc package documentation for explanation.
Type  H <return>  for immediate help.
 ...                                              
                                                  
l.2 	\subsection{–ö–æ–ª—å—Ü–∞
                              –¥–∏—Å–∫—Ä–µ—Ç–Ω–æ–≥–æ –Ω–æ—Ä–º–∏—Ä–æ–≤–∞–Ω–∏—è}
You may provide a definition with
\DeclareUnicodeCharacter 


! Package inputenc Error: Unicode character –¥ (U+0434)
(inputenc)                not set up for use with LaTeX.

See the inputenc package documentation for explanation.
Type  H <return>  for immediate help.
 ...                                              
                                                  
l.2 	\subsection{–ö–æ–ª—å—Ü–∞ –¥
                                –∏—Å–∫—Ä–µ—Ç–Ω–æ–≥–æ –Ω–æ—Ä–º–∏—Ä–æ–≤–∞–Ω–∏—è}
You may provide a definition with
\DeclareUnicodeCharacter 


! Package inputenc Error: Unicode character –∏ (U+0438)
(inputenc)                not set up for use with LaTeX.

See the inputenc package documentation for explanation.
Type  H <return>  for immediate help.
 ...                                              
                                                  
l.2 	\subsection{–ö–æ–ª—å—Ü–∞ –¥–∏
                                  —Å–∫—Ä–µ—Ç–Ω–æ–≥–æ –Ω–æ—Ä–º–∏—Ä–æ–≤–∞–Ω–∏—è}
You may provide a definition with
\DeclareUnicodeCharacter 


! Package inputenc Error: Unicode character —Å (U+0441)
(inputenc)                not set up for use with LaTeX.

See the inputenc package documentation for explanation.
Type  H <return>  for immediate help.
 ...                                              
                                                  
l.2 	\subsection{–ö–æ–ª—å—Ü–∞ –¥–∏—Å
                                    –∫—Ä–µ—Ç–Ω–æ–≥–æ –Ω–æ—Ä–º–∏—Ä–æ–≤–∞–Ω–∏—è}
You may provide a definition with
\DeclareUnicodeCharacter 


! Package inputenc Error: Unicode character –∫ (U+043A)
(inputenc)                not set up for use with LaTeX.

See the inputenc package documentation for explanation.
Type  H <return>  for immediate help.
 ...                                              
                                                  
l.2 	\subsection{–ö–æ–ª—å—Ü–∞ –¥–∏—Å–∫
                                      —Ä–µ—Ç–Ω–æ–≥–æ –Ω–æ—Ä–º–∏—Ä–æ–≤–∞–Ω–∏—è}
You may provide a definition with
\DeclareUnicodeCharacter 


! Package inputenc Error: Unicode character —Ä (U+0440)
(inputenc)                not set up for use with LaTeX.

See the inputenc package documentation for explanation.
Type  H <return>  for immediate help.
 ...                                              
                                                  
l.2 	\subsection{–ö–æ–ª—å—Ü–∞ –¥–∏—Å–∫—Ä
                                        –µ—Ç–Ω–æ–≥–æ –Ω–æ—Ä–º–∏—Ä–æ–≤–∞–Ω–∏—è}
You may provide a definition with
\DeclareUnicodeCharacter 


! Package inputenc Error: Unicode character –µ (U+0435)
(inputenc)                not set up for use with LaTeX.

See the inputenc package documentation for explanation.
Type  H <return>  for immediate help.
 ...                                              
                                                  
l.2 	\subsection{–ö–æ–ª—å—Ü–∞ –¥–∏—Å–∫—Ä–µ
                                          —Ç–Ω–æ–≥–æ –Ω–æ—Ä–º–∏—Ä–æ–≤–∞–Ω–∏—è}
You may provide a definition with
\DeclareUnicodeCharacter 


! Package inputenc Error: Unicode character —Ç (U+0442)
(inputenc)                not set up for use with LaTeX.

See the inputenc package documentation for explanation.
Type  H <return>  for immediate help.
 ...                                              
                                                  
l.2 	\subsection{–ö–æ–ª—å—Ü–∞ –¥–∏—Å–∫—Ä–µ—Ç
                                            –Ω–æ–≥–æ –Ω–æ—Ä–º–∏—Ä–æ–≤–∞–Ω–∏—è}
You may provide a definition with
\DeclareUnicodeCharacter 


! Package inputenc Error: Unicode character –Ω (U+043D)
(inputenc)                not set up for use with LaTeX.

See the inputenc package documentation for explanation.
Type  H <return>  for immediate help.
 ...                                              
                                                  
l.2 	\subsection{–ö–æ–ª—å—Ü–∞ –¥–∏—Å–∫—Ä–µ—Ç–Ω
                                              –æ–≥–æ –Ω–æ—Ä–º–∏—Ä–æ–≤–∞–Ω–∏—è}
You may provide a definition with
\DeclareUnicodeCharacter 


! Package inputenc Error: Unicode character –æ (U+043E)
(inputenc)                not set up for use with LaTeX.

See the inputenc package documentation for explanation.
Type  H <return>  for immediate help.
 ...                                              
                                                  
l.2 	\subsection{–ö–æ–ª—å—Ü–∞ –¥–∏—Å–∫—Ä–µ—Ç–Ω–æ
                                                –≥–æ –Ω–æ—Ä–º–∏—Ä–æ–≤–∞–Ω–∏—è}
You may provide a definition with
\DeclareUnicodeCharacter 


! Package inputenc Error: Unicode character –≥ (U+0433)
(inputenc)                not set up for use with LaTeX.

See the inputenc package documentation for explanation.
Type  H <return>  for immediate help.
 ...                                              
                                                  
l.2 	\subsection{–ö–æ–ª—å—Ü–∞ –¥–∏—Å–∫—Ä–µ—Ç–Ω–æ–≥
                                                  –æ –Ω–æ—Ä–º–∏—Ä–æ–≤–∞–Ω–∏—è}
You may provide a definition with
\DeclareUnicodeCharacter 


! Package inputenc Error: Unicode character –æ (U+043E)
(inputenc)                not set up for use with LaTeX.

See the inputenc package documentation for explanation.
Type  H <return>  for immediate help.
 ...                                              
                                                  
l.2 ...section{–ö–æ–ª—å—Ü–∞ –¥–∏—Å–∫—Ä–µ—Ç–Ω–æ–≥–æ
                                                   –Ω–æ—Ä–º–∏—Ä–æ–≤–∞–Ω–∏—è}
You may provide a definition with
\DeclareUnicodeCharacter 


! Package inputenc Error: Unicode character –Ω (U+043D)
(inputenc)                not set up for use with LaTeX.

See the inputenc package documentation for explanation.
Type  H <return>  for immediate help.
 ...                                              
                                                  
l.2 ...tion{–ö–æ–ª—å—Ü–∞ –¥–∏—Å–∫—Ä–µ—Ç–Ω–æ–≥–æ –Ω
                                                  –æ—Ä–º–∏—Ä–æ–≤–∞–Ω–∏—è}
You may provide a definition with
\DeclareUnicodeCharacter 


! Package inputenc Error: Unicode character –æ (U+043E)
(inputenc)                not set up for use with LaTeX.

See the inputenc package documentation for explanation.
Type  H <return>  for immediate help.
 ...                                              
                                                  
l.2 ...on{–ö–æ–ª—å—Ü–∞ –¥–∏—Å–∫—Ä–µ—Ç–Ω–æ–≥–æ –Ω–æ
                                                  —Ä–º–∏—Ä–æ–≤–∞–Ω–∏—è}
You may provide a definition with
\DeclareUnicodeCharacter 


! Package inputenc Error: Unicode character —Ä (U+0440)
(inputenc)                not set up for use with LaTeX.

See the inputenc package documentation for explanation.
Type  H <return>  for immediate help.
 ...                                              
                                                  
l.2 ...{–ö–æ–ª—å—Ü–∞ –¥–∏—Å–∫—Ä–µ—Ç–Ω–æ–≥–æ –Ω–æ—Ä
                                                  –º–∏—Ä–æ–≤–∞–Ω–∏—è}
You may provide a definition with
\DeclareUnicodeCharacter 


! Package inputenc Error: Unicode character –º (U+043C)
(inputenc)                not set up for use with LaTeX.

See the inputenc package documentation for explanation.
Type  H <return>  for immediate help.
 ...                                              
                                                  
l.2 ...ö–æ–ª—å—Ü–∞ –¥–∏—Å–∫—Ä–µ—Ç–Ω–æ–≥–æ –Ω–æ—Ä–º
                                                  –∏—Ä–æ–≤–∞–Ω–∏—è}
You may provide a definition with
\DeclareUnicodeCharacter 


! Package inputenc Error: Unicode character –∏ (U+0438)
(inputenc)                not set up for use with LaTeX.

See the inputenc package documentation for explanation.
Type  H <return>  for immediate help.
 ...                                              
                                                  
l.2 ...æ–ª—å—Ü–∞ –¥–∏—Å–∫—Ä–µ—Ç–Ω–æ–≥–æ –Ω–æ—Ä–º–∏
                                                  —Ä–æ–≤–∞–Ω–∏—è}
You may provide a definition with
\DeclareUnicodeCharacter 


! Package inputenc Error: Unicode character —Ä (U+0440)
(inputenc)                not set up for use with LaTeX.

See the inputenc package documentation for explanation.
Type  H <return>  for immediate help.
 ...                                              
                                                  
l.2 ...ª—å—Ü–∞ –¥–∏—Å–∫—Ä–µ—Ç–Ω–æ–≥–æ –Ω–æ—Ä–º–∏—Ä
                                                  –æ–≤–∞–Ω–∏—è}
You may provide a definition with
\DeclareUnicodeCharacter 


! Package inputenc Error: Unicode character –æ (U+043E)
(inputenc)                not set up for use with LaTeX.

See the inputenc package documentation for explanation.
Type  H <return>  for immediate help.
 ...                                              
                                                  
l.2 ...å—Ü–∞ –¥–∏—Å–∫—Ä–µ—Ç–Ω–æ–≥–æ –Ω–æ—Ä–º–∏—Ä–æ
                                                  –≤–∞–Ω–∏—è}
You may provide a definition with
\DeclareUnicodeCharacter 


! Package inputenc Error: Unicode character –≤ (U+0432)
(inputenc)                not set up for use with LaTeX.

See the inputenc package documentation for explanation.
Type  H <return>  for immediate help.
 ...                                              
                                                  
l.2 ...Ü–∞ –¥–∏—Å–∫—Ä–µ—Ç–Ω–æ–≥–æ –Ω–æ—Ä–º–∏—Ä–æ–≤
                                                  –∞–Ω–∏—è}
You may provide a definition with
\DeclareUnicodeCharacter 


! Package inputenc Error: Unicode character –∞ (U+0430)
(inputenc)                not set up for use with LaTeX.

See the inputenc package documentation for explanation.
Type  H <return>  for immediate help.
 ...                                              
                                                  
l.2 ...∞ –¥–∏—Å–∫—Ä–µ—Ç–Ω–æ–≥–æ –Ω–æ—Ä–º–∏—Ä–æ–≤–∞
                                                  –Ω–∏—è}
You may provide a definition with
\DeclareUnicodeCharacter 


! Package inputenc Error: Unicode character –Ω (U+043D)
(inputenc)                not set up for use with LaTeX.

See the inputenc package documentation for explanation.
Type  H <return>  for immediate help.
 ...                                              
                                                  
l.2 ...–¥–∏—Å–∫—Ä–µ—Ç–Ω–æ–≥–æ –Ω–æ—Ä–º–∏—Ä–æ–≤–∞–Ω
                                                  –∏—è}
You may provide a definition with
\DeclareUnicodeCharacter 


! Package inputenc Error: Unicode character –∏ (U+0438)
(inputenc)                not set up for use with LaTeX.

See the inputenc package documentation for explanation.
Type  H <return>  for immediate help.
 ...                                              
                                                  
l.2 ...–∏—Å–∫—Ä–µ—Ç–Ω–æ–≥–æ –Ω–æ—Ä–º–∏—Ä–æ–≤–∞–Ω–∏
                                                  —è}
You may provide a definition with
\DeclareUnicodeCharacter 


! Package inputenc Error: Unicode character —è (U+044F)
(inputenc)                not set up for use with LaTeX.

See the inputenc package documentation for explanation.
Type  H <return>  for immediate help.
 ...                                              
                                                  
l.2 ...—Å–∫—Ä–µ—Ç–Ω–æ–≥–æ –Ω–æ—Ä–º–∏—Ä–æ–≤–∞–Ω–∏—è
                                                  }
You may provide a definition with
\DeclareUnicodeCharacter 


! LaTeX Error: Environment definition undefined.

See the LaTeX manual or LaTeX Companion for explanation.
Type  H <return>  for immediate help.
 ...                                              
                                                  
l.4 	\begin{definition}
                       
Your command was ignored.
Type  I <command> <return>  to replace it with another command,
or  <return>  to continue without it.


! Package inputenc Error: Unicode character –ü (U+041F)
(inputenc)                not set up for use with LaTeX.

See the inputenc package documentation for explanation.
Type  H <return>  for immediate help.
 ...                                              
                                                  
l.5 		–ü
        —É—Å—Ç—å $F$~--- –ø–æ–ª–µ, $\v\colon F^{*} \to \Z$~--- —ç–ø–∏–º–æ—Ä—...

You may provide a definition with
\DeclareUnicodeCharacter 


! Package inputenc Error: Unicode character —É (U+0443)
(inputenc)                not set up for use with LaTeX.

See the inputenc package documentation for explanation.
Type  H <return>  for immediate help.
 ...                                              
                                                  
l.5 		–ü—É
          —Å—Ç—å $F$~--- –ø–æ–ª–µ, $\v\colon F^{*} \to \Z$~--- —ç–ø–∏–º–æ—Ä—...

You may provide a definition with
\DeclareUnicodeCharacter 


! Package inputenc Error: Unicode character —Å (U+0441)
(inputenc)                not set up for use with LaTeX.

See the inputenc package documentation for explanation.
Type  H <return>  for immediate help.
 ...                                              
                                                  
l.5 		–ü—É—Å
            —Ç—å $F$~--- –ø–æ–ª–µ, $\v\colon F^{*} \to \Z$~--- —ç–ø–∏–º–æ—Ä—...

You may provide a definition with
\DeclareUnicodeCharacter 


! Package inputenc Error: Unicode character —Ç (U+0442)
(inputenc)                not set up for use with LaTeX.

See the inputenc package documentation for explanation.
Type  H <return>  for immediate help.
 ...                                              
                                                  
l.5 		–ü—É—Å—Ç
              —å $F$~--- –ø–æ–ª–µ, $\v\colon F^{*} \to \Z$~--- —ç–ø–∏–º–æ—Ä—...

You may provide a definition with
\DeclareUnicodeCharacter 


! Package inputenc Error: Unicode character —å (U+044C)
(inputenc)                not set up for use with LaTeX.

See the inputenc package documentation for explanation.
Type  H <return>  for immediate help.
 ...                                              
                                                  
l.5 		–ü—É—Å—Ç—å
                 $F$~--- –ø–æ–ª–µ, $\v\colon F^{*} \to \Z$~--- —ç–ø–∏–º–æ—Ä—...

You may provide a definition with
\DeclareUnicodeCharacter 


! LaTeX Error: Missing \begin{document}.

See the LaTeX manual or LaTeX Companion for explanation.
Type  H <return>  for immediate help.
 ...                                              
                                                  
l.5 		–ü—É—Å—Ç—å $
                  F$~--- –ø–æ–ª–µ, $\v\colon F^{*} \to \Z$~--- —ç–ø–∏–º–æ—Ä—...

You're in trouble here.  Try typing  <return>  to proceed.
If that doesn't work, type  X <return>  to quit.

LaTeX Font Info:    External font `cmex10' loaded for size
(Font)              <7> on input line 5.
LaTeX Font Info:    External font `cmex10' loaded for size
(Font)              <5> on input line 5.
Missing character: There is no - in font nullfont!
Missing character: There is no - in font nullfont!
Missing character: There is no - in font nullfont!

! Package inputenc Error: Unicode character –ø (U+043F)
(inputenc)                not set up for use with LaTeX.

See the inputenc package documentation for explanation.
Type  H <return>  for immediate help.
 ...                                              
                                                  
l.5 		–ü—É—Å—Ç—å $F$~--- –ø
                           –æ–ª–µ, $\v\colon F^{*} \to \Z$~--- —ç–ø–∏–º–æ—Ä—...

You may provide a definition with
\DeclareUnicodeCharacter 


! Package inputenc Error: Unicode character –æ (U+043E)
(inputenc)                not set up for use with LaTeX.

See the inputenc package documentation for explanation.
Type  H <return>  for immediate help.
 ...                                              
                                                  
l.5 		–ü—É—Å—Ç—å $F$~--- –ø–æ
                             –ª–µ, $\v\colon F^{*} \to \Z$~--- —ç–ø–∏–º–æ—Ä—...

You may provide a definition with
\DeclareUnicodeCharacter 


! Package inputenc Error: Unicode character –ª (U+043B)
(inputenc)                not set up for use with LaTeX.

See the inputenc package documentation for explanation.
Type  H <return>  for immediate help.
 ...                                              
                                                  
l.5 		–ü—É—Å—Ç—å $F$~--- –ø–æ–ª
                               –µ, $\v\colon F^{*} \to \Z$~--- —ç–ø–∏–º–æ—Ä—...

You may provide a definition with
\DeclareUnicodeCharacter 


! Package inputenc Error: Unicode character –µ (U+0435)
(inputenc)                not set up for use with LaTeX.

See the inputenc package documentation for explanation.
Type  H <return>  for immediate help.
 ...                                              
                                                  
l.5 		–ü—É—Å—Ç—å $F$~--- –ø–æ–ª–µ
                                 , $\v\colon F^{*} \to \Z$~--- —ç–ø–∏–º–æ—Ä—...

You may provide a definition with
\DeclareUnicodeCharacter 

Missing character: There is no , in font nullfont!

LaTeX Warning: Command \v invalid in math mode on input line 5.


LaTeX Warning: Command \v invalid in math mode on input line 5.

LaTeX Font Info:    Trying to load font information for +cmr on input line 5.
LaTeX Font Info:    No file cmr.fd. on input line 5.

LaTeX Font Warning: Font shape `/cmr/m/n' undefined
(Font)              using `/cmr/m/n' instead on input line 5.

! Corrupted NFSS tables.
wrong@fontshape ...message {Corrupted NFSS tables}
                                                  error@fontshape else let f...
l.5 		–ü—É—Å—Ç—å $F$~--- –ø–æ–ª–µ, $\v\colon
                                             F^{*} \to \Z$~--- —ç–ø–∏–º–æ—Ä—...
This error message was generated by an \errmessage
command, so I can't give any explicit help.
Pretend that you're Hercule Poirot: Examine all clues,
and deduce the truth by order and method.


LaTeX Font Warning: Font shape `/cmr/m/n' undefined
(Font)              using `OT1/cmr/m/n' instead on input line 5.

! Missing $ inserted.
<inserted text> 
                $
l.5 		–ü—É—Å—Ç—å $F$~--- –ø–æ–ª–µ, $\v\colon
                                             F^{*} \to \Z$~--- —ç–ø–∏–º–æ—Ä—...
I've inserted a begin-math/end-math symbol since I think
you left one out. Proceed, with fingers crossed.

! Improper \spacefactor.
<recently read> \spacefactor 
                             
l.5 		–ü—É—Å—Ç—å $F$~--- –ø–æ–ª–µ, $\v\colon
                                             F^{*} \to \Z$~--- —ç–ø–∏–º–æ—Ä—...
You can refer to \spacefactor only in horizontal mode;
you can refer to \prevdepth only in vertical mode; and
neither of these is meaningful inside \write. So
I'm forgetting what you said and using zero instead.

! Extra }, or forgotten $.
\add@accent ... \accent@spacefactor \spacefactor }
                                                  \let \maybe@load@fontshape...
l.5 		–ü—É—Å—Ç—å $F$~--- –ø–æ–ª–µ, $\v\colon
                                             F^{*} \to \Z$~--- —ç–ø–∏–º–æ—Ä—...
I've deleted a group-closing symbol because it seems to be
spurious, as in `$x}$'. But perhaps the } is legitimate and
you forgot something else, as in `\hbox{$x}'. In such cases
the way to recover is to insert both the forgotten and the
deleted material, e.g., by typing `I$}'.

! Please use \mathaccent for accents in math mode.
\add@accent ... \let \ignorespaces \relax \accent 
                                                  #1 #2\egroup \spacefactor ...
l.5 		–ü—É—Å—Ç—å $F$~--- –ø–æ–ª–µ, $\v\colon
                                             F^{*} \to \Z$~--- —ç–ø–∏–º–æ—Ä—...
I'm changing \accent to \mathaccent here; wish me luck.
(Accents are not the same in formulas as they are in text.)

! Missing { inserted.
<to be read again> 
                   \edef 
l.5 		–ü—É—Å—Ç—å $F$~--- –ø–æ–ª–µ, $\v\colon
                                             F^{*} \to \Z$~--- —ç–ø–∏–º–æ—Ä—...
A left brace was mandatory here, so I've put one in.
You might want to delete and/or insert some corrections
so that I will find a matching right brace soon.
(If you're confused by all this, try typing `I}' now.)

! You can't use `\spacefactor' in math mode.
\add@accent ... \accent #1 #2\egroup \spacefactor 
                                                  \accent@spacefactor 
l.5 		–ü—É—Å—Ç—å $F$~--- –ø–æ–ª–µ, $\v\colon
                                             F^{*} \to \Z$~--- —ç–ø–∏–º–æ—Ä—...
Sorry, but I'm not programmed to handle this case;
I'll just pretend that you didn't ask for it.
If you're in the wrong mode, you might be able to
return to the right one by typing `I}' or `I$' or `I\par'.

! Extra }, or forgotten $.
\UseTextAccent  ...e@text@encoding \@curr@enc #3}}
                                                  
l.5 		–ü—É—Å—Ç—å $F$~--- –ø–æ–ª–µ, $\v\colon
                                             F^{*} \to \Z$~--- —ç–ø–∏–º–æ—Ä—...
I've deleted a group-closing symbol because it seems to be
spurious, as in `$x}$'. But perhaps the } is legitimate and
you forgot something else, as in `\hbox{$x}'. In such cases
the way to recover is to insert both the forgotten and the
deleted material, e.g., by typing `I$}'.

! Undefined control sequence.
l.5 ...—å $F$~--- –ø–æ–ª–µ, $\v\colon F^{*} \to \Z
                                                  $~--- —ç–ø–∏–º–æ—Ä—Ñ–∏–∑–º...
The control sequence at the end of the top line
of your error message was never \def'ed. If you have
misspelled it (e.g., `\hobx'), type `I' and the correct
spelling (e.g., `I\hbox'). Otherwise just continue,
and I'll forget about whatever was undefined.


! Package inputenc Error: Unicode character —ç (U+044D)
(inputenc)                not set up for use with LaTeX.

See the inputenc package documentation for explanation.
Type  H <return>  for immediate help.
 ...                                              
                                                  
l.5 ...-- –ø–æ–ª–µ, $\v\colon F^{*} \to \Z$~--- —ç
                                                  –ø–∏–º–æ—Ä—Ñ–∏–∑–º –≥—Ä—É–...

You may provide a definition with
\DeclareUnicodeCharacter 


! Package inputenc Error: Unicode character –ø (U+043F)
(inputenc)                not set up for use with LaTeX.

See the inputenc package documentation for explanation.
Type  H <return>  for immediate help.
 ...                                              
                                                  
l.5 ... –ø–æ–ª–µ, $\v\colon F^{*} \to \Z$~--- —ç–ø
                                                  –∏–º–æ—Ä—Ñ–∏–∑–º –≥—Ä—É–ø–...

You may provide a definition with
\DeclareUnicodeCharacter 


! Package inputenc Error: Unicode character –∏ (U+0438)
(inputenc)                not set up for use with LaTeX.

See the inputenc package documentation for explanation.
Type  H <return>  for immediate help.
 ...                                              
                                                  
l.5 ...ø–æ–ª–µ, $\v\colon F^{*} \to \Z$~--- —ç–ø–∏
                                                  –º–æ—Ä—Ñ–∏–∑–º –≥—Ä—É–ø–ø,...

You may provide a definition with
\DeclareUnicodeCharacter 


! Package inputenc Error: Unicode character –º (U+043C)
(inputenc)                not set up for use with LaTeX.

See the inputenc package documentation for explanation.
Type  H <return>  for immediate help.
 ...                                              
                                                  
l.5 ...æ–ª–µ, $\v\colon F^{*} \to \Z$~--- —ç–ø–∏–º
                                                  –æ—Ä—Ñ–∏–∑–º –≥—Ä—É–ø–ø, —...

You may provide a definition with
\DeclareUnicodeCharacter 


! Package inputenc Error: Unicode character –æ (U+043E)
(inputenc)                not set up for use with LaTeX.

See the inputenc package documentation for explanation.
Type  H <return>  for immediate help.
 ...                                              
                                                  
l.5 ...ª–µ, $\v\colon F^{*} \to \Z$~--- —ç–ø–∏–º–æ
                                                  —Ä—Ñ–∏–∑–º –≥—Ä—É–ø–ø, —Ç–...

You may provide a definition with
\DeclareUnicodeCharacter 


! Package inputenc Error: Unicode character —Ä (U+0440)
(inputenc)                not set up for use with LaTeX.

See the inputenc package documentation for explanation.
Type  H <return>  for immediate help.
 ...                                              
                                                  
l.5 ...µ, $\v\colon F^{*} \to \Z$~--- —ç–ø–∏–º–æ—Ä
                                                  —Ñ–∏–∑–º –≥—Ä—É–ø–ø, —Ç–æ ...

You may provide a definition with
\DeclareUnicodeCharacter 


! Package inputenc Error: Unicode character —Ñ (U+0444)
(inputenc)                not set up for use with LaTeX.

See the inputenc package documentation for explanation.
Type  H <return>  for immediate help.
 ...                                              
                                                  
l.5 ... $\v\colon F^{*} \to \Z$~--- —ç–ø–∏–º–æ—Ä—Ñ
                                                  –∏–∑–º –≥—Ä—É–ø–ø, —Ç–æ –µ...

You may provide a definition with
\DeclareUnicodeCharacter 


! Package inputenc Error: Unicode character –∏ (U+0438)
(inputenc)                not set up for use with LaTeX.

See the inputenc package documentation for explanation.
Type  H <return>  for immediate help.
 ...                                              
                                                  
l.5 ...\v\colon F^{*} \to \Z$~--- —ç–ø–∏–º–æ—Ä—Ñ–∏
                                                  –∑–º –≥—Ä—É–ø–ø, —Ç–æ –µ—Å...

You may provide a definition with
\DeclareUnicodeCharacter 


! Package inputenc Error: Unicode character –∑ (U+0437)
(inputenc)                not set up for use with LaTeX.

See the inputenc package documentation for explanation.
Type  H <return>  for immediate help.
 ...                                              
                                                  
l.5 ...\colon F^{*} \to \Z$~--- —ç–ø–∏–º–æ—Ä—Ñ–∏–∑
                                                  –º –≥—Ä—É–ø–ø, —Ç–æ –µ—Å—Ç—å
You may provide a definition with
\DeclareUnicodeCharacter 


! Package inputenc Error: Unicode character –º (U+043C)
(inputenc)                not set up for use with LaTeX.

See the inputenc package documentation for explanation.
Type  H <return>  for immediate help.
 ...                                              
                                                  
l.5 ...olon F^{*} \to \Z$~--- —ç–ø–∏–º–æ—Ä—Ñ–∏–∑–º
                                                   –≥—Ä—É–ø–ø, —Ç–æ –µ—Å—Ç—å
You may provide a definition with
\DeclareUnicodeCharacter 


! Package inputenc Error: Unicode character –≥ (U+0433)
(inputenc)                not set up for use with LaTeX.

See the inputenc package documentation for explanation.
Type  H <return>  for immediate help.
 ...                                              
                                                  
l.5 ...n F^{*} \to \Z$~--- —ç–ø–∏–º–æ—Ä—Ñ–∏–∑–º –≥
                                                  —Ä—É–ø–ø, —Ç–æ –µ—Å—Ç—å
You may provide a definition with
\DeclareUnicodeCharacter 


! Package inputenc Error: Unicode character —Ä (U+0440)
(inputenc)                not set up for use with LaTeX.

See the inputenc package documentation for explanation.
Type  H <return>  for immediate help.
 ...                                              
                                                  
l.5 ...F^{*} \to \Z$~--- —ç–ø–∏–º–æ—Ä—Ñ–∏–∑–º –≥—Ä
                                                  —É–ø–ø, —Ç–æ –µ—Å—Ç—å
You may provide a definition with
\DeclareUnicodeCharacter 


! Package inputenc Error: Unicode character —É (U+0443)
(inputenc)                not set up for use with LaTeX.

See the inputenc package documentation for explanation.
Type  H <return>  for immediate help.
 ...                                              
                                                  
l.5 ...{*} \to \Z$~--- —ç–ø–∏–º–æ—Ä—Ñ–∏–∑–º –≥—Ä—É
                                                  –ø–ø, —Ç–æ –µ—Å—Ç—å
You may provide a definition with
\DeclareUnicodeCharacter 


! Package inputenc Error: Unicode character –ø (U+043F)
(inputenc)                not set up for use with LaTeX.

See the inputenc package documentation for explanation.
Type  H <return>  for immediate help.
 ...                                              
                                                  
l.5 ...} \to \Z$~--- —ç–ø–∏–º–æ—Ä—Ñ–∏–∑–º –≥—Ä—É–ø
                                                  –ø, —Ç–æ –µ—Å—Ç—å
You may provide a definition with
\DeclareUnicodeCharacter 


! Package inputenc Error: Unicode character –ø (U+043F)
(inputenc)                not set up for use with LaTeX.

See the inputenc package documentation for explanation.
Type  H <return>  for immediate help.
 ...                                              
                                                  
l.5 ...\to \Z$~--- —ç–ø–∏–º–æ—Ä—Ñ–∏–∑–º –≥—Ä—É–ø–ø
                                                  , —Ç–æ –µ—Å—Ç—å
You may provide a definition with
\DeclareUnicodeCharacter 


! Package inputenc Error: Unicode character —Ç (U+0442)
(inputenc)                not set up for use with LaTeX.

See the inputenc package documentation for explanation.
Type  H <return>  for immediate help.
 ...                                              
                                                  
l.5 ...\Z$~--- —ç–ø–∏–º–æ—Ä—Ñ–∏–∑–º –≥—Ä—É–ø–ø, —Ç
                                                  –æ –µ—Å—Ç—å
You may provide a definition with
\DeclareUnicodeCharacter 


! Package inputenc Error: Unicode character –æ (U+043E)
(inputenc)                not set up for use with LaTeX.

See the inputenc package documentation for explanation.
Type  H <return>  for immediate help.
 ...                                              
                                                  
l.5 ...$~--- —ç–ø–∏–º–æ—Ä—Ñ–∏–∑–º –≥—Ä—É–ø–ø, —Ç–æ
                                                   –µ—Å—Ç—å
You may provide a definition with
\DeclareUnicodeCharacter 


! Package inputenc Error: Unicode character –µ (U+0435)
(inputenc)                not set up for use with LaTeX.

See the inputenc package documentation for explanation.
Type  H <return>  for immediate help.
 ...                                              
                                                  
l.5 ...-- —ç–ø–∏–º–æ—Ä—Ñ–∏–∑–º –≥—Ä—É–ø–ø, —Ç–æ –µ
                                                  —Å—Ç—å
You may provide a definition with
\DeclareUnicodeCharacter 


! Package inputenc Error: Unicode character —Å (U+0441)
(inputenc)                not set up for use with LaTeX.

See the inputenc package documentation for explanation.
Type  H <return>  for immediate help.
 ...                                              
                                                  
l.5 ... —ç–ø–∏–º–æ—Ä—Ñ–∏–∑–º –≥—Ä—É–ø–ø, —Ç–æ –µ—Å
                                                  —Ç—å
You may provide a definition with
\DeclareUnicodeCharacter 


! Package inputenc Error: Unicode character —Ç (U+0442)
(inputenc)                not set up for use with LaTeX.

See the inputenc package documentation for explanation.
Type  H <return>  for immediate help.
 ...                                              
                                                  
l.5 ...ç–ø–∏–º–æ—Ä—Ñ–∏–∑–º –≥—Ä—É–ø–ø, —Ç–æ –µ—Å—Ç
                                                  —å
You may provide a definition with
\DeclareUnicodeCharacter 


! Package inputenc Error: Unicode character —å (U+044C)
(inputenc)                not set up for use with LaTeX.

See the inputenc package documentation for explanation.
Type  H <return>  for immediate help.
 ...                                              
                                                  
l.5 ...ø–∏–º–æ—Ä—Ñ–∏–∑–º –≥—Ä—É–ø–ø, —Ç–æ –µ—Å—Ç—å
                                                  
You may provide a definition with
\DeclareUnicodeCharacter 


! LaTeX Error: Something's wrong--perhaps a missing \item.

See the LaTeX manual or LaTeX Companion for explanation.
Type  H <return>  for immediate help.
 ...                                              
                                                  
l.7 			\item $
              \v(xy) = \v(x) + \v(y)$.
Try typing  <return>  to proceed.
If that doesn't work, type  X <return>  to quit.


! LaTeX Error: Something's wrong--perhaps a missing \item.

See the LaTeX manual or LaTeX Companion for explanation.
Type  H <return>  for immediate help.
 ...                                              
                                                  
l.7 			\item $
              \v(xy) = \v(x) + \v(y)$.
Try typing  <return>  to proceed.
If that doesn't work, type  X <return>  to quit.


! LaTeX Error: Something's wrong--perhaps a missing \item.

See the LaTeX manual or LaTeX Companion for explanation.
Type  H <return>  for immediate help.
 ...                                              
                                                  
l.7 			\item $
              \v(xy) = \v(x) + \v(y)$.
Try typing  <return>  to proceed.
If that doesn't work, type  X <return>  to quit.


LaTeX Warning: Command \v invalid in math mode on input line 7.


LaTeX Warning: Command \v invalid in math mode on input line 7.

! Please use \mathaccent for accents in math mode.
\add@accent ... \let \ignorespaces \relax \accent 
                                                  #1 #2\egroup \spacefactor ...
l.7 			\item $\v(
                 xy) = \v(x) + \v(y)$.
I'm changing \accent to \mathaccent here; wish me luck.
(Accents are not the same in formulas as they are in text.)

! Missing { inserted.
<to be read again> 
                   \edef 
l.7 			\item $\v(
                 xy) = \v(x) + \v(y)$.
A left brace was mandatory here, so I've put one in.
You might want to delete and/or insert some corrections
so that I will find a matching right brace soon.
(If you're confused by all this, try typing `I}' now.)

! You can't use `\spacefactor' in math mode.
\add@accent ... \accent #1 #2\egroup \spacefactor 
                                                  \accent@spacefactor 
l.7 			\item $\v(
                 xy) = \v(x) + \v(y)$.
Sorry, but I'm not programmed to handle this case;
I'll just pretend that you didn't ask for it.
If you're in the wrong mode, you might be able to
return to the right one by typing `I}' or `I$' or `I\par'.


LaTeX Warning: Command \v invalid in math mode on input line 7.

! Please use \mathaccent for accents in math mode.
\add@accent ... \let \ignorespaces \relax \accent 
                                                  #1 #2\egroup \spacefactor ...
l.7 			\item $\v(xy) = \v(
                          x) + \v(y)$.
I'm changing \accent to \mathaccent here; wish me luck.
(Accents are not the same in formulas as they are in text.)

! You can't use `\spacefactor' in math mode.
\add@accent ... \accent #1 #2\egroup \spacefactor 
                                                  \accent@spacefactor 
l.7 			\item $\v(xy) = \v(
                          x) + \v(y)$.
Sorry, but I'm not programmed to handle this case;
I'll just pretend that you didn't ask for it.
If you're in the wrong mode, you might be able to
return to the right one by typing `I}' or `I$' or `I\par'.


LaTeX Warning: Command \v invalid in math mode on input line 7.

! Please use \mathaccent for accents in math mode.
\add@accent ... \let \ignorespaces \relax \accent 
                                                  #1 #2\egroup \spacefactor ...
l.7 			\item $\v(xy) = \v(x) + \v(
                                  y)$.
I'm changing \accent to \mathaccent here; wish me luck.
(Accents are not the same in formulas as they are in text.)

! You can't use `\spacefactor' in math mode.
\add@accent ... \accent #1 #2\egroup \spacefactor 
                                                  \accent@spacefactor 
l.7 			\item $\v(xy) = \v(x) + \v(
                                  y)$.
Sorry, but I'm not programmed to handle this case;
I'll just pretend that you didn't ask for it.
If you're in the wrong mode, you might be able to
return to the right one by typing `I}' or `I$' or `I\par'.

! Missing } inserted.
<inserted text> 
                }
l.7 			\item $\v(xy) = \v(x) + \v(y)$
                                     .
I've inserted something that you may have forgotten.
(See the <inserted text> above.)
With luck, this will get me unwedged. But if you
really didn't forget anything, try typing `2' now; then
my insertion and my current dilemma will both disappear.

Missing character: There is no Ë in font cmex10!
Missing character: There is no Ë in font cmex10!
Missing character: There is no Ë in font cmex10!

! LaTeX Error: Something's wrong--perhaps a missing \item.

See the LaTeX manual or LaTeX Companion for explanation.
Type  H <return>  for immediate help.
 ...                                              
                                                  
l.8 			\item $
              \Im{\v} = \Z$ –∏–ª–∏, —á—Ç–æ —Ç–æ –∂–µ —Å–∞–º–æ–µ, $\Im{\v} \n...

Try typing  <return>  to proceed.
If that doesn't work, type  X <return>  to quit.


! LaTeX Error: Something's wrong--perhaps a missing \item.

See the LaTeX manual or LaTeX Companion for explanation.
Type  H <return>  for immediate help.
 ...                                              
                                                  
l.8 			\item $
              \Im{\v} = \Z$ –∏–ª–∏, —á—Ç–æ —Ç–æ –∂–µ —Å–∞–º–æ–µ, $\Im{\v} \n...

Try typing  <return>  to proceed.
If that doesn't work, type  X <return>  to quit.


! LaTeX Error: Something's wrong--perhaps a missing \item.

See the LaTeX manual or LaTeX Companion for explanation.
Type  H <return>  for immediate help.
 ...                                              
                                                  
l.8 			\item $
              \Im{\v} = \Z$ –∏–ª–∏, —á—Ç–æ —Ç–æ –∂–µ —Å–∞–º–æ–µ, $\Im{\v} \n...

Try typing  <return>  to proceed.
If that doesn't work, type  X <return>  to quit.


LaTeX Warning: Command \v invalid in math mode on input line 8.

! Argument of \UseTextAccent  has an extra }.
<inserted text> 
                \par 
l.8 			\item $\Im{\v}
                      = \Z$ –∏–ª–∏, —á—Ç–æ —Ç–æ –∂–µ —Å–∞–º–æ–µ, $\Im{\v} \n...
I've run across a `}' that doesn't seem to match anything.
For example, `\def\a#1{...}' and `\a}' would produce
this error. If you simply proceed now, the `\par' that
I've just inserted will cause me to report a runaway
argument that might be the root of the problem. But if
your `}' was spurious, just type `2' and it will go away.

Runaway argument?
! Paragraph ended before \UseTextAccent  was complete.
<to be read again> 
                   \par 
l.8 			\item $\Im{\v}
                      = \Z$ –∏–ª–∏, —á—Ç–æ —Ç–æ –∂–µ —Å–∞–º–æ–µ, $\Im{\v} \n...
I suspect you've forgotten a `}', causing me to apply this
control sequence to too much text. How can we recover?
My plan is to forget the whole thing and hope for the best.

! Undefined control sequence.
l.8 			\item $\Im{\v} = \Z
                          $ –∏–ª–∏, —á—Ç–æ —Ç–æ –∂–µ —Å–∞–º–æ–µ, $\Im{\v} \n...
The control sequence at the end of the top line
of your error message was never \def'ed. If you have
misspelled it (e.g., `\hobx'), type `I' and the correct
spelling (e.g., `I\hbox'). Otherwise just continue,
and I'll forget about whatever was undefined.


! Package inputenc Error: Unicode character –∏ (U+0438)
(inputenc)                not set up for use with LaTeX.

See the inputenc package documentation for explanation.
Type  H <return>  for immediate help.
 ...                                              
                                                  
l.8 			\item $\Im{\v} = \Z$ –∏
                              –ª–∏, —á—Ç–æ —Ç–æ –∂–µ —Å–∞–º–æ–µ, $\Im{\v} \n...

You may provide a definition with
\DeclareUnicodeCharacter 


! Package inputenc Error: Unicode character –ª (U+043B)
(inputenc)                not set up for use with LaTeX.

See the inputenc package documentation for explanation.
Type  H <return>  for immediate help.
 ...                                              
                                                  
l.8 			\item $\Im{\v} = \Z$ –∏–ª
                                –∏, —á—Ç–æ —Ç–æ –∂–µ —Å–∞–º–æ–µ, $\Im{\v} \n...

You may provide a definition with
\DeclareUnicodeCharacter 


! Package inputenc Error: Unicode character –∏ (U+0438)
(inputenc)                not set up for use with LaTeX.

See the inputenc package documentation for explanation.
Type  H <return>  for immediate help.
 ...                                              
                                                  
l.8 			\item $\Im{\v} = \Z$ –∏–ª–∏
                                  , —á—Ç–æ —Ç–æ –∂–µ —Å–∞–º–æ–µ, $\Im{\v} \n...

You may provide a definition with
\DeclareUnicodeCharacter 


! Package inputenc Error: Unicode character —á (U+0447)
(inputenc)                not set up for use with LaTeX.

See the inputenc package documentation for explanation.
Type  H <return>  for immediate help.
 ...                                              
                                                  
l.8 			\item $\Im{\v} = \Z$ –∏–ª–∏, —á
                                      —Ç–æ —Ç–æ –∂–µ —Å–∞–º–æ–µ, $\Im{\v} \n...

You may provide a definition with
\DeclareUnicodeCharacter 


! Package inputenc Error: Unicode character —Ç (U+0442)
(inputenc)                not set up for use with LaTeX.

See the inputenc package documentation for explanation.
Type  H <return>  for immediate help.
 ...                                              
                                                  
l.8 			\item $\Im{\v} = \Z$ –∏–ª–∏, —á—Ç
                                        –æ —Ç–æ –∂–µ —Å–∞–º–æ–µ, $\Im{\v} \n...

You may provide a definition with
\DeclareUnicodeCharacter 


! Package inputenc Error: Unicode character –æ (U+043E)
(inputenc)                not set up for use with LaTeX.

See the inputenc package documentation for explanation.
Type  H <return>  for immediate help.
 ...                                              
                                                  
l.8 			\item $\Im{\v} = \Z$ –∏–ª–∏, —á—Ç–æ
                                           —Ç–æ –∂–µ —Å–∞–º–æ–µ, $\Im{\v} \n...

You may provide a definition with
\DeclareUnicodeCharacter 


! Package inputenc Error: Unicode character —Ç (U+0442)
(inputenc)                not set up for use with LaTeX.

See the inputenc package documentation for explanation.
Type  H <return>  for immediate help.
 ...                                              
                                                  
l.8 			\item $\Im{\v} = \Z$ –∏–ª–∏, —á—Ç–æ —Ç
                                             –æ –∂–µ —Å–∞–º–æ–µ, $\Im{\v} \n...

You may provide a definition with
\DeclareUnicodeCharacter 


! Package inputenc Error: Unicode character –æ (U+043E)
(inputenc)                not set up for use with LaTeX.

See the inputenc package documentation for explanation.
Type  H <return>  for immediate help.
 ...                                              
                                                  
l.8 			\item $\Im{\v} = \Z$ –∏–ª–∏, —á—Ç–æ —Ç–æ
                                                –∂–µ —Å–∞–º–æ–µ, $\Im{\v} \n...

You may provide a definition with
\DeclareUnicodeCharacter 


! Package inputenc Error: Unicode character –∂ (U+0436)
(inputenc)                not set up for use with LaTeX.

See the inputenc package documentation for explanation.
Type  H <return>  for immediate help.
 ...                                              
                                                  
l.8 			\item $\Im{\v} = \Z$ –∏–ª–∏, —á—Ç–æ —Ç–æ –∂
                                                  –µ —Å–∞–º–æ–µ, $\Im{\v} \n...

You may provide a definition with
\DeclareUnicodeCharacter 


! Package inputenc Error: Unicode character –µ (U+0435)
(inputenc)                not set up for use with LaTeX.

See the inputenc package documentation for explanation.
Type  H <return>  for immediate help.
 ...                                              
                                                  
l.8 ...tem $\Im{\v} = \Z$ –∏–ª–∏, —á—Ç–æ —Ç–æ –∂–µ
                                                   —Å–∞–º–æ–µ, $\Im{\v} \ni 1$.

You may provide a definition with
\DeclareUnicodeCharacter 


! Package inputenc Error: Unicode character —Å (U+0441)
(inputenc)                not set up for use with LaTeX.

See the inputenc package documentation for explanation.
Type  H <return>  for immediate help.
 ...                                              
                                                  
l.8 ... $\Im{\v} = \Z$ –∏–ª–∏, —á—Ç–æ —Ç–æ –∂–µ —Å
                                                  –∞–º–æ–µ, $\Im{\v} \ni 1$.
You may provide a definition with
\DeclareUnicodeCharacter 


! Package inputenc Error: Unicode character –∞ (U+0430)
(inputenc)                not set up for use with LaTeX.

See the inputenc package documentation for explanation.
Type  H <return>  for immediate help.
 ...                                              
                                                  
l.8 ...\Im{\v} = \Z$ –∏–ª–∏, —á—Ç–æ —Ç–æ –∂–µ —Å–∞
                                                  –º–æ–µ, $\Im{\v} \ni 1$.
(That makes 100 errors; please try again.) 
Here is how much of TeX's memory you used:
 58 strings out of 480608
 1127 string characters out of 5903630
 239610 words of memory out of 5000000
 16047 multiletter control sequences out of 15000+600000
 532338 words of font info for 24 fonts, out of 8000000 for 9000
 1141 hyphenation exceptions out of 8191
 18i,8n,16p,218b,163s stack positions out of 5000i,500n,10000p,200000b,80000s

!  ==> Fatal error occurred, no output PDF file produced!
