This is pdfTeX, Version 3.14159265-2.6-1.40.21 (TeX Live 2020) (preloaded format=pdflatex 2021.3.10)  12 MAR 2024 14:28
entering extended mode
 restricted \write18 enabled.
 %&-line parsing enabled.
**"/Users/user/Documents/GitHub/Algebraic-geometry-compendium/Tex abstract/src/
lectures/6/3.tex"

(/Users/user/Documents/GitHub/Algebraic-geometry-compendium/Tex abstract/src/le
ctures/6/3.tex
LaTeX2e <2020-02-02> patch level 5
L3 programming layer <2020-03-06>

! Package inputenc Error: Unicode character –ü (U+041F)
(inputenc)                not set up for use with LaTeX.

See the inputenc package documentation for explanation.
Type  H <return>  for immediate help.
 ...                                              
                                                  
l.2 	–ü
       —É—Å—Ç—å $(K, \v)$~--- –ø–æ–ª–Ω–æ–µ –Ω–æ—Ä–º–∏—Ä–æ–≤–∞–Ω–Ω–æ–µ –ø–æ–ª...

You may provide a definition with
\DeclareUnicodeCharacter 


! Package inputenc Error: Unicode character —É (U+0443)
(inputenc)                not set up for use with LaTeX.

See the inputenc package documentation for explanation.
Type  H <return>  for immediate help.
 ...                                              
                                                  
l.2 	–ü—É
         —Å—Ç—å $(K, \v)$~--- –ø–æ–ª–Ω–æ–µ –Ω–æ—Ä–º–∏—Ä–æ–≤–∞–Ω–Ω–æ–µ –ø–æ–ª...

You may provide a definition with
\DeclareUnicodeCharacter 


! Package inputenc Error: Unicode character —Å (U+0441)
(inputenc)                not set up for use with LaTeX.

See the inputenc package documentation for explanation.
Type  H <return>  for immediate help.
 ...                                              
                                                  
l.2 	–ü—É—Å
           —Ç—å $(K, \v)$~--- –ø–æ–ª–Ω–æ–µ –Ω–æ—Ä–º–∏—Ä–æ–≤–∞–Ω–Ω–æ–µ –ø–æ–ª...

You may provide a definition with
\DeclareUnicodeCharacter 


! Package inputenc Error: Unicode character —Ç (U+0442)
(inputenc)                not set up for use with LaTeX.

See the inputenc package documentation for explanation.
Type  H <return>  for immediate help.
 ...                                              
                                                  
l.2 	–ü—É—Å—Ç
             —å $(K, \v)$~--- –ø–æ–ª–Ω–æ–µ –Ω–æ—Ä–º–∏—Ä–æ–≤–∞–Ω–Ω–æ–µ –ø–æ–ª...

You may provide a definition with
\DeclareUnicodeCharacter 


! Package inputenc Error: Unicode character —å (U+044C)
(inputenc)                not set up for use with LaTeX.

See the inputenc package documentation for explanation.
Type  H <return>  for immediate help.
 ...                                              
                                                  
l.2 	–ü—É—Å—Ç—å
                $(K, \v)$~--- –ø–æ–ª–Ω–æ–µ –Ω–æ—Ä–º–∏—Ä–æ–≤–∞–Ω–Ω–æ–µ –ø–æ–ª...

You may provide a definition with
\DeclareUnicodeCharacter 


! LaTeX Error: Missing \begin{document}.

See the LaTeX manual or LaTeX Companion for explanation.
Type  H <return>  for immediate help.
 ...                                              
                                                  
l.2 	–ü—É—Å—Ç—å $
                 (K, \v)$~--- –ø–æ–ª–Ω–æ–µ –Ω–æ—Ä–º–∏—Ä–æ–≤–∞–Ω–Ω–æ–µ –ø–æ–ª...

You're in trouble here.  Try typing  <return>  to proceed.
If that doesn't work, type  X <return>  to quit.

LaTeX Font Info:    External font `cmex10' loaded for size
(Font)              <7> on input line 2.
LaTeX Font Info:    External font `cmex10' loaded for size
(Font)              <5> on input line 2.

LaTeX Warning: Command \v invalid in math mode on input line 2.


LaTeX Warning: Command \v invalid in math mode on input line 2.

LaTeX Font Info:    Trying to load font information for +cmr on input line 2.
LaTeX Font Info:    No file cmr.fd. on input line 2.

LaTeX Font Warning: Font shape `/cmr/m/n' undefined
(Font)              using `/cmr/m/n' instead on input line 2.

! Corrupted NFSS tables.
wrong@fontshape ...message {Corrupted NFSS tables}
                                                  error@fontshape else let f...
l.2 	–ü—É—Å—Ç—å $(K, \v)
                        $~--- –ø–æ–ª–Ω–æ–µ –Ω–æ—Ä–º–∏—Ä–æ–≤–∞–Ω–Ω–æ–µ –ø–æ–ª...
This error message was generated by an \errmessage
command, so I can't give any explicit help.
Pretend that you're Hercule Poirot: Examine all clues,
and deduce the truth by order and method.


LaTeX Font Warning: Font shape `/cmr/m/n' undefined
(Font)              using `OT1/cmr/m/n' instead on input line 2.

! Please use \mathaccent for accents in math mode.
\add@accent ... \let \ignorespaces \relax \accent 
                                                  #1 #2\egroup \spacefactor ...
l.2 	–ü—É—Å—Ç—å $(K, \v)
                        $~--- –ø–æ–ª–Ω–æ–µ –Ω–æ—Ä–º–∏—Ä–æ–≤–∞–Ω–Ω–æ–µ –ø–æ–ª...
I'm changing \accent to \mathaccent here; wish me luck.
(Accents are not the same in formulas as they are in text.)

! Missing { inserted.
<to be read again> 
                   \edef 
l.2 	–ü—É—Å—Ç—å $(K, \v)
                        $~--- –ø–æ–ª–Ω–æ–µ –Ω–æ—Ä–º–∏—Ä–æ–≤–∞–Ω–Ω–æ–µ –ø–æ–ª...
A left brace was mandatory here, so I've put one in.
You might want to delete and/or insert some corrections
so that I will find a matching right brace soon.
(If you're confused by all this, try typing `I}' now.)

! You can't use `\spacefactor' in math mode.
\add@accent ... \accent #1 #2\egroup \spacefactor 
                                                  \accent@spacefactor 
l.2 	–ü—É—Å—Ç—å $(K, \v)
                        $~--- –ø–æ–ª–Ω–æ–µ –Ω–æ—Ä–º–∏—Ä–æ–≤–∞–Ω–Ω–æ–µ –ø–æ–ª...
Sorry, but I'm not programmed to handle this case;
I'll just pretend that you didn't ask for it.
If you're in the wrong mode, you might be able to
return to the right one by typing `I}' or `I$' or `I\par'.

! Missing } inserted.
<inserted text> 
                }
l.2 	–ü—É—Å—Ç—å $(K, \v)$
                         ~--- –ø–æ–ª–Ω–æ–µ –Ω–æ—Ä–º–∏—Ä–æ–≤–∞–Ω–Ω–æ–µ –ø–æ–ª...
I've inserted something that you may have forgotten.
(See the <inserted text> above.)
With luck, this will get me unwedged. But if you
really didn't forget anything, try typing `2' now; then
my insertion and my current dilemma will both disappear.

Missing character: There is no Ë in font cmex10!
Missing character: There is no - in font nullfont!
Missing character: There is no - in font nullfont!
Missing character: There is no - in font nullfont!

! Package inputenc Error: Unicode character –ø (U+043F)
(inputenc)                not set up for use with LaTeX.

See the inputenc package documentation for explanation.
Type  H <return>  for immediate help.
 ...                                              
                                                  
l.2 	–ü—É—Å—Ç—å $(K, \v)$~--- –ø
                                –æ–ª–Ω–æ–µ –Ω–æ—Ä–º–∏—Ä–æ–≤–∞–Ω–Ω–æ–µ –ø–æ–ª...

You may provide a definition with
\DeclareUnicodeCharacter 


! Package inputenc Error: Unicode character –æ (U+043E)
(inputenc)                not set up for use with LaTeX.

See the inputenc package documentation for explanation.
Type  H <return>  for immediate help.
 ...                                              
                                                  
l.2 	–ü—É—Å—Ç—å $(K, \v)$~--- –ø–æ
                                  –ª–Ω–æ–µ –Ω–æ—Ä–º–∏—Ä–æ–≤–∞–Ω–Ω–æ–µ –ø–æ–ª...

You may provide a definition with
\DeclareUnicodeCharacter 


! Package inputenc Error: Unicode character –ª (U+043B)
(inputenc)                not set up for use with LaTeX.

See the inputenc package documentation for explanation.
Type  H <return>  for immediate help.
 ...                                              
                                                  
l.2 	–ü—É—Å—Ç—å $(K, \v)$~--- –ø–æ–ª
                                    –Ω–æ–µ –Ω–æ—Ä–º–∏—Ä–æ–≤–∞–Ω–Ω–æ–µ –ø–æ–ª...

You may provide a definition with
\DeclareUnicodeCharacter 


! Package inputenc Error: Unicode character –Ω (U+043D)
(inputenc)                not set up for use with LaTeX.

See the inputenc package documentation for explanation.
Type  H <return>  for immediate help.
 ...                                              
                                                  
l.2 	–ü—É—Å—Ç—å $(K, \v)$~--- –ø–æ–ª–Ω
                                      –æ–µ –Ω–æ—Ä–º–∏—Ä–æ–≤–∞–Ω–Ω–æ–µ –ø–æ–ª...

You may provide a definition with
\DeclareUnicodeCharacter 


! Package inputenc Error: Unicode character –æ (U+043E)
(inputenc)                not set up for use with LaTeX.

See the inputenc package documentation for explanation.
Type  H <return>  for immediate help.
 ...                                              
                                                  
l.2 	–ü—É—Å—Ç—å $(K, \v)$~--- –ø–æ–ª–Ω–æ
                                        –µ –Ω–æ—Ä–º–∏—Ä–æ–≤–∞–Ω–Ω–æ–µ –ø–æ–ª...

You may provide a definition with
\DeclareUnicodeCharacter 


! Package inputenc Error: Unicode character –µ (U+0435)
(inputenc)                not set up for use with LaTeX.

See the inputenc package documentation for explanation.
Type  H <return>  for immediate help.
 ...                                              
                                                  
l.2 	–ü—É—Å—Ç—å $(K, \v)$~--- –ø–æ–ª–Ω–æ–µ
                                           –Ω–æ—Ä–º–∏—Ä–æ–≤–∞–Ω–Ω–æ–µ –ø–æ–ª...

You may provide a definition with
\DeclareUnicodeCharacter 


! Package inputenc Error: Unicode character –Ω (U+043D)
(inputenc)                not set up for use with LaTeX.

See the inputenc package documentation for explanation.
Type  H <return>  for immediate help.
 ...                                              
                                                  
l.2 	–ü—É—Å—Ç—å $(K, \v)$~--- –ø–æ–ª–Ω–æ–µ –Ω
                                             –æ—Ä–º–∏—Ä–æ–≤–∞–Ω–Ω–æ–µ –ø–æ–ª...

You may provide a definition with
\DeclareUnicodeCharacter 


! Package inputenc Error: Unicode character –æ (U+043E)
(inputenc)                not set up for use with LaTeX.

See the inputenc package documentation for explanation.
Type  H <return>  for immediate help.
 ...                                              
                                                  
l.2 	–ü—É—Å—Ç—å $(K, \v)$~--- –ø–æ–ª–Ω–æ–µ –Ω–æ
                                               —Ä–º–∏—Ä–æ–≤–∞–Ω–Ω–æ–µ –ø–æ–ª...

You may provide a definition with
\DeclareUnicodeCharacter 


! Package inputenc Error: Unicode character —Ä (U+0440)
(inputenc)                not set up for use with LaTeX.

See the inputenc package documentation for explanation.
Type  H <return>  for immediate help.
 ...                                              
                                                  
l.2 	–ü—É—Å—Ç—å $(K, \v)$~--- –ø–æ–ª–Ω–æ–µ –Ω–æ—Ä
                                                 –º–∏—Ä–æ–≤–∞–Ω–Ω–æ–µ –ø–æ–ª...

You may provide a definition with
\DeclareUnicodeCharacter 


! Package inputenc Error: Unicode character –º (U+043C)
(inputenc)                not set up for use with LaTeX.

See the inputenc package documentation for explanation.
Type  H <return>  for immediate help.
 ...                                              
                                                  
l.2 ...É—Å—Ç—å $(K, \v)$~--- –ø–æ–ª–Ω–æ–µ –Ω–æ—Ä–º
                                                  –∏—Ä–æ–≤–∞–Ω–Ω–æ–µ –ø–æ–ª–...

You may provide a definition with
\DeclareUnicodeCharacter 


! Package inputenc Error: Unicode character –∏ (U+0438)
(inputenc)                not set up for use with LaTeX.

See the inputenc package documentation for explanation.
Type  H <return>  for immediate help.
 ...                                              
                                                  
l.2 ...Å—Ç—å $(K, \v)$~--- –ø–æ–ª–Ω–æ–µ –Ω–æ—Ä–º–∏
                                                  —Ä–æ–≤–∞–Ω–Ω–æ–µ –ø–æ–ª–µ,...

You may provide a definition with
\DeclareUnicodeCharacter 


! Package inputenc Error: Unicode character —Ä (U+0440)
(inputenc)                not set up for use with LaTeX.

See the inputenc package documentation for explanation.
Type  H <return>  for immediate help.
 ...                                              
                                                  
l.2 ...Ç—å $(K, \v)$~--- –ø–æ–ª–Ω–æ–µ –Ω–æ—Ä–º–∏—Ä
                                                  –æ–≤–∞–Ω–Ω–æ–µ –ø–æ–ª–µ, $...

You may provide a definition with
\DeclareUnicodeCharacter 


! Package inputenc Error: Unicode character –æ (U+043E)
(inputenc)                not set up for use with LaTeX.

See the inputenc package documentation for explanation.
Type  H <return>  for immediate help.
 ...                                              
                                                  
l.2 ...å $(K, \v)$~--- –ø–æ–ª–Ω–æ–µ –Ω–æ—Ä–º–∏—Ä–æ
                                                  –≤–∞–Ω–Ω–æ–µ –ø–æ–ª–µ, $L/...

You may provide a definition with
\DeclareUnicodeCharacter 


! Package inputenc Error: Unicode character –≤ (U+0432)
(inputenc)                not set up for use with LaTeX.

See the inputenc package documentation for explanation.
Type  H <return>  for immediate help.
 ...                                              
                                                  
l.2 ...$(K, \v)$~--- –ø–æ–ª–Ω–æ–µ –Ω–æ—Ä–º–∏—Ä–æ–≤
                                                  –∞–Ω–Ω–æ–µ –ø–æ–ª–µ, $L/K$...

You may provide a definition with
\DeclareUnicodeCharacter 


! Package inputenc Error: Unicode character –∞ (U+0430)
(inputenc)                not set up for use with LaTeX.

See the inputenc package documentation for explanation.
Type  H <return>  for immediate help.
 ...                                              
                                                  
l.2 ...K, \v)$~--- –ø–æ–ª–Ω–æ–µ –Ω–æ—Ä–º–∏—Ä–æ–≤–∞
                                                  –Ω–Ω–æ–µ –ø–æ–ª–µ, $L/K$~-...

You may provide a definition with
\DeclareUnicodeCharacter 


! Package inputenc Error: Unicode character –Ω (U+043D)
(inputenc)                not set up for use with LaTeX.

See the inputenc package documentation for explanation.
Type  H <return>  for immediate help.
 ...                                              
                                                  
l.2 ... \v)$~--- –ø–æ–ª–Ω–æ–µ –Ω–æ—Ä–º–∏—Ä–æ–≤–∞–Ω
                                                  –Ω–æ–µ –ø–æ–ª–µ, $L/K$~---...

You may provide a definition with
\DeclareUnicodeCharacter 


! Package inputenc Error: Unicode character –Ω (U+043D)
(inputenc)                not set up for use with LaTeX.

See the inputenc package documentation for explanation.
Type  H <return>  for immediate help.
 ...                                              
                                                  
l.2 ...v)$~--- –ø–æ–ª–Ω–æ–µ –Ω–æ—Ä–º–∏—Ä–æ–≤–∞–Ω–Ω
                                                  –æ–µ –ø–æ–ª–µ, $L/K$~--- –...

You may provide a definition with
\DeclareUnicodeCharacter 


! Package inputenc Error: Unicode character –æ (U+043E)
(inputenc)                not set up for use with LaTeX.

See the inputenc package documentation for explanation.
Type  H <return>  for immediate help.
 ...                                              
                                                  
l.2 ...$~--- –ø–æ–ª–Ω–æ–µ –Ω–æ—Ä–º–∏—Ä–æ–≤–∞–Ω–Ω–æ
                                                  –µ –ø–æ–ª–µ, $L/K$~--- –∫–...

You may provide a definition with
\DeclareUnicodeCharacter 


! Package inputenc Error: Unicode character –µ (U+0435)
(inputenc)                not set up for use with LaTeX.

See the inputenc package documentation for explanation.
Type  H <return>  for immediate help.
 ...                                              
                                                  
l.2 ...--- –ø–æ–ª–Ω–æ–µ –Ω–æ—Ä–º–∏—Ä–æ–≤–∞–Ω–Ω–æ–µ
                                                   –ø–æ–ª–µ, $L/K$~--- –∫–æ–...

You may provide a definition with
\DeclareUnicodeCharacter 


! Package inputenc Error: Unicode character –ø (U+043F)
(inputenc)                not set up for use with LaTeX.

See the inputenc package documentation for explanation.
Type  H <return>  for immediate help.
 ...                                              
                                                  
l.2 ... –ø–æ–ª–Ω–æ–µ –Ω–æ—Ä–º–∏—Ä–æ–≤–∞–Ω–Ω–æ–µ –ø
                                                  –æ–ª–µ, $L/K$~--- –∫–æ–Ω–µ...

You may provide a definition with
\DeclareUnicodeCharacter 


! Package inputenc Error: Unicode character –æ (U+043E)
(inputenc)                not set up for use with LaTeX.

See the inputenc package documentation for explanation.
Type  H <return>  for immediate help.
 ...                                              
                                                  
l.2 ...ø–æ–ª–Ω–æ–µ –Ω–æ—Ä–º–∏—Ä–æ–≤–∞–Ω–Ω–æ–µ –ø–æ
                                                  –ª–µ, $L/K$~--- –∫–æ–Ω–µ—á...

You may provide a definition with
\DeclareUnicodeCharacter 


! Package inputenc Error: Unicode character –ª (U+043B)
(inputenc)                not set up for use with LaTeX.

See the inputenc package documentation for explanation.
Type  H <return>  for immediate help.
 ...                                              
                                                  
l.2 ...æ–ª–Ω–æ–µ –Ω–æ—Ä–º–∏—Ä–æ–≤–∞–Ω–Ω–æ–µ –ø–æ–ª
                                                  –µ, $L/K$~--- –∫–æ–Ω–µ—á–Ω...

You may provide a definition with
\DeclareUnicodeCharacter 


! Package inputenc Error: Unicode character –µ (U+0435)
(inputenc)                not set up for use with LaTeX.

See the inputenc package documentation for explanation.
Type  H <return>  for immediate help.
 ...                                              
                                                  
l.2 ...ª–Ω–æ–µ –Ω–æ—Ä–º–∏—Ä–æ–≤–∞–Ω–Ω–æ–µ –ø–æ–ª–µ
                                                  , $L/K$~--- –∫–æ–Ω–µ—á–Ω–æ...

You may provide a definition with
\DeclareUnicodeCharacter 

Missing character: There is no , in font nullfont!
Missing character: There is no - in font nullfont!
Missing character: There is no - in font nullfont!
Missing character: There is no - in font nullfont!

! Package inputenc Error: Unicode character –∫ (U+043A)
(inputenc)                not set up for use with LaTeX.

See the inputenc package documentation for explanation.
Type  H <return>  for immediate help.
 ...                                              
                                                  
l.2 ...–º–∏—Ä–æ–≤–∞–Ω–Ω–æ–µ –ø–æ–ª–µ, $L/K$~--- –∫
                                                  –æ–Ω–µ—á–Ω–æ–µ —Ä–∞—Å—à–∏—...

You may provide a definition with
\DeclareUnicodeCharacter 


! Package inputenc Error: Unicode character –æ (U+043E)
(inputenc)                not set up for use with LaTeX.

See the inputenc package documentation for explanation.
Type  H <return>  for immediate help.
 ...                                              
                                                  
l.2 ...–∏—Ä–æ–≤–∞–Ω–Ω–æ–µ –ø–æ–ª–µ, $L/K$~--- –∫–æ
                                                  –Ω–µ—á–Ω–æ–µ —Ä–∞—Å—à–∏—Ä–...

You may provide a definition with
\DeclareUnicodeCharacter 


! Package inputenc Error: Unicode character –Ω (U+043D)
(inputenc)                not set up for use with LaTeX.

See the inputenc package documentation for explanation.
Type  H <return>  for immediate help.
 ...                                              
                                                  
l.2 ...—Ä–æ–≤–∞–Ω–Ω–æ–µ –ø–æ–ª–µ, $L/K$~--- –∫–æ–Ω
                                                  –µ—á–Ω–æ–µ —Ä–∞—Å—à–∏—Ä–µ–...

You may provide a definition with
\DeclareUnicodeCharacter 


! Package inputenc Error: Unicode character –µ (U+0435)
(inputenc)                not set up for use with LaTeX.

See the inputenc package documentation for explanation.
Type  H <return>  for immediate help.
 ...                                              
                                                  
l.2 ...–æ–≤–∞–Ω–Ω–æ–µ –ø–æ–ª–µ, $L/K$~--- –∫–æ–Ω–µ
                                                  —á–Ω–æ–µ —Ä–∞—Å—à–∏—Ä–µ–Ω–...

You may provide a definition with
\DeclareUnicodeCharacter 


! Package inputenc Error: Unicode character —á (U+0447)
(inputenc)                not set up for use with LaTeX.

See the inputenc package documentation for explanation.
Type  H <return>  for immediate help.
 ...                                              
                                                  
l.2 ...–≤–∞–Ω–Ω–æ–µ –ø–æ–ª–µ, $L/K$~--- –∫–æ–Ω–µ—á
                                                  –Ω–æ–µ —Ä–∞—Å—à–∏—Ä–µ–Ω–∏–...

You may provide a definition with
\DeclareUnicodeCharacter 


! Package inputenc Error: Unicode character –Ω (U+043D)
(inputenc)                not set up for use with LaTeX.

See the inputenc package documentation for explanation.
Type  H <return>  for immediate help.
 ...                                              
                                                  
l.2 ...–∞–Ω–Ω–æ–µ –ø–æ–ª–µ, $L/K$~--- –∫–æ–Ω–µ—á–Ω
                                                  –æ–µ —Ä–∞—Å—à–∏—Ä–µ–Ω–∏–µ ...

You may provide a definition with
\DeclareUnicodeCharacter 


! Package inputenc Error: Unicode character –æ (U+043E)
(inputenc)                not set up for use with LaTeX.

See the inputenc package documentation for explanation.
Type  H <return>  for immediate help.
 ...                                              
                                                  
l.2 ...–Ω–Ω–æ–µ –ø–æ–ª–µ, $L/K$~--- –∫–æ–Ω–µ—á–Ω–æ
                                                  –µ —Ä–∞—Å—à–∏—Ä–µ–Ω–∏–µ (–...

You may provide a definition with
\DeclareUnicodeCharacter 


! Package inputenc Error: Unicode character –µ (U+0435)
(inputenc)                not set up for use with LaTeX.

See the inputenc package documentation for explanation.
Type  H <return>  for immediate help.
 ...                                              
                                                  
l.2 ...–Ω–æ–µ –ø–æ–ª–µ, $L/K$~--- –∫–æ–Ω–µ—á–Ω–æ–µ
                                                   —Ä–∞—Å—à–∏—Ä–µ–Ω–∏–µ (–Ω–...

You may provide a definition with
\DeclareUnicodeCharacter 


! Package inputenc Error: Unicode character —Ä (U+0440)
(inputenc)                not set up for use with LaTeX.

See the inputenc package documentation for explanation.
Type  H <return>  for immediate help.
 ...                                              
                                                  
l.2 ...æ–µ –ø–æ–ª–µ, $L/K$~--- –∫–æ–Ω–µ—á–Ω–æ–µ —Ä
                                                  –∞—Å—à–∏—Ä–µ–Ω–∏–µ (–Ω–∞ –...

You may provide a definition with
\DeclareUnicodeCharacter 


! Package inputenc Error: Unicode character –∞ (U+0430)
(inputenc)                not set up for use with LaTeX.

See the inputenc package documentation for explanation.
Type  H <return>  for immediate help.
 ...                                              
                                                  
l.2 ...µ –ø–æ–ª–µ, $L/K$~--- –∫–æ–Ω–µ—á–Ω–æ–µ —Ä–∞
                                                  —Å—à–∏—Ä–µ–Ω–∏–µ (–Ω–∞ –∫–...

You may provide a definition with
\DeclareUnicodeCharacter 


! Package inputenc Error: Unicode character —Å (U+0441)
(inputenc)                not set up for use with LaTeX.

See the inputenc package documentation for explanation.
Type  H <return>  for immediate help.
 ...                                              
                                                  
l.2 ...–ø–æ–ª–µ, $L/K$~--- –∫–æ–Ω–µ—á–Ω–æ–µ —Ä–∞—Å
                                                  —à–∏—Ä–µ–Ω–∏–µ (–Ω–∞ –∫–æ—...

You may provide a definition with
\DeclareUnicodeCharacter 


! Package inputenc Error: Unicode character —à (U+0448)
(inputenc)                not set up for use with LaTeX.

See the inputenc package documentation for explanation.
Type  H <return>  for immediate help.
 ...                                              
                                                  
l.2 ...–æ–ª–µ, $L/K$~--- –∫–æ–Ω–µ—á–Ω–æ–µ —Ä–∞—Å—à
                                                  –∏—Ä–µ–Ω–∏–µ (–Ω–∞ –∫–æ—Ç–...

You may provide a definition with
\DeclareUnicodeCharacter 


! Package inputenc Error: Unicode character –∏ (U+0438)
(inputenc)                not set up for use with LaTeX.

See the inputenc package documentation for explanation.
Type  H <return>  for immediate help.
 ...                                              
                                                  
l.2 ...–ª–µ, $L/K$~--- –∫–æ–Ω–µ—á–Ω–æ–µ —Ä–∞—Å—à–∏
                                                  —Ä–µ–Ω–∏–µ (–Ω–∞ –∫–æ—Ç–æ—...

You may provide a definition with
\DeclareUnicodeCharacter 


! Package inputenc Error: Unicode character —Ä (U+0440)
(inputenc)                not set up for use with LaTeX.

See the inputenc package documentation for explanation.
Type  H <return>  for immediate help.
 ...                                              
                                                  
l.2 ...–µ, $L/K$~--- –∫–æ–Ω–µ—á–Ω–æ–µ —Ä–∞—Å—à–∏—Ä
                                                  –µ–Ω–∏–µ (–Ω–∞ –∫–æ—Ç–æ—Ä–...

You may provide a definition with
\DeclareUnicodeCharacter 


! Package inputenc Error: Unicode character –µ (U+0435)
(inputenc)                not set up for use with LaTeX.

See the inputenc package documentation for explanation.
Type  H <return>  for immediate help.
 ...                                              
                                                  
l.2 ..., $L/K$~--- –∫–æ–Ω–µ—á–Ω–æ–µ —Ä–∞—Å—à–∏—Ä–µ
                                                  –Ω–∏–µ (–Ω–∞ –∫–æ—Ç–æ—Ä–æ–...

You may provide a definition with
\DeclareUnicodeCharacter 


! Package inputenc Error: Unicode character –Ω (U+043D)
(inputenc)                not set up for use with LaTeX.

See the inputenc package documentation for explanation.
Type  H <return>  for immediate help.
 ...                                              
                                                  
l.2 ...$L/K$~--- –∫–æ–Ω–µ—á–Ω–æ–µ —Ä–∞—Å—à–∏—Ä–µ–Ω
                                                  –∏–µ (–Ω–∞ –∫–æ—Ç–æ—Ä–æ–µ ...

You may provide a definition with
\DeclareUnicodeCharacter 


! Package inputenc Error: Unicode character –∏ (U+0438)
(inputenc)                not set up for use with LaTeX.

See the inputenc package documentation for explanation.
Type  H <return>  for immediate help.
 ...                                              
                                                  
l.2 .../K$~--- –∫–æ–Ω–µ—á–Ω–æ–µ —Ä–∞—Å—à–∏—Ä–µ–Ω–∏
                                                  –µ (–Ω–∞ –∫–æ—Ç–æ—Ä–æ–µ –º...

You may provide a definition with
\DeclareUnicodeCharacter 


! Package inputenc Error: Unicode character –µ (U+0435)
(inputenc)                not set up for use with LaTeX.

See the inputenc package documentation for explanation.
Type  H <return>  for immediate help.
 ...                                              
                                                  
l.2 ...$~--- –∫–æ–Ω–µ—á–Ω–æ–µ —Ä–∞—Å—à–∏—Ä–µ–Ω–∏–µ
                                                   (–Ω–∞ –∫–æ—Ç–æ—Ä–æ–µ –º—ã...

You may provide a definition with
\DeclareUnicodeCharacter 

Missing character: There is no ( in font nullfont!

! Package inputenc Error: Unicode character –Ω (U+043D)
(inputenc)                not set up for use with LaTeX.

See the inputenc package documentation for explanation.
Type  H <return>  for immediate help.
 ...                                              
                                                  
l.2 ...- –∫–æ–Ω–µ—á–Ω–æ–µ —Ä–∞—Å—à–∏—Ä–µ–Ω–∏–µ (–Ω
                                                  –∞ –∫–æ—Ç–æ—Ä–æ–µ –º—ã –º–...

You may provide a definition with
\DeclareUnicodeCharacter 


! Package inputenc Error: Unicode character –∞ (U+0430)
(inputenc)                not set up for use with LaTeX.

See the inputenc package documentation for explanation.
Type  H <return>  for immediate help.
 ...                                              
                                                  
l.2 ...–∫–æ–Ω–µ—á–Ω–æ–µ —Ä–∞—Å—à–∏—Ä–µ–Ω–∏–µ (–Ω–∞
                                                   –∫–æ—Ç–æ—Ä–æ–µ –º—ã –º–æ–...

You may provide a definition with
\DeclareUnicodeCharacter 


! Package inputenc Error: Unicode character –∫ (U+043A)
(inputenc)                not set up for use with LaTeX.

See the inputenc package documentation for explanation.
Type  H <return>  for immediate help.
 ...                                              
                                                  
l.2 ...æ–Ω–µ—á–Ω–æ–µ —Ä–∞—Å—à–∏—Ä–µ–Ω–∏–µ (–Ω–∞ –∫
                                                  –æ—Ç–æ—Ä–æ–µ –º—ã –º–æ–∂–µ...

You may provide a definition with
\DeclareUnicodeCharacter 


! Package inputenc Error: Unicode character –æ (U+043E)
(inputenc)                not set up for use with LaTeX.

See the inputenc package documentation for explanation.
Type  H <return>  for immediate help.
 ...                                              
                                                  
l.2 ...Ω–µ—á–Ω–æ–µ —Ä–∞—Å—à–∏—Ä–µ–Ω–∏–µ (–Ω–∞ –∫–æ
                                                  —Ç–æ—Ä–æ–µ –º—ã –º–æ–∂–µ–º...

You may provide a definition with
\DeclareUnicodeCharacter 


! Package inputenc Error: Unicode character —Ç (U+0442)
(inputenc)                not set up for use with LaTeX.

See the inputenc package documentation for explanation.
Type  H <return>  for immediate help.
 ...                                              
                                                  
l.2 ...µ—á–Ω–æ–µ —Ä–∞—Å—à–∏—Ä–µ–Ω–∏–µ (–Ω–∞ –∫–æ—Ç
                                                  –æ—Ä–æ–µ –º—ã –º–æ–∂–µ–º –...

You may provide a definition with
\DeclareUnicodeCharacter 


! Package inputenc Error: Unicode character –æ (U+043E)
(inputenc)                not set up for use with LaTeX.

See the inputenc package documentation for explanation.
Type  H <return>  for immediate help.
 ...                                              
                                                  
l.2 ...á–Ω–æ–µ —Ä–∞—Å—à–∏—Ä–µ–Ω–∏–µ (–Ω–∞ –∫–æ—Ç–æ
                                                  —Ä–æ–µ –º—ã –º–æ–∂–µ–º –ø—...

You may provide a definition with
\DeclareUnicodeCharacter 


! Package inputenc Error: Unicode character —Ä (U+0440)
(inputenc)                not set up for use with LaTeX.

See the inputenc package documentation for explanation.
Type  H <return>  for immediate help.
 ...                                              
                                                  
l.2 ...Ω–æ–µ —Ä–∞—Å—à–∏—Ä–µ–Ω–∏–µ (–Ω–∞ –∫–æ—Ç–æ—Ä
                                                  –æ–µ –º—ã –º–æ–∂–µ–º –ø—Ä–...

You may provide a definition with
\DeclareUnicodeCharacter 


! Package inputenc Error: Unicode character –æ (U+043E)
(inputenc)                not set up for use with LaTeX.

See the inputenc package documentation for explanation.
Type  H <return>  for immediate help.
 ...                                              
                                                  
l.2 ...æ–µ —Ä–∞—Å—à–∏—Ä–µ–Ω–∏–µ (–Ω–∞ –∫–æ—Ç–æ—Ä–æ
                                                  –µ –º—ã –º–æ–∂–µ–º –ø—Ä–æ–...

You may provide a definition with
\DeclareUnicodeCharacter 


! Package inputenc Error: Unicode character –µ (U+0435)
(inputenc)                not set up for use with LaTeX.

See the inputenc package documentation for explanation.
Type  H <return>  for immediate help.
 ...                                              
                                                  
l.2 ...µ —Ä–∞—Å—à–∏—Ä–µ–Ω–∏–µ (–Ω–∞ –∫–æ—Ç–æ—Ä–æ–µ
                                                   –º—ã –º–æ–∂–µ–º –ø—Ä–æ–¥–...

You may provide a definition with
\DeclareUnicodeCharacter 


! Package inputenc Error: Unicode character –º (U+043C)
(inputenc)                not set up for use with LaTeX.

See the inputenc package documentation for explanation.
Type  H <return>  for immediate help.
 ...                                              
                                                  
l.2 ...Ä–∞—Å—à–∏—Ä–µ–Ω–∏–µ (–Ω–∞ –∫–æ—Ç–æ—Ä–æ–µ –º
                                                  —ã –º–æ–∂–µ–º –ø—Ä–æ–¥–æ–ª...

You may provide a definition with
\DeclareUnicodeCharacter 


! Package inputenc Error: Unicode character —ã (U+044B)
(inputenc)                not set up for use with LaTeX.

See the inputenc package documentation for explanation.
Type  H <return>  for immediate help.
 ...                                              
                                                  
l.2 ...∞—Å—à–∏—Ä–µ–Ω–∏–µ (–Ω–∞ –∫–æ—Ç–æ—Ä–æ–µ –º—ã
                                                   –º–æ–∂–µ–º –ø—Ä–æ–¥–æ–ª–∂...

You may provide a definition with
\DeclareUnicodeCharacter 


! Package inputenc Error: Unicode character –º (U+043C)
(inputenc)                not set up for use with LaTeX.

See the inputenc package documentation for explanation.
Type  H <return>  for immediate help.
 ...                                              
                                                  
l.2 ...—à–∏—Ä–µ–Ω–∏–µ (–Ω–∞ –∫–æ—Ç–æ—Ä–æ–µ –º—ã –º
                                                  –æ–∂–µ–º –ø—Ä–æ–¥–æ–ª–∂–∏—...

You may provide a definition with
\DeclareUnicodeCharacter 


! Package inputenc Error: Unicode character –æ (U+043E)
(inputenc)                not set up for use with LaTeX.

See the inputenc package documentation for explanation.
Type  H <return>  for immediate help.
 ...                                              
                                                  
l.2 ...–∏—Ä–µ–Ω–∏–µ (–Ω–∞ –∫–æ—Ç–æ—Ä–æ–µ –º—ã –º–æ
                                                  –∂–µ–º –ø—Ä–æ–¥–æ–ª–∂–∏—Ç—...

You may provide a definition with
\DeclareUnicodeCharacter 


! Package inputenc Error: Unicode character –∂ (U+0436)
(inputenc)                not set up for use with LaTeX.

See the inputenc package documentation for explanation.
Type  H <return>  for immediate help.
 ...                                              
                                                  
l.2 ...—Ä–µ–Ω–∏–µ (–Ω–∞ –∫–æ—Ç–æ—Ä–æ–µ –º—ã –º–æ–∂
                                                  –µ–º –ø—Ä–æ–¥–æ–ª–∂–∏—Ç—å ...

You may provide a definition with
\DeclareUnicodeCharacter 


! Package inputenc Error: Unicode character –µ (U+0435)
(inputenc)                not set up for use with LaTeX.

See the inputenc package documentation for explanation.
Type  H <return>  for immediate help.
 ...                                              
                                                  
l.2 ...–µ–Ω–∏–µ (–Ω–∞ –∫–æ—Ç–æ—Ä–æ–µ –º—ã –º–æ–∂–µ
                                                  –º –ø—Ä–æ–¥–æ–ª–∂–∏—Ç—å –Ω...

You may provide a definition with
\DeclareUnicodeCharacter 


! Package inputenc Error: Unicode character –º (U+043C)
(inputenc)                not set up for use with LaTeX.

See the inputenc package documentation for explanation.
Type  H <return>  for immediate help.
 ...                                              
                                                  
l.2 ...–Ω–∏–µ (–Ω–∞ –∫–æ—Ç–æ—Ä–æ–µ –º—ã –º–æ–∂–µ–º
                                                   –ø—Ä–æ–¥–æ–ª–∂–∏—Ç—å –Ω–æ...

You may provide a definition with
\DeclareUnicodeCharacter 


! Package inputenc Error: Unicode character –ø (U+043F)
(inputenc)                not set up for use with LaTeX.

See the inputenc package documentation for explanation.
Type  H <return>  for immediate help.
 ...                                              
                                                  
l.2 ...∏–µ (–Ω–∞ –∫–æ—Ç–æ—Ä–æ–µ –º—ã –º–æ–∂–µ–º –ø
                                                  —Ä–æ–¥–æ–ª–∂–∏—Ç—å –Ω–æ—Ä–...

You may provide a definition with
\DeclareUnicodeCharacter 


! Package inputenc Error: Unicode character —Ä (U+0440)
(inputenc)                not set up for use with LaTeX.

See the inputenc package documentation for explanation.
Type  H <return>  for immediate help.
 ...                                              
                                                  
l.2 ...µ (–Ω–∞ –∫–æ—Ç–æ—Ä–æ–µ –º—ã –º–æ–∂–µ–º –ø—Ä
                                                  –æ–¥–æ–ª–∂–∏—Ç—å –Ω–æ—Ä–º–...

You may provide a definition with
\DeclareUnicodeCharacter 


! Package inputenc Error: Unicode character –æ (U+043E)
(inputenc)                not set up for use with LaTeX.

See the inputenc package documentation for explanation.
Type  H <return>  for immediate help.
 ...                                              
                                                  
l.2 ...(–Ω–∞ –∫–æ—Ç–æ—Ä–æ–µ –º—ã –º–æ–∂–µ–º –ø—Ä–æ
                                                  –¥–æ–ª–∂–∏—Ç—å –Ω–æ—Ä–º–∏—...

You may provide a definition with
\DeclareUnicodeCharacter 


! Package inputenc Error: Unicode character –¥ (U+0434)
(inputenc)                not set up for use with LaTeX.

See the inputenc package documentation for explanation.
Type  H <return>  for immediate help.
 ...                                              
                                                  
l.2 ...Ω–∞ –∫–æ—Ç–æ—Ä–æ–µ –º—ã –º–æ–∂–µ–º –ø—Ä–æ–¥
                                                  –æ–ª–∂–∏—Ç—å –Ω–æ—Ä–º–∏—Ä–...

You may provide a definition with
\DeclareUnicodeCharacter 


! Package inputenc Error: Unicode character –æ (U+043E)
(inputenc)                not set up for use with LaTeX.

See the inputenc package documentation for explanation.
Type  H <return>  for immediate help.
 ...                                              
                                                  
l.2 ...∞ –∫–æ—Ç–æ—Ä–æ–µ –º—ã –º–æ–∂–µ–º –ø—Ä–æ–¥–æ
                                                  –ª–∂–∏—Ç—å –Ω–æ—Ä–º–∏—Ä–æ–...

You may provide a definition with
\DeclareUnicodeCharacter 


! Package inputenc Error: Unicode character –ª (U+043B)
(inputenc)                not set up for use with LaTeX.

See the inputenc package documentation for explanation.
Type  H <return>  for immediate help.
 ...                                              
                                                  
l.2 ...–∫–æ—Ç–æ—Ä–æ–µ –º—ã –º–æ–∂–µ–º –ø—Ä–æ–¥–æ–ª
                                                  –∂–∏—Ç—å –Ω–æ—Ä–º–∏—Ä–æ–≤–...

You may provide a definition with
\DeclareUnicodeCharacter 


! Package inputenc Error: Unicode character –∂ (U+0436)
(inputenc)                not set up for use with LaTeX.

See the inputenc package documentation for explanation.
Type  H <return>  for immediate help.
 ...                                              
                                                  
l.2 ...–æ—Ç–æ—Ä–æ–µ –º—ã –º–æ–∂–µ–º –ø—Ä–æ–¥–æ–ª–∂
                                                  –∏—Ç—å –Ω–æ—Ä–º–∏—Ä–æ–≤–∞–...

You may provide a definition with
\DeclareUnicodeCharacter 


! Package inputenc Error: Unicode character –∏ (U+0438)
(inputenc)                not set up for use with LaTeX.

See the inputenc package documentation for explanation.
Type  H <return>  for immediate help.
 ...                                              
                                                  
l.2 ...—Ç–æ—Ä–æ–µ –º—ã –º–æ–∂–µ–º –ø—Ä–æ–¥–æ–ª–∂–∏
                                                  —Ç—å –Ω–æ—Ä–º–∏—Ä–æ–≤–∞–Ω–...

You may provide a definition with
\DeclareUnicodeCharacter 


! Package inputenc Error: Unicode character —Ç (U+0442)
(inputenc)                not set up for use with LaTeX.

See the inputenc package documentation for explanation.
Type  H <return>  for immediate help.
 ...                                              
                                                  
l.2 ...–æ—Ä–æ–µ –º—ã –º–æ–∂–µ–º –ø—Ä–æ–¥–æ–ª–∂–∏—Ç
                                                  —å –Ω–æ—Ä–º–∏—Ä–æ–≤–∞–Ω–∏–...

You may provide a definition with
\DeclareUnicodeCharacter 


! Package inputenc Error: Unicode character —å (U+044C)
(inputenc)                not set up for use with LaTeX.

See the inputenc package documentation for explanation.
Type  H <return>  for immediate help.
 ...                                              
                                                  
l.2 ...—Ä–æ–µ –º—ã –º–æ–∂–µ–º –ø—Ä–æ–¥–æ–ª–∂–∏—Ç—å
                                                   –Ω–æ—Ä–º–∏—Ä–æ–≤–∞–Ω–∏–µ)...

You may provide a definition with
\DeclareUnicodeCharacter 


! Package inputenc Error: Unicode character –Ω (U+043D)
(inputenc)                not set up for use with LaTeX.

See the inputenc package documentation for explanation.
Type  H <return>  for immediate help.
 ...                                              
                                                  
l.2 ...æ–µ –º—ã –º–æ–∂–µ–º –ø—Ä–æ–¥–æ–ª–∂–∏—Ç—å –Ω
                                                  –æ—Ä–º–∏—Ä–æ–≤–∞–Ω–∏–µ), –∞
You may provide a definition with
\DeclareUnicodeCharacter 


! Package inputenc Error: Unicode character –æ (U+043E)
(inputenc)                not set up for use with LaTeX.

See the inputenc package documentation for explanation.
Type  H <return>  for immediate help.
 ...                                              
                                                  
l.2 ...µ –º—ã –º–æ–∂–µ–º –ø—Ä–æ–¥–æ–ª–∂–∏—Ç—å –Ω–æ
                                                  —Ä–º–∏—Ä–æ–≤–∞–Ω–∏–µ), –∞
You may provide a definition with
\DeclareUnicodeCharacter 


! Package inputenc Error: Unicode character —Ä (U+0440)
(inputenc)                not set up for use with LaTeX.

See the inputenc package documentation for explanation.
Type  H <return>  for immediate help.
 ...                                              
                                                  
l.2 ...–º—ã –º–æ–∂–µ–º –ø—Ä–æ–¥–æ–ª–∂–∏—Ç—å –Ω–æ—Ä
                                                  –º–∏—Ä–æ–≤–∞–Ω–∏–µ), –∞
You may provide a definition with
\DeclareUnicodeCharacter 


! Package inputenc Error: Unicode character –º (U+043C)
(inputenc)                not set up for use with LaTeX.

See the inputenc package documentation for explanation.
Type  H <return>  for immediate help.
 ...                                              
                                                  
l.2 ...—ã –º–æ–∂–µ–º –ø—Ä–æ–¥–æ–ª–∂–∏—Ç—å –Ω–æ—Ä–º
                                                  –∏—Ä–æ–≤–∞–Ω–∏–µ), –∞
You may provide a definition with
\DeclareUnicodeCharacter 


! Package inputenc Error: Unicode character –∏ (U+0438)
(inputenc)                not set up for use with LaTeX.

See the inputenc package documentation for explanation.
Type  H <return>  for immediate help.
 ...                                              
                                                  
l.2 ... –º–æ–∂–µ–º –ø—Ä–æ–¥–æ–ª–∂–∏—Ç—å –Ω–æ—Ä–º–∏
                                                  —Ä–æ–≤–∞–Ω–∏–µ), –∞
You may provide a definition with
\DeclareUnicodeCharacter 


! Package inputenc Error: Unicode character —Ä (U+0440)
(inputenc)                not set up for use with LaTeX.

See the inputenc package documentation for explanation.
Type  H <return>  for immediate help.
 ...                                              
                                                  
l.2 ...º–æ–∂–µ–º –ø—Ä–æ–¥–æ–ª–∂–∏—Ç—å –Ω–æ—Ä–º–∏—Ä
                                                  –æ–≤–∞–Ω–∏–µ), –∞
You may provide a definition with
\DeclareUnicodeCharacter 


! Package inputenc Error: Unicode character –æ (U+043E)
(inputenc)                not set up for use with LaTeX.

See the inputenc package documentation for explanation.
Type  H <return>  for immediate help.
 ...                                              
                                                  
l.2 ...æ–∂–µ–º –ø—Ä–æ–¥–æ–ª–∂–∏—Ç—å –Ω–æ—Ä–º–∏—Ä–æ
                                                  –≤–∞–Ω–∏–µ), –∞
You may provide a definition with
\DeclareUnicodeCharacter 


! Package inputenc Error: Unicode character –≤ (U+0432)
(inputenc)                not set up for use with LaTeX.

See the inputenc package documentation for explanation.
Type  H <return>  for immediate help.
 ...                                              
                                                  
l.2 ...∂–µ–º –ø—Ä–æ–¥–æ–ª–∂–∏—Ç—å –Ω–æ—Ä–º–∏—Ä–æ–≤
                                                  –∞–Ω–∏–µ), –∞
You may provide a definition with
\DeclareUnicodeCharacter 


! Package inputenc Error: Unicode character –∞ (U+0430)
(inputenc)                not set up for use with LaTeX.

See the inputenc package documentation for explanation.
Type  H <return>  for immediate help.
 ...                                              
                                                  
l.2 ...µ–º –ø—Ä–æ–¥–æ–ª–∂–∏—Ç—å –Ω–æ—Ä–º–∏—Ä–æ–≤–∞
                                                  –Ω–∏–µ), –∞
You may provide a definition with
\DeclareUnicodeCharacter 


! Package inputenc Error: Unicode character –Ω (U+043D)
(inputenc)                not set up for use with LaTeX.

See the inputenc package documentation for explanation.
Type  H <return>  for immediate help.
 ...                                              
                                                  
l.2 ...º –ø—Ä–æ–¥–æ–ª–∂–∏—Ç—å –Ω–æ—Ä–º–∏—Ä–æ–≤–∞–Ω
                                                  –∏–µ), –∞
You may provide a definition with
\DeclareUnicodeCharacter 


! Package inputenc Error: Unicode character –∏ (U+0438)
(inputenc)                not set up for use with LaTeX.

See the inputenc package documentation for explanation.
Type  H <return>  for immediate help.
 ...                                              
                                                  
l.2 ...–ø—Ä–æ–¥–æ–ª–∂–∏—Ç—å –Ω–æ—Ä–º–∏—Ä–æ–≤–∞–Ω–∏
                                                  –µ), –∞
You may provide a definition with
\DeclareUnicodeCharacter 


! Package inputenc Error: Unicode character –µ (U+0435)
(inputenc)                not set up for use with LaTeX.

See the inputenc package documentation for explanation.
Type  H <return>  for immediate help.
 ...                                              
                                                  
l.2 ...—Ä–æ–¥–æ–ª–∂–∏—Ç—å –Ω–æ—Ä–º–∏—Ä–æ–≤–∞–Ω–∏–µ
                                                  ), –∞
You may provide a definition with
\DeclareUnicodeCharacter 

Missing character: There is no ) in font nullfont!
Missing character: There is no , in font nullfont!

! Package inputenc Error: Unicode character –∞ (U+0430)
(inputenc)                not set up for use with LaTeX.

See the inputenc package documentation for explanation.
Type  H <return>  for immediate help.
 ...                                              
                                                  
l.2 ...¥–æ–ª–∂–∏—Ç—å –Ω–æ—Ä–º–∏—Ä–æ–≤–∞–Ω–∏–µ), –∞
                                                  
You may provide a definition with
\DeclareUnicodeCharacter 


Overfull \hbox (61.8889pt too wide) in paragraph at lines 2--3
[]$\/cmr/m/n/10 (\OML/cmm/m/it/10 K; []$     $L=K$           
 []

! Undefined control sequence.
l.4 	 	\cO
          _{L} = \{ x \in K^* \ \vert \ \v(x) > 0 \}, \quad \cO_{L} = \{ x \...
The control sequence at the end of the top line
of your error message was never \def'ed. If you have
misspelled it (e.g., `\hobx'), type `I' and the correct
spelling (e.g., `I\hbox'). Otherwise just continue,
and I'll forget about whatever was undefined.


LaTeX Warning: Command \v invalid in math mode on input line 4.


LaTeX Warning: Command \v invalid in math mode on input line 4.

! Please use \mathaccent for accents in math mode.
\add@accent ... \let \ignorespaces \relax \accent 
                                                  #1 #2\egroup \spacefactor ...
l.4 	 	\cO_{L} = \{ x \in K^* \ \vert \ \v(
                                           x) > 0 \}, \quad \cO_{L} = \{ x \...
I'm changing \accent to \mathaccent here; wish me luck.
(Accents are not the same in formulas as they are in text.)

! Missing { inserted.
<to be read again> 
                   \edef 
l.4 	 	\cO_{L} = \{ x \in K^* \ \vert \ \v(
                                           x) > 0 \}, \quad \cO_{L} = \{ x \...
A left brace was mandatory here, so I've put one in.
You might want to delete and/or insert some corrections
so that I will find a matching right brace soon.
(If you're confused by all this, try typing `I}' now.)

! You can't use `\spacefactor' in math mode.
\add@accent ... \accent #1 #2\egroup \spacefactor 
                                                  \accent@spacefactor 
l.4 	 	\cO_{L} = \{ x \in K^* \ \vert \ \v(
                                           x) > 0 \}, \quad \cO_{L} = \{ x \...
Sorry, but I'm not programmed to handle this case;
I'll just pretend that you didn't ask for it.
If you're in the wrong mode, you might be able to
return to the right one by typing `I}' or `I$' or `I\par'.

! Undefined control sequence.
l.4 ...x \in K^* \ \vert \ \v(x) > 0 \}, \quad \cO
                                                  _{L} = \{ x \in L^{*} \ \v...
The control sequence at the end of the top line
of your error message was never \def'ed. If you have
misspelled it (e.g., `\hobx'), type `I' and the correct
spelling (e.g., `I\hbox'). Otherwise just continue,
and I'll forget about whatever was undefined.


LaTeX Warning: Command \v invalid in math mode on input line 4.

! Please use \mathaccent for accents in math mode.
\add@accent ... \let \ignorespaces \relax \accent 
                                                  #1 #2\egroup \spacefactor ...
l.4 ...{*} \ \vert \ w(x) > 0 \}, \quad w \mid \v.
                                                  
I'm changing \accent to \mathaccent here; wish me luck.
(Accents are not the same in formulas as they are in text.)

! You can't use `\spacefactor' in math mode.
\add@accent ... \accent #1 #2\egroup \spacefactor 
                                                  \accent@spacefactor 
l.4 ...{*} \ \vert \ w(x) > 0 \}, \quad w \mid \v.
                                                  
Sorry, but I'm not programmed to handle this case;
I'll just pretend that you didn't ask for it.
If you're in the wrong mode, you might be able to
return to the right one by typing `I}' or `I$' or `I\par'.


! LaTeX Error: Bad math environment delimiter.

See the LaTeX manual or LaTeX Companion for explanation.
Type  H <return>  for immediate help.
 ...                                              
                                                  
l.5 	 \]
        
Your command was ignored.
Type  I <command> <return>  to replace it with another command,
or  <return>  to continue without it.

! Missing $ inserted.
<inserted text> 
                $
l.6 
    
(That makes 100 errors; please try again.) 
Here is how much of TeX's memory you used:
 50 strings out of 480608
 882 string characters out of 5903630
 239610 words of memory out of 5000000
 16040 multiletter control sequences out of 15000+600000
 532338 words of font info for 24 fonts, out of 8000000 for 9000
 1141 hyphenation exceptions out of 8191
 18i,4n,16p,324b,98s stack positions out of 5000i,500n,10000p,200000b,80000s

!  ==> Fatal error occurred, no output PDF file produced!
