This is pdfTeX, Version 3.14159265-2.6-1.40.21 (TeX Live 2020) (preloaded format=pdflatex 2021.3.10)  21 NOV 2023 18:28
entering extended mode
 restricted \write18 enabled.
 %&-line parsing enabled.
**"/Users/user/Documents/GitHub/Algebraic-geometry-compendium/Tex abstract/src/
lectures/3/3.12.tex"

(/Users/user/Documents/GitHub/Algebraic-geometry-compendium/Tex abstract/src/le
ctures/3/3.12.tex
LaTeX2e <2020-02-02> patch level 5
L3 programming layer <2020-03-06>
! Undefined control sequence.
l.2 	\subsection
                {–ö–æ–ª—å—Ü–∞ –¥–∏—Å–∫—Ä–µ—Ç–Ω–æ–≥–æ –Ω–æ—Ä–º–∏—Ä–æ–≤–∞–Ω–∏—...
The control sequence at the end of the top line
of your error message was never \def'ed. If you have
misspelled it (e.g., `\hobx'), type `I' and the correct
spelling (e.g., `I\hbox'). Otherwise just continue,
and I'll forget about whatever was undefined.


! Package inputenc Error: Unicode character –ö (U+041A)
(inputenc)                not set up for use with LaTeX.

See the inputenc package documentation for explanation.
Type  H <return>  for immediate help.
 ...                                              
                                                  
l.2 	\subsection{–ö
                   –æ–ª—å—Ü–∞ –¥–∏—Å–∫—Ä–µ—Ç–Ω–æ–≥–æ –Ω–æ—Ä–º–∏—Ä–æ–≤–∞–Ω–∏—...

You may provide a definition with
\DeclareUnicodeCharacter 


! Package inputenc Error: Unicode character –æ (U+043E)
(inputenc)                not set up for use with LaTeX.

See the inputenc package documentation for explanation.
Type  H <return>  for immediate help.
 ...                                              
                                                  
l.2 	\subsection{–ö–æ
                     –ª—å—Ü–∞ –¥–∏—Å–∫—Ä–µ—Ç–Ω–æ–≥–æ –Ω–æ—Ä–º–∏—Ä–æ–≤–∞–Ω–∏—...

You may provide a definition with
\DeclareUnicodeCharacter 


! Package inputenc Error: Unicode character –ª (U+043B)
(inputenc)                not set up for use with LaTeX.

See the inputenc package documentation for explanation.
Type  H <return>  for immediate help.
 ...                                              
                                                  
l.2 	\subsection{–ö–æ–ª
                       —å—Ü–∞ –¥–∏—Å–∫—Ä–µ—Ç–Ω–æ–≥–æ –Ω–æ—Ä–º–∏—Ä–æ–≤–∞–Ω–∏—...

You may provide a definition with
\DeclareUnicodeCharacter 


! Package inputenc Error: Unicode character —å (U+044C)
(inputenc)                not set up for use with LaTeX.

See the inputenc package documentation for explanation.
Type  H <return>  for immediate help.
 ...                                              
                                                  
l.2 	\subsection{–ö–æ–ª—å
                         —Ü–∞ –¥–∏—Å–∫—Ä–µ—Ç–Ω–æ–≥–æ –Ω–æ—Ä–º–∏—Ä–æ–≤–∞–Ω–∏—...

You may provide a definition with
\DeclareUnicodeCharacter 


! Package inputenc Error: Unicode character —Ü (U+0446)
(inputenc)                not set up for use with LaTeX.

See the inputenc package documentation for explanation.
Type  H <return>  for immediate help.
 ...                                              
                                                  
l.2 	\subsection{–ö–æ–ª—å—Ü
                           –∞ –¥–∏—Å–∫—Ä–µ—Ç–Ω–æ–≥–æ –Ω–æ—Ä–º–∏—Ä–æ–≤–∞–Ω–∏—...

You may provide a definition with
\DeclareUnicodeCharacter 


! Package inputenc Error: Unicode character –∞ (U+0430)
(inputenc)                not set up for use with LaTeX.

See the inputenc package documentation for explanation.
Type  H <return>  for immediate help.
 ...                                              
                                                  
l.2 	\subsection{–ö–æ–ª—å—Ü–∞
                              –¥–∏—Å–∫—Ä–µ—Ç–Ω–æ–≥–æ –Ω–æ—Ä–º–∏—Ä–æ–≤–∞–Ω–∏—...

You may provide a definition with
\DeclareUnicodeCharacter 


! Package inputenc Error: Unicode character –¥ (U+0434)
(inputenc)                not set up for use with LaTeX.

See the inputenc package documentation for explanation.
Type  H <return>  for immediate help.
 ...                                              
                                                  
l.2 	\subsection{–ö–æ–ª—å—Ü–∞ –¥
                                –∏—Å–∫—Ä–µ—Ç–Ω–æ–≥–æ –Ω–æ—Ä–º–∏—Ä–æ–≤–∞–Ω–∏—...

You may provide a definition with
\DeclareUnicodeCharacter 


! Package inputenc Error: Unicode character –∏ (U+0438)
(inputenc)                not set up for use with LaTeX.

See the inputenc package documentation for explanation.
Type  H <return>  for immediate help.
 ...                                              
                                                  
l.2 	\subsection{–ö–æ–ª—å—Ü–∞ –¥–∏
                                  —Å–∫—Ä–µ—Ç–Ω–æ–≥–æ –Ω–æ—Ä–º–∏—Ä–æ–≤–∞–Ω–∏—...

You may provide a definition with
\DeclareUnicodeCharacter 


! Package inputenc Error: Unicode character —Å (U+0441)
(inputenc)                not set up for use with LaTeX.

See the inputenc package documentation for explanation.
Type  H <return>  for immediate help.
 ...                                              
                                                  
l.2 	\subsection{–ö–æ–ª—å—Ü–∞ –¥–∏—Å
                                    –∫—Ä–µ—Ç–Ω–æ–≥–æ –Ω–æ—Ä–º–∏—Ä–æ–≤–∞–Ω–∏—...

You may provide a definition with
\DeclareUnicodeCharacter 


! Package inputenc Error: Unicode character –∫ (U+043A)
(inputenc)                not set up for use with LaTeX.

See the inputenc package documentation for explanation.
Type  H <return>  for immediate help.
 ...                                              
                                                  
l.2 	\subsection{–ö–æ–ª—å—Ü–∞ –¥–∏—Å–∫
                                      —Ä–µ—Ç–Ω–æ–≥–æ –Ω–æ—Ä–º–∏—Ä–æ–≤–∞–Ω–∏—...

You may provide a definition with
\DeclareUnicodeCharacter 


! Package inputenc Error: Unicode character —Ä (U+0440)
(inputenc)                not set up for use with LaTeX.

See the inputenc package documentation for explanation.
Type  H <return>  for immediate help.
 ...                                              
                                                  
l.2 	\subsection{–ö–æ–ª—å—Ü–∞ –¥–∏—Å–∫—Ä
                                        –µ—Ç–Ω–æ–≥–æ –Ω–æ—Ä–º–∏—Ä–æ–≤–∞–Ω–∏—...

You may provide a definition with
\DeclareUnicodeCharacter 


! Package inputenc Error: Unicode character –µ (U+0435)
(inputenc)                not set up for use with LaTeX.

See the inputenc package documentation for explanation.
Type  H <return>  for immediate help.
 ...                                              
                                                  
l.2 	\subsection{–ö–æ–ª—å—Ü–∞ –¥–∏—Å–∫—Ä–µ
                                          —Ç–Ω–æ–≥–æ –Ω–æ—Ä–º–∏—Ä–æ–≤–∞–Ω–∏—...

You may provide a definition with
\DeclareUnicodeCharacter 


! Package inputenc Error: Unicode character —Ç (U+0442)
(inputenc)                not set up for use with LaTeX.

See the inputenc package documentation for explanation.
Type  H <return>  for immediate help.
 ...                                              
                                                  
l.2 	\subsection{–ö–æ–ª—å—Ü–∞ –¥–∏—Å–∫—Ä–µ—Ç
                                            –Ω–æ–≥–æ –Ω–æ—Ä–º–∏—Ä–æ–≤–∞–Ω–∏—...

You may provide a definition with
\DeclareUnicodeCharacter 


! Package inputenc Error: Unicode character –Ω (U+043D)
(inputenc)                not set up for use with LaTeX.

See the inputenc package documentation for explanation.
Type  H <return>  for immediate help.
 ...                                              
                                                  
l.2 	\subsection{–ö–æ–ª—å—Ü–∞ –¥–∏—Å–∫—Ä–µ—Ç–Ω
                                              –æ–≥–æ –Ω–æ—Ä–º–∏—Ä–æ–≤–∞–Ω–∏—...

You may provide a definition with
\DeclareUnicodeCharacter 


! Package inputenc Error: Unicode character –æ (U+043E)
(inputenc)                not set up for use with LaTeX.

See the inputenc package documentation for explanation.
Type  H <return>  for immediate help.
 ...                                              
                                                  
l.2 	\subsection{–ö–æ–ª—å—Ü–∞ –¥–∏—Å–∫—Ä–µ—Ç–Ω–æ
                                                –≥–æ –Ω–æ—Ä–º–∏—Ä–æ–≤–∞–Ω–∏—...

You may provide a definition with
\DeclareUnicodeCharacter 


! Package inputenc Error: Unicode character –≥ (U+0433)
(inputenc)                not set up for use with LaTeX.

See the inputenc package documentation for explanation.
Type  H <return>  for immediate help.
 ...                                              
                                                  
l.2 	\subsection{–ö–æ–ª—å—Ü–∞ –¥–∏—Å–∫—Ä–µ—Ç–Ω–æ–≥
                                                  –æ –Ω–æ—Ä–º–∏—Ä–æ–≤–∞–Ω–∏—...

You may provide a definition with
\DeclareUnicodeCharacter 


! Package inputenc Error: Unicode character –æ (U+043E)
(inputenc)                not set up for use with LaTeX.

See the inputenc package documentation for explanation.
Type  H <return>  for immediate help.
 ...                                              
                                                  
l.2 ...section{–ö–æ–ª—å—Ü–∞ –¥–∏—Å–∫—Ä–µ—Ç–Ω–æ–≥–æ
                                                   –Ω–æ—Ä–º–∏—Ä–æ–≤–∞–Ω–∏—è ...

You may provide a definition with
\DeclareUnicodeCharacter 


! Package inputenc Error: Unicode character –Ω (U+043D)
(inputenc)                not set up for use with LaTeX.

See the inputenc package documentation for explanation.
Type  H <return>  for immediate help.
 ...                                              
                                                  
l.2 ...tion{–ö–æ–ª—å—Ü–∞ –¥–∏—Å–∫—Ä–µ—Ç–Ω–æ–≥–æ –Ω
                                                  –æ—Ä–º–∏—Ä–æ–≤–∞–Ω–∏—è –∏ ...

You may provide a definition with
\DeclareUnicodeCharacter 


! Package inputenc Error: Unicode character –æ (U+043E)
(inputenc)                not set up for use with LaTeX.

See the inputenc package documentation for explanation.
Type  H <return>  for immediate help.
 ...                                              
                                                  
l.2 ...on{–ö–æ–ª—å—Ü–∞ –¥–∏—Å–∫—Ä–µ—Ç–Ω–æ–≥–æ –Ω–æ
                                                  —Ä–º–∏—Ä–æ–≤–∞–Ω–∏—è –∏ –î...

You may provide a definition with
\DeclareUnicodeCharacter 


! Package inputenc Error: Unicode character —Ä (U+0440)
(inputenc)                not set up for use with LaTeX.

See the inputenc package documentation for explanation.
Type  H <return>  for immediate help.
 ...                                              
                                                  
l.2 ...{–ö–æ–ª—å—Ü–∞ –¥–∏—Å–∫—Ä–µ—Ç–Ω–æ–≥–æ –Ω–æ—Ä
                                                  –º–∏—Ä–æ–≤–∞–Ω–∏—è –∏ –î–µ...

You may provide a definition with
\DeclareUnicodeCharacter 


! Package inputenc Error: Unicode character –º (U+043C)
(inputenc)                not set up for use with LaTeX.

See the inputenc package documentation for explanation.
Type  H <return>  for immediate help.
 ...                                              
                                                  
l.2 ...ö–æ–ª—å—Ü–∞ –¥–∏—Å–∫—Ä–µ—Ç–Ω–æ–≥–æ –Ω–æ—Ä–º
                                                  –∏—Ä–æ–≤–∞–Ω–∏—è –∏ –î–µ–¥...

You may provide a definition with
\DeclareUnicodeCharacter 


! Package inputenc Error: Unicode character –∏ (U+0438)
(inputenc)                not set up for use with LaTeX.

See the inputenc package documentation for explanation.
Type  H <return>  for immediate help.
 ...                                              
                                                  
l.2 ...æ–ª—å—Ü–∞ –¥–∏—Å–∫—Ä–µ—Ç–Ω–æ–≥–æ –Ω–æ—Ä–º–∏
                                                  —Ä–æ–≤–∞–Ω–∏—è –∏ –î–µ–¥–µ...

You may provide a definition with
\DeclareUnicodeCharacter 


! Package inputenc Error: Unicode character —Ä (U+0440)
(inputenc)                not set up for use with LaTeX.

See the inputenc package documentation for explanation.
Type  H <return>  for immediate help.
 ...                                              
                                                  
l.2 ...ª—å—Ü–∞ –¥–∏—Å–∫—Ä–µ—Ç–Ω–æ–≥–æ –Ω–æ—Ä–º–∏—Ä
                                                  –æ–≤–∞–Ω–∏—è –∏ –î–µ–¥–µ–∫...

You may provide a definition with
\DeclareUnicodeCharacter 


! Package inputenc Error: Unicode character –æ (U+043E)
(inputenc)                not set up for use with LaTeX.

See the inputenc package documentation for explanation.
Type  H <return>  for immediate help.
 ...                                              
                                                  
l.2 ...å—Ü–∞ –¥–∏—Å–∫—Ä–µ—Ç–Ω–æ–≥–æ –Ω–æ—Ä–º–∏—Ä–æ
                                                  –≤–∞–Ω–∏—è –∏ –î–µ–¥–µ–∫–∏...

You may provide a definition with
\DeclareUnicodeCharacter 


! Package inputenc Error: Unicode character –≤ (U+0432)
(inputenc)                not set up for use with LaTeX.

See the inputenc package documentation for explanation.
Type  H <return>  for immediate help.
 ...                                              
                                                  
l.2 ...Ü–∞ –¥–∏—Å–∫—Ä–µ—Ç–Ω–æ–≥–æ –Ω–æ—Ä–º–∏—Ä–æ–≤
                                                  –∞–Ω–∏—è –∏ –î–µ–¥–µ–∫–∏–Ω...

You may provide a definition with
\DeclareUnicodeCharacter 


! Package inputenc Error: Unicode character –∞ (U+0430)
(inputenc)                not set up for use with LaTeX.

See the inputenc package documentation for explanation.
Type  H <return>  for immediate help.
 ...                                              
                                                  
l.2 ...∞ –¥–∏—Å–∫—Ä–µ—Ç–Ω–æ–≥–æ –Ω–æ—Ä–º–∏—Ä–æ–≤–∞
                                                  –Ω–∏—è –∏ –î–µ–¥–µ–∫–∏–Ω–¥...

You may provide a definition with
\DeclareUnicodeCharacter 


! Package inputenc Error: Unicode character –Ω (U+043D)
(inputenc)                not set up for use with LaTeX.

See the inputenc package documentation for explanation.
Type  H <return>  for immediate help.
 ...                                              
                                                  
l.2 ...–¥–∏—Å–∫—Ä–µ—Ç–Ω–æ–≥–æ –Ω–æ—Ä–º–∏—Ä–æ–≤–∞–Ω
                                                  –∏—è –∏ –î–µ–¥–µ–∫–∏–Ω–¥–æ...

You may provide a definition with
\DeclareUnicodeCharacter 


! Package inputenc Error: Unicode character –∏ (U+0438)
(inputenc)                not set up for use with LaTeX.

See the inputenc package documentation for explanation.
Type  H <return>  for immediate help.
 ...                                              
                                                  
l.2 ...–∏—Å–∫—Ä–µ—Ç–Ω–æ–≥–æ –Ω–æ—Ä–º–∏—Ä–æ–≤–∞–Ω–∏
                                                  —è –∏ –î–µ–¥–µ–∫–∏–Ω–¥–æ–≤...

You may provide a definition with
\DeclareUnicodeCharacter 


! Package inputenc Error: Unicode character —è (U+044F)
(inputenc)                not set up for use with LaTeX.

See the inputenc package documentation for explanation.
Type  H <return>  for immediate help.
 ...                                              
                                                  
l.2 ...—Å–∫—Ä–µ—Ç–Ω–æ–≥–æ –Ω–æ—Ä–º–∏—Ä–æ–≤–∞–Ω–∏—è
                                                   –∏ –î–µ–¥–µ–∫–∏–Ω–¥–æ–≤—ã...

You may provide a definition with
\DeclareUnicodeCharacter 


! Package inputenc Error: Unicode character –∏ (U+0438)
(inputenc)                not set up for use with LaTeX.

See the inputenc package documentation for explanation.
Type  H <return>  for immediate help.
 ...                                              
                                                  
l.2 ...∫—Ä–µ—Ç–Ω–æ–≥–æ –Ω–æ—Ä–º–∏—Ä–æ–≤–∞–Ω–∏—è –∏
                                                   –î–µ–¥–µ–∫–∏–Ω–¥–æ–≤—ã –∫...

You may provide a definition with
\DeclareUnicodeCharacter 


! Package inputenc Error: Unicode character –î (U+0414)
(inputenc)                not set up for use with LaTeX.

See the inputenc package documentation for explanation.
Type  H <return>  for immediate help.
 ...                                              
                                                  
l.2 ...–µ—Ç–Ω–æ–≥–æ –Ω–æ—Ä–º–∏—Ä–æ–≤–∞–Ω–∏—è –∏ –î
                                                  –µ–¥–µ–∫–∏–Ω–¥–æ–≤—ã –∫–æ–...

You may provide a definition with
\DeclareUnicodeCharacter 


! Package inputenc Error: Unicode character –µ (U+0435)
(inputenc)                not set up for use with LaTeX.

See the inputenc package documentation for explanation.
Type  H <return>  for immediate help.
 ...                                              
                                                  
l.2 ...—Ç–Ω–æ–≥–æ –Ω–æ—Ä–º–∏—Ä–æ–≤–∞–Ω–∏—è –∏ –î–µ
                                                  –¥–µ–∫–∏–Ω–¥–æ–≤—ã –∫–æ–ª—...

You may provide a definition with
\DeclareUnicodeCharacter 


! Package inputenc Error: Unicode character –¥ (U+0434)
(inputenc)                not set up for use with LaTeX.

See the inputenc package documentation for explanation.
Type  H <return>  for immediate help.
 ...                                              
                                                  
l.2 ...–Ω–æ–≥–æ –Ω–æ—Ä–º–∏—Ä–æ–≤–∞–Ω–∏—è –∏ –î–µ–¥
                                                  –µ–∫–∏–Ω–¥–æ–≤—ã –∫–æ–ª—å—...

You may provide a definition with
\DeclareUnicodeCharacter 


! Package inputenc Error: Unicode character –µ (U+0435)
(inputenc)                not set up for use with LaTeX.

See the inputenc package documentation for explanation.
Type  H <return>  for immediate help.
 ...                                              
                                                  
l.2 ...–æ–≥–æ –Ω–æ—Ä–º–∏—Ä–æ–≤–∞–Ω–∏—è –∏ –î–µ–¥–µ
                                                  –∫–∏–Ω–¥–æ–≤—ã –∫–æ–ª—å—Ü–∞}
You may provide a definition with
\DeclareUnicodeCharacter 


! Package inputenc Error: Unicode character –∫ (U+043A)
(inputenc)                not set up for use with LaTeX.

See the inputenc package documentation for explanation.
Type  H <return>  for immediate help.
 ...                                              
                                                  
l.2 ...–≥–æ –Ω–æ—Ä–º–∏—Ä–æ–≤–∞–Ω–∏—è –∏ –î–µ–¥–µ–∫
                                                  –∏–Ω–¥–æ–≤—ã –∫–æ–ª—å—Ü–∞}
You may provide a definition with
\DeclareUnicodeCharacter 


! Package inputenc Error: Unicode character –∏ (U+0438)
(inputenc)                not set up for use with LaTeX.

See the inputenc package documentation for explanation.
Type  H <return>  for immediate help.
 ...                                              
                                                  
l.2 ...–æ –Ω–æ—Ä–º–∏—Ä–æ–≤–∞–Ω–∏—è –∏ –î–µ–¥–µ–∫–∏
                                                  –Ω–¥–æ–≤—ã –∫–æ–ª—å—Ü–∞}
You may provide a definition with
\DeclareUnicodeCharacter 


! Package inputenc Error: Unicode character –Ω (U+043D)
(inputenc)                not set up for use with LaTeX.

See the inputenc package documentation for explanation.
Type  H <return>  for immediate help.
 ...                                              
                                                  
l.2 ... –Ω–æ—Ä–º–∏—Ä–æ–≤–∞–Ω–∏—è –∏ –î–µ–¥–µ–∫–∏–Ω
                                                  –¥–æ–≤—ã –∫–æ–ª—å—Ü–∞}
You may provide a definition with
\DeclareUnicodeCharacter 


! Package inputenc Error: Unicode character –¥ (U+0434)
(inputenc)                not set up for use with LaTeX.

See the inputenc package documentation for explanation.
Type  H <return>  for immediate help.
 ...                                              
                                                  
l.2 ...Ω–æ—Ä–º–∏—Ä–æ–≤–∞–Ω–∏—è –∏ –î–µ–¥–µ–∫–∏–Ω–¥
                                                  –æ–≤—ã –∫–æ–ª—å—Ü–∞}
You may provide a definition with
\DeclareUnicodeCharacter 


! Package inputenc Error: Unicode character –æ (U+043E)
(inputenc)                not set up for use with LaTeX.

See the inputenc package documentation for explanation.
Type  H <return>  for immediate help.
 ...                                              
                                                  
l.2 ...æ—Ä–º–∏—Ä–æ–≤–∞–Ω–∏—è –∏ –î–µ–¥–µ–∫–∏–Ω–¥–æ
                                                  –≤—ã –∫–æ–ª—å—Ü–∞}
You may provide a definition with
\DeclareUnicodeCharacter 


! Package inputenc Error: Unicode character –≤ (U+0432)
(inputenc)                not set up for use with LaTeX.

See the inputenc package documentation for explanation.
Type  H <return>  for immediate help.
 ...                                              
                                                  
l.2 ...Ä–º–∏—Ä–æ–≤–∞–Ω–∏—è –∏ –î–µ–¥–µ–∫–∏–Ω–¥–æ–≤
                                                  —ã –∫–æ–ª—å—Ü–∞}
You may provide a definition with
\DeclareUnicodeCharacter 


! Package inputenc Error: Unicode character —ã (U+044B)
(inputenc)                not set up for use with LaTeX.

See the inputenc package documentation for explanation.
Type  H <return>  for immediate help.
 ...                                              
                                                  
l.2 ...º–∏—Ä–æ–≤–∞–Ω–∏—è –∏ –î–µ–¥–µ–∫–∏–Ω–¥–æ–≤—ã
                                                   –∫–æ–ª—å—Ü–∞}
You may provide a definition with
\DeclareUnicodeCharacter 


! Package inputenc Error: Unicode character –∫ (U+043A)
(inputenc)                not set up for use with LaTeX.

See the inputenc package documentation for explanation.
Type  H <return>  for immediate help.
 ...                                              
                                                  
l.2 ...—Ä–æ–≤–∞–Ω–∏—è –∏ –î–µ–¥–µ–∫–∏–Ω–¥–æ–≤—ã –∫
                                                  –æ–ª—å—Ü–∞}
You may provide a definition with
\DeclareUnicodeCharacter 


! Package inputenc Error: Unicode character –æ (U+043E)
(inputenc)                not set up for use with LaTeX.

See the inputenc package documentation for explanation.
Type  H <return>  for immediate help.
 ...                                              
                                                  
l.2 ...–æ–≤–∞–Ω–∏—è –∏ –î–µ–¥–µ–∫–∏–Ω–¥–æ–≤—ã –∫–æ
                                                  –ª—å—Ü–∞}
You may provide a definition with
\DeclareUnicodeCharacter 


! Package inputenc Error: Unicode character –ª (U+043B)
(inputenc)                not set up for use with LaTeX.

See the inputenc package documentation for explanation.
Type  H <return>  for immediate help.
 ...                                              
                                                  
l.2 ...–≤–∞–Ω–∏—è –∏ –î–µ–¥–µ–∫–∏–Ω–¥–æ–≤—ã –∫–æ–ª
                                                  —å—Ü–∞}
You may provide a definition with
\DeclareUnicodeCharacter 


! Package inputenc Error: Unicode character —å (U+044C)
(inputenc)                not set up for use with LaTeX.

See the inputenc package documentation for explanation.
Type  H <return>  for immediate help.
 ...                                              
                                                  
l.2 ...–∞–Ω–∏—è –∏ –î–µ–¥–µ–∫–∏–Ω–¥–æ–≤—ã –∫–æ–ª—å
                                                  —Ü–∞}
You may provide a definition with
\DeclareUnicodeCharacter 


! Package inputenc Error: Unicode character —Ü (U+0446)
(inputenc)                not set up for use with LaTeX.

See the inputenc package documentation for explanation.
Type  H <return>  for immediate help.
 ...                                              
                                                  
l.2 ...–Ω–∏—è –∏ –î–µ–¥–µ–∫–∏–Ω–¥–æ–≤—ã –∫–æ–ª—å—Ü
                                                  –∞}
You may provide a definition with
\DeclareUnicodeCharacter 


! Package inputenc Error: Unicode character –∞ (U+0430)
(inputenc)                not set up for use with LaTeX.

See the inputenc package documentation for explanation.
Type  H <return>  for immediate help.
 ...                                              
                                                  
l.2 ...–∏—è –∏ –î–µ–¥–µ–∫–∏–Ω–¥–æ–≤—ã –∫–æ–ª—å—Ü–∞
                                                  }
You may provide a definition with
\DeclareUnicodeCharacter 


! LaTeX Error: Environment definition undefined.

See the LaTeX manual or LaTeX Companion for explanation.
Type  H <return>  for immediate help.
 ...                                              
                                                  
l.4 	\begin{definition}
                       
Your command was ignored.
Type  I <command> <return>  to replace it with another command,
or  <return>  to continue without it.


! Package inputenc Error: Unicode character –ü (U+041F)
(inputenc)                not set up for use with LaTeX.

See the inputenc package documentation for explanation.
Type  H <return>  for immediate help.
 ...                                              
                                                  
l.5 		–ü
        —É—Å—Ç—å $R$~--- –æ–±–ª–∞—Å—Ç—å —Ü–µ–ª–æ—Å—Ç–Ω–æ—Å—Ç–∏, $F$~--- –µ—ë...

You may provide a definition with
\DeclareUnicodeCharacter 


! Package inputenc Error: Unicode character —É (U+0443)
(inputenc)                not set up for use with LaTeX.

See the inputenc package documentation for explanation.
Type  H <return>  for immediate help.
 ...                                              
                                                  
l.5 		–ü—É
          —Å—Ç—å $R$~--- –æ–±–ª–∞—Å—Ç—å —Ü–µ–ª–æ—Å—Ç–Ω–æ—Å—Ç–∏, $F$~--- –µ—ë...

You may provide a definition with
\DeclareUnicodeCharacter 


! Package inputenc Error: Unicode character —Å (U+0441)
(inputenc)                not set up for use with LaTeX.

See the inputenc package documentation for explanation.
Type  H <return>  for immediate help.
 ...                                              
                                                  
l.5 		–ü—É—Å
            —Ç—å $R$~--- –æ–±–ª–∞—Å—Ç—å —Ü–µ–ª–æ—Å—Ç–Ω–æ—Å—Ç–∏, $F$~--- –µ—ë...

You may provide a definition with
\DeclareUnicodeCharacter 


! Package inputenc Error: Unicode character —Ç (U+0442)
(inputenc)                not set up for use with LaTeX.

See the inputenc package documentation for explanation.
Type  H <return>  for immediate help.
 ...                                              
                                                  
l.5 		–ü—É—Å—Ç
              —å $R$~--- –æ–±–ª–∞—Å—Ç—å —Ü–µ–ª–æ—Å—Ç–Ω–æ—Å—Ç–∏, $F$~--- –µ—ë...

You may provide a definition with
\DeclareUnicodeCharacter 


! Package inputenc Error: Unicode character —å (U+044C)
(inputenc)                not set up for use with LaTeX.

See the inputenc package documentation for explanation.
Type  H <return>  for immediate help.
 ...                                              
                                                  
l.5 		–ü—É—Å—Ç—å
                 $R$~--- –æ–±–ª–∞—Å—Ç—å —Ü–µ–ª–æ—Å—Ç–Ω–æ—Å—Ç–∏, $F$~--- –µ—ë...

You may provide a definition with
\DeclareUnicodeCharacter 


! LaTeX Error: Missing \begin{document}.

See the LaTeX manual or LaTeX Companion for explanation.
Type  H <return>  for immediate help.
 ...                                              
                                                  
l.5 		–ü—É—Å—Ç—å $
                  R$~--- –æ–±–ª–∞—Å—Ç—å —Ü–µ–ª–æ—Å—Ç–Ω–æ—Å—Ç–∏, $F$~--- –µ—ë...

You're in trouble here.  Try typing  <return>  to proceed.
If that doesn't work, type  X <return>  to quit.

LaTeX Font Info:    External font `cmex10' loaded for size
(Font)              <7> on input line 5.
LaTeX Font Info:    External font `cmex10' loaded for size
(Font)              <5> on input line 5.
Missing character: There is no - in font nullfont!
Missing character: There is no - in font nullfont!
Missing character: There is no - in font nullfont!

! Package inputenc Error: Unicode character –æ (U+043E)
(inputenc)                not set up for use with LaTeX.

See the inputenc package documentation for explanation.
Type  H <return>  for immediate help.
 ...                                              
                                                  
l.5 		–ü—É—Å—Ç—å $R$~--- –æ
                           –±–ª–∞—Å—Ç—å —Ü–µ–ª–æ—Å—Ç–Ω–æ—Å—Ç–∏, $F$~--- –µ—ë...

You may provide a definition with
\DeclareUnicodeCharacter 


! Package inputenc Error: Unicode character –± (U+0431)
(inputenc)                not set up for use with LaTeX.

See the inputenc package documentation for explanation.
Type  H <return>  for immediate help.
 ...                                              
                                                  
l.5 		–ü—É—Å—Ç—å $R$~--- –æ–±
                             –ª–∞—Å—Ç—å —Ü–µ–ª–æ—Å—Ç–Ω–æ—Å—Ç–∏, $F$~--- –µ—ë...

You may provide a definition with
\DeclareUnicodeCharacter 


! Package inputenc Error: Unicode character –ª (U+043B)
(inputenc)                not set up for use with LaTeX.

See the inputenc package documentation for explanation.
Type  H <return>  for immediate help.
 ...                                              
                                                  
l.5 		–ü—É—Å—Ç—å $R$~--- –æ–±–ª
                               –∞—Å—Ç—å —Ü–µ–ª–æ—Å—Ç–Ω–æ—Å—Ç–∏, $F$~--- –µ—ë...

You may provide a definition with
\DeclareUnicodeCharacter 


! Package inputenc Error: Unicode character –∞ (U+0430)
(inputenc)                not set up for use with LaTeX.

See the inputenc package documentation for explanation.
Type  H <return>  for immediate help.
 ...                                              
                                                  
l.5 		–ü—É—Å—Ç—å $R$~--- –æ–±–ª–∞
                                 —Å—Ç—å —Ü–µ–ª–æ—Å—Ç–Ω–æ—Å—Ç–∏, $F$~--- –µ—ë...

You may provide a definition with
\DeclareUnicodeCharacter 


! Package inputenc Error: Unicode character —Å (U+0441)
(inputenc)                not set up for use with LaTeX.

See the inputenc package documentation for explanation.
Type  H <return>  for immediate help.
 ...                                              
                                                  
l.5 		–ü—É—Å—Ç—å $R$~--- –æ–±–ª–∞—Å
                                   —Ç—å —Ü–µ–ª–æ—Å—Ç–Ω–æ—Å—Ç–∏, $F$~--- –µ—ë...

You may provide a definition with
\DeclareUnicodeCharacter 


! Package inputenc Error: Unicode character —Ç (U+0442)
(inputenc)                not set up for use with LaTeX.

See the inputenc package documentation for explanation.
Type  H <return>  for immediate help.
 ...                                              
                                                  
l.5 		–ü—É—Å—Ç—å $R$~--- –æ–±–ª–∞—Å—Ç
                                     —å —Ü–µ–ª–æ—Å—Ç–Ω–æ—Å—Ç–∏, $F$~--- –µ—ë...

You may provide a definition with
\DeclareUnicodeCharacter 


! Package inputenc Error: Unicode character —å (U+044C)
(inputenc)                not set up for use with LaTeX.

See the inputenc package documentation for explanation.
Type  H <return>  for immediate help.
 ...                                              
                                                  
l.5 		–ü—É—Å—Ç—å $R$~--- –æ–±–ª–∞—Å—Ç—å
                                        —Ü–µ–ª–æ—Å—Ç–Ω–æ—Å—Ç–∏, $F$~--- –µ—ë...

You may provide a definition with
\DeclareUnicodeCharacter 


! Package inputenc Error: Unicode character —Ü (U+0446)
(inputenc)                not set up for use with LaTeX.

See the inputenc package documentation for explanation.
Type  H <return>  for immediate help.
 ...                                              
                                                  
l.5 		–ü—É—Å—Ç—å $R$~--- –æ–±–ª–∞—Å—Ç—å —Ü
                                          –µ–ª–æ—Å—Ç–Ω–æ—Å—Ç–∏, $F$~--- –µ—ë...

You may provide a definition with
\DeclareUnicodeCharacter 


! Package inputenc Error: Unicode character –µ (U+0435)
(inputenc)                not set up for use with LaTeX.

See the inputenc package documentation for explanation.
Type  H <return>  for immediate help.
 ...                                              
                                                  
l.5 		–ü—É—Å—Ç—å $R$~--- –æ–±–ª–∞—Å—Ç—å —Ü–µ
                                            –ª–æ—Å—Ç–Ω–æ—Å—Ç–∏, $F$~--- –µ—ë...

You may provide a definition with
\DeclareUnicodeCharacter 


! Package inputenc Error: Unicode character –ª (U+043B)
(inputenc)                not set up for use with LaTeX.

See the inputenc package documentation for explanation.
Type  H <return>  for immediate help.
 ...                                              
                                                  
l.5 		–ü—É—Å—Ç—å $R$~--- –æ–±–ª–∞—Å—Ç—å —Ü–µ–ª
                                              –æ—Å—Ç–Ω–æ—Å—Ç–∏, $F$~--- –µ—ë...

You may provide a definition with
\DeclareUnicodeCharacter 


! Package inputenc Error: Unicode character –æ (U+043E)
(inputenc)                not set up for use with LaTeX.

See the inputenc package documentation for explanation.
Type  H <return>  for immediate help.
 ...                                              
                                                  
l.5 		–ü—É—Å—Ç—å $R$~--- –æ–±–ª–∞—Å—Ç—å —Ü–µ–ª–æ
                                                —Å—Ç–Ω–æ—Å—Ç–∏, $F$~--- –µ—ë...

You may provide a definition with
\DeclareUnicodeCharacter 


! Package inputenc Error: Unicode character —Å (U+0441)
(inputenc)                not set up for use with LaTeX.

See the inputenc package documentation for explanation.
Type  H <return>  for immediate help.
 ...                                              
                                                  
l.5 		–ü—É—Å—Ç—å $R$~--- –æ–±–ª–∞—Å—Ç—å —Ü–µ–ª–æ—Å
                                                  —Ç–Ω–æ—Å—Ç–∏, $F$~--- –µ—ë...

You may provide a definition with
\DeclareUnicodeCharacter 


! Package inputenc Error: Unicode character —Ç (U+0442)
(inputenc)                not set up for use with LaTeX.

See the inputenc package documentation for explanation.
Type  H <return>  for immediate help.
 ...                                              
                                                  
l.5 ...É—Å—Ç—å $R$~--- –æ–±–ª–∞—Å—Ç—å —Ü–µ–ª–æ—Å—Ç
                                                  –Ω–æ—Å—Ç–∏, $F$~--- –µ—ë –...

You may provide a definition with
\DeclareUnicodeCharacter 


! Package inputenc Error: Unicode character –Ω (U+043D)
(inputenc)                not set up for use with LaTeX.

See the inputenc package documentation for explanation.
Type  H <return>  for immediate help.
 ...                                              
                                                  
l.5 ...Å—Ç—å $R$~--- –æ–±–ª–∞—Å—Ç—å —Ü–µ–ª–æ—Å—Ç–Ω
                                                  –æ—Å—Ç–∏, $F$~--- –µ—ë –ø–...

You may provide a definition with
\DeclareUnicodeCharacter 


! Package inputenc Error: Unicode character –æ (U+043E)
(inputenc)                not set up for use with LaTeX.

See the inputenc package documentation for explanation.
Type  H <return>  for immediate help.
 ...                                              
                                                  
l.5 ...Ç—å $R$~--- –æ–±–ª–∞—Å—Ç—å —Ü–µ–ª–æ—Å—Ç–Ω–æ
                                                  —Å—Ç–∏, $F$~--- –µ—ë –ø–æ–...

You may provide a definition with
\DeclareUnicodeCharacter 


! Package inputenc Error: Unicode character —Å (U+0441)
(inputenc)                not set up for use with LaTeX.

See the inputenc package documentation for explanation.
Type  H <return>  for immediate help.
 ...                                              
                                                  
l.5 ...å $R$~--- –æ–±–ª–∞—Å—Ç—å —Ü–µ–ª–æ—Å—Ç–Ω–æ—Å
                                                  —Ç–∏, $F$~--- –µ—ë –ø–æ–ª–...

You may provide a definition with
\DeclareUnicodeCharacter 


! Package inputenc Error: Unicode character —Ç (U+0442)
(inputenc)                not set up for use with LaTeX.

See the inputenc package documentation for explanation.
Type  H <return>  for immediate help.
 ...                                              
                                                  
l.5 ...$R$~--- –æ–±–ª–∞—Å—Ç—å —Ü–µ–ª–æ—Å—Ç–Ω–æ—Å—Ç
                                                  –∏, $F$~--- –µ—ë –ø–æ–ª–µ ...

You may provide a definition with
\DeclareUnicodeCharacter 


! Package inputenc Error: Unicode character –∏ (U+0438)
(inputenc)                not set up for use with LaTeX.

See the inputenc package documentation for explanation.
Type  H <return>  for immediate help.
 ...                                              
                                                  
l.5 ...$~--- –æ–±–ª–∞—Å—Ç—å —Ü–µ–ª–æ—Å—Ç–Ω–æ—Å—Ç–∏
                                                  , $F$~--- –µ—ë –ø–æ–ª–µ —á...

You may provide a definition with
\DeclareUnicodeCharacter 

Missing character: There is no , in font nullfont!
Missing character: There is no - in font nullfont!
Missing character: There is no - in font nullfont!
Missing character: There is no - in font nullfont!

! Package inputenc Error: Unicode character –µ (U+0435)
(inputenc)                not set up for use with LaTeX.

See the inputenc package documentation for explanation.
Type  H <return>  for immediate help.
 ...                                              
                                                  
l.5 ...–∞—Å—Ç—å —Ü–µ–ª–æ—Å—Ç–Ω–æ—Å—Ç–∏, $F$~--- –µ
                                                  —ë –ø–æ–ª–µ —á–∞—Å—Ç–Ω—ã—Ö...

You may provide a definition with
\DeclareUnicodeCharacter 


! Package inputenc Error: Unicode character —ë (U+0451)
(inputenc)                not set up for use with LaTeX.

See the inputenc package documentation for explanation.
Type  H <return>  for immediate help.
 ...                                              
                                                  
l.5 ...—Å—Ç—å —Ü–µ–ª–æ—Å—Ç–Ω–æ—Å—Ç–∏, $F$~--- –µ—ë
                                                   –ø–æ–ª–µ —á–∞—Å—Ç–Ω—ã—Ö. ...

You may provide a definition with
\DeclareUnicodeCharacter 


! Package inputenc Error: Unicode character –ø (U+043F)
(inputenc)                not set up for use with LaTeX.

See the inputenc package documentation for explanation.
Type  H <return>  for immediate help.
 ...                                              
                                                  
l.5 ...Ç—å —Ü–µ–ª–æ—Å—Ç–Ω–æ—Å—Ç–∏, $F$~--- –µ—ë –ø
                                                  –æ–ª–µ —á–∞—Å—Ç–Ω—ã—Ö. $R$...

You may provide a definition with
\DeclareUnicodeCharacter 


! Package inputenc Error: Unicode character –æ (U+043E)
(inputenc)                not set up for use with LaTeX.

See the inputenc package documentation for explanation.
Type  H <return>  for immediate help.
 ...                                              
                                                  
l.5 ...å —Ü–µ–ª–æ—Å—Ç–Ω–æ—Å—Ç–∏, $F$~--- –µ—ë –ø–æ
                                                  –ª–µ —á–∞—Å—Ç–Ω—ã—Ö. $R$ –...

You may provide a definition with
\DeclareUnicodeCharacter 


! Package inputenc Error: Unicode character –ª (U+043B)
(inputenc)                not set up for use with LaTeX.

See the inputenc package documentation for explanation.
Type  H <return>  for immediate help.
 ...                                              
                                                  
l.5 ...—Ü–µ–ª–æ—Å—Ç–Ω–æ—Å—Ç–∏, $F$~--- –µ—ë –ø–æ–ª
                                                  –µ —á–∞—Å—Ç–Ω—ã—Ö. $R$ –Ω–...

You may provide a definition with
\DeclareUnicodeCharacter 


! Package inputenc Error: Unicode character –µ (U+0435)
(inputenc)                not set up for use with LaTeX.

See the inputenc package documentation for explanation.
Type  H <return>  for immediate help.
 ...                                              
                                                  
l.5 ...–µ–ª–æ—Å—Ç–Ω–æ—Å—Ç–∏, $F$~--- –µ—ë –ø–æ–ª–µ
                                                   —á–∞—Å—Ç–Ω—ã—Ö. $R$ –Ω–∞–...

You may provide a definition with
\DeclareUnicodeCharacter 


! Package inputenc Error: Unicode character —á (U+0447)
(inputenc)                not set up for use with LaTeX.

See the inputenc package documentation for explanation.
Type  H <return>  for immediate help.
 ...                                              
                                                  
l.5 ...ª–æ—Å—Ç–Ω–æ—Å—Ç–∏, $F$~--- –µ—ë –ø–æ–ª–µ —á
                                                  –∞—Å—Ç–Ω—ã—Ö. $R$ –Ω–∞–∑—ã...

You may provide a definition with
\DeclareUnicodeCharacter 


! Package inputenc Error: Unicode character –∞ (U+0430)
(inputenc)                not set up for use with LaTeX.

See the inputenc package documentation for explanation.
Type  H <return>  for immediate help.
 ...                                              
                                                  
l.5 ...æ—Å—Ç–Ω–æ—Å—Ç–∏, $F$~--- –µ—ë –ø–æ–ª–µ —á–∞
                                                  —Å—Ç–Ω—ã—Ö. $R$ –Ω–∞–∑—ã–≤...

You may provide a definition with
\DeclareUnicodeCharacter 


! Package inputenc Error: Unicode character —Å (U+0441)
(inputenc)                not set up for use with LaTeX.

See the inputenc package documentation for explanation.
Type  H <return>  for immediate help.
 ...                                              
                                                  
l.5 ...Å—Ç–Ω–æ—Å—Ç–∏, $F$~--- –µ—ë –ø–æ–ª–µ —á–∞—Å
                                                  —Ç–Ω—ã—Ö. $R$ –Ω–∞–∑—ã–≤–∞...

You may provide a definition with
\DeclareUnicodeCharacter 


! Package inputenc Error: Unicode character —Ç (U+0442)
(inputenc)                not set up for use with LaTeX.

See the inputenc package documentation for explanation.
Type  H <return>  for immediate help.
 ...                                              
                                                  
l.5 ...Ç–Ω–æ—Å—Ç–∏, $F$~--- –µ—ë –ø–æ–ª–µ —á–∞—Å—Ç
                                                  –Ω—ã—Ö. $R$ –Ω–∞–∑—ã–≤–∞–µ...

You may provide a definition with
\DeclareUnicodeCharacter 


! Package inputenc Error: Unicode character –Ω (U+043D)
(inputenc)                not set up for use with LaTeX.

See the inputenc package documentation for explanation.
Type  H <return>  for immediate help.
 ...                                              
                                                  
l.5 ...Ω–æ—Å—Ç–∏, $F$~--- –µ—ë –ø–æ–ª–µ —á–∞—Å—Ç–Ω
                                                  —ã—Ö. $R$ –Ω–∞–∑—ã–≤–∞–µ—Ç...

You may provide a definition with
\DeclareUnicodeCharacter 


! Package inputenc Error: Unicode character —ã (U+044B)
(inputenc)                not set up for use with LaTeX.

See the inputenc package documentation for explanation.
Type  H <return>  for immediate help.
 ...                                              
                                                  
l.5 ...æ—Å—Ç–∏, $F$~--- –µ—ë –ø–æ–ª–µ —á–∞—Å—Ç–Ω—ã
                                                  —Ö. $R$ –Ω–∞–∑—ã–≤–∞–µ—Ç—Å...

You may provide a definition with
\DeclareUnicodeCharacter 


! Package inputenc Error: Unicode character —Ö (U+0445)
(inputenc)                not set up for use with LaTeX.

See the inputenc package documentation for explanation.
Type  H <return>  for immediate help.
 ...                                              
                                                  
l.5 ...Å—Ç–∏, $F$~--- –µ—ë –ø–æ–ª–µ —á–∞—Å—Ç–Ω—ã—Ö
                                                  . $R$ –Ω–∞–∑—ã–≤–∞–µ—Ç—Å—è...

You may provide a definition with
\DeclareUnicodeCharacter 

Missing character: There is no . in font nullfont!

! Package inputenc Error: Unicode character –Ω (U+043D)
(inputenc)                not set up for use with LaTeX.

See the inputenc package documentation for explanation.
Type  H <return>  for immediate help.
 ...                                              
                                                  
l.5 ...F$~--- –µ—ë –ø–æ–ª–µ —á–∞—Å—Ç–Ω—ã—Ö. $R$ –Ω
                                                  –∞–∑—ã–≤–∞–µ—Ç—Å—è \emph{–...

You may provide a definition with
\DeclareUnicodeCharacter 


! Package inputenc Error: Unicode character –∞ (U+0430)
(inputenc)                not set up for use with LaTeX.

See the inputenc package documentation for explanation.
Type  H <return>  for immediate help.
 ...                                              
                                                  
l.5 ...~--- –µ—ë –ø–æ–ª–µ —á–∞—Å—Ç–Ω—ã—Ö. $R$ –Ω–∞
                                                  –∑—ã–≤–∞–µ—Ç—Å—è \emph{–∫–...

You may provide a definition with
\DeclareUnicodeCharacter 


! Package inputenc Error: Unicode character –∑ (U+0437)
(inputenc)                not set up for use with LaTeX.

See the inputenc package documentation for explanation.
Type  H <return>  for immediate help.
 ...                                              
                                                  
l.5 ...-- –µ—ë –ø–æ–ª–µ —á–∞—Å—Ç–Ω—ã—Ö. $R$ –Ω–∞–∑
                                                  —ã–≤–∞–µ—Ç—Å—è \emph{–∫–æ–...

You may provide a definition with
\DeclareUnicodeCharacter 


! Package inputenc Error: Unicode character —ã (U+044B)
(inputenc)                not set up for use with LaTeX.

See the inputenc package documentation for explanation.
Type  H <return>  for immediate help.
 ...                                              
                                                  
l.5 ... –µ—ë –ø–æ–ª–µ —á–∞—Å—Ç–Ω—ã—Ö. $R$ –Ω–∞–∑—ã
                                                  –≤–∞–µ—Ç—Å—è \emph{–∫–æ–ª—...

You may provide a definition with
\DeclareUnicodeCharacter 


! Package inputenc Error: Unicode character –≤ (U+0432)
(inputenc)                not set up for use with LaTeX.

See the inputenc package documentation for explanation.
Type  H <return>  for immediate help.
 ...                                              
                                                  
l.5 ...µ—ë –ø–æ–ª–µ —á–∞—Å—Ç–Ω—ã—Ö. $R$ –Ω–∞–∑—ã–≤
                                                  –∞–µ—Ç—Å—è \emph{–∫–æ–ª—å—...

You may provide a definition with
\DeclareUnicodeCharacter 


! Package inputenc Error: Unicode character –∞ (U+0430)
(inputenc)                not set up for use with LaTeX.

See the inputenc package documentation for explanation.
Type  H <return>  for immediate help.
 ...                                              
                                                  
l.5 ...ë –ø–æ–ª–µ —á–∞—Å—Ç–Ω—ã—Ö. $R$ –Ω–∞–∑—ã–≤–∞
                                                  –µ—Ç—Å—è \emph{–∫–æ–ª—å—Ü–...

You may provide a definition with
\DeclareUnicodeCharacter 


! Package inputenc Error: Unicode character –µ (U+0435)
(inputenc)                not set up for use with LaTeX.

See the inputenc package documentation for explanation.
Type  H <return>  for immediate help.
 ...                                              
                                                  
l.5 ...–ø–æ–ª–µ —á–∞—Å—Ç–Ω—ã—Ö. $R$ –Ω–∞–∑—ã–≤–∞–µ
                                                  —Ç—Å—è \emph{–∫–æ–ª—å—Ü–æ–...

You may provide a definition with
\DeclareUnicodeCharacter 


! Package inputenc Error: Unicode character —Ç (U+0442)
(inputenc)                not set up for use with LaTeX.

See the inputenc package documentation for explanation.
Type  H <return>  for immediate help.
 ...                                              
                                                  
l.5 ...–æ–ª–µ —á–∞—Å—Ç–Ω—ã—Ö. $R$ –Ω–∞–∑—ã–≤–∞–µ—Ç
                                                  —Å—è \emph{–∫–æ–ª—å—Ü–æ–º ...

You may provide a definition with
\DeclareUnicodeCharacter 


! Package inputenc Error: Unicode character —Å (U+0441)
(inputenc)                not set up for use with LaTeX.

See the inputenc package documentation for explanation.
Type  H <return>  for immediate help.
 ...                                              
                                                  
l.5 ...–ª–µ —á–∞—Å—Ç–Ω—ã—Ö. $R$ –Ω–∞–∑—ã–≤–∞–µ—Ç—Å
                                                  —è \emph{–∫–æ–ª—å—Ü–æ–º –Ω...

You may provide a definition with
\DeclareUnicodeCharacter 


! Package inputenc Error: Unicode character —è (U+044F)
(inputenc)                not set up for use with LaTeX.

See the inputenc package documentation for explanation.
Type  H <return>  for immediate help.
 ...                                              
                                                  
l.5 ...–µ —á–∞—Å—Ç–Ω—ã—Ö. $R$ –Ω–∞–∑—ã–≤–∞–µ—Ç—Å—è
                                                   \emph{–∫–æ–ª—å—Ü–æ–º –Ω–æ...

You may provide a definition with
\DeclareUnicodeCharacter 


! Package inputenc Error: Unicode character –∫ (U+043A)
(inputenc)                not set up for use with LaTeX.

See the inputenc package documentation for explanation.
Type  H <return>  for immediate help.
 ...                                              
                                                  
l.5 ...ph{–∫–æ–ª—å—Ü–æ–º –Ω–æ—Ä–º–∏—Ä–æ–≤–∞–Ω–∏—è}
                                                  , –µ—Å–ª–∏ $R \cup (R \set...

You may provide a definition with
\DeclareUnicodeCharacter 


! Package inputenc Error: Unicode character –æ (U+043E)
(inputenc)                not set up for use with LaTeX.

See the inputenc package documentation for explanation.
Type  H <return>  for immediate help.
 ...                                              
                                                  
l.5 ...ph{–∫–æ–ª—å—Ü–æ–º –Ω–æ—Ä–º–∏—Ä–æ–≤–∞–Ω–∏—è}
                                                  , –µ—Å–ª–∏ $R \cup (R \set...

You may provide a definition with
\DeclareUnicodeCharacter 


! Package inputenc Error: Unicode character –ª (U+043B)
(inputenc)                not set up for use with LaTeX.

See the inputenc package documentation for explanation.
Type  H <return>  for immediate help.
 ...                                              
                                                  
l.5 ...ph{–∫–æ–ª—å—Ü–æ–º –Ω–æ—Ä–º–∏—Ä–æ–≤–∞–Ω–∏—è}
                                                  , –µ—Å–ª–∏ $R \cup (R \set...

You may provide a definition with
\DeclareUnicodeCharacter 


! Package inputenc Error: Unicode character —å (U+044C)
(inputenc)                not set up for use with LaTeX.

See the inputenc package documentation for explanation.
Type  H <return>  for immediate help.
 ...                                              
                                                  
l.5 ...ph{–∫–æ–ª—å—Ü–æ–º –Ω–æ—Ä–º–∏—Ä–æ–≤–∞–Ω–∏—è}
                                                  , –µ—Å–ª–∏ $R \cup (R \set...
(That makes 100 errors; please try again.) 
Here is how much of TeX's memory you used:
 52 strings out of 480608
 1119 string characters out of 5903630
 239610 words of memory out of 5000000
 16041 multiletter control sequences out of 15000+600000
 532684 words of font info for 25 fonts, out of 8000000 for 9000
 1141 hyphenation exceptions out of 8191
 18i,1n,15p,409b,78s stack positions out of 5000i,500n,10000p,200000b,80000s

!  ==> Fatal error occurred, no output PDF file produced!
