This is pdfTeX, Version 3.14159265-2.6-1.40.21 (TeX Live 2020) (preloaded format=pdflatex 2021.3.10)  10 DEC 2023 15:27
entering extended mode
 restricted \write18 enabled.
 %&-line parsing enabled.
**"/Users/user/Documents/GitHub/Algebraic-geometry-compendium/Tex abstract/src/
lectures/3/3.2.tex"

(/Users/user/Documents/GitHub/Algebraic-geometry-compendium/Tex abstract/src/le
ctures/3/3.2.tex
LaTeX2e <2020-02-02> patch level 5
L3 programming layer <2020-03-06>
! Undefined control sequence.
l.1 	\subsection
                {–õ–æ–∫–∞–ª–∏–∑–∞—Ü–∏—è. –ü–æ–≤–µ–¥–µ–Ω–∏–µ —Å–ø–µ–∫—Ç—Ä–∞ –...
The control sequence at the end of the top line
of your error message was never \def'ed. If you have
misspelled it (e.g., `\hobx'), type `I' and the correct
spelling (e.g., `I\hbox'). Otherwise just continue,
and I'll forget about whatever was undefined.


! Package inputenc Error: Unicode character –õ (U+041B)
(inputenc)                not set up for use with LaTeX.

See the inputenc package documentation for explanation.
Type  H <return>  for immediate help.
 ...                                              
                                                  
l.1 	\subsection{–õ
                   –æ–∫–∞–ª–∏–∑–∞—Ü–∏—è. –ü–æ–≤–µ–¥–µ–Ω–∏–µ —Å–ø–µ–∫—Ç—Ä–∞ –...

You may provide a definition with
\DeclareUnicodeCharacter 


! Package inputenc Error: Unicode character –æ (U+043E)
(inputenc)                not set up for use with LaTeX.

See the inputenc package documentation for explanation.
Type  H <return>  for immediate help.
 ...                                              
                                                  
l.1 	\subsection{–õ–æ
                     –∫–∞–ª–∏–∑–∞—Ü–∏—è. –ü–æ–≤–µ–¥–µ–Ω–∏–µ —Å–ø–µ–∫—Ç—Ä–∞ –...

You may provide a definition with
\DeclareUnicodeCharacter 


! Package inputenc Error: Unicode character –∫ (U+043A)
(inputenc)                not set up for use with LaTeX.

See the inputenc package documentation for explanation.
Type  H <return>  for immediate help.
 ...                                              
                                                  
l.1 	\subsection{–õ–æ–∫
                       –∞–ª–∏–∑–∞—Ü–∏—è. –ü–æ–≤–µ–¥–µ–Ω–∏–µ —Å–ø–µ–∫—Ç—Ä–∞ –...

You may provide a definition with
\DeclareUnicodeCharacter 


! Package inputenc Error: Unicode character –∞ (U+0430)
(inputenc)                not set up for use with LaTeX.

See the inputenc package documentation for explanation.
Type  H <return>  for immediate help.
 ...                                              
                                                  
l.1 	\subsection{–õ–æ–∫–∞
                         –ª–∏–∑–∞—Ü–∏—è. –ü–æ–≤–µ–¥–µ–Ω–∏–µ —Å–ø–µ–∫—Ç—Ä–∞ –...

You may provide a definition with
\DeclareUnicodeCharacter 


! Package inputenc Error: Unicode character –ª (U+043B)
(inputenc)                not set up for use with LaTeX.

See the inputenc package documentation for explanation.
Type  H <return>  for immediate help.
 ...                                              
                                                  
l.1 	\subsection{–õ–æ–∫–∞–ª
                           –∏–∑–∞—Ü–∏—è. –ü–æ–≤–µ–¥–µ–Ω–∏–µ —Å–ø–µ–∫—Ç—Ä–∞ –...

You may provide a definition with
\DeclareUnicodeCharacter 


! Package inputenc Error: Unicode character –∏ (U+0438)
(inputenc)                not set up for use with LaTeX.

See the inputenc package documentation for explanation.
Type  H <return>  for immediate help.
 ...                                              
                                                  
l.1 	\subsection{–õ–æ–∫–∞–ª–∏
                             –∑–∞—Ü–∏—è. –ü–æ–≤–µ–¥–µ–Ω–∏–µ —Å–ø–µ–∫—Ç—Ä–∞ –...

You may provide a definition with
\DeclareUnicodeCharacter 


! Package inputenc Error: Unicode character –∑ (U+0437)
(inputenc)                not set up for use with LaTeX.

See the inputenc package documentation for explanation.
Type  H <return>  for immediate help.
 ...                                              
                                                  
l.1 	\subsection{–õ–æ–∫–∞–ª–∏–∑
                               –∞—Ü–∏—è. –ü–æ–≤–µ–¥–µ–Ω–∏–µ —Å–ø–µ–∫—Ç—Ä–∞ –...

You may provide a definition with
\DeclareUnicodeCharacter 


! Package inputenc Error: Unicode character –∞ (U+0430)
(inputenc)                not set up for use with LaTeX.

See the inputenc package documentation for explanation.
Type  H <return>  for immediate help.
 ...                                              
                                                  
l.1 	\subsection{–õ–æ–∫–∞–ª–∏–∑–∞
                                 —Ü–∏—è. –ü–æ–≤–µ–¥–µ–Ω–∏–µ —Å–ø–µ–∫—Ç—Ä–∞ –...

You may provide a definition with
\DeclareUnicodeCharacter 


! Package inputenc Error: Unicode character —Ü (U+0446)
(inputenc)                not set up for use with LaTeX.

See the inputenc package documentation for explanation.
Type  H <return>  for immediate help.
 ...                                              
                                                  
l.1 	\subsection{–õ–æ–∫–∞–ª–∏–∑–∞—Ü
                                   –∏—è. –ü–æ–≤–µ–¥–µ–Ω–∏–µ —Å–ø–µ–∫—Ç—Ä–∞ –...

You may provide a definition with
\DeclareUnicodeCharacter 


! Package inputenc Error: Unicode character –∏ (U+0438)
(inputenc)                not set up for use with LaTeX.

See the inputenc package documentation for explanation.
Type  H <return>  for immediate help.
 ...                                              
                                                  
l.1 	\subsection{–õ–æ–∫–∞–ª–∏–∑–∞—Ü–∏
                                     —è. –ü–æ–≤–µ–¥–µ–Ω–∏–µ —Å–ø–µ–∫—Ç—Ä–∞ –...

You may provide a definition with
\DeclareUnicodeCharacter 


! Package inputenc Error: Unicode character —è (U+044F)
(inputenc)                not set up for use with LaTeX.

See the inputenc package documentation for explanation.
Type  H <return>  for immediate help.
 ...                                              
                                                  
l.1 	\subsection{–õ–æ–∫–∞–ª–∏–∑–∞—Ü–∏—è
                                       . –ü–æ–≤–µ–¥–µ–Ω–∏–µ —Å–ø–µ–∫—Ç—Ä–∞ –...

You may provide a definition with
\DeclareUnicodeCharacter 


! LaTeX Error: Missing \begin{document}.

See the LaTeX manual or LaTeX Companion for explanation.
Type  H <return>  for immediate help.
 ...                                              
                                                  
l.1 	\subsection{–õ–æ–∫–∞–ª–∏–∑–∞—Ü–∏—è.
                                         –ü–æ–≤–µ–¥–µ–Ω–∏–µ —Å–ø–µ–∫—Ç—Ä–∞ –...

You're in trouble here.  Try typing  <return>  to proceed.
If that doesn't work, type  X <return>  to quit.

Missing character: There is no . in font nullfont!

! Package inputenc Error: Unicode character –ü (U+041F)
(inputenc)                not set up for use with LaTeX.

See the inputenc package documentation for explanation.
Type  H <return>  for immediate help.
 ...                                              
                                                  
l.1 	\subsection{–õ–æ–∫–∞–ª–∏–∑–∞—Ü–∏—è. –ü
                                           –æ–≤–µ–¥–µ–Ω–∏–µ —Å–ø–µ–∫—Ç—Ä–∞ –...

You may provide a definition with
\DeclareUnicodeCharacter 


! Package inputenc Error: Unicode character –æ (U+043E)
(inputenc)                not set up for use with LaTeX.

See the inputenc package documentation for explanation.
Type  H <return>  for immediate help.
 ...                                              
                                                  
l.1 	\subsection{–õ–æ–∫–∞–ª–∏–∑–∞—Ü–∏—è. –ü–æ
                                             –≤–µ–¥–µ–Ω–∏–µ —Å–ø–µ–∫—Ç—Ä–∞ –...

You may provide a definition with
\DeclareUnicodeCharacter 


! Package inputenc Error: Unicode character –≤ (U+0432)
(inputenc)                not set up for use with LaTeX.

See the inputenc package documentation for explanation.
Type  H <return>  for immediate help.
 ...                                              
                                                  
l.1 	\subsection{–õ–æ–∫–∞–ª–∏–∑–∞—Ü–∏—è. –ü–æ–≤
                                               –µ–¥–µ–Ω–∏–µ —Å–ø–µ–∫—Ç—Ä–∞ –...

You may provide a definition with
\DeclareUnicodeCharacter 


! Package inputenc Error: Unicode character –µ (U+0435)
(inputenc)                not set up for use with LaTeX.

See the inputenc package documentation for explanation.
Type  H <return>  for immediate help.
 ...                                              
                                                  
l.1 	\subsection{–õ–æ–∫–∞–ª–∏–∑–∞—Ü–∏—è. –ü–æ–≤–µ
                                                 –¥–µ–Ω–∏–µ —Å–ø–µ–∫—Ç—Ä–∞ –...

You may provide a definition with
\DeclareUnicodeCharacter 


! Package inputenc Error: Unicode character –¥ (U+0434)
(inputenc)                not set up for use with LaTeX.

See the inputenc package documentation for explanation.
Type  H <return>  for immediate help.
 ...                                              
                                                  
l.1 ...bsection{–õ–æ–∫–∞–ª–∏–∑–∞—Ü–∏—è. –ü–æ–≤–µ–¥
                                                  –µ–Ω–∏–µ —Å–ø–µ–∫—Ç—Ä–∞ –ø...

You may provide a definition with
\DeclareUnicodeCharacter 


! Package inputenc Error: Unicode character –µ (U+0435)
(inputenc)                not set up for use with LaTeX.

See the inputenc package documentation for explanation.
Type  H <return>  for immediate help.
 ...                                              
                                                  
l.1 ...ection{–õ–æ–∫–∞–ª–∏–∑–∞—Ü–∏—è. –ü–æ–≤–µ–¥–µ
                                                  –Ω–∏–µ —Å–ø–µ–∫—Ç—Ä–∞ –ø—Ä...

You may provide a definition with
\DeclareUnicodeCharacter 


! Package inputenc Error: Unicode character –Ω (U+043D)
(inputenc)                not set up for use with LaTeX.

See the inputenc package documentation for explanation.
Type  H <return>  for immediate help.
 ...                                              
                                                  
l.1 ...tion{–õ–æ–∫–∞–ª–∏–∑–∞—Ü–∏—è. –ü–æ–≤–µ–¥–µ–Ω
                                                  –∏–µ —Å–ø–µ–∫—Ç—Ä–∞ –ø—Ä–∏...

You may provide a definition with
\DeclareUnicodeCharacter 


! Package inputenc Error: Unicode character –∏ (U+0438)
(inputenc)                not set up for use with LaTeX.

See the inputenc package documentation for explanation.
Type  H <return>  for immediate help.
 ...                                              
                                                  
l.1 ...on{–õ–æ–∫–∞–ª–∏–∑–∞—Ü–∏—è. –ü–æ–≤–µ–¥–µ–Ω–∏
                                                  –µ —Å–ø–µ–∫—Ç—Ä–∞ –ø—Ä–∏ –...

You may provide a definition with
\DeclareUnicodeCharacter 


! Package inputenc Error: Unicode character –µ (U+0435)
(inputenc)                not set up for use with LaTeX.

See the inputenc package documentation for explanation.
Type  H <return>  for immediate help.
 ...                                              
                                                  
l.1 ...{–õ–æ–∫–∞–ª–∏–∑–∞—Ü–∏—è. –ü–æ–≤–µ–¥–µ–Ω–∏–µ
                                                   —Å–ø–µ–∫—Ç—Ä–∞ –ø—Ä–∏ –ª–...

You may provide a definition with
\DeclareUnicodeCharacter 


! Package inputenc Error: Unicode character —Å (U+0441)
(inputenc)                not set up for use with LaTeX.

See the inputenc package documentation for explanation.
Type  H <return>  for immediate help.
 ...                                              
                                                  
l.1 ...–æ–∫–∞–ª–∏–∑–∞—Ü–∏—è. –ü–æ–≤–µ–¥–µ–Ω–∏–µ —Å
                                                  –ø–µ–∫—Ç—Ä–∞ –ø—Ä–∏ –ª–æ–∫...

You may provide a definition with
\DeclareUnicodeCharacter 


! Package inputenc Error: Unicode character –ø (U+043F)
(inputenc)                not set up for use with LaTeX.

See the inputenc package documentation for explanation.
Type  H <return>  for immediate help.
 ...                                              
                                                  
l.1 ...–∫–∞–ª–∏–∑–∞—Ü–∏—è. –ü–æ–≤–µ–¥–µ–Ω–∏–µ —Å–ø
                                                  –µ–∫—Ç—Ä–∞ –ø—Ä–∏ –ª–æ–∫–∞...

You may provide a definition with
\DeclareUnicodeCharacter 


! Package inputenc Error: Unicode character –µ (U+0435)
(inputenc)                not set up for use with LaTeX.

See the inputenc package documentation for explanation.
Type  H <return>  for immediate help.
 ...                                              
                                                  
l.1 ...–∞–ª–∏–∑–∞—Ü–∏—è. –ü–æ–≤–µ–¥–µ–Ω–∏–µ —Å–ø–µ
                                                  –∫—Ç—Ä–∞ –ø—Ä–∏ –ª–æ–∫–∞–ª...

You may provide a definition with
\DeclareUnicodeCharacter 


! Package inputenc Error: Unicode character –∫ (U+043A)
(inputenc)                not set up for use with LaTeX.

See the inputenc package documentation for explanation.
Type  H <return>  for immediate help.
 ...                                              
                                                  
l.1 ...–ª–∏–∑–∞—Ü–∏—è. –ü–æ–≤–µ–¥–µ–Ω–∏–µ —Å–ø–µ–∫
                                                  —Ç—Ä–∞ –ø—Ä–∏ –ª–æ–∫–∞–ª–∏...

You may provide a definition with
\DeclareUnicodeCharacter 


! Package inputenc Error: Unicode character —Ç (U+0442)
(inputenc)                not set up for use with LaTeX.

See the inputenc package documentation for explanation.
Type  H <return>  for immediate help.
 ...                                              
                                                  
l.1 ...–∏–∑–∞—Ü–∏—è. –ü–æ–≤–µ–¥–µ–Ω–∏–µ —Å–ø–µ–∫—Ç
                                                  —Ä–∞ –ø—Ä–∏ –ª–æ–∫–∞–ª–∏–∑...

You may provide a definition with
\DeclareUnicodeCharacter 


! Package inputenc Error: Unicode character —Ä (U+0440)
(inputenc)                not set up for use with LaTeX.

See the inputenc package documentation for explanation.
Type  H <return>  for immediate help.
 ...                                              
                                                  
l.1 ...–∑–∞—Ü–∏—è. –ü–æ–≤–µ–¥–µ–Ω–∏–µ —Å–ø–µ–∫—Ç—Ä
                                                  –∞ –ø—Ä–∏ –ª–æ–∫–∞–ª–∏–∑–∞...

You may provide a definition with
\DeclareUnicodeCharacter 


! Package inputenc Error: Unicode character –∞ (U+0430)
(inputenc)                not set up for use with LaTeX.

See the inputenc package documentation for explanation.
Type  H <return>  for immediate help.
 ...                                              
                                                  
l.1 ...–∞—Ü–∏—è. –ü–æ–≤–µ–¥–µ–Ω–∏–µ —Å–ø–µ–∫—Ç—Ä–∞
                                                   –ø—Ä–∏ –ª–æ–∫–∞–ª–∏–∑–∞—Ü...

You may provide a definition with
\DeclareUnicodeCharacter 


! Package inputenc Error: Unicode character –ø (U+043F)
(inputenc)                not set up for use with LaTeX.

See the inputenc package documentation for explanation.
Type  H <return>  for immediate help.
 ...                                              
                                                  
l.1 ...Ü–∏—è. –ü–æ–≤–µ–¥–µ–Ω–∏–µ —Å–ø–µ–∫—Ç—Ä–∞ –ø
                                                  —Ä–∏ –ª–æ–∫–∞–ª–∏–∑–∞—Ü–∏–...

You may provide a definition with
\DeclareUnicodeCharacter 


! Package inputenc Error: Unicode character —Ä (U+0440)
(inputenc)                not set up for use with LaTeX.

See the inputenc package documentation for explanation.
Type  H <return>  for immediate help.
 ...                                              
                                                  
l.1 ...∏—è. –ü–æ–≤–µ–¥–µ–Ω–∏–µ —Å–ø–µ–∫—Ç—Ä–∞ –ø—Ä
                                                  –∏ –ª–æ–∫–∞–ª–∏–∑–∞—Ü–∏–∏....

You may provide a definition with
\DeclareUnicodeCharacter 


! Package inputenc Error: Unicode character –∏ (U+0438)
(inputenc)                not set up for use with LaTeX.

See the inputenc package documentation for explanation.
Type  H <return>  for immediate help.
 ...                                              
                                                  
l.1 ...è. –ü–æ–≤–µ–¥–µ–Ω–∏–µ —Å–ø–µ–∫—Ç—Ä–∞ –ø—Ä–∏
                                                   –ª–æ–∫–∞–ª–∏–∑–∞—Ü–∏–∏. –...

You may provide a definition with
\DeclareUnicodeCharacter 


! Package inputenc Error: Unicode character –ª (U+043B)
(inputenc)                not set up for use with LaTeX.

See the inputenc package documentation for explanation.
Type  H <return>  for immediate help.
 ...                                              
                                                  
l.1 ...–ü–æ–≤–µ–¥–µ–Ω–∏–µ —Å–ø–µ–∫—Ç—Ä–∞ –ø—Ä–∏ –ª
                                                  –æ–∫–∞–ª–∏–∑–∞—Ü–∏–∏. –õ–æ...

You may provide a definition with
\DeclareUnicodeCharacter 


! Package inputenc Error: Unicode character –æ (U+043E)
(inputenc)                not set up for use with LaTeX.

See the inputenc package documentation for explanation.
Type  H <return>  for immediate help.
 ...                                              
                                                  
l.1 ...–æ–≤–µ–¥–µ–Ω–∏–µ —Å–ø–µ–∫—Ç—Ä–∞ –ø—Ä–∏ –ª–æ
                                                  –∫–∞–ª–∏–∑–∞—Ü–∏–∏. –õ–æ–∫...

You may provide a definition with
\DeclareUnicodeCharacter 


! Package inputenc Error: Unicode character –∫ (U+043A)
(inputenc)                not set up for use with LaTeX.

See the inputenc package documentation for explanation.
Type  H <return>  for immediate help.
 ...                                              
                                                  
l.1 ...–≤–µ–¥–µ–Ω–∏–µ —Å–ø–µ–∫—Ç—Ä–∞ –ø—Ä–∏ –ª–æ–∫
                                                  –∞–ª–∏–∑–∞—Ü–∏–∏. –õ–æ–∫–∞...

You may provide a definition with
\DeclareUnicodeCharacter 


! Package inputenc Error: Unicode character –∞ (U+0430)
(inputenc)                not set up for use with LaTeX.

See the inputenc package documentation for explanation.
Type  H <return>  for immediate help.
 ...                                              
                                                  
l.1 ...–µ–¥–µ–Ω–∏–µ —Å–ø–µ–∫—Ç—Ä–∞ –ø—Ä–∏ –ª–æ–∫–∞
                                                  –ª–∏–∑–∞—Ü–∏–∏. –õ–æ–∫–∞–ª...

You may provide a definition with
\DeclareUnicodeCharacter 


! Package inputenc Error: Unicode character –ª (U+043B)
(inputenc)                not set up for use with LaTeX.

See the inputenc package documentation for explanation.
Type  H <return>  for immediate help.
 ...                                              
                                                  
l.1 ...–¥–µ–Ω–∏–µ —Å–ø–µ–∫—Ç—Ä–∞ –ø—Ä–∏ –ª–æ–∫–∞–ª
                                                  –∏–∑–∞—Ü–∏–∏. –õ–æ–∫–∞–ª—å...

You may provide a definition with
\DeclareUnicodeCharacter 


! Package inputenc Error: Unicode character –∏ (U+0438)
(inputenc)                not set up for use with LaTeX.

See the inputenc package documentation for explanation.
Type  H <return>  for immediate help.
 ...                                              
                                                  
l.1 ...–µ–Ω–∏–µ —Å–ø–µ–∫—Ç—Ä–∞ –ø—Ä–∏ –ª–æ–∫–∞–ª–∏
                                                  –∑–∞—Ü–∏–∏. –õ–æ–∫–∞–ª—å–Ω...

You may provide a definition with
\DeclareUnicodeCharacter 


! Package inputenc Error: Unicode character –∑ (U+0437)
(inputenc)                not set up for use with LaTeX.

See the inputenc package documentation for explanation.
Type  H <return>  for immediate help.
 ...                                              
                                                  
l.1 ...–Ω–∏–µ —Å–ø–µ–∫—Ç—Ä–∞ –ø—Ä–∏ –ª–æ–∫–∞–ª–∏–∑
                                                  –∞—Ü–∏–∏. –õ–æ–∫–∞–ª—å–Ω—ã...

You may provide a definition with
\DeclareUnicodeCharacter 


! Package inputenc Error: Unicode character –∞ (U+0430)
(inputenc)                not set up for use with LaTeX.

See the inputenc package documentation for explanation.
Type  H <return>  for immediate help.
 ...                                              
                                                  
l.1 ...–∏–µ —Å–ø–µ–∫—Ç—Ä–∞ –ø—Ä–∏ –ª–æ–∫–∞–ª–∏–∑–∞
                                                  —Ü–∏–∏. –õ–æ–∫–∞–ª—å–Ω—ã–π...

You may provide a definition with
\DeclareUnicodeCharacter 


! Package inputenc Error: Unicode character —Ü (U+0446)
(inputenc)                not set up for use with LaTeX.

See the inputenc package documentation for explanation.
Type  H <return>  for immediate help.
 ...                                              
                                                  
l.1 ...–µ —Å–ø–µ–∫—Ç—Ä–∞ –ø—Ä–∏ –ª–æ–∫–∞–ª–∏–∑–∞—Ü
                                                  –∏–∏. –õ–æ–∫–∞–ª—å–Ω—ã–π –...

You may provide a definition with
\DeclareUnicodeCharacter 


! Package inputenc Error: Unicode character –∏ (U+0438)
(inputenc)                not set up for use with LaTeX.

See the inputenc package documentation for explanation.
Type  H <return>  for immediate help.
 ...                                              
                                                  
l.1 ... —Å–ø–µ–∫—Ç—Ä–∞ –ø—Ä–∏ –ª–æ–∫–∞–ª–∏–∑–∞—Ü–∏
                                                  –∏. –õ–æ–∫–∞–ª—å–Ω—ã–π –ø—...

You may provide a definition with
\DeclareUnicodeCharacter 


! Package inputenc Error: Unicode character –∏ (U+0438)
(inputenc)                not set up for use with LaTeX.

See the inputenc package documentation for explanation.
Type  H <return>  for immediate help.
 ...                                              
                                                  
l.1 ...Å–ø–µ–∫—Ç—Ä–∞ –ø—Ä–∏ –ª–æ–∫–∞–ª–∏–∑–∞—Ü–∏–∏
                                                  . –õ–æ–∫–∞–ª—å–Ω—ã–π –ø—Ä–...

You may provide a definition with
\DeclareUnicodeCharacter 

Missing character: There is no . in font nullfont!

! Package inputenc Error: Unicode character –õ (U+041B)
(inputenc)                not set up for use with LaTeX.

See the inputenc package documentation for explanation.
Type  H <return>  for immediate help.
 ...                                              
                                                  
l.1 ...µ–∫—Ç—Ä–∞ –ø—Ä–∏ –ª–æ–∫–∞–ª–∏–∑–∞—Ü–∏–∏. –õ
                                                  –æ–∫–∞–ª—å–Ω—ã–π –ø—Ä–∏–Ω—...

You may provide a definition with
\DeclareUnicodeCharacter 


! Package inputenc Error: Unicode character –æ (U+043E)
(inputenc)                not set up for use with LaTeX.

See the inputenc package documentation for explanation.
Type  H <return>  for immediate help.
 ...                                              
                                                  
l.1 ...∫—Ç—Ä–∞ –ø—Ä–∏ –ª–æ–∫–∞–ª–∏–∑–∞—Ü–∏–∏. –õ–æ
                                                  –∫–∞–ª—å–Ω—ã–π –ø—Ä–∏–Ω—Ü–...

You may provide a definition with
\DeclareUnicodeCharacter 


! Package inputenc Error: Unicode character –∫ (U+043A)
(inputenc)                not set up for use with LaTeX.

See the inputenc package documentation for explanation.
Type  H <return>  for immediate help.
 ...                                              
                                                  
l.1 ...Ç—Ä–∞ –ø—Ä–∏ –ª–æ–∫–∞–ª–∏–∑–∞—Ü–∏–∏. –õ–æ–∫
                                                  –∞–ª—å–Ω—ã–π –ø—Ä–∏–Ω—Ü–∏–ø.}

You may provide a definition with
\DeclareUnicodeCharacter 


! Package inputenc Error: Unicode character –∞ (U+0430)
(inputenc)                not set up for use with LaTeX.

See the inputenc package documentation for explanation.
Type  H <return>  for immediate help.
 ...                                              
                                                  
l.1 ...Ä–∞ –ø—Ä–∏ –ª–æ–∫–∞–ª–∏–∑–∞—Ü–∏–∏. –õ–æ–∫–∞
                                                  –ª—å–Ω—ã–π –ø—Ä–∏–Ω—Ü–∏–ø.}
You may provide a definition with
\DeclareUnicodeCharacter 


! Package inputenc Error: Unicode character –ª (U+043B)
(inputenc)                not set up for use with LaTeX.

See the inputenc package documentation for explanation.
Type  H <return>  for immediate help.
 ...                                              
                                                  
l.1 ...∞ –ø—Ä–∏ –ª–æ–∫–∞–ª–∏–∑–∞—Ü–∏–∏. –õ–æ–∫–∞–ª
                                                  —å–Ω—ã–π –ø—Ä–∏–Ω—Ü–∏–ø.}
You may provide a definition with
\DeclareUnicodeCharacter 


! Package inputenc Error: Unicode character —å (U+044C)
(inputenc)                not set up for use with LaTeX.

See the inputenc package documentation for explanation.
Type  H <return>  for immediate help.
 ...                                              
                                                  
l.1 ...–ø—Ä–∏ –ª–æ–∫–∞–ª–∏–∑–∞—Ü–∏–∏. –õ–æ–∫–∞–ª—å
                                                  –Ω—ã–π –ø—Ä–∏–Ω—Ü–∏–ø.}
You may provide a definition with
\DeclareUnicodeCharacter 


! Package inputenc Error: Unicode character –Ω (U+043D)
(inputenc)                not set up for use with LaTeX.

See the inputenc package documentation for explanation.
Type  H <return>  for immediate help.
 ...                                              
                                                  
l.1 ...—Ä–∏ –ª–æ–∫–∞–ª–∏–∑–∞—Ü–∏–∏. –õ–æ–∫–∞–ª—å–Ω
                                                  —ã–π –ø—Ä–∏–Ω—Ü–∏–ø.}
You may provide a definition with
\DeclareUnicodeCharacter 


! Package inputenc Error: Unicode character —ã (U+044B)
(inputenc)                not set up for use with LaTeX.

See the inputenc package documentation for explanation.
Type  H <return>  for immediate help.
 ...                                              
                                                  
l.1 ...–∏ –ª–æ–∫–∞–ª–∏–∑–∞—Ü–∏–∏. –õ–æ–∫–∞–ª—å–Ω—ã
                                                  –π –ø—Ä–∏–Ω—Ü–∏–ø.}
You may provide a definition with
\DeclareUnicodeCharacter 


! Package inputenc Error: Unicode character –π (U+0439)
(inputenc)                not set up for use with LaTeX.

See the inputenc package documentation for explanation.
Type  H <return>  for immediate help.
 ...                                              
                                                  
l.1 ... –ª–æ–∫–∞–ª–∏–∑–∞—Ü–∏–∏. –õ–æ–∫–∞–ª—å–Ω—ã–π
                                                   –ø—Ä–∏–Ω—Ü–∏–ø.}
You may provide a definition with
\DeclareUnicodeCharacter 


! Package inputenc Error: Unicode character –ø (U+043F)
(inputenc)                not set up for use with LaTeX.

See the inputenc package documentation for explanation.
Type  H <return>  for immediate help.
 ...                                              
                                                  
l.1 ...–æ–∫–∞–ª–∏–∑–∞—Ü–∏–∏. –õ–æ–∫–∞–ª—å–Ω—ã–π –ø
                                                  —Ä–∏–Ω—Ü–∏–ø.}
You may provide a definition with
\DeclareUnicodeCharacter 


! Package inputenc Error: Unicode character —Ä (U+0440)
(inputenc)                not set up for use with LaTeX.

See the inputenc package documentation for explanation.
Type  H <return>  for immediate help.
 ...                                              
                                                  
l.1 ...–∫–∞–ª–∏–∑–∞—Ü–∏–∏. –õ–æ–∫–∞–ª—å–Ω—ã–π –ø—Ä
                                                  –∏–Ω—Ü–∏–ø.}
You may provide a definition with
\DeclareUnicodeCharacter 


! Package inputenc Error: Unicode character –∏ (U+0438)
(inputenc)                not set up for use with LaTeX.

See the inputenc package documentation for explanation.
Type  H <return>  for immediate help.
 ...                                              
                                                  
l.1 ...–∞–ª–∏–∑–∞—Ü–∏–∏. –õ–æ–∫–∞–ª—å–Ω—ã–π –ø—Ä–∏
                                                  –Ω—Ü–∏–ø.}
You may provide a definition with
\DeclareUnicodeCharacter 


! Package inputenc Error: Unicode character –Ω (U+043D)
(inputenc)                not set up for use with LaTeX.

See the inputenc package documentation for explanation.
Type  H <return>  for immediate help.
 ...                                              
                                                  
l.1 ...–ª–∏–∑–∞—Ü–∏–∏. –õ–æ–∫–∞–ª—å–Ω—ã–π –ø—Ä–∏–Ω
                                                  —Ü–∏–ø.}
You may provide a definition with
\DeclareUnicodeCharacter 


! Package inputenc Error: Unicode character —Ü (U+0446)
(inputenc)                not set up for use with LaTeX.

See the inputenc package documentation for explanation.
Type  H <return>  for immediate help.
 ...                                              
                                                  
l.1 ...–∏–∑–∞—Ü–∏–∏. –õ–æ–∫–∞–ª—å–Ω—ã–π –ø—Ä–∏–Ω—Ü
                                                  –∏–ø.}
You may provide a definition with
\DeclareUnicodeCharacter 


! Package inputenc Error: Unicode character –∏ (U+0438)
(inputenc)                not set up for use with LaTeX.

See the inputenc package documentation for explanation.
Type  H <return>  for immediate help.
 ...                                              
                                                  
l.1 ...–∑–∞—Ü–∏–∏. –õ–æ–∫–∞–ª—å–Ω—ã–π –ø—Ä–∏–Ω—Ü–∏
                                                  –ø.}
You may provide a definition with
\DeclareUnicodeCharacter 


! Package inputenc Error: Unicode character –ø (U+043F)
(inputenc)                not set up for use with LaTeX.

See the inputenc package documentation for explanation.
Type  H <return>  for immediate help.
 ...                                              
                                                  
l.1 ...–∞—Ü–∏–∏. –õ–æ–∫–∞–ª—å–Ω—ã–π –ø—Ä–∏–Ω—Ü–∏–ø
                                                  .}
You may provide a definition with
\DeclareUnicodeCharacter 

Missing character: There is no . in font nullfont!

Overfull \hbox (20.0pt too wide) in paragraph at lines 1--2
[]
 []


! Package inputenc Error: Unicode character –ù (U+041D)
(inputenc)                not set up for use with LaTeX.

See the inputenc package documentation for explanation.
Type  H <return>  for immediate help.
 ...                                              
                                                  
l.3 	–ù
       –∞–ø–æ–º–Ω–∏–º –æ—Å–Ω–æ–≤–Ω—ã–µ –ø—Ä–∏–º–µ—Ä—ã –ª–æ–∫–∞–ª–∏–∑–∞—Ü–∏–π:
You may provide a definition with
\DeclareUnicodeCharacter 


! Package inputenc Error: Unicode character –∞ (U+0430)
(inputenc)                not set up for use with LaTeX.

See the inputenc package documentation for explanation.
Type  H <return>  for immediate help.
 ...                                              
                                                  
l.3 	–ù–∞
         –ø–æ–º–Ω–∏–º –æ—Å–Ω–æ–≤–Ω—ã–µ –ø—Ä–∏–º–µ—Ä—ã –ª–æ–∫–∞–ª–∏–∑–∞—Ü–∏–π:
You may provide a definition with
\DeclareUnicodeCharacter 


! Package inputenc Error: Unicode character –ø (U+043F)
(inputenc)                not set up for use with LaTeX.

See the inputenc package documentation for explanation.
Type  H <return>  for immediate help.
 ...                                              
                                                  
l.3 	–ù–∞–ø
           –æ–º–Ω–∏–º –æ—Å–Ω–æ–≤–Ω—ã–µ –ø—Ä–∏–º–µ—Ä—ã –ª–æ–∫–∞–ª–∏–∑–∞—Ü–∏–π:
You may provide a definition with
\DeclareUnicodeCharacter 


! Package inputenc Error: Unicode character –æ (U+043E)
(inputenc)                not set up for use with LaTeX.

See the inputenc package documentation for explanation.
Type  H <return>  for immediate help.
 ...                                              
                                                  
l.3 	–ù–∞–ø–æ
             –º–Ω–∏–º –æ—Å–Ω–æ–≤–Ω—ã–µ –ø—Ä–∏–º–µ—Ä—ã –ª–æ–∫–∞–ª–∏–∑–∞—Ü–∏–π:
You may provide a definition with
\DeclareUnicodeCharacter 


! Package inputenc Error: Unicode character –º (U+043C)
(inputenc)                not set up for use with LaTeX.

See the inputenc package documentation for explanation.
Type  H <return>  for immediate help.
 ...                                              
                                                  
l.3 	–ù–∞–ø–æ–º
               –Ω–∏–º –æ—Å–Ω–æ–≤–Ω—ã–µ –ø—Ä–∏–º–µ—Ä—ã –ª–æ–∫–∞–ª–∏–∑–∞—Ü–∏–π:
You may provide a definition with
\DeclareUnicodeCharacter 


! Package inputenc Error: Unicode character –Ω (U+043D)
(inputenc)                not set up for use with LaTeX.

See the inputenc package documentation for explanation.
Type  H <return>  for immediate help.
 ...                                              
                                                  
l.3 	–ù–∞–ø–æ–º–Ω
                 –∏–º –æ—Å–Ω–æ–≤–Ω—ã–µ –ø—Ä–∏–º–µ—Ä—ã –ª–æ–∫–∞–ª–∏–∑–∞—Ü–∏–π:
You may provide a definition with
\DeclareUnicodeCharacter 


! Package inputenc Error: Unicode character –∏ (U+0438)
(inputenc)                not set up for use with LaTeX.

See the inputenc package documentation for explanation.
Type  H <return>  for immediate help.
 ...                                              
                                                  
l.3 	–ù–∞–ø–æ–º–Ω–∏
                   –º –æ—Å–Ω–æ–≤–Ω—ã–µ –ø—Ä–∏–º–µ—Ä—ã –ª–æ–∫–∞–ª–∏–∑–∞—Ü–∏–π:
You may provide a definition with
\DeclareUnicodeCharacter 


! Package inputenc Error: Unicode character –º (U+043C)
(inputenc)                not set up for use with LaTeX.

See the inputenc package documentation for explanation.
Type  H <return>  for immediate help.
 ...                                              
                                                  
l.3 	–ù–∞–ø–æ–º–Ω–∏–º
                      –æ—Å–Ω–æ–≤–Ω—ã–µ –ø—Ä–∏–º–µ—Ä—ã –ª–æ–∫–∞–ª–∏–∑–∞—Ü–∏–π:
You may provide a definition with
\DeclareUnicodeCharacter 


! Package inputenc Error: Unicode character –æ (U+043E)
(inputenc)                not set up for use with LaTeX.

See the inputenc package documentation for explanation.
Type  H <return>  for immediate help.
 ...                                              
                                                  
l.3 	–ù–∞–ø–æ–º–Ω–∏–º –æ
                        —Å–Ω–æ–≤–Ω—ã–µ –ø—Ä–∏–º–µ—Ä—ã –ª–æ–∫–∞–ª–∏–∑–∞—Ü–∏–π:
You may provide a definition with
\DeclareUnicodeCharacter 


! Package inputenc Error: Unicode character —Å (U+0441)
(inputenc)                not set up for use with LaTeX.

See the inputenc package documentation for explanation.
Type  H <return>  for immediate help.
 ...                                              
                                                  
l.3 	–ù–∞–ø–æ–º–Ω–∏–º –æ—Å
                          –Ω–æ–≤–Ω—ã–µ –ø—Ä–∏–º–µ—Ä—ã –ª–æ–∫–∞–ª–∏–∑–∞—Ü–∏–π:
You may provide a definition with
\DeclareUnicodeCharacter 


! Package inputenc Error: Unicode character –Ω (U+043D)
(inputenc)                not set up for use with LaTeX.

See the inputenc package documentation for explanation.
Type  H <return>  for immediate help.
 ...                                              
                                                  
l.3 	–ù–∞–ø–æ–º–Ω–∏–º –æ—Å–Ω
                            –æ–≤–Ω—ã–µ –ø—Ä–∏–º–µ—Ä—ã –ª–æ–∫–∞–ª–∏–∑–∞—Ü–∏–π:
You may provide a definition with
\DeclareUnicodeCharacter 


! Package inputenc Error: Unicode character –æ (U+043E)
(inputenc)                not set up for use with LaTeX.

See the inputenc package documentation for explanation.
Type  H <return>  for immediate help.
 ...                                              
                                                  
l.3 	–ù–∞–ø–æ–º–Ω–∏–º –æ—Å–Ω–æ
                              –≤–Ω—ã–µ –ø—Ä–∏–º–µ—Ä—ã –ª–æ–∫–∞–ª–∏–∑–∞—Ü–∏–π:
You may provide a definition with
\DeclareUnicodeCharacter 


! Package inputenc Error: Unicode character –≤ (U+0432)
(inputenc)                not set up for use with LaTeX.

See the inputenc package documentation for explanation.
Type  H <return>  for immediate help.
 ...                                              
                                                  
l.3 	–ù–∞–ø–æ–º–Ω–∏–º –æ—Å–Ω–æ–≤
                                –Ω—ã–µ –ø—Ä–∏–º–µ—Ä—ã –ª–æ–∫–∞–ª–∏–∑–∞—Ü–∏–π:
You may provide a definition with
\DeclareUnicodeCharacter 


! Package inputenc Error: Unicode character –Ω (U+043D)
(inputenc)                not set up for use with LaTeX.

See the inputenc package documentation for explanation.
Type  H <return>  for immediate help.
 ...                                              
                                                  
l.3 	–ù–∞–ø–æ–º–Ω–∏–º –æ—Å–Ω–æ–≤–Ω
                                  —ã–µ –ø—Ä–∏–º–µ—Ä—ã –ª–æ–∫–∞–ª–∏–∑–∞—Ü–∏–π:
You may provide a definition with
\DeclareUnicodeCharacter 


! Package inputenc Error: Unicode character —ã (U+044B)
(inputenc)                not set up for use with LaTeX.

See the inputenc package documentation for explanation.
Type  H <return>  for immediate help.
 ...                                              
                                                  
l.3 	–ù–∞–ø–æ–º–Ω–∏–º –æ—Å–Ω–æ–≤–Ω—ã
                                    –µ –ø—Ä–∏–º–µ—Ä—ã –ª–æ–∫–∞–ª–∏–∑–∞—Ü–∏–π:
You may provide a definition with
\DeclareUnicodeCharacter 


! Package inputenc Error: Unicode character –µ (U+0435)
(inputenc)                not set up for use with LaTeX.

See the inputenc package documentation for explanation.
Type  H <return>  for immediate help.
 ...                                              
                                                  
l.3 	–ù–∞–ø–æ–º–Ω–∏–º –æ—Å–Ω–æ–≤–Ω—ã–µ
                                       –ø—Ä–∏–º–µ—Ä—ã –ª–æ–∫–∞–ª–∏–∑–∞—Ü–∏–π:
You may provide a definition with
\DeclareUnicodeCharacter 


! Package inputenc Error: Unicode character –ø (U+043F)
(inputenc)                not set up for use with LaTeX.

See the inputenc package documentation for explanation.
Type  H <return>  for immediate help.
 ...                                              
                                                  
l.3 	–ù–∞–ø–æ–º–Ω–∏–º –æ—Å–Ω–æ–≤–Ω—ã–µ –ø
                                         —Ä–∏–º–µ—Ä—ã –ª–æ–∫–∞–ª–∏–∑–∞—Ü–∏–π:
You may provide a definition with
\DeclareUnicodeCharacter 


! Package inputenc Error: Unicode character —Ä (U+0440)
(inputenc)                not set up for use with LaTeX.

See the inputenc package documentation for explanation.
Type  H <return>  for immediate help.
 ...                                              
                                                  
l.3 	–ù–∞–ø–æ–º–Ω–∏–º –æ—Å–Ω–æ–≤–Ω—ã–µ –ø—Ä
                                           –∏–º–µ—Ä—ã –ª–æ–∫–∞–ª–∏–∑–∞—Ü–∏–π:
You may provide a definition with
\DeclareUnicodeCharacter 


! Package inputenc Error: Unicode character –∏ (U+0438)
(inputenc)                not set up for use with LaTeX.

See the inputenc package documentation for explanation.
Type  H <return>  for immediate help.
 ...                                              
                                                  
l.3 	–ù–∞–ø–æ–º–Ω–∏–º –æ—Å–Ω–æ–≤–Ω—ã–µ –ø—Ä–∏
                                             –º–µ—Ä—ã –ª–æ–∫–∞–ª–∏–∑–∞—Ü–∏–π:
You may provide a definition with
\DeclareUnicodeCharacter 


! Package inputenc Error: Unicode character –º (U+043C)
(inputenc)                not set up for use with LaTeX.

See the inputenc package documentation for explanation.
Type  H <return>  for immediate help.
 ...                                              
                                                  
l.3 	–ù–∞–ø–æ–º–Ω–∏–º –æ—Å–Ω–æ–≤–Ω—ã–µ –ø—Ä–∏–º
                                               –µ—Ä—ã –ª–æ–∫–∞–ª–∏–∑–∞—Ü–∏–π:
You may provide a definition with
\DeclareUnicodeCharacter 


! Package inputenc Error: Unicode character –µ (U+0435)
(inputenc)                not set up for use with LaTeX.

See the inputenc package documentation for explanation.
Type  H <return>  for immediate help.
 ...                                              
                                                  
l.3 	–ù–∞–ø–æ–º–Ω–∏–º –æ—Å–Ω–æ–≤–Ω—ã–µ –ø—Ä–∏–º–µ
                                                 —Ä—ã –ª–æ–∫–∞–ª–∏–∑–∞—Ü–∏–π:
You may provide a definition with
\DeclareUnicodeCharacter 


! Package inputenc Error: Unicode character —Ä (U+0440)
(inputenc)                not set up for use with LaTeX.

See the inputenc package documentation for explanation.
Type  H <return>  for immediate help.
 ...                                              
                                                  
l.3 ...∞–ø–æ–º–Ω–∏–º –æ—Å–Ω–æ–≤–Ω—ã–µ –ø—Ä–∏–º–µ—Ä
                                                  —ã –ª–æ–∫–∞–ª–∏–∑–∞—Ü–∏–π:
You may provide a definition with
\DeclareUnicodeCharacter 


! Package inputenc Error: Unicode character —ã (U+044B)
(inputenc)                not set up for use with LaTeX.

See the inputenc package documentation for explanation.
Type  H <return>  for immediate help.
 ...                                              
                                                  
l.3 ...ø–æ–º–Ω–∏–º –æ—Å–Ω–æ–≤–Ω—ã–µ –ø—Ä–∏–º–µ—Ä—ã
                                                   –ª–æ–∫–∞–ª–∏–∑–∞—Ü–∏–π:
You may provide a definition with
\DeclareUnicodeCharacter 


! Package inputenc Error: Unicode character –ª (U+043B)
(inputenc)                not set up for use with LaTeX.

See the inputenc package documentation for explanation.
Type  H <return>  for immediate help.
 ...                                              
                                                  
l.3 ...–º–Ω–∏–º –æ—Å–Ω–æ–≤–Ω—ã–µ –ø—Ä–∏–º–µ—Ä—ã –ª
                                                  –æ–∫–∞–ª–∏–∑–∞—Ü–∏–π:
You may provide a definition with
\DeclareUnicodeCharacter 


! Package inputenc Error: Unicode character –æ (U+043E)
(inputenc)                not set up for use with LaTeX.

See the inputenc package documentation for explanation.
Type  H <return>  for immediate help.
 ...                                              
                                                  
l.3 ...–Ω–∏–º –æ—Å–Ω–æ–≤–Ω—ã–µ –ø—Ä–∏–º–µ—Ä—ã –ª–æ
                                                  –∫–∞–ª–∏–∑–∞—Ü–∏–π:
You may provide a definition with
\DeclareUnicodeCharacter 


! Package inputenc Error: Unicode character –∫ (U+043A)
(inputenc)                not set up for use with LaTeX.

See the inputenc package documentation for explanation.
Type  H <return>  for immediate help.
 ...                                              
                                                  
l.3 ...–∏–º –æ—Å–Ω–æ–≤–Ω—ã–µ –ø—Ä–∏–º–µ—Ä—ã –ª–æ–∫
                                                  –∞–ª–∏–∑–∞—Ü–∏–π:
You may provide a definition with
\DeclareUnicodeCharacter 


! Package inputenc Error: Unicode character –∞ (U+0430)
(inputenc)                not set up for use with LaTeX.

See the inputenc package documentation for explanation.
Type  H <return>  for immediate help.
 ...                                              
                                                  
l.3 ...–º –æ—Å–Ω–æ–≤–Ω—ã–µ –ø—Ä–∏–º–µ—Ä—ã –ª–æ–∫–∞
                                                  –ª–∏–∑–∞—Ü–∏–π:
You may provide a definition with
\DeclareUnicodeCharacter 


! Package inputenc Error: Unicode character –ª (U+043B)
(inputenc)                not set up for use with LaTeX.

See the inputenc package documentation for explanation.
Type  H <return>  for immediate help.
 ...                                              
                                                  
l.3 ... –æ—Å–Ω–æ–≤–Ω—ã–µ –ø—Ä–∏–º–µ—Ä—ã –ª–æ–∫–∞–ª
                                                  –∏–∑–∞—Ü–∏–π:
You may provide a definition with
\DeclareUnicodeCharacter 


! Package inputenc Error: Unicode character –∏ (U+0438)
(inputenc)                not set up for use with LaTeX.

See the inputenc package documentation for explanation.
Type  H <return>  for immediate help.
 ...                                              
                                                  
l.3 ...æ—Å–Ω–æ–≤–Ω—ã–µ –ø—Ä–∏–º–µ—Ä—ã –ª–æ–∫–∞–ª–∏
                                                  –∑–∞—Ü–∏–π:
You may provide a definition with
\DeclareUnicodeCharacter 


! Package inputenc Error: Unicode character –∑ (U+0437)
(inputenc)                not set up for use with LaTeX.

See the inputenc package documentation for explanation.
Type  H <return>  for immediate help.
 ...                                              
                                                  
l.3 ...Å–Ω–æ–≤–Ω—ã–µ –ø—Ä–∏–º–µ—Ä—ã –ª–æ–∫–∞–ª–∏–∑
                                                  –∞—Ü–∏–π:
You may provide a definition with
\DeclareUnicodeCharacter 


! Package inputenc Error: Unicode character –∞ (U+0430)
(inputenc)                not set up for use with LaTeX.

See the inputenc package documentation for explanation.
Type  H <return>  for immediate help.
 ...                                              
                                                  
l.3 ...Ω–æ–≤–Ω—ã–µ –ø—Ä–∏–º–µ—Ä—ã –ª–æ–∫–∞–ª–∏–∑–∞
                                                  —Ü–∏–π:
You may provide a definition with
\DeclareUnicodeCharacter 


! Package inputenc Error: Unicode character —Ü (U+0446)
(inputenc)                not set up for use with LaTeX.

See the inputenc package documentation for explanation.
Type  H <return>  for immediate help.
 ...                                              
                                                  
l.3 ...æ–≤–Ω—ã–µ –ø—Ä–∏–º–µ—Ä—ã –ª–æ–∫–∞–ª–∏–∑–∞—Ü
                                                  –∏–π:
You may provide a definition with
\DeclareUnicodeCharacter 


! Package inputenc Error: Unicode character –∏ (U+0438)
(inputenc)                not set up for use with LaTeX.

See the inputenc package documentation for explanation.
Type  H <return>  for immediate help.
 ...                                              
                                                  
l.3 ...≤–Ω—ã–µ –ø—Ä–∏–º–µ—Ä—ã –ª–æ–∫–∞–ª–∏–∑–∞—Ü–∏
                                                  –π:
You may provide a definition with
\DeclareUnicodeCharacter 


! Package inputenc Error: Unicode character –π (U+0439)
(inputenc)                not set up for use with LaTeX.

See the inputenc package documentation for explanation.
Type  H <return>  for immediate help.
 ...                                              
                                                  
l.3 ...Ω—ã–µ –ø—Ä–∏–º–µ—Ä—ã –ª–æ–∫–∞–ª–∏–∑–∞—Ü–∏–π
                                                  :
You may provide a definition with
\DeclareUnicodeCharacter 


! LaTeX Error: Missing \begin{document}.

See the LaTeX manual or LaTeX Companion for explanation.
Type  H <return>  for immediate help.
 ...                                              
                                                  
l.3 ...—ã–µ –ø—Ä–∏–º–µ—Ä—ã –ª–æ–∫–∞–ª–∏–∑–∞—Ü–∏–π:
                                                  
You're in trouble here.  Try typing  <return>  to proceed.
If that doesn't work, type  X <return>  to quit.

Missing character: There is no : in font nullfont!

Overfull \hbox (20.0pt too wide) in paragraph at lines 3--4
[] 
 []


! LaTeX Error: Missing \begin{document}.

See the LaTeX manual or LaTeX Companion for explanation.
Type  H <return>  for immediate help.
 ...                                              
                                                  
l.5 	\begin{enumerate}
                      
You're in trouble here.  Try typing  <return>  to proceed.
If that doesn't work, type  X <return>  to quit.


Overfull \hbox (20.0pt too wide) in paragraph at lines 5--5
[] 
 []


! Package inputenc Error: Unicode character –î (U+0414)
(inputenc)                not set up for use with LaTeX.

See the inputenc package documentation for explanation.
Type  H <return>  for immediate help.
 ...                                              
                                                  
l.6 		\item –î
              –ª—è $s \in R$ –º–æ–∂–Ω–æ —Ä–∞—Å—Å–º–æ—Ç—Ä–µ—Ç—å –º—É–ª—å—Ç–∏–...

You may provide a definition with
\DeclareUnicodeCharacter 


! Package inputenc Error: Unicode character –ª (U+043B)
(inputenc)                not set up for use with LaTeX.

See the inputenc package documentation for explanation.
Type  H <return>  for immediate help.
 ...                                              
                                                  
l.6 		\item –î–ª
                —è $s \in R$ –º–æ–∂–Ω–æ —Ä–∞—Å—Å–º–æ—Ç—Ä–µ—Ç—å –º—É–ª—å—Ç–∏–...

You may provide a definition with
\DeclareUnicodeCharacter 


! Package inputenc Error: Unicode character —è (U+044F)
(inputenc)                not set up for use with LaTeX.

See the inputenc package documentation for explanation.
Type  H <return>  for immediate help.
 ...                                              
                                                  
l.6 		\item –î–ª—è
                   $s \in R$ –º–æ–∂–Ω–æ —Ä–∞—Å—Å–º–æ—Ç—Ä–µ—Ç—å –º—É–ª—å—Ç–∏–...

You may provide a definition with
\DeclareUnicodeCharacter 

LaTeX Font Info:    External font `cmex10' loaded for size
(Font)              <7> on input line 6.
LaTeX Font Info:    External font `cmex10' loaded for size
(Font)              <5> on input line 6.

! Package inputenc Error: Unicode character –º (U+043C)
(inputenc)                not set up for use with LaTeX.

See the inputenc package documentation for explanation.
Type  H <return>  for immediate help.
 ...                                              
                                                  
l.6 		\item –î–ª—è $s \in R$ –º
                               –æ–∂–Ω–æ —Ä–∞—Å—Å–º–æ—Ç—Ä–µ—Ç—å –º—É–ª—å—Ç–∏–...

You may provide a definition with
\DeclareUnicodeCharacter 


! Package inputenc Error: Unicode character –æ (U+043E)
(inputenc)                not set up for use with LaTeX.

See the inputenc package documentation for explanation.
Type  H <return>  for immediate help.
 ...                                              
                                                  
l.6 		\item –î–ª—è $s \in R$ –º–æ
                                 –∂–Ω–æ —Ä–∞—Å—Å–º–æ—Ç—Ä–µ—Ç—å –º—É–ª—å—Ç–∏–...

You may provide a definition with
\DeclareUnicodeCharacter 


! Package inputenc Error: Unicode character –∂ (U+0436)
(inputenc)                not set up for use with LaTeX.

See the inputenc package documentation for explanation.
Type  H <return>  for immediate help.
 ...                                              
                                                  
l.6 		\item –î–ª—è $s \in R$ –º–æ–∂
                                   –Ω–æ —Ä–∞—Å—Å–º–æ—Ç—Ä–µ—Ç—å –º—É–ª—å—Ç–∏–...

You may provide a definition with
\DeclareUnicodeCharacter 


! Package inputenc Error: Unicode character –Ω (U+043D)
(inputenc)                not set up for use with LaTeX.

See the inputenc package documentation for explanation.
Type  H <return>  for immediate help.
 ...                                              
                                                  
l.6 		\item –î–ª—è $s \in R$ –º–æ–∂–Ω
                                     –æ —Ä–∞—Å—Å–º–æ—Ç—Ä–µ—Ç—å –º—É–ª—å—Ç–∏–...

You may provide a definition with
\DeclareUnicodeCharacter 


! Package inputenc Error: Unicode character –æ (U+043E)
(inputenc)                not set up for use with LaTeX.

See the inputenc package documentation for explanation.
Type  H <return>  for immediate help.
 ...                                              
                                                  
l.6 		\item –î–ª—è $s \in R$ –º–æ–∂–Ω–æ
                                        —Ä–∞—Å—Å–º–æ—Ç—Ä–µ—Ç—å –º—É–ª—å—Ç–∏–...

You may provide a definition with
\DeclareUnicodeCharacter 


! Package inputenc Error: Unicode character —Ä (U+0440)
(inputenc)                not set up for use with LaTeX.

See the inputenc package documentation for explanation.
Type  H <return>  for immediate help.
 ...                                              
                                                  
l.6 		\item –î–ª—è $s \in R$ –º–æ–∂–Ω–æ —Ä
                                          –∞—Å—Å–º–æ—Ç—Ä–µ—Ç—å –º—É–ª—å—Ç–∏–...

You may provide a definition with
\DeclareUnicodeCharacter 


! Package inputenc Error: Unicode character –∞ (U+0430)
(inputenc)                not set up for use with LaTeX.

See the inputenc package documentation for explanation.
Type  H <return>  for immediate help.
 ...                                              
                                                  
l.6 		\item –î–ª—è $s \in R$ –º–æ–∂–Ω–æ —Ä–∞
                                            —Å—Å–º–æ—Ç—Ä–µ—Ç—å –º—É–ª—å—Ç–∏–...

You may provide a definition with
\DeclareUnicodeCharacter 


! Package inputenc Error: Unicode character —Å (U+0441)
(inputenc)                not set up for use with LaTeX.

See the inputenc package documentation for explanation.
Type  H <return>  for immediate help.
 ...                                              
                                                  
l.6 		\item –î–ª—è $s \in R$ –º–æ–∂–Ω–æ —Ä–∞—Å
                                              —Å–º–æ—Ç—Ä–µ—Ç—å –º—É–ª—å—Ç–∏–...

You may provide a definition with
\DeclareUnicodeCharacter 


! Package inputenc Error: Unicode character —Å (U+0441)
(inputenc)                not set up for use with LaTeX.

See the inputenc package documentation for explanation.
Type  H <return>  for immediate help.
 ...                                              
                                                  
l.6 		\item –î–ª—è $s \in R$ –º–æ–∂–Ω–æ —Ä–∞—Å—Å
                                                –º–æ—Ç—Ä–µ—Ç—å –º—É–ª—å—Ç–∏–...

You may provide a definition with
\DeclareUnicodeCharacter 


! Package inputenc Error: Unicode character –º (U+043C)
(inputenc)                not set up for use with LaTeX.

See the inputenc package documentation for explanation.
Type  H <return>  for immediate help.
 ...                                              
                                                  
l.6 		\item –î–ª—è $s \in R$ –º–æ–∂–Ω–æ —Ä–∞—Å—Å–º
                                                  –æ—Ç—Ä–µ—Ç—å –º—É–ª—å—Ç–∏–...

You may provide a definition with
\DeclareUnicodeCharacter 


! Package inputenc Error: Unicode character –æ (U+043E)
(inputenc)                not set up for use with LaTeX.

See the inputenc package documentation for explanation.
Type  H <return>  for immediate help.
 ...                                              
                                                  
l.6 ...em –î–ª—è $s \in R$ –º–æ–∂–Ω–æ —Ä–∞—Å—Å–º–æ
                                                  —Ç—Ä–µ—Ç—å –º—É–ª—å—Ç–∏–ø–...

You may provide a definition with
\DeclareUnicodeCharacter 


! Package inputenc Error: Unicode character —Ç (U+0442)
(inputenc)                not set up for use with LaTeX.

See the inputenc package documentation for explanation.
Type  H <return>  for immediate help.
 ...                                              
                                                  
l.6 ... –î–ª—è $s \in R$ –º–æ–∂–Ω–æ —Ä–∞—Å—Å–º–æ—Ç
                                                  —Ä–µ—Ç—å –º—É–ª—å—Ç–∏–ø–ª–...

You may provide a definition with
\DeclareUnicodeCharacter 


! Package inputenc Error: Unicode character —Ä (U+0440)
(inputenc)                not set up for use with LaTeX.

See the inputenc package documentation for explanation.
Type  H <return>  for immediate help.
 ...                                              
                                                  
l.6 ...î–ª—è $s \in R$ –º–æ–∂–Ω–æ —Ä–∞—Å—Å–º–æ—Ç—Ä
                                                  –µ—Ç—å –º—É–ª—å—Ç–∏–ø–ª–∏–...

You may provide a definition with
\DeclareUnicodeCharacter 


! Package inputenc Error: Unicode character –µ (U+0435)
(inputenc)                not set up for use with LaTeX.

See the inputenc package documentation for explanation.
Type  H <return>  for immediate help.
 ...                                              
                                                  
l.6 ...ª—è $s \in R$ –º–æ–∂–Ω–æ —Ä–∞—Å—Å–º–æ—Ç—Ä–µ
                                                  —Ç—å –º—É–ª—å—Ç–∏–ø–ª–∏–∫–...

You may provide a definition with
\DeclareUnicodeCharacter 


! Package inputenc Error: Unicode character —Ç (U+0442)
(inputenc)                not set up for use with LaTeX.

See the inputenc package documentation for explanation.
Type  H <return>  for immediate help.
 ...                                              
                                                  
l.6 ...è $s \in R$ –º–æ–∂–Ω–æ —Ä–∞—Å—Å–º–æ—Ç—Ä–µ—Ç
                                                  —å –º—É–ª—å—Ç–∏–ø–ª–∏–∫–∞—...

You may provide a definition with
\DeclareUnicodeCharacter 


! Package inputenc Error: Unicode character —å (U+044C)
(inputenc)                not set up for use with LaTeX.

See the inputenc package documentation for explanation.
Type  H <return>  for immediate help.
 ...                                              
                                                  
l.6 ...$s \in R$ –º–æ–∂–Ω–æ —Ä–∞—Å—Å–º–æ—Ç—Ä–µ—Ç—å
                                                   –º—É–ª—å—Ç–∏–ø–ª–∏–∫–∞—Ç–...

You may provide a definition with
\DeclareUnicodeCharacter 


! Package inputenc Error: Unicode character –º (U+043C)
(inputenc)                not set up for use with LaTeX.

See the inputenc package documentation for explanation.
Type  H <return>  for immediate help.
 ...                                              
                                                  
l.6 ...\in R$ –º–æ–∂–Ω–æ —Ä–∞—Å—Å–º–æ—Ç—Ä–µ—Ç—å –º
                                                  —É–ª—å—Ç–∏–ø–ª–∏–∫–∞—Ç–∏–≤...

You may provide a definition with
\DeclareUnicodeCharacter 


! Package inputenc Error: Unicode character —É (U+0443)
(inputenc)                not set up for use with LaTeX.

See the inputenc package documentation for explanation.
Type  H <return>  for immediate help.
 ...                                              
                                                  
l.6 ...n R$ –º–æ–∂–Ω–æ —Ä–∞—Å—Å–º–æ—Ç—Ä–µ—Ç—å –º—É
                                                  –ª—å—Ç–∏–ø–ª–∏–∫–∞—Ç–∏–≤–Ω...

You may provide a definition with
\DeclareUnicodeCharacter 


! Package inputenc Error: Unicode character –ª (U+043B)
(inputenc)                not set up for use with LaTeX.

See the inputenc package documentation for explanation.
Type  H <return>  for immediate help.
 ...                                              
                                                  
l.6 ...R$ –º–æ–∂–Ω–æ —Ä–∞—Å—Å–º–æ—Ç—Ä–µ—Ç—å –º—É–ª
                                                  —å—Ç–∏–ø–ª–∏–∫–∞—Ç–∏–≤–Ω–æ...

You may provide a definition with
\DeclareUnicodeCharacter 


! Package inputenc Error: Unicode character —å (U+044C)
(inputenc)                not set up for use with LaTeX.

See the inputenc package documentation for explanation.
Type  H <return>  for immediate help.
 ...                                              
                                                  
l.6 ... –º–æ–∂–Ω–æ —Ä–∞—Å—Å–º–æ—Ç—Ä–µ—Ç—å –º—É–ª—å
                                                  —Ç–∏–ø–ª–∏–∫–∞—Ç–∏–≤–Ω–æ–µ...

You may provide a definition with
\DeclareUnicodeCharacter 


! Package inputenc Error: Unicode character —Ç (U+0442)
(inputenc)                not set up for use with LaTeX.

See the inputenc package documentation for explanation.
Type  H <return>  for immediate help.
 ...                                              
                                                  
l.6 ...º–æ–∂–Ω–æ —Ä–∞—Å—Å–º–æ—Ç—Ä–µ—Ç—å –º—É–ª—å—Ç
                                                  –∏–ø–ª–∏–∫–∞—Ç–∏–≤–Ω–æ–µ –...

You may provide a definition with
\DeclareUnicodeCharacter 


! Package inputenc Error: Unicode character –∏ (U+0438)
(inputenc)                not set up for use with LaTeX.

See the inputenc package documentation for explanation.
Type  H <return>  for immediate help.
 ...                                              
                                                  
l.6 ...æ–∂–Ω–æ —Ä–∞—Å—Å–º–æ—Ç—Ä–µ—Ç—å –º—É–ª—å—Ç–∏
                                                  –ø–ª–∏–∫–∞—Ç–∏–≤–Ω–æ–µ –ø–...

You may provide a definition with
\DeclareUnicodeCharacter 


! Package inputenc Error: Unicode character –ø (U+043F)
(inputenc)                not set up for use with LaTeX.

See the inputenc package documentation for explanation.
Type  H <return>  for immediate help.
 ...                                              
                                                  
l.6 ...∂–Ω–æ —Ä–∞—Å—Å–º–æ—Ç—Ä–µ—Ç—å –º—É–ª—å—Ç–∏–ø
                                                  –ª–∏–∫–∞—Ç–∏–≤–Ω–æ–µ –ø–æ–...

You may provide a definition with
\DeclareUnicodeCharacter 


! Package inputenc Error: Unicode character –ª (U+043B)
(inputenc)                not set up for use with LaTeX.

See the inputenc package documentation for explanation.
Type  H <return>  for immediate help.
 ...                                              
                                                  
l.6 ...Ω–æ —Ä–∞—Å—Å–º–æ—Ç—Ä–µ—Ç—å –º—É–ª—å—Ç–∏–ø–ª
                                                  –∏–∫–∞—Ç–∏–≤–Ω–æ–µ –ø–æ–¥–...

You may provide a definition with
\DeclareUnicodeCharacter 


! Package inputenc Error: Unicode character –∏ (U+0438)
(inputenc)                not set up for use with LaTeX.

See the inputenc package documentation for explanation.
Type  H <return>  for immediate help.
 ...                                              
                                                  
l.6 ...æ —Ä–∞—Å—Å–º–æ—Ç—Ä–µ—Ç—å –º—É–ª—å—Ç–∏–ø–ª–∏
                                                  –∫–∞—Ç–∏–≤–Ω–æ–µ –ø–æ–¥–º–...

You may provide a definition with
\DeclareUnicodeCharacter 


! Package inputenc Error: Unicode character –∫ (U+043A)
(inputenc)                not set up for use with LaTeX.

See the inputenc package documentation for explanation.
Type  H <return>  for immediate help.
 ...                                              
                                                  
l.6 ...—Ä–∞—Å—Å–º–æ—Ç—Ä–µ—Ç—å –º—É–ª—å—Ç–∏–ø–ª–∏–∫
                                                  –∞—Ç–∏–≤–Ω–æ–µ –ø–æ–¥–º–Ω–...

You may provide a definition with
\DeclareUnicodeCharacter 


! Package inputenc Error: Unicode character –∞ (U+0430)
(inputenc)                not set up for use with LaTeX.

See the inputenc package documentation for explanation.
Type  H <return>  for immediate help.
 ...                                              
                                                  
l.6 ...–∞—Å—Å–º–æ—Ç—Ä–µ—Ç—å –º—É–ª—å—Ç–∏–ø–ª–∏–∫–∞
                                                  —Ç–∏–≤–Ω–æ–µ –ø–æ–¥–º–Ω–æ–...

You may provide a definition with
\DeclareUnicodeCharacter 


! Package inputenc Error: Unicode character —Ç (U+0442)
(inputenc)                not set up for use with LaTeX.

See the inputenc package documentation for explanation.
Type  H <return>  for immediate help.
 ...                                              
                                                  
l.6 ...—Å—Å–º–æ—Ç—Ä–µ—Ç—å –º—É–ª—å—Ç–∏–ø–ª–∏–∫–∞—Ç
                                                  –∏–≤–Ω–æ–µ –ø–æ–¥–º–Ω–æ–∂–...

You may provide a definition with
\DeclareUnicodeCharacter 


! Package inputenc Error: Unicode character –∏ (U+0438)
(inputenc)                not set up for use with LaTeX.

See the inputenc package documentation for explanation.
Type  H <return>  for immediate help.
 ...                                              
                                                  
l.6 ...—Å–º–æ—Ç—Ä–µ—Ç—å –º—É–ª—å—Ç–∏–ø–ª–∏–∫–∞—Ç–∏
                                                  –≤–Ω–æ–µ –ø–æ–¥–º–Ω–æ–∂–µ—...

You may provide a definition with
\DeclareUnicodeCharacter 


! Package inputenc Error: Unicode character –≤ (U+0432)
(inputenc)                not set up for use with LaTeX.

See the inputenc package documentation for explanation.
Type  H <return>  for immediate help.
 ...                                              
                                                  
l.6 ...–º–æ—Ç—Ä–µ—Ç—å –º—É–ª—å—Ç–∏–ø–ª–∏–∫–∞—Ç–∏–≤
                                                  –Ω–æ–µ –ø–æ–¥–º–Ω–æ–∂–µ—Å—...

You may provide a definition with
\DeclareUnicodeCharacter 


! Package inputenc Error: Unicode character –Ω (U+043D)
(inputenc)                not set up for use with LaTeX.

See the inputenc package documentation for explanation.
Type  H <return>  for immediate help.
 ...                                              
                                                  
l.6 ...–æ—Ç—Ä–µ—Ç—å –º—É–ª—å—Ç–∏–ø–ª–∏–∫–∞—Ç–∏–≤–Ω
                                                  –æ–µ –ø–æ–¥–º–Ω–æ–∂–µ—Å—Ç–...

You may provide a definition with
\DeclareUnicodeCharacter 


! Package inputenc Error: Unicode character –æ (U+043E)
(inputenc)                not set up for use with LaTeX.

See the inputenc package documentation for explanation.
Type  H <return>  for immediate help.
 ...                                              
                                                  
l.6 ...—Ç—Ä–µ—Ç—å –º—É–ª—å—Ç–∏–ø–ª–∏–∫–∞—Ç–∏–≤–Ω–æ
                                                  –µ –ø–æ–¥–º–Ω–æ–∂–µ—Å—Ç–≤–...

You may provide a definition with
\DeclareUnicodeCharacter 


! Package inputenc Error: Unicode character –µ (U+0435)
(inputenc)                not set up for use with LaTeX.

See the inputenc package documentation for explanation.
Type  H <return>  for immediate help.
 ...                                              
                                                  
l.6 ...—Ä–µ—Ç—å –º—É–ª—å—Ç–∏–ø–ª–∏–∫–∞—Ç–∏–≤–Ω–æ–µ
                                                   –ø–æ–¥–º–Ω–æ–∂–µ—Å—Ç–≤–æ ...

You may provide a definition with
\DeclareUnicodeCharacter 


! Package inputenc Error: Unicode character –ø (U+043F)
(inputenc)                not set up for use with LaTeX.

See the inputenc package documentation for explanation.
Type  H <return>  for immediate help.
 ...                                              
                                                  
l.6 ...µ—Ç—å –º—É–ª—å—Ç–∏–ø–ª–∏–∫–∞—Ç–∏–≤–Ω–æ–µ –ø
                                                  –æ–¥–º–Ω–æ–∂–µ—Å—Ç–≤–æ $\l...

You may provide a definition with
\DeclareUnicodeCharacter 


! Package inputenc Error: Unicode character –æ (U+043E)
(inputenc)                not set up for use with LaTeX.

See the inputenc package documentation for explanation.
Type  H <return>  for immediate help.
 ...                                              
                                                  
l.6 ...Ç—å –º—É–ª—å—Ç–∏–ø–ª–∏–∫–∞—Ç–∏–≤–Ω–æ–µ –ø–æ
                                                  –¥–º–Ω–æ–∂–µ—Å—Ç–≤–æ $\lan...

You may provide a definition with
\DeclareUnicodeCharacter 


! Package inputenc Error: Unicode character –¥ (U+0434)
(inputenc)                not set up for use with LaTeX.

See the inputenc package documentation for explanation.
Type  H <return>  for immediate help.
 ...                                              
                                                  
l.6 ...å –º—É–ª—å—Ç–∏–ø–ª–∏–∫–∞—Ç–∏–≤–Ω–æ–µ –ø–æ–¥
                                                  –º–Ω–æ–∂–µ—Å—Ç–≤–æ $\langl...

You may provide a definition with
\DeclareUnicodeCharacter 


! Package inputenc Error: Unicode character –º (U+043C)
(inputenc)                not set up for use with LaTeX.

See the inputenc package documentation for explanation.
Type  H <return>  for immediate help.
 ...                                              
                                                  
l.6 ...–º—É–ª—å—Ç–∏–ø–ª–∏–∫–∞—Ç–∏–≤–Ω–æ–µ –ø–æ–¥–º
                                                  –Ω–æ–∂–µ—Å—Ç–≤–æ $\langle ...

You may provide a definition with
\DeclareUnicodeCharacter 


! Package inputenc Error: Unicode character –Ω (U+043D)
(inputenc)                not set up for use with LaTeX.

See the inputenc package documentation for explanation.
Type  H <return>  for immediate help.
 ...                                              
                                                  
l.6 ...—É–ª—å—Ç–∏–ø–ª–∏–∫–∞—Ç–∏–≤–Ω–æ–µ –ø–æ–¥–º–Ω
                                                  –æ–∂–µ—Å—Ç–≤–æ $\langle s ...

You may provide a definition with
\DeclareUnicodeCharacter 


! Package inputenc Error: Unicode character –æ (U+043E)
(inputenc)                not set up for use with LaTeX.

See the inputenc package documentation for explanation.
Type  H <return>  for immediate help.
 ...                                              
                                                  
l.6 ...–ª—å—Ç–∏–ø–ª–∏–∫–∞—Ç–∏–≤–Ω–æ–µ –ø–æ–¥–º–Ω–æ
                                                  –∂–µ—Å—Ç–≤–æ $\langle s \r...

You may provide a definition with
\DeclareUnicodeCharacter 


! Package inputenc Error: Unicode character –∂ (U+0436)
(inputenc)                not set up for use with LaTeX.

See the inputenc package documentation for explanation.
Type  H <return>  for immediate help.
 ...                                              
                                                  
l.6 ...—å—Ç–∏–ø–ª–∏–∫–∞—Ç–∏–≤–Ω–æ–µ –ø–æ–¥–º–Ω–æ–∂
                                                  –µ—Å—Ç–≤–æ $\langle s \ran...

You may provide a definition with
\DeclareUnicodeCharacter 


! Package inputenc Error: Unicode character –µ (U+0435)
(inputenc)                not set up for use with LaTeX.

See the inputenc package documentation for explanation.
Type  H <return>  for immediate help.
 ...                                              
                                                  
l.6 ...—Ç–∏–ø–ª–∏–∫–∞—Ç–∏–≤–Ω–æ–µ –ø–æ–¥–º–Ω–æ–∂–µ
                                                  —Å—Ç–≤–æ $\langle s \rangl...

You may provide a definition with
\DeclareUnicodeCharacter 


! Package inputenc Error: Unicode character —Å (U+0441)
(inputenc)                not set up for use with LaTeX.

See the inputenc package documentation for explanation.
Type  H <return>  for immediate help.
 ...                                              
                                                  
l.6 ...–∏–ø–ª–∏–∫–∞—Ç–∏–≤–Ω–æ–µ –ø–æ–¥–º–Ω–æ–∂–µ—Å
                                                  —Ç–≤–æ $\langle s \rangle ...

You may provide a definition with
\DeclareUnicodeCharacter 


! Package inputenc Error: Unicode character —Ç (U+0442)
(inputenc)                not set up for use with LaTeX.

See the inputenc package documentation for explanation.
Type  H <return>  for immediate help.
 ...                                              
                                                  
l.6 ...–ø–ª–∏–∫–∞—Ç–∏–≤–Ω–æ–µ –ø–æ–¥–º–Ω–æ–∂–µ—Å—Ç
                                                  –≤–æ $\langle s \rangle = ...

You may provide a definition with
\DeclareUnicodeCharacter 


! Package inputenc Error: Unicode character –≤ (U+0432)
(inputenc)                not set up for use with LaTeX.

See the inputenc package documentation for explanation.
Type  H <return>  for immediate help.
 ...                                              
                                                  
l.6 ...–ª–∏–∫–∞—Ç–∏–≤–Ω–æ–µ –ø–æ–¥–º–Ω–æ–∂–µ—Å—Ç–≤
                                                  –æ $\langle s \rangle = \{...

You may provide a definition with
\DeclareUnicodeCharacter 


! Package inputenc Error: Unicode character –æ (U+043E)
(inputenc)                not set up for use with LaTeX.

See the inputenc package documentation for explanation.
Type  H <return>  for immediate help.
 ...                                              
                                                  
l.6 ...–∏–∫–∞—Ç–∏–≤–Ω–æ–µ –ø–æ–¥–º–Ω–æ–∂–µ—Å—Ç–≤–æ
                                                   $\langle s \rangle = \{ s...

You may provide a definition with
\DeclareUnicodeCharacter 

! Undefined control sequence.
l.6 ...angle s \rangle = \{ s^n \ \vert \ n \in \N
                                                   \}$.  –õ–æ–∫–∞–ª–∏–∑–∞—Ü–...
The control sequence at the end of the top line
of your error message was never \def'ed. If you have
misspelled it (e.g., `\hobx'), type `I' and the correct
spelling (e.g., `I\hbox'). Otherwise just continue,
and I'll forget about whatever was undefined.

Missing character: There is no . in font nullfont!

! Package inputenc Error: Unicode character –õ (U+041B)
(inputenc)                not set up for use with LaTeX.

See the inputenc package documentation for explanation.
Type  H <return>  for immediate help.
 ...                                              
                                                  
l.6 ...rangle = \{ s^n \ \vert \ n \in \N \}$.  –õ
                                                  –æ–∫–∞–ª–∏–∑–∞—Ü–∏—è $\lan...

You may provide a definition with
\DeclareUnicodeCharacter 


! Package inputenc Error: Unicode character –æ (U+043E)
(inputenc)                not set up for use with LaTeX.

See the inputenc package documentation for explanation.
Type  H <return>  for immediate help.
 ...                                              
                                                  
l.6 ...ngle = \{ s^n \ \vert \ n \in \N \}$.  –õ–æ
                                                  –∫–∞–ª–∏–∑–∞—Ü–∏—è $\langl...

You may provide a definition with
\DeclareUnicodeCharacter 


! Package inputenc Error: Unicode character –∫ (U+043A)
(inputenc)                not set up for use with LaTeX.

See the inputenc package documentation for explanation.
Type  H <return>  for immediate help.
 ...                                              
                                                  
l.6 ...le = \{ s^n \ \vert \ n \in \N \}$.  –õ–æ–∫
                                                  –∞–ª–∏–∑–∞—Ü–∏—è $\langle ...

You may provide a definition with
\DeclareUnicodeCharacter 


! Package inputenc Error: Unicode character –∞ (U+0430)
(inputenc)                not set up for use with LaTeX.

See the inputenc package documentation for explanation.
Type  H <return>  for immediate help.
 ...                                              
                                                  
l.6 ... = \{ s^n \ \vert \ n \in \N \}$.  –õ–æ–∫–∞
                                                  –ª–∏–∑–∞—Ü–∏—è $\langle s ...

You may provide a definition with
\DeclareUnicodeCharacter 


! Package inputenc Error: Unicode character –ª (U+043B)
(inputenc)                not set up for use with LaTeX.

See the inputenc package documentation for explanation.
Type  H <return>  for immediate help.
 ...                                              
                                                  
l.6 ... \{ s^n \ \vert \ n \in \N \}$.  –õ–æ–∫–∞–ª
                                                  –∏–∑–∞—Ü–∏—è $\langle s \r...

You may provide a definition with
\DeclareUnicodeCharacter 


! Package inputenc Error: Unicode character –∏ (U+0438)
(inputenc)                not set up for use with LaTeX.

See the inputenc package documentation for explanation.
Type  H <return>  for immediate help.
 ...                                              
                                                  
l.6 ...{ s^n \ \vert \ n \in \N \}$.  –õ–æ–∫–∞–ª–∏
                                                  –∑–∞—Ü–∏—è $\langle s \ran...

You may provide a definition with
\DeclareUnicodeCharacter 


! Package inputenc Error: Unicode character –∑ (U+0437)
(inputenc)                not set up for use with LaTeX.

See the inputenc package documentation for explanation.
Type  H <return>  for immediate help.
 ...                                              
                                                  
l.6 ...s^n \ \vert \ n \in \N \}$.  –õ–æ–∫–∞–ª–∏–∑
                                                  –∞—Ü–∏—è $\langle s \rangl...

You may provide a definition with
\DeclareUnicodeCharacter 


! Package inputenc Error: Unicode character –∞ (U+0430)
(inputenc)                not set up for use with LaTeX.

See the inputenc package documentation for explanation.
Type  H <return>  for immediate help.
 ...                                              
                                                  
l.6 ...n \ \vert \ n \in \N \}$.  –õ–æ–∫–∞–ª–∏–∑–∞
                                                  —Ü–∏—è $\langle s \rangle^...

You may provide a definition with
\DeclareUnicodeCharacter 


! Package inputenc Error: Unicode character —Ü (U+0446)
(inputenc)                not set up for use with LaTeX.

See the inputenc package documentation for explanation.
Type  H <return>  for immediate help.
 ...                                              
                                                  
l.6 ...\ \vert \ n \in \N \}$.  –õ–æ–∫–∞–ª–∏–∑–∞—Ü
                                                  –∏—è $\langle s \rangle^{-...

You may provide a definition with
\DeclareUnicodeCharacter 


! Package inputenc Error: Unicode character –∏ (U+0438)
(inputenc)                not set up for use with LaTeX.

See the inputenc package documentation for explanation.
Type  H <return>  for immediate help.
 ...                                              
                                                  
l.6 ...\vert \ n \in \N \}$.  –õ–æ–∫–∞–ª–∏–∑–∞—Ü–∏
                                                  —è $\langle s \rangle^{-1}...

You may provide a definition with
\DeclareUnicodeCharacter 


! Package inputenc Error: Unicode character —è (U+044F)
(inputenc)                not set up for use with LaTeX.

See the inputenc package documentation for explanation.
Type  H <return>  for immediate help.
 ...                                              
                                                  
l.6 ...ert \ n \in \N \}$.  –õ–æ–∫–∞–ª–∏–∑–∞—Ü–∏—è
                                                   $\langle s \rangle^{-1}R$...

You may provide a definition with
\DeclareUnicodeCharacter 


! Package inputenc Error: Unicode character –Ω (U+043D)
(inputenc)                not set up for use with LaTeX.

See the inputenc package documentation for explanation.
Type  H <return>  for immediate help.
 ...                                              
                                                  
l.6 ...–ª–∏–∑–∞—Ü–∏—è $\langle s \rangle^{-1}R$ –Ω
                                                  –∞–∑—ã–≤–∞–µ—Ç—Å—è \emph{–...

You may provide a definition with
\DeclareUnicodeCharacter 


! Package inputenc Error: Unicode character –∞ (U+0430)
(inputenc)                not set up for use with LaTeX.

See the inputenc package documentation for explanation.
Type  H <return>  for immediate help.
 ...                                              
                                                  
l.6 ...–∏–∑–∞—Ü–∏—è $\langle s \rangle^{-1}R$ –Ω–∞
                                                  –∑—ã–≤–∞–µ—Ç—Å—è \emph{–≥–...

You may provide a definition with
\DeclareUnicodeCharacter 


! Package inputenc Error: Unicode character –∑ (U+0437)
(inputenc)                not set up for use with LaTeX.

See the inputenc package documentation for explanation.
Type  H <return>  for immediate help.
 ...                                              
                                                  
l.6 ...–∑–∞—Ü–∏—è $\langle s \rangle^{-1}R$ –Ω–∞–∑
                                                  —ã–≤–∞–µ—Ç—Å—è \emph{–≥–ª–...

You may provide a definition with
\DeclareUnicodeCharacter 


! Package inputenc Error: Unicode character —ã (U+044B)
(inputenc)                not set up for use with LaTeX.

See the inputenc package documentation for explanation.
Type  H <return>  for immediate help.
 ...                                              
                                                  
l.6 ...–∞—Ü–∏—è $\langle s \rangle^{-1}R$ –Ω–∞–∑—ã
                                                  –≤–∞–µ—Ç—Å—è \emph{–≥–ª–∞–...

You may provide a definition with
\DeclareUnicodeCharacter 


! Package inputenc Error: Unicode character –≤ (U+0432)
(inputenc)                not set up for use with LaTeX.

See the inputenc package documentation for explanation.
Type  H <return>  for immediate help.
 ...                                              
                                                  
l.6 ...—Ü–∏—è $\langle s \rangle^{-1}R$ –Ω–∞–∑—ã–≤
                                                  –∞–µ—Ç—Å—è \emph{–≥–ª–∞–≤–...

You may provide a definition with
\DeclareUnicodeCharacter 


! Package inputenc Error: Unicode character –∞ (U+0430)
(inputenc)                not set up for use with LaTeX.

See the inputenc package documentation for explanation.
Type  H <return>  for immediate help.
 ...                                              
                                                  
l.6 ...–∏—è $\langle s \rangle^{-1}R$ –Ω–∞–∑—ã–≤–∞
                                                  –µ—Ç—Å—è \emph{–≥–ª–∞–≤–Ω–...

You may provide a definition with
\DeclareUnicodeCharacter 


! Package inputenc Error: Unicode character –µ (U+0435)
(inputenc)                not set up for use with LaTeX.

See the inputenc package documentation for explanation.
Type  H <return>  for immediate help.
 ...                                              
                                                  
l.6 ...—è $\langle s \rangle^{-1}R$ –Ω–∞–∑—ã–≤–∞–µ
                                                  —Ç—Å—è \emph{–≥–ª–∞–≤–Ω–æ–...

You may provide a definition with
\DeclareUnicodeCharacter 


! Package inputenc Error: Unicode character —Ç (U+0442)
(inputenc)                not set up for use with LaTeX.

See the inputenc package documentation for explanation.
Type  H <return>  for immediate help.
 ...                                              
                                                  
l.6 ... $\langle s \rangle^{-1}R$ –Ω–∞–∑—ã–≤–∞–µ—Ç
                                                  —Å—è \emph{–≥–ª–∞–≤–Ω–æ–π ...

You may provide a definition with
\DeclareUnicodeCharacter 


! Package inputenc Error: Unicode character —Å (U+0441)
(inputenc)                not set up for use with LaTeX.

See the inputenc package documentation for explanation.
Type  H <return>  for immediate help.
 ...                                              
                                                  
l.6 ...\langle s \rangle^{-1}R$ –Ω–∞–∑—ã–≤–∞–µ—Ç—Å
                                                  —è \emph{–≥–ª–∞–≤–Ω–æ–π –ª...

You may provide a definition with
\DeclareUnicodeCharacter 


! Package inputenc Error: Unicode character —è (U+044F)
(inputenc)                not set up for use with LaTeX.

See the inputenc package documentation for explanation.
Type  H <return>  for immediate help.
 ...                                              
                                                  
l.6 ...angle s \rangle^{-1}R$ –Ω–∞–∑—ã–≤–∞–µ—Ç—Å—è
                                                   \emph{–≥–ª–∞–≤–Ω–æ–π –ª–æ...

You may provide a definition with
\DeclareUnicodeCharacter 


! Package inputenc Error: Unicode character –≥ (U+0433)
(inputenc)                not set up for use with LaTeX.

See the inputenc package documentation for explanation.
Type  H <return>  for immediate help.
 ...                                              
                                                  
l.6 ...ph{–≥–ª–∞–≤–Ω–æ–π –ª–æ–∫–∞–ª–∏–∑–∞—Ü–∏–µ–π}
                                                   –∏ –æ–±–æ–∑–Ω–∞—á–∞–µ—Ç—Å...

You may provide a definition with
\DeclareUnicodeCharacter 


! Package inputenc Error: Unicode character –ª (U+043B)
(inputenc)                not set up for use with LaTeX.

See the inputenc package documentation for explanation.
Type  H <return>  for immediate help.
 ...                                              
                                                  
l.6 ...ph{–≥–ª–∞–≤–Ω–æ–π –ª–æ–∫–∞–ª–∏–∑–∞—Ü–∏–µ–π}
                                                   –∏ –æ–±–æ–∑–Ω–∞—á–∞–µ—Ç—Å...

You may provide a definition with
\DeclareUnicodeCharacter 


! Package inputenc Error: Unicode character –∞ (U+0430)
(inputenc)                not set up for use with LaTeX.

See the inputenc package documentation for explanation.
Type  H <return>  for immediate help.
 ...                                              
                                                  
l.6 ...ph{–≥–ª–∞–≤–Ω–æ–π –ª–æ–∫–∞–ª–∏–∑–∞—Ü–∏–µ–π}
                                                   –∏ –æ–±–æ–∑–Ω–∞—á–∞–µ—Ç—Å...

You may provide a definition with
\DeclareUnicodeCharacter 


! Package inputenc Error: Unicode character –≤ (U+0432)
(inputenc)                not set up for use with LaTeX.

See the inputenc package documentation for explanation.
Type  H <return>  for immediate help.
 ...                                              
                                                  
l.6 ...ph{–≥–ª–∞–≤–Ω–æ–π –ª–æ–∫–∞–ª–∏–∑–∞—Ü–∏–µ–π}
                                                   –∏ –æ–±–æ–∑–Ω–∞—á–∞–µ—Ç—Å...

You may provide a definition with
\DeclareUnicodeCharacter 


! Package inputenc Error: Unicode character –Ω (U+043D)
(inputenc)                not set up for use with LaTeX.

See the inputenc package documentation for explanation.
Type  H <return>  for immediate help.
 ...                                              
                                                  
l.6 ...ph{–≥–ª–∞–≤–Ω–æ–π –ª–æ–∫–∞–ª–∏–∑–∞—Ü–∏–µ–π}
                                                   –∏ –æ–±–æ–∑–Ω–∞—á–∞–µ—Ç—Å...

You may provide a definition with
\DeclareUnicodeCharacter 


! Package inputenc Error: Unicode character –æ (U+043E)
(inputenc)                not set up for use with LaTeX.

See the inputenc package documentation for explanation.
Type  H <return>  for immediate help.
 ...                                              
                                                  
l.6 ...ph{–≥–ª–∞–≤–Ω–æ–π –ª–æ–∫–∞–ª–∏–∑–∞—Ü–∏–µ–π}
                                                   –∏ –æ–±–æ–∑–Ω–∞—á–∞–µ—Ç—Å...

You may provide a definition with
\DeclareUnicodeCharacter 


! Package inputenc Error: Unicode character –π (U+0439)
(inputenc)                not set up for use with LaTeX.

See the inputenc package documentation for explanation.
Type  H <return>  for immediate help.
 ...                                              
                                                  
l.6 ...ph{–≥–ª–∞–≤–Ω–æ–π –ª–æ–∫–∞–ª–∏–∑–∞—Ü–∏–µ–π}
                                                   –∏ –æ–±–æ–∑–Ω–∞—á–∞–µ—Ç—Å...

You may provide a definition with
\DeclareUnicodeCharacter 


! Package inputenc Error: Unicode character –ª (U+043B)
(inputenc)                not set up for use with LaTeX.

See the inputenc package documentation for explanation.
Type  H <return>  for immediate help.
 ...                                              
                                                  
l.6 ...ph{–≥–ª–∞–≤–Ω–æ–π –ª–æ–∫–∞–ª–∏–∑–∞—Ü–∏–µ–π}
                                                   –∏ –æ–±–æ–∑–Ω–∞—á–∞–µ—Ç—Å...

You may provide a definition with
\DeclareUnicodeCharacter 


! Package inputenc Error: Unicode character –æ (U+043E)
(inputenc)                not set up for use with LaTeX.

See the inputenc package documentation for explanation.
Type  H <return>  for immediate help.
 ...                                              
                                                  
l.6 ...ph{–≥–ª–∞–≤–Ω–æ–π –ª–æ–∫–∞–ª–∏–∑–∞—Ü–∏–µ–π}
                                                   –∏ –æ–±–æ–∑–Ω–∞—á–∞–µ—Ç—Å...

You may provide a definition with
\DeclareUnicodeCharacter 


! Package inputenc Error: Unicode character –∫ (U+043A)
(inputenc)                not set up for use with LaTeX.

See the inputenc package documentation for explanation.
Type  H <return>  for immediate help.
 ...                                              
                                                  
l.6 ...ph{–≥–ª–∞–≤–Ω–æ–π –ª–æ–∫–∞–ª–∏–∑–∞—Ü–∏–µ–π}
                                                   –∏ –æ–±–æ–∑–Ω–∞—á–∞–µ—Ç—Å...

You may provide a definition with
\DeclareUnicodeCharacter 


! Package inputenc Error: Unicode character –∞ (U+0430)
(inputenc)                not set up for use with LaTeX.

See the inputenc package documentation for explanation.
Type  H <return>  for immediate help.
 ...                                              
                                                  
l.6 ...ph{–≥–ª–∞–≤–Ω–æ–π –ª–æ–∫–∞–ª–∏–∑–∞—Ü–∏–µ–π}
                                                   –∏ –æ–±–æ–∑–Ω–∞—á–∞–µ—Ç—Å...

You may provide a definition with
\DeclareUnicodeCharacter 


! Package inputenc Error: Unicode character –ª (U+043B)
(inputenc)                not set up for use with LaTeX.

See the inputenc package documentation for explanation.
Type  H <return>  for immediate help.
 ...                                              
                                                  
l.6 ...ph{–≥–ª–∞–≤–Ω–æ–π –ª–æ–∫–∞–ª–∏–∑–∞—Ü–∏–µ–π}
                                                   –∏ –æ–±–æ–∑–Ω–∞—á–∞–µ—Ç—Å...

You may provide a definition with
\DeclareUnicodeCharacter 


! Package inputenc Error: Unicode character –∏ (U+0438)
(inputenc)                not set up for use with LaTeX.

See the inputenc package documentation for explanation.
Type  H <return>  for immediate help.
 ...                                              
                                                  
l.6 ...ph{–≥–ª–∞–≤–Ω–æ–π –ª–æ–∫–∞–ª–∏–∑–∞—Ü–∏–µ–π}
                                                   –∏ –æ–±–æ–∑–Ω–∞—á–∞–µ—Ç—Å...

You may provide a definition with
\DeclareUnicodeCharacter 


! Package inputenc Error: Unicode character –∑ (U+0437)
(inputenc)                not set up for use with LaTeX.

See the inputenc package documentation for explanation.
Type  H <return>  for immediate help.
 ...                                              
                                                  
l.6 ...ph{–≥–ª–∞–≤–Ω–æ–π –ª–æ–∫–∞–ª–∏–∑–∞—Ü–∏–µ–π}
                                                   –∏ –æ–±–æ–∑–Ω–∞—á–∞–µ—Ç—Å...

You may provide a definition with
\DeclareUnicodeCharacter 


! Package inputenc Error: Unicode character –∞ (U+0430)
(inputenc)                not set up for use with LaTeX.

See the inputenc package documentation for explanation.
Type  H <return>  for immediate help.
 ...                                              
                                                  
l.6 ...ph{–≥–ª–∞–≤–Ω–æ–π –ª–æ–∫–∞–ª–∏–∑–∞—Ü–∏–µ–π}
                                                   –∏ –æ–±–æ–∑–Ω–∞—á–∞–µ—Ç—Å...

You may provide a definition with
\DeclareUnicodeCharacter 


! Package inputenc Error: Unicode character —Ü (U+0446)
(inputenc)                not set up for use with LaTeX.

See the inputenc package documentation for explanation.
Type  H <return>  for immediate help.
 ...                                              
                                                  
l.6 ...ph{–≥–ª–∞–≤–Ω–æ–π –ª–æ–∫–∞–ª–∏–∑–∞—Ü–∏–µ–π}
                                                   –∏ –æ–±–æ–∑–Ω–∞—á–∞–µ—Ç—Å...

You may provide a definition with
\DeclareUnicodeCharacter 


! Package inputenc Error: Unicode character –∏ (U+0438)
(inputenc)                not set up for use with LaTeX.

See the inputenc package documentation for explanation.
Type  H <return>  for immediate help.
 ...                                              
                                                  
l.6 ...ph{–≥–ª–∞–≤–Ω–æ–π –ª–æ–∫–∞–ª–∏–∑–∞—Ü–∏–µ–π}
                                                   –∏ –æ–±–æ–∑–Ω–∞—á–∞–µ—Ç—Å...

You may provide a definition with
\DeclareUnicodeCharacter 


! Package inputenc Error: Unicode character –µ (U+0435)
(inputenc)                not set up for use with LaTeX.

See the inputenc package documentation for explanation.
Type  H <return>  for immediate help.
 ...                                              
                                                  
l.6 ...ph{–≥–ª–∞–≤–Ω–æ–π –ª–æ–∫–∞–ª–∏–∑–∞—Ü–∏–µ–π}
                                                   –∏ –æ–±–æ–∑–Ω–∞—á–∞–µ—Ç—Å...

You may provide a definition with
\DeclareUnicodeCharacter 


! Package inputenc Error: Unicode character –π (U+0439)
(inputenc)                not set up for use with LaTeX.

See the inputenc package documentation for explanation.
Type  H <return>  for immediate help.
 ...                                              
                                                  
l.6 ...ph{–≥–ª–∞–≤–Ω–æ–π –ª–æ–∫–∞–ª–∏–∑–∞—Ü–∏–µ–π}
                                                   –∏ –æ–±–æ–∑–Ω–∞—á–∞–µ—Ç—Å...

You may provide a definition with
\DeclareUnicodeCharacter 


! Package inputenc Error: Unicode character –∏ (U+0438)
(inputenc)                not set up for use with LaTeX.

See the inputenc package documentation for explanation.
Type  H <return>  for immediate help.
 ...                                              
                                                  
l.6 ...–≥–ª–∞–≤–Ω–æ–π –ª–æ–∫–∞–ª–∏–∑–∞—Ü–∏–µ–π} –∏
                                                   –æ–±–æ–∑–Ω–∞—á–∞–µ—Ç—Å—è ...

You may provide a definition with
\DeclareUnicodeCharacter 


! Package inputenc Error: Unicode character –æ (U+043E)
(inputenc)                not set up for use with LaTeX.

See the inputenc package documentation for explanation.
Type  H <return>  for immediate help.
 ...                                              
                                                  
l.6 ...ª–∞–≤–Ω–æ–π –ª–æ–∫–∞–ª–∏–∑–∞—Ü–∏–µ–π} –∏ –æ
                                                  –±–æ–∑–Ω–∞—á–∞–µ—Ç—Å—è $R_...

You may provide a definition with
\DeclareUnicodeCharacter 


! Package inputenc Error: Unicode character –± (U+0431)
(inputenc)                not set up for use with LaTeX.

See the inputenc package documentation for explanation.
Type  H <return>  for immediate help.
 ...                                              
                                                  
l.6 ...∞–≤–Ω–æ–π –ª–æ–∫–∞–ª–∏–∑–∞—Ü–∏–µ–π} –∏ –æ–±
                                                  –æ–∑–Ω–∞—á–∞–µ—Ç—Å—è $R_{s}$.

You may provide a definition with
\DeclareUnicodeCharacter 


! Package inputenc Error: Unicode character –æ (U+043E)
(inputenc)                not set up for use with LaTeX.

See the inputenc package documentation for explanation.
Type  H <return>  for immediate help.
 ...                                              
                                                  
l.6 ...≤–Ω–æ–π –ª–æ–∫–∞–ª–∏–∑–∞—Ü–∏–µ–π} –∏ –æ–±–æ
                                                  –∑–Ω–∞—á–∞–µ—Ç—Å—è $R_{s}$.
You may provide a definition with
\DeclareUnicodeCharacter 


! Package inputenc Error: Unicode character –∑ (U+0437)
(inputenc)                not set up for use with LaTeX.

See the inputenc package documentation for explanation.
Type  H <return>  for immediate help.
 ...                                              
                                                  
l.6 ...Ω–æ–π –ª–æ–∫–∞–ª–∏–∑–∞—Ü–∏–µ–π} –∏ –æ–±–æ–∑
                                                  –Ω–∞—á–∞–µ—Ç—Å—è $R_{s}$.
You may provide a definition with
\DeclareUnicodeCharacter 


! Package inputenc Error: Unicode character –Ω (U+043D)
(inputenc)                not set up for use with LaTeX.

See the inputenc package documentation for explanation.
Type  H <return>  for immediate help.
 ...                                              
                                                  
l.6 ...æ–π –ª–æ–∫–∞–ª–∏–∑–∞—Ü–∏–µ–π} –∏ –æ–±–æ–∑–Ω
                                                  –∞—á–∞–µ—Ç—Å—è $R_{s}$.
You may provide a definition with
\DeclareUnicodeCharacter 


! Package inputenc Error: Unicode character –∞ (U+0430)
(inputenc)                not set up for use with LaTeX.

See the inputenc package documentation for explanation.
Type  H <return>  for immediate help.
 ...                                              
                                                  
l.6 ...π –ª–æ–∫–∞–ª–∏–∑–∞—Ü–∏–µ–π} –∏ –æ–±–æ–∑–Ω–∞
                                                  —á–∞–µ—Ç—Å—è $R_{s}$.
You may provide a definition with
\DeclareUnicodeCharacter 


! Package inputenc Error: Unicode character —á (U+0447)
(inputenc)                not set up for use with LaTeX.

See the inputenc package documentation for explanation.
Type  H <return>  for immediate help.
 ...                                              
                                                  
l.6 ...–ª–æ–∫–∞–ª–∏–∑–∞—Ü–∏–µ–π} –∏ –æ–±–æ–∑–Ω–∞—á
                                                  –∞–µ—Ç—Å—è $R_{s}$.
You may provide a definition with
\DeclareUnicodeCharacter 


! Package inputenc Error: Unicode character –∞ (U+0430)
(inputenc)                not set up for use with LaTeX.

See the inputenc package documentation for explanation.
Type  H <return>  for immediate help.
 ...                                              
                                                  
l.6 ...–æ–∫–∞–ª–∏–∑–∞—Ü–∏–µ–π} –∏ –æ–±–æ–∑–Ω–∞—á–∞
                                                  –µ—Ç—Å—è $R_{s}$.
You may provide a definition with
\DeclareUnicodeCharacter 


! Package inputenc Error: Unicode character –µ (U+0435)
(inputenc)                not set up for use with LaTeX.

See the inputenc package documentation for explanation.
Type  H <return>  for immediate help.
 ...                                              
                                                  
l.6 ...–∫–∞–ª–∏–∑–∞—Ü–∏–µ–π} –∏ –æ–±–æ–∑–Ω–∞—á–∞–µ
                                                  —Ç—Å—è $R_{s}$.
You may provide a definition with
\DeclareUnicodeCharacter 


! Package inputenc Error: Unicode character —Ç (U+0442)
(inputenc)                not set up for use with LaTeX.

See the inputenc package documentation for explanation.
Type  H <return>  for immediate help.
 ...                                              
                                                  
l.6 ...–∞–ª–∏–∑–∞—Ü–∏–µ–π} –∏ –æ–±–æ–∑–Ω–∞—á–∞–µ—Ç
                                                  —Å—è $R_{s}$.
(That makes 100 errors; please try again.) 
Here is how much of TeX's memory you used:
 55 strings out of 480608
 1135 string characters out of 5903630
 239610 words of memory out of 5000000
 16044 multiletter control sequences out of 15000+600000
 532684 words of font info for 25 fonts, out of 8000000 for 9000
 1141 hyphenation exceptions out of 8191
 18i,2n,15p,440b,114s stack positions out of 5000i,500n,10000p,200000b,80000s

!  ==> Fatal error occurred, no output PDF file produced!
