This is pdfTeX, Version 3.14159265-2.6-1.40.21 (TeX Live 2020) (preloaded format=pdflatex 2021.3.10)  1 DEC 2023 15:47
entering extended mode
 restricted \write18 enabled.
 %&-line parsing enabled.
**"/Users/user/Documents/GitHub/Algebraic-geometry-compendium/Tex abstract/src/
lectures/4/lecture 1.12.2023.tex"

(/Users/user/Documents/GitHub/Algebraic-geometry-compendium/Tex abstract/src/le
ctures/4/lecture 1.12.2023.tex
LaTeX2e <2020-02-02> patch level 5
L3 programming layer <2020-03-06>

! Package inputenc Error: Unicode character –í (U+0412)
(inputenc)                not set up for use with LaTeX.

See the inputenc package documentation for explanation.
Type  H <return>  for immediate help.
 ...                                              
                                                  
l.2 	–í
       –µ—Ä–Ω—ë–º—Å—è –∫ –¥–æ–∫–∞–∑–∞—Ç–µ–ª—å—Å—Ç–≤—É —Å–∏–ª—å–Ω–æ–π —Ç–µ–æ—...

You may provide a definition with
\DeclareUnicodeCharacter 


! Package inputenc Error: Unicode character –µ (U+0435)
(inputenc)                not set up for use with LaTeX.

See the inputenc package documentation for explanation.
Type  H <return>  for immediate help.
 ...                                              
                                                  
l.2 	–í–µ
         —Ä–Ω—ë–º—Å—è –∫ –¥–æ–∫–∞–∑–∞—Ç–µ–ª—å—Å—Ç–≤—É —Å–∏–ª—å–Ω–æ–π —Ç–µ–æ—...

You may provide a definition with
\DeclareUnicodeCharacter 


! Package inputenc Error: Unicode character —Ä (U+0440)
(inputenc)                not set up for use with LaTeX.

See the inputenc package documentation for explanation.
Type  H <return>  for immediate help.
 ...                                              
                                                  
l.2 	–í–µ—Ä
           –Ω—ë–º—Å—è –∫ –¥–æ–∫–∞–∑–∞—Ç–µ–ª—å—Å—Ç–≤—É —Å–∏–ª—å–Ω–æ–π —Ç–µ–æ—...

You may provide a definition with
\DeclareUnicodeCharacter 


! Package inputenc Error: Unicode character –Ω (U+043D)
(inputenc)                not set up for use with LaTeX.

See the inputenc package documentation for explanation.
Type  H <return>  for immediate help.
 ...                                              
                                                  
l.2 	–í–µ—Ä–Ω
             —ë–º—Å—è –∫ –¥–æ–∫–∞–∑–∞—Ç–µ–ª—å—Å—Ç–≤—É —Å–∏–ª—å–Ω–æ–π —Ç–µ–æ—...

You may provide a definition with
\DeclareUnicodeCharacter 


! Package inputenc Error: Unicode character —ë (U+0451)
(inputenc)                not set up for use with LaTeX.

See the inputenc package documentation for explanation.
Type  H <return>  for immediate help.
 ...                                              
                                                  
l.2 	–í–µ—Ä–Ω—ë
               –º—Å—è –∫ –¥–æ–∫–∞–∑–∞—Ç–µ–ª—å—Å—Ç–≤—É —Å–∏–ª—å–Ω–æ–π —Ç–µ–æ—...

You may provide a definition with
\DeclareUnicodeCharacter 


! Package inputenc Error: Unicode character –º (U+043C)
(inputenc)                not set up for use with LaTeX.

See the inputenc package documentation for explanation.
Type  H <return>  for immediate help.
 ...                                              
                                                  
l.2 	–í–µ—Ä–Ω—ë–º
                 —Å—è –∫ –¥–æ–∫–∞–∑–∞—Ç–µ–ª—å—Å—Ç–≤—É —Å–∏–ª—å–Ω–æ–π —Ç–µ–æ—...

You may provide a definition with
\DeclareUnicodeCharacter 


! Package inputenc Error: Unicode character —Å (U+0441)
(inputenc)                not set up for use with LaTeX.

See the inputenc package documentation for explanation.
Type  H <return>  for immediate help.
 ...                                              
                                                  
l.2 	–í–µ—Ä–Ω—ë–º—Å
                   —è –∫ –¥–æ–∫–∞–∑–∞—Ç–µ–ª—å—Å—Ç–≤—É —Å–∏–ª—å–Ω–æ–π —Ç–µ–æ—...

You may provide a definition with
\DeclareUnicodeCharacter 


! Package inputenc Error: Unicode character —è (U+044F)
(inputenc)                not set up for use with LaTeX.

See the inputenc package documentation for explanation.
Type  H <return>  for immediate help.
 ...                                              
                                                  
l.2 	–í–µ—Ä–Ω—ë–º—Å—è
                      –∫ –¥–æ–∫–∞–∑–∞—Ç–µ–ª—å—Å—Ç–≤—É —Å–∏–ª—å–Ω–æ–π —Ç–µ–æ—...

You may provide a definition with
\DeclareUnicodeCharacter 


! Package inputenc Error: Unicode character –∫ (U+043A)
(inputenc)                not set up for use with LaTeX.

See the inputenc package documentation for explanation.
Type  H <return>  for immediate help.
 ...                                              
                                                  
l.2 	–í–µ—Ä–Ω—ë–º—Å—è –∫
                         –¥–æ–∫–∞–∑–∞—Ç–µ–ª—å—Å—Ç–≤—É —Å–∏–ª—å–Ω–æ–π —Ç–µ–æ—...

You may provide a definition with
\DeclareUnicodeCharacter 


! Package inputenc Error: Unicode character –¥ (U+0434)
(inputenc)                not set up for use with LaTeX.

See the inputenc package documentation for explanation.
Type  H <return>  for immediate help.
 ...                                              
                                                  
l.2 	–í–µ—Ä–Ω—ë–º—Å—è –∫ –¥
                           –æ–∫–∞–∑–∞—Ç–µ–ª—å—Å—Ç–≤—É —Å–∏–ª—å–Ω–æ–π —Ç–µ–æ—...

You may provide a definition with
\DeclareUnicodeCharacter 


! Package inputenc Error: Unicode character –æ (U+043E)
(inputenc)                not set up for use with LaTeX.

See the inputenc package documentation for explanation.
Type  H <return>  for immediate help.
 ...                                              
                                                  
l.2 	–í–µ—Ä–Ω—ë–º—Å—è –∫ –¥–æ
                             –∫–∞–∑–∞—Ç–µ–ª—å—Å—Ç–≤—É —Å–∏–ª—å–Ω–æ–π —Ç–µ–æ—...

You may provide a definition with
\DeclareUnicodeCharacter 


! Package inputenc Error: Unicode character –∫ (U+043A)
(inputenc)                not set up for use with LaTeX.

See the inputenc package documentation for explanation.
Type  H <return>  for immediate help.
 ...                                              
                                                  
l.2 	–í–µ—Ä–Ω—ë–º—Å—è –∫ –¥–æ–∫
                               –∞–∑–∞—Ç–µ–ª—å—Å—Ç–≤—É —Å–∏–ª—å–Ω–æ–π —Ç–µ–æ—...

You may provide a definition with
\DeclareUnicodeCharacter 


! Package inputenc Error: Unicode character –∞ (U+0430)
(inputenc)                not set up for use with LaTeX.

See the inputenc package documentation for explanation.
Type  H <return>  for immediate help.
 ...                                              
                                                  
l.2 	–í–µ—Ä–Ω—ë–º—Å—è –∫ –¥–æ–∫–∞
                                 –∑–∞—Ç–µ–ª—å—Å—Ç–≤—É —Å–∏–ª—å–Ω–æ–π —Ç–µ–æ—...

You may provide a definition with
\DeclareUnicodeCharacter 


! Package inputenc Error: Unicode character –∑ (U+0437)
(inputenc)                not set up for use with LaTeX.

See the inputenc package documentation for explanation.
Type  H <return>  for immediate help.
 ...                                              
                                                  
l.2 	–í–µ—Ä–Ω—ë–º—Å—è –∫ –¥–æ–∫–∞–∑
                                   –∞—Ç–µ–ª—å—Å—Ç–≤—É —Å–∏–ª—å–Ω–æ–π —Ç–µ–æ—...

You may provide a definition with
\DeclareUnicodeCharacter 


! Package inputenc Error: Unicode character –∞ (U+0430)
(inputenc)                not set up for use with LaTeX.

See the inputenc package documentation for explanation.
Type  H <return>  for immediate help.
 ...                                              
                                                  
l.2 	–í–µ—Ä–Ω—ë–º—Å—è –∫ –¥–æ–∫–∞–∑–∞
                                     —Ç–µ–ª—å—Å—Ç–≤—É —Å–∏–ª—å–Ω–æ–π —Ç–µ–æ—...

You may provide a definition with
\DeclareUnicodeCharacter 


! Package inputenc Error: Unicode character —Ç (U+0442)
(inputenc)                not set up for use with LaTeX.

See the inputenc package documentation for explanation.
Type  H <return>  for immediate help.
 ...                                              
                                                  
l.2 	–í–µ—Ä–Ω—ë–º—Å—è –∫ –¥–æ–∫–∞–∑–∞—Ç
                                       –µ–ª—å—Å—Ç–≤—É —Å–∏–ª—å–Ω–æ–π —Ç–µ–æ—...

You may provide a definition with
\DeclareUnicodeCharacter 


! Package inputenc Error: Unicode character –µ (U+0435)
(inputenc)                not set up for use with LaTeX.

See the inputenc package documentation for explanation.
Type  H <return>  for immediate help.
 ...                                              
                                                  
l.2 	–í–µ—Ä–Ω—ë–º—Å—è –∫ –¥–æ–∫–∞–∑–∞—Ç–µ
                                         –ª—å—Å—Ç–≤—É —Å–∏–ª—å–Ω–æ–π —Ç–µ–æ—...

You may provide a definition with
\DeclareUnicodeCharacter 


! Package inputenc Error: Unicode character –ª (U+043B)
(inputenc)                not set up for use with LaTeX.

See the inputenc package documentation for explanation.
Type  H <return>  for immediate help.
 ...                                              
                                                  
l.2 	–í–µ—Ä–Ω—ë–º—Å—è –∫ –¥–æ–∫–∞–∑–∞—Ç–µ–ª
                                           —å—Å—Ç–≤—É —Å–∏–ª—å–Ω–æ–π —Ç–µ–æ—...

You may provide a definition with
\DeclareUnicodeCharacter 


! Package inputenc Error: Unicode character —å (U+044C)
(inputenc)                not set up for use with LaTeX.

See the inputenc package documentation for explanation.
Type  H <return>  for immediate help.
 ...                                              
                                                  
l.2 	–í–µ—Ä–Ω—ë–º—Å—è –∫ –¥–æ–∫–∞–∑–∞—Ç–µ–ª—å
                                             —Å—Ç–≤—É —Å–∏–ª—å–Ω–æ–π —Ç–µ–æ—...

You may provide a definition with
\DeclareUnicodeCharacter 


! Package inputenc Error: Unicode character —Å (U+0441)
(inputenc)                not set up for use with LaTeX.

See the inputenc package documentation for explanation.
Type  H <return>  for immediate help.
 ...                                              
                                                  
l.2 	–í–µ—Ä–Ω—ë–º—Å—è –∫ –¥–æ–∫–∞–∑–∞—Ç–µ–ª—å—Å
                                               —Ç–≤—É —Å–∏–ª—å–Ω–æ–π —Ç–µ–æ—...

You may provide a definition with
\DeclareUnicodeCharacter 


! Package inputenc Error: Unicode character —Ç (U+0442)
(inputenc)                not set up for use with LaTeX.

See the inputenc package documentation for explanation.
Type  H <return>  for immediate help.
 ...                                              
                                                  
l.2 	–í–µ—Ä–Ω—ë–º—Å—è –∫ –¥–æ–∫–∞–∑–∞—Ç–µ–ª—å—Å—Ç
                                                 –≤—É —Å–∏–ª—å–Ω–æ–π —Ç–µ–æ—...

You may provide a definition with
\DeclareUnicodeCharacter 


! Package inputenc Error: Unicode character –≤ (U+0432)
(inputenc)                not set up for use with LaTeX.

See the inputenc package documentation for explanation.
Type  H <return>  for immediate help.
 ...                                              
                                                  
l.2 ...µ—Ä–Ω—ë–º—Å—è –∫ –¥–æ–∫–∞–∑–∞—Ç–µ–ª—å—Å—Ç–≤
                                                  —É —Å–∏–ª—å–Ω–æ–π —Ç–µ–æ—Ä...

You may provide a definition with
\DeclareUnicodeCharacter 


! Package inputenc Error: Unicode character —É (U+0443)
(inputenc)                not set up for use with LaTeX.

See the inputenc package documentation for explanation.
Type  H <return>  for immediate help.
 ...                                              
                                                  
l.2 ...Ä–Ω—ë–º—Å—è –∫ –¥–æ–∫–∞–∑–∞—Ç–µ–ª—å—Å—Ç–≤—É
                                                   —Å–∏–ª—å–Ω–æ–π —Ç–µ–æ—Ä–µ...

You may provide a definition with
\DeclareUnicodeCharacter 


! Package inputenc Error: Unicode character —Å (U+0441)
(inputenc)                not set up for use with LaTeX.

See the inputenc package documentation for explanation.
Type  H <return>  for immediate help.
 ...                                              
                                                  
l.2 ...—ë–º—Å—è –∫ –¥–æ–∫–∞–∑–∞—Ç–µ–ª—å—Å—Ç–≤—É —Å
                                                  –∏–ª—å–Ω–æ–π —Ç–µ–æ—Ä–µ–º—...

You may provide a definition with
\DeclareUnicodeCharacter 


! Package inputenc Error: Unicode character –∏ (U+0438)
(inputenc)                not set up for use with LaTeX.

See the inputenc package documentation for explanation.
Type  H <return>  for immediate help.
 ...                                              
                                                  
l.2 ...–º—Å—è –∫ –¥–æ–∫–∞–∑–∞—Ç–µ–ª—å—Å—Ç–≤—É —Å–∏
                                                  –ª—å–Ω–æ–π —Ç–µ–æ—Ä–µ–º—ã ...

You may provide a definition with
\DeclareUnicodeCharacter 


! Package inputenc Error: Unicode character –ª (U+043B)
(inputenc)                not set up for use with LaTeX.

See the inputenc package documentation for explanation.
Type  H <return>  for immediate help.
 ...                                              
                                                  
l.2 ...—Å—è –∫ –¥–æ–∫–∞–∑–∞—Ç–µ–ª—å—Å—Ç–≤—É —Å–∏–ª
                                                  —å–Ω–æ–π —Ç–µ–æ—Ä–µ–º—ã –î...

You may provide a definition with
\DeclareUnicodeCharacter 


! Package inputenc Error: Unicode character —å (U+044C)
(inputenc)                not set up for use with LaTeX.

See the inputenc package documentation for explanation.
Type  H <return>  for immediate help.
 ...                                              
                                                  
l.2 ...—è –∫ –¥–æ–∫–∞–∑–∞—Ç–µ–ª—å—Å—Ç–≤—É —Å–∏–ª—å
                                                  –Ω–æ–π —Ç–µ–æ—Ä–µ–º—ã –î–∏...

You may provide a definition with
\DeclareUnicodeCharacter 


! Package inputenc Error: Unicode character –Ω (U+043D)
(inputenc)                not set up for use with LaTeX.

See the inputenc package documentation for explanation.
Type  H <return>  for immediate help.
 ...                                              
                                                  
l.2 ... –∫ –¥–æ–∫–∞–∑–∞—Ç–µ–ª—å—Å—Ç–≤—É —Å–∏–ª—å–Ω
                                                  –æ–π —Ç–µ–æ—Ä–µ–º—ã –î–∏—Ä...

You may provide a definition with
\DeclareUnicodeCharacter 


! Package inputenc Error: Unicode character –æ (U+043E)
(inputenc)                not set up for use with LaTeX.

See the inputenc package documentation for explanation.
Type  H <return>  for immediate help.
 ...                                              
                                                  
l.2 ...∫ –¥–æ–∫–∞–∑–∞—Ç–µ–ª—å—Å—Ç–≤—É —Å–∏–ª—å–Ω–æ
                                                  –π —Ç–µ–æ—Ä–µ–º—ã –î–∏—Ä–∏...

You may provide a definition with
\DeclareUnicodeCharacter 


! Package inputenc Error: Unicode character –π (U+0439)
(inputenc)                not set up for use with LaTeX.

See the inputenc package documentation for explanation.
Type  H <return>  for immediate help.
 ...                                              
                                                  
l.2 ...–¥–æ–∫–∞–∑–∞—Ç–µ–ª—å—Å—Ç–≤—É —Å–∏–ª—å–Ω–æ–π
                                                   —Ç–µ–æ—Ä–µ–º—ã –î–∏—Ä–∏—Ö...

You may provide a definition with
\DeclareUnicodeCharacter 


! Package inputenc Error: Unicode character —Ç (U+0442)
(inputenc)                not set up for use with LaTeX.

See the inputenc package documentation for explanation.
Type  H <return>  for immediate help.
 ...                                              
                                                  
l.2 ...æ–∫–∞–∑–∞—Ç–µ–ª—å—Å—Ç–≤—É —Å–∏–ª—å–Ω–æ–π —Ç
                                                  –µ–æ—Ä–µ–º—ã –î–∏—Ä–∏—Ö–ª–...

You may provide a definition with
\DeclareUnicodeCharacter 


! Package inputenc Error: Unicode character –µ (U+0435)
(inputenc)                not set up for use with LaTeX.

See the inputenc package documentation for explanation.
Type  H <return>  for immediate help.
 ...                                              
                                                  
l.2 ...∫–∞–∑–∞—Ç–µ–ª—å—Å—Ç–≤—É —Å–∏–ª—å–Ω–æ–π —Ç–µ
                                                  –æ—Ä–µ–º—ã –î–∏—Ä–∏—Ö–ª–µ ...

You may provide a definition with
\DeclareUnicodeCharacter 


! Package inputenc Error: Unicode character –æ (U+043E)
(inputenc)                not set up for use with LaTeX.

See the inputenc package documentation for explanation.
Type  H <return>  for immediate help.
 ...                                              
                                                  
l.2 ...∞–∑–∞—Ç–µ–ª—å—Å—Ç–≤—É —Å–∏–ª—å–Ω–æ–π —Ç–µ–æ
                                                  —Ä–µ–º—ã –î–∏—Ä–∏—Ö–ª–µ –æ...

You may provide a definition with
\DeclareUnicodeCharacter 


! Package inputenc Error: Unicode character —Ä (U+0440)
(inputenc)                not set up for use with LaTeX.

See the inputenc package documentation for explanation.
Type  H <return>  for immediate help.
 ...                                              
                                                  
l.2 ...∑–∞—Ç–µ–ª—å—Å—Ç–≤—É —Å–∏–ª—å–Ω–æ–π —Ç–µ–æ—Ä
                                                  –µ–º—ã –î–∏—Ä–∏—Ö–ª–µ –æ –...

You may provide a definition with
\DeclareUnicodeCharacter 


! Package inputenc Error: Unicode character –µ (U+0435)
(inputenc)                not set up for use with LaTeX.

See the inputenc package documentation for explanation.
Type  H <return>  for immediate help.
 ...                                              
                                                  
l.2 ...∞—Ç–µ–ª—å—Å—Ç–≤—É —Å–∏–ª—å–Ω–æ–π —Ç–µ–æ—Ä–µ
                                                  –º—ã –î–∏—Ä–∏—Ö–ª–µ –æ –µ–...

You may provide a definition with
\DeclareUnicodeCharacter 


! Package inputenc Error: Unicode character –º (U+043C)
(inputenc)                not set up for use with LaTeX.

See the inputenc package documentation for explanation.
Type  H <return>  for immediate help.
 ...                                              
                                                  
l.2 ...Ç–µ–ª—å—Å—Ç–≤—É —Å–∏–ª—å–Ω–æ–π —Ç–µ–æ—Ä–µ–º
                                                  —ã –î–∏—Ä–∏—Ö–ª–µ –æ –µ–¥–...

You may provide a definition with
\DeclareUnicodeCharacter 


! Package inputenc Error: Unicode character —ã (U+044B)
(inputenc)                not set up for use with LaTeX.

See the inputenc package documentation for explanation.
Type  H <return>  for immediate help.
 ...                                              
                                                  
l.2 ...µ–ª—å—Å—Ç–≤—É —Å–∏–ª—å–Ω–æ–π —Ç–µ–æ—Ä–µ–º—ã
                                                   –î–∏—Ä–∏—Ö–ª–µ –æ –µ–¥–∏–...

You may provide a definition with
\DeclareUnicodeCharacter 


! Package inputenc Error: Unicode character –î (U+0414)
(inputenc)                not set up for use with LaTeX.

See the inputenc package documentation for explanation.
Type  H <return>  for immediate help.
 ...                                              
                                                  
l.2 ...—å—Å—Ç–≤—É —Å–∏–ª—å–Ω–æ–π —Ç–µ–æ—Ä–µ–º—ã –î
                                                  –∏—Ä–∏—Ö–ª–µ –æ –µ–¥–∏–Ω–∏...

You may provide a definition with
\DeclareUnicodeCharacter 


! Package inputenc Error: Unicode character –∏ (U+0438)
(inputenc)                not set up for use with LaTeX.

See the inputenc package documentation for explanation.
Type  H <return>  for immediate help.
 ...                                              
                                                  
l.2 ...—Å—Ç–≤—É —Å–∏–ª—å–Ω–æ–π —Ç–µ–æ—Ä–µ–º—ã –î–∏
                                                  —Ä–∏—Ö–ª–µ –æ –µ–¥–∏–Ω–∏—Ü...

You may provide a definition with
\DeclareUnicodeCharacter 


! Package inputenc Error: Unicode character —Ä (U+0440)
(inputenc)                not set up for use with LaTeX.

See the inputenc package documentation for explanation.
Type  H <return>  for immediate help.
 ...                                              
                                                  
l.2 ...—Ç–≤—É —Å–∏–ª—å–Ω–æ–π —Ç–µ–æ—Ä–µ–º—ã –î–∏—Ä
                                                  –∏—Ö–ª–µ –æ –µ–¥–∏–Ω–∏—Ü–∞...

You may provide a definition with
\DeclareUnicodeCharacter 


! Package inputenc Error: Unicode character –∏ (U+0438)
(inputenc)                not set up for use with LaTeX.

See the inputenc package documentation for explanation.
Type  H <return>  for immediate help.
 ...                                              
                                                  
l.2 ...–≤—É —Å–∏–ª—å–Ω–æ–π —Ç–µ–æ—Ä–µ–º—ã –î–∏—Ä–∏
                                                  —Ö–ª–µ –æ –µ–¥–∏–Ω–∏—Ü–∞—Ö...

You may provide a definition with
\DeclareUnicodeCharacter 


! Package inputenc Error: Unicode character —Ö (U+0445)
(inputenc)                not set up for use with LaTeX.

See the inputenc package documentation for explanation.
Type  H <return>  for immediate help.
 ...                                              
                                                  
l.2 ...—É —Å–∏–ª—å–Ω–æ–π —Ç–µ–æ—Ä–µ–º—ã –î–∏—Ä–∏—Ö
                                                  –ª–µ –æ –µ–¥–∏–Ω–∏—Ü–∞—Ö. ...

You may provide a definition with
\DeclareUnicodeCharacter 


! Package inputenc Error: Unicode character –ª (U+043B)
(inputenc)                not set up for use with LaTeX.

See the inputenc package documentation for explanation.
Type  H <return>  for immediate help.
 ...                                              
                                                  
l.2 ... —Å–∏–ª—å–Ω–æ–π —Ç–µ–æ—Ä–µ–º—ã –î–∏—Ä–∏—Ö–ª
                                                  –µ –æ –µ–¥–∏–Ω–∏—Ü–∞—Ö. –Ø...

You may provide a definition with
\DeclareUnicodeCharacter 


! Package inputenc Error: Unicode character –µ (U+0435)
(inputenc)                not set up for use with LaTeX.

See the inputenc package documentation for explanation.
Type  H <return>  for immediate help.
 ...                                              
                                                  
l.2 ...Å–∏–ª—å–Ω–æ–π —Ç–µ–æ—Ä–µ–º—ã –î–∏—Ä–∏—Ö–ª–µ
                                                   –æ –µ–¥–∏–Ω–∏—Ü–∞—Ö. –Ø—Å...

You may provide a definition with
\DeclareUnicodeCharacter 


! Package inputenc Error: Unicode character –æ (U+043E)
(inputenc)                not set up for use with LaTeX.

See the inputenc package documentation for explanation.
Type  H <return>  for immediate help.
 ...                                              
                                                  
l.2 ...–ª—å–Ω–æ–π —Ç–µ–æ—Ä–µ–º—ã –î–∏—Ä–∏—Ö–ª–µ –æ
                                                   –µ–¥–∏–Ω–∏—Ü–∞—Ö. –Ø—Å–Ω–...

You may provide a definition with
\DeclareUnicodeCharacter 


! Package inputenc Error: Unicode character –µ (U+0435)
(inputenc)                not set up for use with LaTeX.

See the inputenc package documentation for explanation.
Type  H <return>  for immediate help.
 ...                                              
                                                  
l.2 ...å–Ω–æ–π —Ç–µ–æ—Ä–µ–º—ã –î–∏—Ä–∏—Ö–ª–µ –æ –µ
                                                  –¥–∏–Ω–∏—Ü–∞—Ö. –Ø—Å–Ω–æ, ...

You may provide a definition with
\DeclareUnicodeCharacter 


! Package inputenc Error: Unicode character –¥ (U+0434)
(inputenc)                not set up for use with LaTeX.

See the inputenc package documentation for explanation.
Type  H <return>  for immediate help.
 ...                                              
                                                  
l.2 ...Ω–æ–π —Ç–µ–æ—Ä–µ–º—ã –î–∏—Ä–∏—Ö–ª–µ –æ –µ–¥
                                                  –∏–Ω–∏—Ü–∞—Ö. –Ø—Å–Ω–æ, —á...

You may provide a definition with
\DeclareUnicodeCharacter 


! Package inputenc Error: Unicode character –∏ (U+0438)
(inputenc)                not set up for use with LaTeX.

See the inputenc package documentation for explanation.
Type  H <return>  for immediate help.
 ...                                              
                                                  
l.2 ...æ–π —Ç–µ–æ—Ä–µ–º—ã –î–∏—Ä–∏—Ö–ª–µ –æ –µ–¥–∏
                                                  –Ω–∏—Ü–∞—Ö. –Ø—Å–Ω–æ, —á—Ç...

You may provide a definition with
\DeclareUnicodeCharacter 


! Package inputenc Error: Unicode character –Ω (U+043D)
(inputenc)                not set up for use with LaTeX.

See the inputenc package documentation for explanation.
Type  H <return>  for immediate help.
 ...                                              
                                                  
l.2 ...π —Ç–µ–æ—Ä–µ–º—ã –î–∏—Ä–∏—Ö–ª–µ –æ –µ–¥–∏–Ω
                                                  –∏—Ü–∞—Ö. –Ø—Å–Ω–æ, —á—Ç–æ...

You may provide a definition with
\DeclareUnicodeCharacter 


! Package inputenc Error: Unicode character –∏ (U+0438)
(inputenc)                not set up for use with LaTeX.

See the inputenc package documentation for explanation.
Type  H <return>  for immediate help.
 ...                                              
                                                  
l.2 ...—Ç–µ–æ—Ä–µ–º—ã –î–∏—Ä–∏—Ö–ª–µ –æ –µ–¥–∏–Ω–∏
                                                  —Ü–∞—Ö. –Ø—Å–Ω–æ, —á—Ç–æ –...

You may provide a definition with
\DeclareUnicodeCharacter 


! Package inputenc Error: Unicode character —Ü (U+0446)
(inputenc)                not set up for use with LaTeX.

See the inputenc package documentation for explanation.
Type  H <return>  for immediate help.
 ...                                              
                                                  
l.2 ...–µ–æ—Ä–µ–º—ã –î–∏—Ä–∏—Ö–ª–µ –æ –µ–¥–∏–Ω–∏—Ü
                                                  –∞—Ö. –Ø—Å–Ω–æ, —á—Ç–æ –¥–...

You may provide a definition with
\DeclareUnicodeCharacter 


! Package inputenc Error: Unicode character –∞ (U+0430)
(inputenc)                not set up for use with LaTeX.

See the inputenc package documentation for explanation.
Type  H <return>  for immediate help.
 ...                                              
                                                  
l.2 ...–æ—Ä–µ–º—ã –î–∏—Ä–∏—Ö–ª–µ –æ –µ–¥–∏–Ω–∏—Ü–∞
                                                  —Ö. –Ø—Å–Ω–æ, —á—Ç–æ –¥–ª—...

You may provide a definition with
\DeclareUnicodeCharacter 


! Package inputenc Error: Unicode character —Ö (U+0445)
(inputenc)                not set up for use with LaTeX.

See the inputenc package documentation for explanation.
Type  H <return>  for immediate help.
 ...                                              
                                                  
l.2 ...—Ä–µ–º—ã –î–∏—Ä–∏—Ö–ª–µ –æ –µ–¥–∏–Ω–∏—Ü–∞—Ö
                                                  . –Ø—Å–Ω–æ, —á—Ç–æ –¥–ª—è ...

You may provide a definition with
\DeclareUnicodeCharacter 


! LaTeX Error: Missing \begin{document}.

See the LaTeX manual or LaTeX Companion for explanation.
Type  H <return>  for immediate help.
 ...                                              
                                                  
l.2 ...Ä–µ–º—ã –î–∏—Ä–∏—Ö–ª–µ –æ –µ–¥–∏–Ω–∏—Ü–∞—Ö.
                                                   –Ø—Å–Ω–æ, —á—Ç–æ –¥–ª—è —...

You're in trouble here.  Try typing  <return>  to proceed.
If that doesn't work, type  X <return>  to quit.

Missing character: There is no . in font nullfont!

! Package inputenc Error: Unicode character –Ø (U+042F)
(inputenc)                not set up for use with LaTeX.

See the inputenc package documentation for explanation.
Type  H <return>  for immediate help.
 ...                                              
                                                  
l.2 ...–º—ã –î–∏—Ä–∏—Ö–ª–µ –æ –µ–¥–∏–Ω–∏—Ü–∞—Ö. –Ø
                                                  —Å–Ω–æ, —á—Ç–æ –¥–ª—è —ç—Ç...

You may provide a definition with
\DeclareUnicodeCharacter 


! Package inputenc Error: Unicode character —Å (U+0441)
(inputenc)                not set up for use with LaTeX.

See the inputenc package documentation for explanation.
Type  H <return>  for immediate help.
 ...                                              
                                                  
l.2 ...—ã –î–∏—Ä–∏—Ö–ª–µ –æ –µ–¥–∏–Ω–∏—Ü–∞—Ö. –Ø—Å
                                                  –Ω–æ, —á—Ç–æ –¥–ª—è —ç—Ç–æ...

You may provide a definition with
\DeclareUnicodeCharacter 


! Package inputenc Error: Unicode character –Ω (U+043D)
(inputenc)                not set up for use with LaTeX.

See the inputenc package documentation for explanation.
Type  H <return>  for immediate help.
 ...                                              
                                                  
l.2 ... –î–∏—Ä–∏—Ö–ª–µ –æ –µ–¥–∏–Ω–∏—Ü–∞—Ö. –Ø—Å–Ω
                                                  –æ, —á—Ç–æ –¥–ª—è —ç—Ç–æ–≥...

You may provide a definition with
\DeclareUnicodeCharacter 


! Package inputenc Error: Unicode character –æ (U+043E)
(inputenc)                not set up for use with LaTeX.

See the inputenc package documentation for explanation.
Type  H <return>  for immediate help.
 ...                                              
                                                  
l.2 ...î–∏—Ä–∏—Ö–ª–µ –æ –µ–¥–∏–Ω–∏—Ü–∞—Ö. –Ø—Å–Ω–æ
                                                  , —á—Ç–æ –¥–ª—è —ç—Ç–æ–≥–æ...

You may provide a definition with
\DeclareUnicodeCharacter 

Missing character: There is no , in font nullfont!

! Package inputenc Error: Unicode character —á (U+0447)
(inputenc)                not set up for use with LaTeX.

See the inputenc package documentation for explanation.
Type  H <return>  for immediate help.
 ...                                              
                                                  
l.2 ...Ä–∏—Ö–ª–µ –æ –µ–¥–∏–Ω–∏—Ü–∞—Ö. –Ø—Å–Ω–æ, —á
                                                  —Ç–æ –¥–ª—è —ç—Ç–æ–≥–æ –Ω–...

You may provide a definition with
\DeclareUnicodeCharacter 


! Package inputenc Error: Unicode character —Ç (U+0442)
(inputenc)                not set up for use with LaTeX.

See the inputenc package documentation for explanation.
Type  H <return>  for immediate help.
 ...                                              
                                                  
l.2 ...∏—Ö–ª–µ –æ –µ–¥–∏–Ω–∏—Ü–∞—Ö. –Ø—Å–Ω–æ, —á—Ç
                                                  –æ –¥–ª—è —ç—Ç–æ–≥–æ –Ω–∞–...

You may provide a definition with
\DeclareUnicodeCharacter 


! Package inputenc Error: Unicode character –æ (U+043E)
(inputenc)                not set up for use with LaTeX.

See the inputenc package documentation for explanation.
Type  H <return>  for immediate help.
 ...                                              
                                                  
l.2 ...Ö–ª–µ –æ –µ–¥–∏–Ω–∏—Ü–∞—Ö. –Ø—Å–Ω–æ, —á—Ç–æ
                                                   –¥–ª—è —ç—Ç–æ–≥–æ –Ω–∞–º ...

You may provide a definition with
\DeclareUnicodeCharacter 


! Package inputenc Error: Unicode character –¥ (U+0434)
(inputenc)                not set up for use with LaTeX.

See the inputenc package documentation for explanation.
Type  H <return>  for immediate help.
 ...                                              
                                                  
l.2 ...–µ –æ –µ–¥–∏–Ω–∏—Ü–∞—Ö. –Ø—Å–Ω–æ, —á—Ç–æ –¥
                                                  –ª—è —ç—Ç–æ–≥–æ –Ω–∞–º –¥–...

You may provide a definition with
\DeclareUnicodeCharacter 


! Package inputenc Error: Unicode character –ª (U+043B)
(inputenc)                not set up for use with LaTeX.

See the inputenc package documentation for explanation.
Type  H <return>  for immediate help.
 ...                                              
                                                  
l.2 ... –æ –µ–¥–∏–Ω–∏—Ü–∞—Ö. –Ø—Å–Ω–æ, —á—Ç–æ –¥–ª
                                                  —è —ç—Ç–æ–≥–æ –Ω–∞–º –¥–æ—...

You may provide a definition with
\DeclareUnicodeCharacter 


! Package inputenc Error: Unicode character —è (U+044F)
(inputenc)                not set up for use with LaTeX.

See the inputenc package documentation for explanation.
Type  H <return>  for immediate help.
 ...                                              
                                                  
l.2 ...æ –µ–¥–∏–Ω–∏—Ü–∞—Ö. –Ø—Å–Ω–æ, —á—Ç–æ –¥–ª—è
                                                   —ç—Ç–æ–≥–æ –Ω–∞–º –¥–æ—Å—...

You may provide a definition with
\DeclareUnicodeCharacter 


! Package inputenc Error: Unicode character —ç (U+044D)
(inputenc)                not set up for use with LaTeX.

See the inputenc package documentation for explanation.
Type  H <return>  for immediate help.
 ...                                              
                                                  
l.2 ...µ–¥–∏–Ω–∏—Ü–∞—Ö. –Ø—Å–Ω–æ, —á—Ç–æ –¥–ª—è —ç
                                                  —Ç–æ–≥–æ –Ω–∞–º –¥–æ—Å—Ç–∞...

You may provide a definition with
\DeclareUnicodeCharacter 


! Package inputenc Error: Unicode character —Ç (U+0442)
(inputenc)                not set up for use with LaTeX.

See the inputenc package documentation for explanation.
Type  H <return>  for immediate help.
 ...                                              
                                                  
l.2 ...¥–∏–Ω–∏—Ü–∞—Ö. –Ø—Å–Ω–æ, —á—Ç–æ –¥–ª—è —ç—Ç
                                                  –æ–≥–æ –Ω–∞–º –¥–æ—Å—Ç–∞—Ç...

You may provide a definition with
\DeclareUnicodeCharacter 


! Package inputenc Error: Unicode character –æ (U+043E)
(inputenc)                not set up for use with LaTeX.

See the inputenc package documentation for explanation.
Type  H <return>  for immediate help.
 ...                                              
                                                  
l.2 ...∏–Ω–∏—Ü–∞—Ö. –Ø—Å–Ω–æ, —á—Ç–æ –¥–ª—è —ç—Ç–æ
                                                  –≥–æ –Ω–∞–º –¥–æ—Å—Ç–∞—Ç–æ...

You may provide a definition with
\DeclareUnicodeCharacter 


! Package inputenc Error: Unicode character –≥ (U+0433)
(inputenc)                not set up for use with LaTeX.

See the inputenc package documentation for explanation.
Type  H <return>  for immediate help.
 ...                                              
                                                  
l.2 ...Ω–∏—Ü–∞—Ö. –Ø—Å–Ω–æ, —á—Ç–æ –¥–ª—è —ç—Ç–æ–≥
                                                  –æ –Ω–∞–º –¥–æ—Å—Ç–∞—Ç–æ—á...

You may provide a definition with
\DeclareUnicodeCharacter 


! Package inputenc Error: Unicode character –æ (U+043E)
(inputenc)                not set up for use with LaTeX.

See the inputenc package documentation for explanation.
Type  H <return>  for immediate help.
 ...                                              
                                                  
l.2 ...∏—Ü–∞—Ö. –Ø—Å–Ω–æ, —á—Ç–æ –¥–ª—è —ç—Ç–æ–≥–æ
                                                   –Ω–∞–º –¥–æ—Å—Ç–∞—Ç–æ—á–Ω...

You may provide a definition with
\DeclareUnicodeCharacter 


! Package inputenc Error: Unicode character –Ω (U+043D)
(inputenc)                not set up for use with LaTeX.

See the inputenc package documentation for explanation.
Type  H <return>  for immediate help.
 ...                                              
                                                  
l.2 ...–∞—Ö. –Ø—Å–Ω–æ, —á—Ç–æ –¥–ª—è —ç—Ç–æ–≥–æ –Ω
                                                  –∞–º –¥–æ—Å—Ç–∞—Ç–æ—á–Ω–æ ...

You may provide a definition with
\DeclareUnicodeCharacter 


! Package inputenc Error: Unicode character –∞ (U+0430)
(inputenc)                not set up for use with LaTeX.

See the inputenc package documentation for explanation.
Type  H <return>  for immediate help.
 ...                                              
                                                  
l.2 ...—Ö. –Ø—Å–Ω–æ, —á—Ç–æ –¥–ª—è —ç—Ç–æ–≥–æ –Ω–∞
                                                  –º –¥–æ—Å—Ç–∞—Ç–æ—á–Ω–æ –¥...

You may provide a definition with
\DeclareUnicodeCharacter 


! Package inputenc Error: Unicode character –º (U+043C)
(inputenc)                not set up for use with LaTeX.

See the inputenc package documentation for explanation.
Type  H <return>  for immediate help.
 ...                                              
                                                  
l.2 .... –Ø—Å–Ω–æ, —á—Ç–æ –¥–ª—è —ç—Ç–æ–≥–æ –Ω–∞–º
                                                   –¥–æ—Å—Ç–∞—Ç–æ—á–Ω–æ –¥–æ...

You may provide a definition with
\DeclareUnicodeCharacter 


! Package inputenc Error: Unicode character –¥ (U+0434)
(inputenc)                not set up for use with LaTeX.

See the inputenc package documentation for explanation.
Type  H <return>  for immediate help.
 ...                                              
                                                  
l.2 ...Ø—Å–Ω–æ, —á—Ç–æ –¥–ª—è —ç—Ç–æ–≥–æ –Ω–∞–º –¥
                                                  –æ—Å—Ç–∞—Ç–æ—á–Ω–æ –¥–æ–∫–...

You may provide a definition with
\DeclareUnicodeCharacter 


! Package inputenc Error: Unicode character –æ (U+043E)
(inputenc)                not set up for use with LaTeX.

See the inputenc package documentation for explanation.
Type  H <return>  for immediate help.
 ...                                              
                                                  
l.2 ...Å–Ω–æ, —á—Ç–æ –¥–ª—è —ç—Ç–æ–≥–æ –Ω–∞–º –¥–æ
                                                  —Å—Ç–∞—Ç–æ—á–Ω–æ –¥–æ–∫–∞–...

You may provide a definition with
\DeclareUnicodeCharacter 


! Package inputenc Error: Unicode character —Å (U+0441)
(inputenc)                not set up for use with LaTeX.

See the inputenc package documentation for explanation.
Type  H <return>  for immediate help.
 ...                                              
                                                  
l.2 ...Ω–æ, —á—Ç–æ –¥–ª—è —ç—Ç–æ–≥–æ –Ω–∞–º –¥–æ—Å
                                                  —Ç–∞—Ç–æ—á–Ω–æ –¥–æ–∫–∞–∑–...

You may provide a definition with
\DeclareUnicodeCharacter 


! Package inputenc Error: Unicode character —Ç (U+0442)
(inputenc)                not set up for use with LaTeX.

See the inputenc package documentation for explanation.
Type  H <return>  for immediate help.
 ...                                              
                                                  
l.2 ...æ, —á—Ç–æ –¥–ª—è —ç—Ç–æ–≥–æ –Ω–∞–º –¥–æ—Å—Ç
                                                  –∞—Ç–æ—á–Ω–æ –¥–æ–∫–∞–∑–∞—...

You may provide a definition with
\DeclareUnicodeCharacter 


! Package inputenc Error: Unicode character –∞ (U+0430)
(inputenc)                not set up for use with LaTeX.

See the inputenc package documentation for explanation.
Type  H <return>  for immediate help.
 ...                                              
                                                  
l.2 ... —á—Ç–æ –¥–ª—è —ç—Ç–æ–≥–æ –Ω–∞–º –¥–æ—Å—Ç–∞
                                                  —Ç–æ—á–Ω–æ –¥–æ–∫–∞–∑–∞—Ç—...

You may provide a definition with
\DeclareUnicodeCharacter 


! Package inputenc Error: Unicode character —Ç (U+0442)
(inputenc)                not set up for use with LaTeX.

See the inputenc package documentation for explanation.
Type  H <return>  for immediate help.
 ...                                              
                                                  
l.2 ...á—Ç–æ –¥–ª—è —ç—Ç–æ–≥–æ –Ω–∞–º –¥–æ—Å—Ç–∞—Ç
                                                  –æ—á–Ω–æ –¥–æ–∫–∞–∑–∞—Ç—å ...

You may provide a definition with
\DeclareUnicodeCharacter 


! Package inputenc Error: Unicode character –æ (U+043E)
(inputenc)                not set up for use with LaTeX.

See the inputenc package documentation for explanation.
Type  H <return>  for immediate help.
 ...                                              
                                                  
l.2 ...Ç–æ –¥–ª—è —ç—Ç–æ–≥–æ –Ω–∞–º –¥–æ—Å—Ç–∞—Ç–æ
                                                  —á–Ω–æ –¥–æ–∫–∞–∑–∞—Ç—å –æ...

You may provide a definition with
\DeclareUnicodeCharacter 


! Package inputenc Error: Unicode character —á (U+0447)
(inputenc)                not set up for use with LaTeX.

See the inputenc package documentation for explanation.
Type  H <return>  for immediate help.
 ...                                              
                                                  
l.2 ...æ –¥–ª—è —ç—Ç–æ–≥–æ –Ω–∞–º –¥–æ—Å—Ç–∞—Ç–æ—á
                                                  –Ω–æ –¥–æ–∫–∞–∑–∞—Ç—å –æ—Ü...

You may provide a definition with
\DeclareUnicodeCharacter 


! Package inputenc Error: Unicode character –Ω (U+043D)
(inputenc)                not set up for use with LaTeX.

See the inputenc package documentation for explanation.
Type  H <return>  for immediate help.
 ...                                              
                                                  
l.2 ...–¥–ª—è —ç—Ç–æ–≥–æ –Ω–∞–º –¥–æ—Å—Ç–∞—Ç–æ—á–Ω
                                                  –æ –¥–æ–∫–∞–∑–∞—Ç—å –æ—Ü–µ...

You may provide a definition with
\DeclareUnicodeCharacter 


! Package inputenc Error: Unicode character –æ (U+043E)
(inputenc)                not set up for use with LaTeX.

See the inputenc package documentation for explanation.
Type  H <return>  for immediate help.
 ...                                              
                                                  
l.2 ...–ª—è —ç—Ç–æ–≥–æ –Ω–∞–º –¥–æ—Å—Ç–∞—Ç–æ—á–Ω–æ
                                                   –¥–æ–∫–∞–∑–∞—Ç—å –æ—Ü–µ–Ω...

You may provide a definition with
\DeclareUnicodeCharacter 


! Package inputenc Error: Unicode character –¥ (U+0434)
(inputenc)                not set up for use with LaTeX.

See the inputenc package documentation for explanation.
Type  H <return>  for immediate help.
 ...                                              
                                                  
l.2 ...è —ç—Ç–æ–≥–æ –Ω–∞–º –¥–æ—Å—Ç–∞—Ç–æ—á–Ω–æ –¥
                                                  –æ–∫–∞–∑–∞—Ç—å –æ—Ü–µ–Ω–∫—...

You may provide a definition with
\DeclareUnicodeCharacter 


! Package inputenc Error: Unicode character –æ (U+043E)
(inputenc)                not set up for use with LaTeX.

See the inputenc package documentation for explanation.
Type  H <return>  for immediate help.
 ...                                              
                                                  
l.2 ...—ç—Ç–æ–≥–æ –Ω–∞–º –¥–æ—Å—Ç–∞—Ç–æ—á–Ω–æ –¥–æ
                                                  –∫–∞–∑–∞—Ç—å –æ—Ü–µ–Ω–∫—É ...

You may provide a definition with
\DeclareUnicodeCharacter 


! Package inputenc Error: Unicode character –∫ (U+043A)
(inputenc)                not set up for use with LaTeX.

See the inputenc package documentation for explanation.
Type  H <return>  for immediate help.
 ...                                              
                                                  
l.2 ...—Ç–æ–≥–æ –Ω–∞–º –¥–æ—Å—Ç–∞—Ç–æ—á–Ω–æ –¥–æ–∫
                                                  –∞–∑–∞—Ç—å –æ—Ü–µ–Ω–∫—É $m...

You may provide a definition with
\DeclareUnicodeCharacter 


! Package inputenc Error: Unicode character –∞ (U+0430)
(inputenc)                not set up for use with LaTeX.

See the inputenc package documentation for explanation.
Type  H <return>  for immediate help.
 ...                                              
                                                  
l.2 ...–æ–≥–æ –Ω–∞–º –¥–æ—Å—Ç–∞—Ç–æ—á–Ω–æ –¥–æ–∫–∞
                                                  –∑–∞—Ç—å –æ—Ü–µ–Ω–∫—É $m \...

You may provide a definition with
\DeclareUnicodeCharacter 


! Package inputenc Error: Unicode character –∑ (U+0437)
(inputenc)                not set up for use with LaTeX.

See the inputenc package documentation for explanation.
Type  H <return>  for immediate help.
 ...                                              
                                                  
l.2 ...–≥–æ –Ω–∞–º –¥–æ—Å—Ç–∞—Ç–æ—á–Ω–æ –¥–æ–∫–∞–∑
                                                  –∞—Ç—å –æ—Ü–µ–Ω–∫—É $m \ge...

You may provide a definition with
\DeclareUnicodeCharacter 


! Package inputenc Error: Unicode character –∞ (U+0430)
(inputenc)                not set up for use with LaTeX.

See the inputenc package documentation for explanation.
Type  H <return>  for immediate help.
 ...                                              
                                                  
l.2 ...–æ –Ω–∞–º –¥–æ—Å—Ç–∞—Ç–æ—á–Ω–æ –¥–æ–∫–∞–∑–∞
                                                  —Ç—å –æ—Ü–µ–Ω–∫—É $m \ge s...

You may provide a definition with
\DeclareUnicodeCharacter 


! Package inputenc Error: Unicode character —Ç (U+0442)
(inputenc)                not set up for use with LaTeX.

See the inputenc package documentation for explanation.
Type  H <return>  for immediate help.
 ...                                              
                                                  
l.2 ... –Ω–∞–º –¥–æ—Å—Ç–∞—Ç–æ—á–Ω–æ –¥–æ–∫–∞–∑–∞—Ç
                                                  —å –æ—Ü–µ–Ω–∫—É $m \ge s +...

You may provide a definition with
\DeclareUnicodeCharacter 


! Package inputenc Error: Unicode character —å (U+044C)
(inputenc)                not set up for use with LaTeX.

See the inputenc package documentation for explanation.
Type  H <return>  for immediate help.
 ...                                              
                                                  
l.2 ...Ω–∞–º –¥–æ—Å—Ç–∞—Ç–æ—á–Ω–æ –¥–æ–∫–∞–∑–∞—Ç—å
                                                   –æ—Ü–µ–Ω–∫—É $m \ge s + t...

You may provide a definition with
\DeclareUnicodeCharacter 


! Package inputenc Error: Unicode character –æ (U+043E)
(inputenc)                not set up for use with LaTeX.

See the inputenc package documentation for explanation.
Type  H <return>  for immediate help.
 ...                                              
                                                  
l.2 ...–º –¥–æ—Å—Ç–∞—Ç–æ—á–Ω–æ –¥–æ–∫–∞–∑–∞—Ç—å –æ
                                                  —Ü–µ–Ω–∫—É $m \ge s + t - ...

You may provide a definition with
\DeclareUnicodeCharacter 


! Package inputenc Error: Unicode character —Ü (U+0446)
(inputenc)                not set up for use with LaTeX.

See the inputenc package documentation for explanation.
Type  H <return>  for immediate help.
 ...                                              
                                                  
l.2 ... –¥–æ—Å—Ç–∞—Ç–æ—á–Ω–æ –¥–æ–∫–∞–∑–∞—Ç—å –æ—Ü
                                                  –µ–Ω–∫—É $m \ge s + t - 1$...

You may provide a definition with
\DeclareUnicodeCharacter 


! Package inputenc Error: Unicode character –µ (U+0435)
(inputenc)                not set up for use with LaTeX.

See the inputenc package documentation for explanation.
Type  H <return>  for immediate help.
 ...                                              
                                                  
l.2 ...¥–æ—Å—Ç–∞—Ç–æ—á–Ω–æ –¥–æ–∫–∞–∑–∞—Ç—å –æ—Ü–µ
                                                  –Ω–∫—É $m \ge s + t - 1$, ...

You may provide a definition with
\DeclareUnicodeCharacter 


! Package inputenc Error: Unicode character –Ω (U+043D)
(inputenc)                not set up for use with LaTeX.

See the inputenc package documentation for explanation.
Type  H <return>  for immediate help.
 ...                                              
                                                  
l.2 ...æ—Å—Ç–∞—Ç–æ—á–Ω–æ –¥–æ–∫–∞–∑–∞—Ç—å –æ—Ü–µ–Ω
                                                  –∫—É $m \ge s + t - 1$, –∞...

You may provide a definition with
\DeclareUnicodeCharacter 


! Package inputenc Error: Unicode character –∫ (U+043A)
(inputenc)                not set up for use with LaTeX.

See the inputenc package documentation for explanation.
Type  H <return>  for immediate help.
 ...                                              
                                                  
l.2 ...Å—Ç–∞—Ç–æ—á–Ω–æ –¥–æ–∫–∞–∑–∞—Ç—å –æ—Ü–µ–Ω–∫
                                                  —É $m \ge s + t - 1$, –∞ —...

You may provide a definition with
\DeclareUnicodeCharacter 


! Package inputenc Error: Unicode character —É (U+0443)
(inputenc)                not set up for use with LaTeX.

See the inputenc package documentation for explanation.
Type  H <return>  for immediate help.
 ...                                              
                                                  
l.2 ...Ç–∞—Ç–æ—á–Ω–æ –¥–æ–∫–∞–∑–∞—Ç—å –æ—Ü–µ–Ω–∫—É
                                                   $m \ge s + t - 1$, –∞ —ç—...

You may provide a definition with
\DeclareUnicodeCharacter 

LaTeX Font Info:    External font `cmex10' loaded for size
(Font)              <7> on input line 2.
LaTeX Font Info:    External font `cmex10' loaded for size
(Font)              <5> on input line 2.
Missing character: There is no , in font nullfont!

! Package inputenc Error: Unicode character –∞ (U+0430)
(inputenc)                not set up for use with LaTeX.

See the inputenc package documentation for explanation.
Type  H <return>  for immediate help.
 ...                                              
                                                  
l.2 ...–∑–∞—Ç—å –æ—Ü–µ–Ω–∫—É $m \ge s + t - 1$, –∞
                                                   —ç—Ç–æ —Ä–∞–≤–Ω–æ—Å–∏–ª—å...

You may provide a definition with
\DeclareUnicodeCharacter 


! Package inputenc Error: Unicode character —ç (U+044D)
(inputenc)                not set up for use with LaTeX.

See the inputenc package documentation for explanation.
Type  H <return>  for immediate help.
 ...                                              
                                                  
l.2 ...∞—Ç—å –æ—Ü–µ–Ω–∫—É $m \ge s + t - 1$, –∞ —ç
                                                  —Ç–æ —Ä–∞–≤–Ω–æ—Å–∏–ª—å–Ω–...

You may provide a definition with
\DeclareUnicodeCharacter 


! Package inputenc Error: Unicode character —Ç (U+0442)
(inputenc)                not set up for use with LaTeX.

See the inputenc package documentation for explanation.
Type  H <return>  for immediate help.
 ...                                              
                                                  
l.2 ...Ç—å –æ—Ü–µ–Ω–∫—É $m \ge s + t - 1$, –∞ —ç—Ç
                                                  –æ —Ä–∞–≤–Ω–æ—Å–∏–ª—å–Ω–æ ...

You may provide a definition with
\DeclareUnicodeCharacter 


! Package inputenc Error: Unicode character –æ (U+043E)
(inputenc)                not set up for use with LaTeX.

See the inputenc package documentation for explanation.
Type  H <return>  for immediate help.
 ...                                              
                                                  
l.2 ...å –æ—Ü–µ–Ω–∫—É $m \ge s + t - 1$, –∞ —ç—Ç–æ
                                                   —Ä–∞–≤–Ω–æ—Å–∏–ª—å–Ω–æ —Ç...
(That makes 100 errors; please try again.) 
Here is how much of TeX's memory you used:
 49 strings out of 480608
 1161 string characters out of 5903630
 239610 words of memory out of 5000000
 16039 multiletter control sequences out of 15000+600000
 532338 words of font info for 24 fonts, out of 8000000 for 9000
 1141 hyphenation exceptions out of 8191
 18i,1n,15p,482b,56s stack positions out of 5000i,500n,10000p,200000b,80000s

!  ==> Fatal error occurred, no output PDF file produced!
